<?xml version="1.0" encoding="UTF-8"?>
<testsuite xmlns:xsi="http://www.w3.org/2001/XMLSchema-instance" xsi:noNamespaceSchemaLocation="https://maven.apache.org/surefire/maven-surefire-plugin/xsd/surefire-test-report-3.0.xsd" version="3.0" name="org.apache.zookeeper.recipes.leader.LeaderElectionSupportTest" time="30.722" tests="8" errors="0" skipped="0" failures="0">
  <properties>
    <property name="build.test.dir" value="/home/asus/Documents/zookeeper/zookeeper-recipes/zookeeper-recipes-election/target/surefire"/>
    <property name="jdk.tls.rejectClientInitiatedRenegotiation" value="true"/>
    <property name="java.specification.version" value="17"/>
    <property name="sun.jnu.encoding" value="UTF-8"/>
    <property name="java.class.path" value="/home/asus/Documents/zookeeper/zookeeper-recipes/zookeeper-recipes-election/target/test-classes:/home/asus/Documents/zookeeper/zookeeper-recipes/zookeeper-recipes-election/target/classes:/home/asus/Documents/zookeeper/zookeeper-server/target/classes:/home/asus/Documents/zookeeper/zookeeper-jute/target/classes:/home/asus/.m2/repository/org/apache/yetus/audience-annotations/0.12.0/audience-annotations-0.12.0.jar:/home/asus/.m2/repository/io/netty/netty-handler/4.1.94.Final/netty-handler-4.1.94.Final.jar:/home/asus/.m2/repository/io/netty/netty-common/4.1.94.Final/netty-common-4.1.94.Final.jar:/home/asus/.m2/repository/io/netty/netty-resolver/4.1.94.Final/netty-resolver-4.1.94.Final.jar:/home/asus/.m2/repository/io/netty/netty-buffer/4.1.94.Final/netty-buffer-4.1.94.Final.jar:/home/asus/.m2/repository/io/netty/netty-transport/4.1.94.Final/netty-transport-4.1.94.Final.jar:/home/asus/.m2/repository/io/netty/netty-transport-native-unix-common/4.1.94.Final/netty-transport-native-unix-common-4.1.94.Final.jar:/home/asus/.m2/repository/io/netty/netty-codec/4.1.94.Final/netty-codec-4.1.94.Final.jar:/home/asus/.m2/repository/io/netty/netty-transport-native-epoll/4.1.94.Final/netty-transport-native-epoll-4.1.94.Final-linux-x86_64.jar:/home/asus/.m2/repository/io/netty/netty-transport-classes-epoll/4.1.94.Final/netty-transport-classes-epoll-4.1.94.Final.jar:/home/asus/.m2/repository/io/netty/netty-tcnative-boringssl-static/2.0.61.Final/netty-tcnative-boringssl-static-2.0.61.Final.jar:/home/asus/.m2/repository/io/netty/netty-tcnative-classes/2.0.61.Final/netty-tcnative-classes-2.0.61.Final.jar:/home/asus/.m2/repository/io/netty/netty-tcnative-boringssl-static/2.0.61.Final/netty-tcnative-boringssl-static-2.0.61.Final-linux-x86_64.jar:/home/asus/.m2/repository/io/netty/netty-tcnative-boringssl-static/2.0.61.Final/netty-tcnative-boringssl-static-2.0.61.Final-linux-aarch_64.jar:/home/asus/.m2/repository/io/netty/netty-tcnative-boringssl-static/2.0.61.Final/netty-tcnative-boringssl-static-2.0.61.Final-osx-x86_64.jar:/home/asus/.m2/repository/io/netty/netty-tcnative-boringssl-static/2.0.61.Final/netty-tcnative-boringssl-static-2.0.61.Final-osx-aarch_64.jar:/home/asus/.m2/repository/io/netty/netty-tcnative-boringssl-static/2.0.61.Final/netty-tcnative-boringssl-static-2.0.61.Final-windows-x86_64.jar:/home/asus/.m2/repository/org/slf4j/slf4j-api/1.7.30/slf4j-api-1.7.30.jar:/home/asus/.m2/repository/ch/qos/logback/logback-core/1.2.10/logback-core-1.2.10.jar:/home/asus/.m2/repository/ch/qos/logback/logback-classic/1.2.10/logback-classic-1.2.10.jar:/home/asus/.m2/repository/commons-io/commons-io/2.11.0/commons-io-2.11.0.jar:/home/asus/.m2/repository/org/wasabi/logger/logger-project/1.0-SNAPSHOT/logger-project-1.0-SNAPSHOT.jar:/home/asus/.m2/repository/junit/junit/4.13.2/junit-4.13.2.jar:/home/asus/.m2/repository/org/hamcrest/hamcrest-core/1.3/hamcrest-core-1.3.jar:/home/asus/.m2/repository/org/apache/logging/log4j/log4j-slf4j-impl/2.18.0/log4j-slf4j-impl-2.18.0.jar:/home/asus/.m2/repository/org/apache/logging/log4j/log4j-api/2.18.0/log4j-api-2.18.0.jar:/home/asus/.m2/repository/org/apache/logging/log4j/log4j-core/2.18.0/log4j-core-2.18.0.jar:/home/asus/.m2/repository/org/junit/vintage/junit-vintage-engine/5.7.2/junit-vintage-engine-5.7.2.jar:/home/asus/.m2/repository/org/junit/jupiter/junit-jupiter-api/5.7.2/junit-jupiter-api-5.7.2.jar:/home/asus/.m2/repository/org/opentest4j/opentest4j/1.2.0/opentest4j-1.2.0.jar:/home/asus/.m2/repository/org/junit/platform/junit-platform-commons/1.7.0/junit-platform-commons-1.7.0.jar:/home/asus/.m2/repository/org/junit/platform/junit-platform-launcher/1.8.2/junit-platform-launcher-1.8.2.jar:/home/asus/Documents/zookeeper/zookeeper-server/target/test-classes:/home/asus/.m2/repository/org/xerial/snappy/snappy-java/1.1.10.1/snappy-java-1.1.10.1.jar:/home/asus/.m2/repository/org/junit/jupiter/junit-jupiter-engine/5.7.2/junit-jupiter-engine-5.7.2.jar:/home/asus/.m2/repository/org/apiguardian/apiguardian-api/1.1.0/apiguardian-api-1.1.0.jar:/home/asus/.m2/repository/org/junit/platform/junit-platform-engine/1.7.2/junit-platform-engine-1.7.2.jar:/home/asus/.m2/repository/io/dropwizard/metrics/metrics-core/4.1.12.1/metrics-core-4.1.12.1.jar:/home/asus/.m2/repository/com/github/spotbugs/spotbugs-annotations/4.0.2/spotbugs-annotations-4.0.2.jar:/home/asus/.m2/repository/com/google/code/findbugs/jsr305/3.0.2/jsr305-3.0.2.jar:"/>
    <property name="java.vm.vendor" value="Oracle Corporation"/>
    <property name="sun.arch.data.model" value="64"/>
    <property name="zookeeper.preAllocSize" value="100"/>
    <property name="java.vendor.url" value="https://java.oracle.com/"/>
    <property name="user.timezone" value="Asia/Jakarta"/>
    <property name="os.name" value="Linux"/>
    <property name="java.vm.specification.version" value="17"/>
    <property name="sun.java.launcher" value="SUN_STANDARD"/>
    <property name="user.country" value="US"/>
    <property name="sun.boot.library.path" value="/usr/lib/jvm/java-17-oracle/lib"/>
    <property name="sun.java.command" value="/home/asus/Documents/zookeeper/zookeeper-recipes/zookeeper-recipes-election/target/surefire/surefirebooter13431296563774645377.jar /home/asus/Documents/zookeeper/zookeeper-recipes/zookeeper-recipes-election/target/surefire 2023-09-03T22-27-35_671-jvmRun7 surefire6796123259172703010tmp surefire_1510839389345122493712tmp"/>
    <property name="jdk.debug" value="release"/>
    <property name="surefire.test.class.path" value="/home/asus/Documents/zookeeper/zookeeper-recipes/zookeeper-recipes-election/target/test-classes:/home/asus/Documents/zookeeper/zookeeper-recipes/zookeeper-recipes-election/target/classes:/home/asus/Documents/zookeeper/zookeeper-server/target/classes:/home/asus/Documents/zookeeper/zookeeper-jute/target/classes:/home/asus/.m2/repository/org/apache/yetus/audience-annotations/0.12.0/audience-annotations-0.12.0.jar:/home/asus/.m2/repository/io/netty/netty-handler/4.1.94.Final/netty-handler-4.1.94.Final.jar:/home/asus/.m2/repository/io/netty/netty-common/4.1.94.Final/netty-common-4.1.94.Final.jar:/home/asus/.m2/repository/io/netty/netty-resolver/4.1.94.Final/netty-resolver-4.1.94.Final.jar:/home/asus/.m2/repository/io/netty/netty-buffer/4.1.94.Final/netty-buffer-4.1.94.Final.jar:/home/asus/.m2/repository/io/netty/netty-transport/4.1.94.Final/netty-transport-4.1.94.Final.jar:/home/asus/.m2/repository/io/netty/netty-transport-native-unix-common/4.1.94.Final/netty-transport-native-unix-common-4.1.94.Final.jar:/home/asus/.m2/repository/io/netty/netty-codec/4.1.94.Final/netty-codec-4.1.94.Final.jar:/home/asus/.m2/repository/io/netty/netty-transport-native-epoll/4.1.94.Final/netty-transport-native-epoll-4.1.94.Final-linux-x86_64.jar:/home/asus/.m2/repository/io/netty/netty-transport-classes-epoll/4.1.94.Final/netty-transport-classes-epoll-4.1.94.Final.jar:/home/asus/.m2/repository/io/netty/netty-tcnative-boringssl-static/2.0.61.Final/netty-tcnative-boringssl-static-2.0.61.Final.jar:/home/asus/.m2/repository/io/netty/netty-tcnative-classes/2.0.61.Final/netty-tcnative-classes-2.0.61.Final.jar:/home/asus/.m2/repository/io/netty/netty-tcnative-boringssl-static/2.0.61.Final/netty-tcnative-boringssl-static-2.0.61.Final-linux-x86_64.jar:/home/asus/.m2/repository/io/netty/netty-tcnative-boringssl-static/2.0.61.Final/netty-tcnative-boringssl-static-2.0.61.Final-linux-aarch_64.jar:/home/asus/.m2/repository/io/netty/netty-tcnative-boringssl-static/2.0.61.Final/netty-tcnative-boringssl-static-2.0.61.Final-osx-x86_64.jar:/home/asus/.m2/repository/io/netty/netty-tcnative-boringssl-static/2.0.61.Final/netty-tcnative-boringssl-static-2.0.61.Final-osx-aarch_64.jar:/home/asus/.m2/repository/io/netty/netty-tcnative-boringssl-static/2.0.61.Final/netty-tcnative-boringssl-static-2.0.61.Final-windows-x86_64.jar:/home/asus/.m2/repository/org/slf4j/slf4j-api/1.7.30/slf4j-api-1.7.30.jar:/home/asus/.m2/repository/ch/qos/logback/logback-core/1.2.10/logback-core-1.2.10.jar:/home/asus/.m2/repository/ch/qos/logback/logback-classic/1.2.10/logback-classic-1.2.10.jar:/home/asus/.m2/repository/commons-io/commons-io/2.11.0/commons-io-2.11.0.jar:/home/asus/.m2/repository/org/wasabi/logger/logger-project/1.0-SNAPSHOT/logger-project-1.0-SNAPSHOT.jar:/home/asus/.m2/repository/junit/junit/4.13.2/junit-4.13.2.jar:/home/asus/.m2/repository/org/hamcrest/hamcrest-core/1.3/hamcrest-core-1.3.jar:/home/asus/.m2/repository/org/apache/logging/log4j/log4j-slf4j-impl/2.18.0/log4j-slf4j-impl-2.18.0.jar:/home/asus/.m2/repository/org/apache/logging/log4j/log4j-api/2.18.0/log4j-api-2.18.0.jar:/home/asus/.m2/repository/org/apache/logging/log4j/log4j-core/2.18.0/log4j-core-2.18.0.jar:/home/asus/.m2/repository/org/junit/vintage/junit-vintage-engine/5.7.2/junit-vintage-engine-5.7.2.jar:/home/asus/.m2/repository/org/junit/jupiter/junit-jupiter-api/5.7.2/junit-jupiter-api-5.7.2.jar:/home/asus/.m2/repository/org/opentest4j/opentest4j/1.2.0/opentest4j-1.2.0.jar:/home/asus/.m2/repository/org/junit/platform/junit-platform-commons/1.7.0/junit-platform-commons-1.7.0.jar:/home/asus/.m2/repository/org/junit/platform/junit-platform-launcher/1.8.2/junit-platform-launcher-1.8.2.jar:/home/asus/Documents/zookeeper/zookeeper-server/target/test-classes:/home/asus/.m2/repository/org/xerial/snappy/snappy-java/1.1.10.1/snappy-java-1.1.10.1.jar:/home/asus/.m2/repository/org/junit/jupiter/junit-jupiter-engine/5.7.2/junit-jupiter-engine-5.7.2.jar:/home/asus/.m2/repository/org/apiguardian/apiguardian-api/1.1.0/apiguardian-api-1.1.0.jar:/home/asus/.m2/repository/org/junit/platform/junit-platform-engine/1.7.2/junit-platform-engine-1.7.2.jar:/home/asus/.m2/repository/io/dropwizard/metrics/metrics-core/4.1.12.1/metrics-core-4.1.12.1.jar:/home/asus/.m2/repository/com/github/spotbugs/spotbugs-annotations/4.0.2/spotbugs-annotations-4.0.2.jar:/home/asus/.m2/repository/com/google/code/findbugs/jsr305/3.0.2/jsr305-3.0.2.jar:"/>
    <property name="sun.cpu.endian" value="little"/>
    <property name="user.home" value="/home/asus"/>
    <property name="user.language" value="en"/>
    <property name="java.specification.vendor" value="Oracle Corporation"/>
    <property name="java.version.date" value="2023-01-17"/>
    <property name="java.home" value="/usr/lib/jvm/java-17-oracle"/>
    <property name="file.separator" value="/"/>
    <property name="basedir" value="/home/asus/Documents/zookeeper/zookeeper-recipes/zookeeper-recipes-election"/>
    <property name="java.vm.compressedOopsMode" value="32-bit"/>
    <property name="line.separator" value="&#10;"/>
    <property name="java.specification.name" value="Java Platform API Specification"/>
    <property name="java.vm.specification.vendor" value="Oracle Corporation"/>
    <property name="surefire.real.class.path" value="/home/asus/Documents/zookeeper/zookeeper-recipes/zookeeper-recipes-election/target/surefire/surefirebooter13431296563774645377.jar"/>
    <property name="zookeeper.admin.rateLimiterIntervalInMS" value="0"/>
    <property name="sun.management.compiler" value="HotSpot 64-Bit Tiered Compilers"/>
    <property name="java.runtime.version" value="17.0.6+9-LTS-190"/>
    <property name="zookeeper.4lw.commands.whitelist" value="*"/>
    <property name="user.name" value="asus"/>
    <property name="path.separator" value=":"/>
    <property name="os.version" value="6.2.0-31-generic"/>
    <property name="zookeeper.admin.enableServer" value="false"/>
    <property name="java.runtime.name" value="Java(TM) SE Runtime Environment"/>
    <property name="file.encoding" value="UTF-8"/>
    <property name="java.vm.name" value="Java HotSpot(TM) 64-Bit Server VM"/>
    <property name="localRepository" value="/home/asus/.m2/repository"/>
    <property name="java.vendor.url.bug" value="https://bugreport.java.com/bugreport/"/>
    <property name="java.io.tmpdir" value="/tmp"/>
    <property name="java.version" value="17.0.6"/>
    <property name="user.dir" value="/home/asus/Documents/zookeeper/zookeeper-recipes/zookeeper-recipes-election"/>
    <property name="os.arch" value="amd64"/>
    <property name="java.vm.specification.name" value="Java Virtual Machine Specification"/>
    <property name="native.encoding" value="UTF-8"/>
    <property name="java.library.path" value="/usr/java/packages/lib:/usr/lib64:/lib64:/lib:/usr/lib"/>
    <property name="java.vm.info" value="mixed mode, sharing"/>
    <property name="java.vendor" value="Oracle Corporation"/>
    <property name="java.vm.version" value="17.0.6+9-LTS-190"/>
    <property name="sun.io.unicode.encoding" value="UnicodeLittle"/>
    <property name="java.class.version" value="61.0"/>
    <property name="maven.test.failure.ignore" value="true"/>
  </properties>
  <testcase name="testNode" classname="org.apache.zookeeper.recipes.leader.LeaderElectionSupportTest" time="3.568">
    <system-out><![CDATA[2023-09-03 22:33:49,182 [myid:] - ERROR [main:o.w.l.WasabiListener5@22] - [WASABISTART]
2023-09-03 22:33:49,183 [myid:] - ERROR [main:o.w.l.WasabiListener5@23] - [wasabi] testNode() is started
2023-09-03 22:33:49,562 [myid:] - ERROR [main-SendThread():o.a.z.ClientCnxn$SendThread@1179] - [wasabi] Retry Loop 03 is called. MaxDuration : 10000
2023-09-03 22:33:52,749 [myid:] - ERROR [main:o.w.l.WasabiListener5@30] - [wasabi] testNode() is finished
2023-09-03 22:33:52,750 [myid:] - ERROR [main:o.w.l.WasabiListener5@31] - [WASABIEND]
]]></system-out>
  </testcase>
  <testcase name="testOfferShuffle" classname="org.apache.zookeeper.recipes.leader.LeaderElectionSupportTest" time="10.224">
    <system-out><![CDATA[2023-09-03 22:33:52,753 [myid:] - ERROR [main:o.w.l.WasabiListener5@22] - [WASABISTART]
2023-09-03 22:33:52,754 [myid:] - ERROR [main:o.w.l.WasabiListener5@23] - [wasabi] testOfferShuffle() is started
2023-09-03 22:33:52,774 [myid:] - ERROR [main-SendThread():o.a.z.ClientCnxn$SendThread@1179] - [wasabi] Retry Loop 03 is called. MaxDuration : 10000
2023-09-03 22:34:02,978 [myid:] - ERROR [main:o.w.l.WasabiListener5@30] - [wasabi] testOfferShuffle() is finished
2023-09-03 22:34:02,978 [myid:] - ERROR [main:o.w.l.WasabiListener5@31] - [WASABIEND]
]]></system-out>
  </testcase>
  <testcase name="testReadyOffer" classname="org.apache.zookeeper.recipes.leader.LeaderElectionSupportTest" time="0.163">
    <system-out><![CDATA[2023-09-03 22:34:02,981 [myid:] - ERROR [main:o.w.l.WasabiListener5@22] - [WASABISTART]
2023-09-03 22:34:02,981 [myid:] - ERROR [main:o.w.l.WasabiListener5@23] - [wasabi] testReadyOffer() is started
2023-09-03 22:34:02,998 [myid:] - ERROR [main-SendThread():o.a.z.ClientCnxn$SendThread@1179] - [wasabi] Retry Loop 03 is called. MaxDuration : 10000
2023-09-03 22:34:03,143 [myid:] - ERROR [main:o.w.l.WasabiListener5@30] - [wasabi] testReadyOffer() is finished
2023-09-03 22:34:03,143 [myid:] - ERROR [main:o.w.l.WasabiListener5@31] - [WASABIEND]
]]></system-out>
  </testcase>
  <testcase name="testGetLeaderHostName" classname="org.apache.zookeeper.recipes.leader.LeaderElectionSupportTest" time="3.169">
    <system-out><![CDATA[2023-09-03 22:34:03,145 [myid:] - ERROR [main:o.w.l.WasabiListener5@22] - [WASABISTART]
2023-09-03 22:34:03,146 [myid:] - ERROR [main:o.w.l.WasabiListener5@23] - [wasabi] testGetLeaderHostName() is started
2023-09-03 22:34:03,164 [myid:] - ERROR [main-SendThread():o.a.z.ClientCnxn$SendThread@1179] - [wasabi] Retry Loop 03 is called. MaxDuration : 10000
2023-09-03 22:34:06,314 [myid:] - ERROR [main:o.w.l.WasabiListener5@30] - [wasabi] testGetLeaderHostName() is finished
2023-09-03 22:34:06,314 [myid:] - ERROR [main:o.w.l.WasabiListener5@31] - [WASABIEND]
]]></system-out>
  </testcase>
  <testcase name="testNodes3" classname="org.apache.zookeeper.recipes.leader.LeaderElectionSupportTest" time="3.168">
    <system-out><![CDATA[2023-09-03 22:34:06,316 [myid:] - ERROR [main:o.w.l.WasabiListener5@22] - [WASABISTART]
2023-09-03 22:34:06,317 [myid:] - ERROR [main:o.w.l.WasabiListener5@23] - [wasabi] testNodes3() is started
2023-09-03 22:34:06,333 [myid:] - ERROR [main-SendThread():o.a.z.ClientCnxn$SendThread@1179] - [wasabi] Retry Loop 03 is called. MaxDuration : 10000
2023-09-03 22:34:09,483 [myid:] - ERROR [main:o.w.l.WasabiListener5@30] - [wasabi] testNodes3() is finished
2023-09-03 22:34:09,484 [myid:] - ERROR [main:o.w.l.WasabiListener5@31] - [WASABIEND]
]]></system-out>
  </testcase>
  <testcase name="testNodes9" classname="org.apache.zookeeper.recipes.leader.LeaderElectionSupportTest" time="3.174">
    <system-out><![CDATA[2023-09-03 22:34:09,487 [myid:] - ERROR [main:o.w.l.WasabiListener5@22] - [WASABISTART]
2023-09-03 22:34:09,488 [myid:] - ERROR [main:o.w.l.WasabiListener5@23] - [wasabi] testNodes9() is started
2023-09-03 22:34:09,508 [myid:] - ERROR [main-SendThread():o.a.z.ClientCnxn$SendThread@1179] - [wasabi] Retry Loop 03 is called. MaxDuration : 10000
2023-09-03 22:34:12,662 [myid:] - ERROR [main:o.w.l.WasabiListener5@30] - [wasabi] testNodes9() is finished
2023-09-03 22:34:12,662 [myid:] - ERROR [main:o.w.l.WasabiListener5@31] - [WASABIEND]
]]></system-out>
  </testcase>
  <testcase name="testNodes20" classname="org.apache.zookeeper.recipes.leader.LeaderElectionSupportTest" time="3.245">
    <system-out><![CDATA[2023-09-03 22:34:12,664 [myid:] - ERROR [main:o.w.l.WasabiListener5@22] - [WASABISTART]
2023-09-03 22:34:12,664 [myid:] - ERROR [main:o.w.l.WasabiListener5@23] - [wasabi] testNodes20() is started
2023-09-03 22:34:12,678 [myid:] - ERROR [main-SendThread():o.a.z.ClientCnxn$SendThread@1179] - [wasabi] Retry Loop 03 is called. MaxDuration : 10000
2023-09-03 22:34:15,909 [myid:] - ERROR [main:o.w.l.WasabiListener5@30] - [wasabi] testNodes20() is finished
2023-09-03 22:34:15,909 [myid:] - ERROR [main:o.w.l.WasabiListener5@31] - [WASABIEND]
]]></system-out>
  </testcase>
  <testcase name="testNodes100" classname="org.apache.zookeeper.recipes.leader.LeaderElectionSupportTest" time="3.943">
    <system-out><![CDATA[2023-09-03 22:34:15,913 [myid:] - ERROR [main:o.w.l.WasabiListener5@22] - [WASABISTART]
2023-09-03 22:34:15,914 [myid:] - ERROR [main:o.w.l.WasabiListener5@23] - [wasabi] testNodes100() is started
2023-09-03 22:34:15,931 [myid:] - ERROR [main-SendThread():o.a.z.ClientCnxn$SendThread@1179] - [wasabi] Retry Loop 03 is called. MaxDuration : 10000
2023-09-03 22:34:19,316 [myid:] - ERROR [main-EventThread:o.a.z.r.l.LeaderElectionSupport@271] - Failed in state STOP
org.apache.zookeeper.KeeperException$NoNodeException: KeeperErrorCode = NoNode for /1693755229166_1/n_0000000005
	at org.apache.zookeeper.KeeperException.create(KeeperException.java:117)
	at org.apache.zookeeper.KeeperException.create(KeeperException.java:53)
	at org.apache.zookeeper.ZooKeeper.getData(ZooKeeper.java:1972)
	at org.apache.zookeeper.ZooKeeper.getData(ZooKeeper.java:2000)
	at org.apache.zookeeper.recipes.leader.LeaderElectionSupport.toLeaderOffers(LeaderElectionSupport.java:310)
	at org.apache.zookeeper.recipes.leader.LeaderElectionSupport.determineElectionStatus(LeaderElectionSupport.java:199)
	at org.apache.zookeeper.recipes.leader.LeaderElectionSupport.process(LeaderElectionSupport.java:335)
	at org.apache.zookeeper.ClientCnxn$EventThread.processEvent(ClientCnxn.java:563)
	at org.apache.zookeeper.ClientCnxn$EventThread.run(ClientCnxn.java:538)
2023-09-03 22:34:19,458 [myid:] - ERROR [main-EventThread:o.a.z.r.l.LeaderElectionSupport@271] - Failed in state STOP
org.apache.zookeeper.KeeperException$NoNodeException: KeeperErrorCode = NoNode for /1693755229166_1/n_0000000014
	at org.apache.zookeeper.KeeperException.create(KeeperException.java:117)
	at org.apache.zookeeper.KeeperException.create(KeeperException.java:53)
	at org.apache.zookeeper.ZooKeeper.getData(ZooKeeper.java:1972)
	at org.apache.zookeeper.ZooKeeper.getData(ZooKeeper.java:2000)
	at org.apache.zookeeper.recipes.leader.LeaderElectionSupport.toLeaderOffers(LeaderElectionSupport.java:310)
	at org.apache.zookeeper.recipes.leader.LeaderElectionSupport.determineElectionStatus(LeaderElectionSupport.java:199)
	at org.apache.zookeeper.recipes.leader.LeaderElectionSupport.process(LeaderElectionSupport.java:335)
	at org.apache.zookeeper.ClientCnxn$EventThread.processEvent(ClientCnxn.java:563)
	at org.apache.zookeeper.ClientCnxn$EventThread.run(ClientCnxn.java:538)
2023-09-03 22:34:19,535 [myid:] - ERROR [main-EventThread:o.a.z.r.l.LeaderElectionSupport@271] - Failed in state STOP
org.apache.zookeeper.KeeperException$NoNodeException: KeeperErrorCode = NoNode for /1693755229166_1/n_0000000015
	at org.apache.zookeeper.KeeperException.create(KeeperException.java:117)
	at org.apache.zookeeper.KeeperException.create(KeeperException.java:53)
	at org.apache.zookeeper.ZooKeeper.getData(ZooKeeper.java:1972)
	at org.apache.zookeeper.ZooKeeper.getData(ZooKeeper.java:2000)
	at org.apache.zookeeper.recipes.leader.LeaderElectionSupport.toLeaderOffers(LeaderElectionSupport.java:310)
	at org.apache.zookeeper.recipes.leader.LeaderElectionSupport.determineElectionStatus(LeaderElectionSupport.java:199)
	at org.apache.zookeeper.recipes.leader.LeaderElectionSupport.process(LeaderElectionSupport.java:335)
	at org.apache.zookeeper.ClientCnxn$EventThread.processEvent(ClientCnxn.java:563)
	at org.apache.zookeeper.ClientCnxn$EventThread.run(ClientCnxn.java:538)
2023-09-03 22:34:19,680 [myid:] - ERROR [main-EventThread:o.a.z.r.l.LeaderElectionSupport@271] - Failed in state STOP
org.apache.zookeeper.KeeperException$NoNodeException: KeeperErrorCode = NoNode for /1693755229166_1/n_0000000054
	at org.apache.zookeeper.KeeperException.create(KeeperException.java:117)
	at org.apache.zookeeper.KeeperException.create(KeeperException.java:53)
	at org.apache.zookeeper.ZooKeeper.getData(ZooKeeper.java:1972)
	at org.apache.zookeeper.ZooKeeper.getData(ZooKeeper.java:2000)
	at org.apache.zookeeper.recipes.leader.LeaderElectionSupport.toLeaderOffers(LeaderElectionSupport.java:310)
	at org.apache.zookeeper.recipes.leader.LeaderElectionSupport.determineElectionStatus(LeaderElectionSupport.java:199)
	at org.apache.zookeeper.recipes.leader.LeaderElectionSupport.process(LeaderElectionSupport.java:335)
	at org.apache.zookeeper.ClientCnxn$EventThread.processEvent(ClientCnxn.java:563)
	at org.apache.zookeeper.ClientCnxn$EventThread.run(ClientCnxn.java:538)
2023-09-03 22:34:19,692 [myid:] - ERROR [main-EventThread:o.a.z.r.l.LeaderElectionSupport@271] - Failed in state STOP
org.apache.zookeeper.KeeperException$NoNodeException: KeeperErrorCode = NoNode for /1693755229166_1/n_0000000058
	at org.apache.zookeeper.KeeperException.create(KeeperException.java:117)
	at org.apache.zookeeper.KeeperException.create(KeeperException.java:53)
	at org.apache.zookeeper.ZooKeeper.getData(ZooKeeper.java:1972)
	at org.apache.zookeeper.ZooKeeper.getData(ZooKeeper.java:2000)
	at org.apache.zookeeper.recipes.leader.LeaderElectionSupport.toLeaderOffers(LeaderElectionSupport.java:310)
	at org.apache.zookeeper.recipes.leader.LeaderElectionSupport.determineElectionStatus(LeaderElectionSupport.java:199)
	at org.apache.zookeeper.recipes.leader.LeaderElectionSupport.process(LeaderElectionSupport.java:335)
	at org.apache.zookeeper.ClientCnxn$EventThread.processEvent(ClientCnxn.java:563)
	at org.apache.zookeeper.ClientCnxn$EventThread.run(ClientCnxn.java:538)
2023-09-03 22:34:19,708 [myid:] - ERROR [main-EventThread:o.a.z.r.l.LeaderElectionSupport@271] - Failed in state STOP
org.apache.zookeeper.KeeperException$NoNodeException: KeeperErrorCode = NoNode for /1693755229166_1/n_0000000065
	at org.apache.zookeeper.KeeperException.create(KeeperException.java:117)
	at org.apache.zookeeper.KeeperException.create(KeeperException.java:53)
	at org.apache.zookeeper.ZooKeeper.getData(ZooKeeper.java:1972)
	at org.apache.zookeeper.ZooKeeper.getData(ZooKeeper.java:2000)
	at org.apache.zookeeper.recipes.leader.LeaderElectionSupport.toLeaderOffers(LeaderElectionSupport.java:310)
	at org.apache.zookeeper.recipes.leader.LeaderElectionSupport.determineElectionStatus(LeaderElectionSupport.java:199)
	at org.apache.zookeeper.recipes.leader.LeaderElectionSupport.process(LeaderElectionSupport.java:335)
	at org.apache.zookeeper.ClientCnxn$EventThread.processEvent(ClientCnxn.java:563)
	at org.apache.zookeeper.ClientCnxn$EventThread.run(ClientCnxn.java:538)
2023-09-03 22:34:19,718 [myid:] - ERROR [main-EventThread:o.a.z.r.l.LeaderElectionSupport@271] - Failed in state STOP
org.apache.zookeeper.KeeperException$NoNodeException: KeeperErrorCode = NoNode for /1693755229166_1/n_0000000073
	at org.apache.zookeeper.KeeperException.create(KeeperException.java:117)
	at org.apache.zookeeper.KeeperException.create(KeeperException.java:53)
	at org.apache.zookeeper.ZooKeeper.getData(ZooKeeper.java:1972)
	at org.apache.zookeeper.ZooKeeper.getData(ZooKeeper.java:2000)
	at org.apache.zookeeper.recipes.leader.LeaderElectionSupport.toLeaderOffers(LeaderElectionSupport.java:310)
	at org.apache.zookeeper.recipes.leader.LeaderElectionSupport.determineElectionStatus(LeaderElectionSupport.java:199)
	at org.apache.zookeeper.recipes.leader.LeaderElectionSupport.process(LeaderElectionSupport.java:335)
	at org.apache.zookeeper.ClientCnxn$EventThread.processEvent(ClientCnxn.java:563)
	at org.apache.zookeeper.ClientCnxn$EventThread.run(ClientCnxn.java:538)
2023-09-03 22:34:19,856 [myid:] - ERROR [main:o.w.l.WasabiListener5@30] - [wasabi] testNodes100() is finished
2023-09-03 22:34:19,857 [myid:] - ERROR [main:o.w.l.WasabiListener5@31] - [WASABIEND]
]]></system-out>
  </testcase>
</testsuite>