<?xml version="1.0" encoding="UTF-8"?>
<testsuite xmlns:xsi="http://www.w3.org/2001/XMLSchema-instance" xsi:noNamespaceSchemaLocation="https://maven.apache.org/surefire/maven-surefire-plugin/xsd/surefire-test-report-3.0.xsd" version="3.0" name="org.apache.zookeeper.recipes.lock.WriteLockTest" time="21.243" tests="1" errors="0" skipped="0" failures="0">
  <properties>
    <property name="build.test.dir" value="/home/asus/Documents/zookeeper/zookeeper-recipes/zookeeper-recipes-lock/target/surefire"/>
    <property name="jdk.tls.rejectClientInitiatedRenegotiation" value="true"/>
    <property name="java.specification.version" value="17"/>
    <property name="sun.jnu.encoding" value="UTF-8"/>
    <property name="java.class.path" value="/home/asus/Documents/zookeeper/zookeeper-recipes/zookeeper-recipes-lock/target/test-classes:/home/asus/Documents/zookeeper/zookeeper-recipes/zookeeper-recipes-lock/target/classes:/home/asus/Documents/zookeeper/zookeeper-server/target/classes:/home/asus/Documents/zookeeper/zookeeper-jute/target/classes:/home/asus/.m2/repository/org/apache/yetus/audience-annotations/0.12.0/audience-annotations-0.12.0.jar:/home/asus/.m2/repository/io/netty/netty-handler/4.1.94.Final/netty-handler-4.1.94.Final.jar:/home/asus/.m2/repository/io/netty/netty-common/4.1.94.Final/netty-common-4.1.94.Final.jar:/home/asus/.m2/repository/io/netty/netty-resolver/4.1.94.Final/netty-resolver-4.1.94.Final.jar:/home/asus/.m2/repository/io/netty/netty-buffer/4.1.94.Final/netty-buffer-4.1.94.Final.jar:/home/asus/.m2/repository/io/netty/netty-transport/4.1.94.Final/netty-transport-4.1.94.Final.jar:/home/asus/.m2/repository/io/netty/netty-transport-native-unix-common/4.1.94.Final/netty-transport-native-unix-common-4.1.94.Final.jar:/home/asus/.m2/repository/io/netty/netty-codec/4.1.94.Final/netty-codec-4.1.94.Final.jar:/home/asus/.m2/repository/io/netty/netty-transport-native-epoll/4.1.94.Final/netty-transport-native-epoll-4.1.94.Final-linux-x86_64.jar:/home/asus/.m2/repository/io/netty/netty-transport-classes-epoll/4.1.94.Final/netty-transport-classes-epoll-4.1.94.Final.jar:/home/asus/.m2/repository/io/netty/netty-tcnative-boringssl-static/2.0.61.Final/netty-tcnative-boringssl-static-2.0.61.Final.jar:/home/asus/.m2/repository/io/netty/netty-tcnative-classes/2.0.61.Final/netty-tcnative-classes-2.0.61.Final.jar:/home/asus/.m2/repository/io/netty/netty-tcnative-boringssl-static/2.0.61.Final/netty-tcnative-boringssl-static-2.0.61.Final-linux-x86_64.jar:/home/asus/.m2/repository/io/netty/netty-tcnative-boringssl-static/2.0.61.Final/netty-tcnative-boringssl-static-2.0.61.Final-linux-aarch_64.jar:/home/asus/.m2/repository/io/netty/netty-tcnative-boringssl-static/2.0.61.Final/netty-tcnative-boringssl-static-2.0.61.Final-osx-x86_64.jar:/home/asus/.m2/repository/io/netty/netty-tcnative-boringssl-static/2.0.61.Final/netty-tcnative-boringssl-static-2.0.61.Final-osx-aarch_64.jar:/home/asus/.m2/repository/io/netty/netty-tcnative-boringssl-static/2.0.61.Final/netty-tcnative-boringssl-static-2.0.61.Final-windows-x86_64.jar:/home/asus/.m2/repository/org/slf4j/slf4j-api/1.7.30/slf4j-api-1.7.30.jar:/home/asus/.m2/repository/ch/qos/logback/logback-core/1.2.10/logback-core-1.2.10.jar:/home/asus/.m2/repository/ch/qos/logback/logback-classic/1.2.10/logback-classic-1.2.10.jar:/home/asus/.m2/repository/commons-io/commons-io/2.11.0/commons-io-2.11.0.jar:/home/asus/.m2/repository/org/wasabi/logger/logger-project/1.0-SNAPSHOT/logger-project-1.0-SNAPSHOT.jar:/home/asus/.m2/repository/junit/junit/4.13.2/junit-4.13.2.jar:/home/asus/.m2/repository/org/hamcrest/hamcrest-core/1.3/hamcrest-core-1.3.jar:/home/asus/.m2/repository/org/apache/logging/log4j/log4j-slf4j-impl/2.18.0/log4j-slf4j-impl-2.18.0.jar:/home/asus/.m2/repository/org/apache/logging/log4j/log4j-api/2.18.0/log4j-api-2.18.0.jar:/home/asus/.m2/repository/org/apache/logging/log4j/log4j-core/2.18.0/log4j-core-2.18.0.jar:/home/asus/.m2/repository/org/junit/vintage/junit-vintage-engine/5.7.2/junit-vintage-engine-5.7.2.jar:/home/asus/.m2/repository/org/junit/jupiter/junit-jupiter-api/5.7.2/junit-jupiter-api-5.7.2.jar:/home/asus/.m2/repository/org/opentest4j/opentest4j/1.2.0/opentest4j-1.2.0.jar:/home/asus/.m2/repository/org/junit/platform/junit-platform-commons/1.7.0/junit-platform-commons-1.7.0.jar:/home/asus/.m2/repository/org/junit/platform/junit-platform-launcher/1.8.2/junit-platform-launcher-1.8.2.jar:/home/asus/Documents/zookeeper/zookeeper-server/target/test-classes:/home/asus/.m2/repository/org/xerial/snappy/snappy-java/1.1.10.1/snappy-java-1.1.10.1.jar:/home/asus/.m2/repository/org/junit/jupiter/junit-jupiter-engine/5.7.2/junit-jupiter-engine-5.7.2.jar:/home/asus/.m2/repository/org/apiguardian/apiguardian-api/1.1.0/apiguardian-api-1.1.0.jar:/home/asus/.m2/repository/org/junit/platform/junit-platform-engine/1.7.2/junit-platform-engine-1.7.2.jar:/home/asus/.m2/repository/io/dropwizard/metrics/metrics-core/4.1.12.1/metrics-core-4.1.12.1.jar:/home/asus/.m2/repository/com/github/spotbugs/spotbugs-annotations/4.0.2/spotbugs-annotations-4.0.2.jar:/home/asus/.m2/repository/com/google/code/findbugs/jsr305/3.0.2/jsr305-3.0.2.jar:"/>
    <property name="java.vm.vendor" value="Oracle Corporation"/>
    <property name="sun.arch.data.model" value="64"/>
    <property name="zookeeper.preAllocSize" value="100"/>
    <property name="java.vendor.url" value="https://java.oracle.com/"/>
    <property name="user.timezone" value="Asia/Jakarta"/>
    <property name="os.name" value="Linux"/>
    <property name="java.vm.specification.version" value="17"/>
    <property name="sun.java.launcher" value="SUN_STANDARD"/>
    <property name="user.country" value="US"/>
    <property name="sun.boot.library.path" value="/usr/lib/jvm/java-17-oracle/lib"/>
    <property name="sun.java.command" value="/home/asus/Documents/zookeeper/zookeeper-recipes/zookeeper-recipes-lock/target/surefire/surefirebooter13995886895982028946.jar /home/asus/Documents/zookeeper/zookeeper-recipes/zookeeper-recipes-lock/target/surefire 2023-09-03T22-27-35_671-jvmRun4 surefire9267345643899271430tmp surefire_1611968295374562179606tmp"/>
    <property name="jdk.debug" value="release"/>
    <property name="surefire.test.class.path" value="/home/asus/Documents/zookeeper/zookeeper-recipes/zookeeper-recipes-lock/target/test-classes:/home/asus/Documents/zookeeper/zookeeper-recipes/zookeeper-recipes-lock/target/classes:/home/asus/Documents/zookeeper/zookeeper-server/target/classes:/home/asus/Documents/zookeeper/zookeeper-jute/target/classes:/home/asus/.m2/repository/org/apache/yetus/audience-annotations/0.12.0/audience-annotations-0.12.0.jar:/home/asus/.m2/repository/io/netty/netty-handler/4.1.94.Final/netty-handler-4.1.94.Final.jar:/home/asus/.m2/repository/io/netty/netty-common/4.1.94.Final/netty-common-4.1.94.Final.jar:/home/asus/.m2/repository/io/netty/netty-resolver/4.1.94.Final/netty-resolver-4.1.94.Final.jar:/home/asus/.m2/repository/io/netty/netty-buffer/4.1.94.Final/netty-buffer-4.1.94.Final.jar:/home/asus/.m2/repository/io/netty/netty-transport/4.1.94.Final/netty-transport-4.1.94.Final.jar:/home/asus/.m2/repository/io/netty/netty-transport-native-unix-common/4.1.94.Final/netty-transport-native-unix-common-4.1.94.Final.jar:/home/asus/.m2/repository/io/netty/netty-codec/4.1.94.Final/netty-codec-4.1.94.Final.jar:/home/asus/.m2/repository/io/netty/netty-transport-native-epoll/4.1.94.Final/netty-transport-native-epoll-4.1.94.Final-linux-x86_64.jar:/home/asus/.m2/repository/io/netty/netty-transport-classes-epoll/4.1.94.Final/netty-transport-classes-epoll-4.1.94.Final.jar:/home/asus/.m2/repository/io/netty/netty-tcnative-boringssl-static/2.0.61.Final/netty-tcnative-boringssl-static-2.0.61.Final.jar:/home/asus/.m2/repository/io/netty/netty-tcnative-classes/2.0.61.Final/netty-tcnative-classes-2.0.61.Final.jar:/home/asus/.m2/repository/io/netty/netty-tcnative-boringssl-static/2.0.61.Final/netty-tcnative-boringssl-static-2.0.61.Final-linux-x86_64.jar:/home/asus/.m2/repository/io/netty/netty-tcnative-boringssl-static/2.0.61.Final/netty-tcnative-boringssl-static-2.0.61.Final-linux-aarch_64.jar:/home/asus/.m2/repository/io/netty/netty-tcnative-boringssl-static/2.0.61.Final/netty-tcnative-boringssl-static-2.0.61.Final-osx-x86_64.jar:/home/asus/.m2/repository/io/netty/netty-tcnative-boringssl-static/2.0.61.Final/netty-tcnative-boringssl-static-2.0.61.Final-osx-aarch_64.jar:/home/asus/.m2/repository/io/netty/netty-tcnative-boringssl-static/2.0.61.Final/netty-tcnative-boringssl-static-2.0.61.Final-windows-x86_64.jar:/home/asus/.m2/repository/org/slf4j/slf4j-api/1.7.30/slf4j-api-1.7.30.jar:/home/asus/.m2/repository/ch/qos/logback/logback-core/1.2.10/logback-core-1.2.10.jar:/home/asus/.m2/repository/ch/qos/logback/logback-classic/1.2.10/logback-classic-1.2.10.jar:/home/asus/.m2/repository/commons-io/commons-io/2.11.0/commons-io-2.11.0.jar:/home/asus/.m2/repository/org/wasabi/logger/logger-project/1.0-SNAPSHOT/logger-project-1.0-SNAPSHOT.jar:/home/asus/.m2/repository/junit/junit/4.13.2/junit-4.13.2.jar:/home/asus/.m2/repository/org/hamcrest/hamcrest-core/1.3/hamcrest-core-1.3.jar:/home/asus/.m2/repository/org/apache/logging/log4j/log4j-slf4j-impl/2.18.0/log4j-slf4j-impl-2.18.0.jar:/home/asus/.m2/repository/org/apache/logging/log4j/log4j-api/2.18.0/log4j-api-2.18.0.jar:/home/asus/.m2/repository/org/apache/logging/log4j/log4j-core/2.18.0/log4j-core-2.18.0.jar:/home/asus/.m2/repository/org/junit/vintage/junit-vintage-engine/5.7.2/junit-vintage-engine-5.7.2.jar:/home/asus/.m2/repository/org/junit/jupiter/junit-jupiter-api/5.7.2/junit-jupiter-api-5.7.2.jar:/home/asus/.m2/repository/org/opentest4j/opentest4j/1.2.0/opentest4j-1.2.0.jar:/home/asus/.m2/repository/org/junit/platform/junit-platform-commons/1.7.0/junit-platform-commons-1.7.0.jar:/home/asus/.m2/repository/org/junit/platform/junit-platform-launcher/1.8.2/junit-platform-launcher-1.8.2.jar:/home/asus/Documents/zookeeper/zookeeper-server/target/test-classes:/home/asus/.m2/repository/org/xerial/snappy/snappy-java/1.1.10.1/snappy-java-1.1.10.1.jar:/home/asus/.m2/repository/org/junit/jupiter/junit-jupiter-engine/5.7.2/junit-jupiter-engine-5.7.2.jar:/home/asus/.m2/repository/org/apiguardian/apiguardian-api/1.1.0/apiguardian-api-1.1.0.jar:/home/asus/.m2/repository/org/junit/platform/junit-platform-engine/1.7.2/junit-platform-engine-1.7.2.jar:/home/asus/.m2/repository/io/dropwizard/metrics/metrics-core/4.1.12.1/metrics-core-4.1.12.1.jar:/home/asus/.m2/repository/com/github/spotbugs/spotbugs-annotations/4.0.2/spotbugs-annotations-4.0.2.jar:/home/asus/.m2/repository/com/google/code/findbugs/jsr305/3.0.2/jsr305-3.0.2.jar:"/>
    <property name="sun.cpu.endian" value="little"/>
    <property name="user.home" value="/home/asus"/>
    <property name="user.language" value="en"/>
    <property name="java.specification.vendor" value="Oracle Corporation"/>
    <property name="java.version.date" value="2023-01-17"/>
    <property name="java.home" value="/usr/lib/jvm/java-17-oracle"/>
    <property name="file.separator" value="/"/>
    <property name="basedir" value="/home/asus/Documents/zookeeper/zookeeper-recipes/zookeeper-recipes-lock"/>
    <property name="java.vm.compressedOopsMode" value="32-bit"/>
    <property name="line.separator" value="&#10;"/>
    <property name="java.specification.name" value="Java Platform API Specification"/>
    <property name="java.vm.specification.vendor" value="Oracle Corporation"/>
    <property name="surefire.real.class.path" value="/home/asus/Documents/zookeeper/zookeeper-recipes/zookeeper-recipes-lock/target/surefire/surefirebooter13995886895982028946.jar"/>
    <property name="zookeeper.admin.rateLimiterIntervalInMS" value="0"/>
    <property name="sun.management.compiler" value="HotSpot 64-Bit Tiered Compilers"/>
    <property name="java.runtime.version" value="17.0.6+9-LTS-190"/>
    <property name="zookeeper.4lw.commands.whitelist" value="*"/>
    <property name="user.name" value="asus"/>
    <property name="path.separator" value=":"/>
    <property name="os.version" value="6.2.0-31-generic"/>
    <property name="zookeeper.admin.enableServer" value="false"/>
    <property name="java.runtime.name" value="Java(TM) SE Runtime Environment"/>
    <property name="file.encoding" value="UTF-8"/>
    <property name="java.vm.name" value="Java HotSpot(TM) 64-Bit Server VM"/>
    <property name="localRepository" value="/home/asus/.m2/repository"/>
    <property name="java.vendor.url.bug" value="https://bugreport.java.com/bugreport/"/>
    <property name="java.io.tmpdir" value="/tmp"/>
    <property name="java.version" value="17.0.6"/>
    <property name="user.dir" value="/home/asus/Documents/zookeeper/zookeeper-recipes/zookeeper-recipes-lock"/>
    <property name="os.arch" value="amd64"/>
    <property name="java.vm.specification.name" value="Java Virtual Machine Specification"/>
    <property name="native.encoding" value="UTF-8"/>
    <property name="java.library.path" value="/usr/java/packages/lib:/usr/lib64:/lib64:/lib:/usr/lib"/>
    <property name="java.vm.info" value="mixed mode, sharing"/>
    <property name="java.vendor" value="Oracle Corporation"/>
    <property name="java.vm.version" value="17.0.6+9-LTS-190"/>
    <property name="sun.io.unicode.encoding" value="UnicodeLittle"/>
    <property name="java.class.version" value="61.0"/>
    <property name="maven.test.failure.ignore" value="true"/>
  </properties>
  <testcase name="testRun" classname="org.apache.zookeeper.recipes.lock.WriteLockTest" time="21.167">
    <system-out><![CDATA[2023-09-03 22:34:22,571 [myid:] - ERROR [main:o.w.l.WasabiListener5@22] - [WASABISTART]
2023-09-03 22:34:22,572 [myid:] - ERROR [main:o.w.l.WasabiListener5@23] - [wasabi] testRun() is started
2023-09-03 22:34:23,213 [myid:] - ERROR [main-SendThread():o.a.z.ClientCnxn$SendThread@1179] - [wasabi] Retry Loop 03 is called. MaxDuration : 10000
2023-09-03 22:34:23,239 [myid:] - ERROR [main:o.a.z.r.l.ProtocolSupport@124] - [wasabi] Retry Loop 01 is called. MaxRetry : 10
2023-09-03 22:34:23,262 [myid:] - ERROR [main:o.a.z.r.l.ProtocolSupport@124] - [wasabi] Retry Loop 01 is called. MaxRetry : 10
2023-09-03 22:34:23,282 [myid:] - ERROR [main-SendThread():o.a.z.ClientCnxn$SendThread@1179] - [wasabi] Retry Loop 03 is called. MaxDuration : 10000
2023-09-03 22:34:23,291 [myid:] - ERROR [main:o.a.z.r.l.ProtocolSupport@124] - [wasabi] Retry Loop 01 is called. MaxRetry : 10
2023-09-03 22:34:23,295 [myid:] - ERROR [main:o.a.z.r.l.ProtocolSupport@124] - [wasabi] Retry Loop 01 is called. MaxRetry : 10
2023-09-03 22:34:23,306 [myid:] - ERROR [main-SendThread():o.a.z.ClientCnxn$SendThread@1179] - [wasabi] Retry Loop 03 is called. MaxDuration : 10000
2023-09-03 22:34:23,314 [myid:] - ERROR [main:o.a.z.r.l.ProtocolSupport@124] - [wasabi] Retry Loop 01 is called. MaxRetry : 10
2023-09-03 22:34:23,316 [myid:] - ERROR [main:o.a.z.r.l.ProtocolSupport@124] - [wasabi] Retry Loop 01 is called. MaxRetry : 10
node: 0 id: /org.apache.zookeeper.recipes.lock.WriteLockTest/x-72057978469679104-0000000000 is leader: true
node: 1 id: /org.apache.zookeeper.recipes.lock.WriteLockTest/x-72057978469679105-0000000001 is leader: false
node: 2 id: /org.apache.zookeeper.recipes.lock.WriteLockTest/x-72057978469679106-0000000002 is leader: false
Now killing the leader
2023-09-03 22:34:23,334 [myid:] - ERROR [main-EventThread:o.a.z.r.l.ProtocolSupport@124] - [wasabi] Retry Loop 01 is called. MaxRetry : 10
2023-09-03 22:34:23,336 [myid:] - ERROR [main-EventThread:o.a.z.r.l.ProtocolSupport@124] - [wasabi] Retry Loop 01 is called. MaxRetry : 10
node: 0 id: null is leader: false
node: 1 id: /org.apache.zookeeper.recipes.lock.WriteLockTest/x-72057978469679105-0000000001 is leader: true
node: 2 id: /org.apache.zookeeper.recipes.lock.WriteLockTest/x-72057978469679106-0000000002 is leader: false
Now stopping the server
2023-09-03 22:34:23,441 [myid:] - ERROR [main-EventThread:o.a.z.r.l.ProtocolSupport@124] - [wasabi] Retry Loop 01 is called. MaxRetry : 10
node: 0 id: null is leader: false
node: 1 id: /org.apache.zookeeper.recipes.lock.WriteLockTest/x-72057978469679105-0000000001 is leader: true
node: 2 id: /org.apache.zookeeper.recipes.lock.WriteLockTest/x-72057978469679106-0000000002 is leader: false
Starting the server
2023-09-03 22:34:34,299 [myid:] - ERROR [main-EventThread:o.a.z.r.l.ProtocolSupport@124] - [wasabi] Retry Loop 01 is called. MaxRetry : 10
2023-09-03 22:34:34,307 [myid:] - ERROR [main-EventThread:o.a.z.r.l.ProtocolSupport@124] - [wasabi] Retry Loop 01 is called. MaxRetry : 10
2023-09-03 22:34:34,310 [myid:] - ERROR [main-EventThread:o.a.z.r.l.ProtocolSupport@124] - [wasabi] Retry Loop 01 is called. MaxRetry : 10
Calling acquire for node: 0
2023-09-03 22:34:43,371 [myid:] - ERROR [main:o.a.z.r.l.ProtocolSupport@124] - [wasabi] Retry Loop 01 is called. MaxRetry : 10
2023-09-03 22:34:43,376 [myid:] - ERROR [main:o.a.z.r.l.ProtocolSupport@124] - [wasabi] Retry Loop 01 is called. MaxRetry : 10
Calling acquire for node: 1
2023-09-03 22:34:43,393 [myid:] - ERROR [main:o.a.z.r.l.ProtocolSupport@124] - [wasabi] Retry Loop 01 is called. MaxRetry : 10
2023-09-03 22:34:43,396 [myid:] - ERROR [main:o.a.z.r.l.ProtocolSupport@124] - [wasabi] Retry Loop 01 is called. MaxRetry : 10
node: 0 id: /org.apache.zookeeper.recipes.lock.WriteLockTest/x-72057978469679104-0000000003 is leader: false
node: 1 id: /org.apache.zookeeper.recipes.lock.WriteLockTest/x-72057978469679105-0000000001 is leader: true
node: 2 id: /org.apache.zookeeper.recipes.lock.WriteLockTest/x-72057978469679106-0000000002 is leader: false
Now closing down...
Closing node: 0
Closing zookeeper: 0
Closed zookeeper: 0
Closing node: 1
Closing zookeeper: 1
2023-09-03 22:34:43,512 [myid:] - ERROR [main-EventThread:o.a.z.r.l.ProtocolSupport@124] - [wasabi] Retry Loop 01 is called. MaxRetry : 10
2023-09-03 22:34:43,515 [myid:] - ERROR [main-EventThread:o.a.z.r.l.ProtocolSupport@124] - [wasabi] Retry Loop 01 is called. MaxRetry : 10
2023-09-03 22:34:43,519 [myid:] - ERROR [main-EventThread:o.a.z.r.l.ProtocolSupport@124] - [wasabi] Retry Loop 01 is called. MaxRetry : 10
2023-09-03 22:34:43,521 [myid:] - ERROR [main-EventThread:o.a.z.r.l.ProtocolSupport@124] - [wasabi] Retry Loop 01 is called. MaxRetry : 10
2023-09-03 22:34:43,524 [myid:] - ERROR [main-EventThread:o.a.z.r.l.ProtocolSupport@124] - [wasabi] Retry Loop 01 is called. MaxRetry : 10
2023-09-03 22:34:43,527 [myid:] - ERROR [main-EventThread:o.a.z.r.l.ProtocolSupport@124] - [wasabi] Retry Loop 01 is called. MaxRetry : 10
Closed zookeeper: 1
Closing node: 2
Not closing zookeeper: 2 due to bug!
Now lets stop the server
2023-09-03 22:34:43,738 [myid:] - ERROR [main:o.w.l.WasabiListener5@30] - [wasabi] testRun() is finished
2023-09-03 22:34:43,739 [myid:] - ERROR [main:o.w.l.WasabiListener5@31] - [WASABIEND]
]]></system-out>
  </testcase>
</testsuite>