<?xml version="1.0" encoding="UTF-8"?>
<testsuite xmlns:xsi="http://www.w3.org/2001/XMLSchema-instance" xsi:noNamespaceSchemaLocation="https://maven.apache.org/surefire/maven-surefire-plugin/xsd/surefire-test-report-3.0.xsd" version="3.0" name="org.apache.zookeeper.compatibility.TestApacheCuratorCompatibility" time="1.363" tests="2" errors="0" skipped="0" failures="0">
  <properties>
    <property name="jdk.tls.rejectClientInitiatedRenegotiation" value="true"/>
    <property name="java.specification.version" value="17"/>
    <property name="sun.jnu.encoding" value="UTF-8"/>
    <property name="java.class.path" value="/home/asus/Documents/zookeeper/zookeeper-compatibility-tests/zookeeper-compatibility-tests-curator/target/test-classes:/home/asus/Documents/zookeeper/zookeeper-compatibility-tests/zookeeper-compatibility-tests-curator/target/classes:/home/asus/Documents/zookeeper/zookeeper-server/target/classes:/home/asus/Documents/zookeeper/zookeeper-jute/target/classes:/home/asus/.m2/repository/org/apache/yetus/audience-annotations/0.12.0/audience-annotations-0.12.0.jar:/home/asus/.m2/repository/io/netty/netty-handler/4.1.94.Final/netty-handler-4.1.94.Final.jar:/home/asus/.m2/repository/io/netty/netty-common/4.1.94.Final/netty-common-4.1.94.Final.jar:/home/asus/.m2/repository/io/netty/netty-resolver/4.1.94.Final/netty-resolver-4.1.94.Final.jar:/home/asus/.m2/repository/io/netty/netty-buffer/4.1.94.Final/netty-buffer-4.1.94.Final.jar:/home/asus/.m2/repository/io/netty/netty-transport/4.1.94.Final/netty-transport-4.1.94.Final.jar:/home/asus/.m2/repository/io/netty/netty-transport-native-unix-common/4.1.94.Final/netty-transport-native-unix-common-4.1.94.Final.jar:/home/asus/.m2/repository/io/netty/netty-codec/4.1.94.Final/netty-codec-4.1.94.Final.jar:/home/asus/.m2/repository/io/netty/netty-transport-native-epoll/4.1.94.Final/netty-transport-native-epoll-4.1.94.Final-linux-x86_64.jar:/home/asus/.m2/repository/io/netty/netty-transport-classes-epoll/4.1.94.Final/netty-transport-classes-epoll-4.1.94.Final.jar:/home/asus/.m2/repository/io/netty/netty-tcnative-boringssl-static/2.0.61.Final/netty-tcnative-boringssl-static-2.0.61.Final.jar:/home/asus/.m2/repository/io/netty/netty-tcnative-classes/2.0.61.Final/netty-tcnative-classes-2.0.61.Final.jar:/home/asus/.m2/repository/io/netty/netty-tcnative-boringssl-static/2.0.61.Final/netty-tcnative-boringssl-static-2.0.61.Final-linux-x86_64.jar:/home/asus/.m2/repository/io/netty/netty-tcnative-boringssl-static/2.0.61.Final/netty-tcnative-boringssl-static-2.0.61.Final-linux-aarch_64.jar:/home/asus/.m2/repository/io/netty/netty-tcnative-boringssl-static/2.0.61.Final/netty-tcnative-boringssl-static-2.0.61.Final-osx-x86_64.jar:/home/asus/.m2/repository/io/netty/netty-tcnative-boringssl-static/2.0.61.Final/netty-tcnative-boringssl-static-2.0.61.Final-osx-aarch_64.jar:/home/asus/.m2/repository/io/netty/netty-tcnative-boringssl-static/2.0.61.Final/netty-tcnative-boringssl-static-2.0.61.Final-windows-x86_64.jar:/home/asus/.m2/repository/org/slf4j/slf4j-api/1.7.30/slf4j-api-1.7.30.jar:/home/asus/.m2/repository/ch/qos/logback/logback-core/1.2.10/logback-core-1.2.10.jar:/home/asus/.m2/repository/ch/qos/logback/logback-classic/1.2.10/logback-classic-1.2.10.jar:/home/asus/.m2/repository/commons-io/commons-io/2.11.0/commons-io-2.11.0.jar:/home/asus/.m2/repository/org/apache/curator/curator-recipes/5.0.0/curator-recipes-5.0.0.jar:/home/asus/.m2/repository/org/apache/curator/curator-framework/5.0.0/curator-framework-5.0.0.jar:/home/asus/.m2/repository/org/apache/curator/curator-client/5.0.0/curator-client-5.0.0.jar:/home/asus/.m2/repository/org/apache/curator/curator-test/5.0.0/curator-test-5.0.0.jar:/home/asus/.m2/repository/io/dropwizard/metrics/metrics-core/4.1.12.1/metrics-core-4.1.12.1.jar:/home/asus/.m2/repository/org/xerial/snappy/snappy-java/1.1.10.1/snappy-java-1.1.10.1.jar:/home/asus/.m2/repository/com/google/guava/guava/27.0.1-jre/guava-27.0.1-jre.jar:/home/asus/.m2/repository/com/google/guava/failureaccess/1.0.1/failureaccess-1.0.1.jar:/home/asus/.m2/repository/com/google/guava/listenablefuture/9999.0-empty-to-avoid-conflict-with-guava/listenablefuture-9999.0-empty-to-avoid-conflict-with-guava.jar:/home/asus/.m2/repository/com/google/code/findbugs/jsr305/3.0.2/jsr305-3.0.2.jar:/home/asus/.m2/repository/org/checkerframework/checker-qual/2.5.2/checker-qual-2.5.2.jar:/home/asus/.m2/repository/com/google/errorprone/error_prone_annotations/2.2.0/error_prone_annotations-2.2.0.jar:/home/asus/.m2/repository/com/google/j2objc/j2objc-annotations/1.1/j2objc-annotations-1.1.jar:/home/asus/.m2/repository/org/codehaus/mojo/animal-sniffer-annotations/1.17/animal-sniffer-annotations-1.17.jar:/home/asus/.m2/repository/org/junit/jupiter/junit-jupiter-engine/5.7.2/junit-jupiter-engine-5.7.2.jar:/home/asus/.m2/repository/org/apiguardian/apiguardian-api/1.1.0/apiguardian-api-1.1.0.jar:/home/asus/.m2/repository/org/junit/platform/junit-platform-engine/1.7.2/junit-platform-engine-1.7.2.jar:/home/asus/.m2/repository/org/opentest4j/opentest4j/1.2.0/opentest4j-1.2.0.jar:/home/asus/.m2/repository/org/junit/platform/junit-platform-commons/1.7.0/junit-platform-commons-1.7.0.jar:/home/asus/.m2/repository/org/junit/jupiter/junit-jupiter-api/5.7.2/junit-jupiter-api-5.7.2.jar:/home/asus/.m2/repository/org/wasabi/logger/logger-project/1.0-SNAPSHOT/logger-project-1.0-SNAPSHOT.jar:/home/asus/.m2/repository/junit/junit/4.13.2/junit-4.13.2.jar:/home/asus/.m2/repository/org/hamcrest/hamcrest-core/1.3/hamcrest-core-1.3.jar:/home/asus/.m2/repository/org/apache/logging/log4j/log4j-slf4j-impl/2.18.0/log4j-slf4j-impl-2.18.0.jar:/home/asus/.m2/repository/org/apache/logging/log4j/log4j-api/2.18.0/log4j-api-2.18.0.jar:/home/asus/.m2/repository/org/apache/logging/log4j/log4j-core/2.18.0/log4j-core-2.18.0.jar:/home/asus/.m2/repository/org/junit/vintage/junit-vintage-engine/5.7.2/junit-vintage-engine-5.7.2.jar:/home/asus/.m2/repository/org/junit/platform/junit-platform-launcher/1.8.2/junit-platform-launcher-1.8.2.jar:"/>
    <property name="java.vm.vendor" value="Oracle Corporation"/>
    <property name="sun.arch.data.model" value="64"/>
    <property name="java.vendor.url" value="https://java.oracle.com/"/>
    <property name="user.timezone" value="Asia/Jakarta"/>
    <property name="os.name" value="Linux"/>
    <property name="java.vm.specification.version" value="17"/>
    <property name="sun.java.launcher" value="SUN_STANDARD"/>
    <property name="user.country" value="US"/>
    <property name="sun.boot.library.path" value="/usr/lib/jvm/java-17-oracle/lib"/>
    <property name="sun.java.command" value="/home/asus/Documents/zookeeper/zookeeper-compatibility-tests/zookeeper-compatibility-tests-curator/target/surefire/surefirebooter17595481722277736195.jar /home/asus/Documents/zookeeper/zookeeper-compatibility-tests/zookeeper-compatibility-tests-curator/target/surefire 2023-09-03T22-27-35_671-jvmRun2 surefire6075387820422946901tmp surefire_194001017843503506849tmp"/>
    <property name="jdk.debug" value="release"/>
    <property name="surefire.test.class.path" value="/home/asus/Documents/zookeeper/zookeeper-compatibility-tests/zookeeper-compatibility-tests-curator/target/test-classes:/home/asus/Documents/zookeeper/zookeeper-compatibility-tests/zookeeper-compatibility-tests-curator/target/classes:/home/asus/Documents/zookeeper/zookeeper-server/target/classes:/home/asus/Documents/zookeeper/zookeeper-jute/target/classes:/home/asus/.m2/repository/org/apache/yetus/audience-annotations/0.12.0/audience-annotations-0.12.0.jar:/home/asus/.m2/repository/io/netty/netty-handler/4.1.94.Final/netty-handler-4.1.94.Final.jar:/home/asus/.m2/repository/io/netty/netty-common/4.1.94.Final/netty-common-4.1.94.Final.jar:/home/asus/.m2/repository/io/netty/netty-resolver/4.1.94.Final/netty-resolver-4.1.94.Final.jar:/home/asus/.m2/repository/io/netty/netty-buffer/4.1.94.Final/netty-buffer-4.1.94.Final.jar:/home/asus/.m2/repository/io/netty/netty-transport/4.1.94.Final/netty-transport-4.1.94.Final.jar:/home/asus/.m2/repository/io/netty/netty-transport-native-unix-common/4.1.94.Final/netty-transport-native-unix-common-4.1.94.Final.jar:/home/asus/.m2/repository/io/netty/netty-codec/4.1.94.Final/netty-codec-4.1.94.Final.jar:/home/asus/.m2/repository/io/netty/netty-transport-native-epoll/4.1.94.Final/netty-transport-native-epoll-4.1.94.Final-linux-x86_64.jar:/home/asus/.m2/repository/io/netty/netty-transport-classes-epoll/4.1.94.Final/netty-transport-classes-epoll-4.1.94.Final.jar:/home/asus/.m2/repository/io/netty/netty-tcnative-boringssl-static/2.0.61.Final/netty-tcnative-boringssl-static-2.0.61.Final.jar:/home/asus/.m2/repository/io/netty/netty-tcnative-classes/2.0.61.Final/netty-tcnative-classes-2.0.61.Final.jar:/home/asus/.m2/repository/io/netty/netty-tcnative-boringssl-static/2.0.61.Final/netty-tcnative-boringssl-static-2.0.61.Final-linux-x86_64.jar:/home/asus/.m2/repository/io/netty/netty-tcnative-boringssl-static/2.0.61.Final/netty-tcnative-boringssl-static-2.0.61.Final-linux-aarch_64.jar:/home/asus/.m2/repository/io/netty/netty-tcnative-boringssl-static/2.0.61.Final/netty-tcnative-boringssl-static-2.0.61.Final-osx-x86_64.jar:/home/asus/.m2/repository/io/netty/netty-tcnative-boringssl-static/2.0.61.Final/netty-tcnative-boringssl-static-2.0.61.Final-osx-aarch_64.jar:/home/asus/.m2/repository/io/netty/netty-tcnative-boringssl-static/2.0.61.Final/netty-tcnative-boringssl-static-2.0.61.Final-windows-x86_64.jar:/home/asus/.m2/repository/org/slf4j/slf4j-api/1.7.30/slf4j-api-1.7.30.jar:/home/asus/.m2/repository/ch/qos/logback/logback-core/1.2.10/logback-core-1.2.10.jar:/home/asus/.m2/repository/ch/qos/logback/logback-classic/1.2.10/logback-classic-1.2.10.jar:/home/asus/.m2/repository/commons-io/commons-io/2.11.0/commons-io-2.11.0.jar:/home/asus/.m2/repository/org/apache/curator/curator-recipes/5.0.0/curator-recipes-5.0.0.jar:/home/asus/.m2/repository/org/apache/curator/curator-framework/5.0.0/curator-framework-5.0.0.jar:/home/asus/.m2/repository/org/apache/curator/curator-client/5.0.0/curator-client-5.0.0.jar:/home/asus/.m2/repository/org/apache/curator/curator-test/5.0.0/curator-test-5.0.0.jar:/home/asus/.m2/repository/io/dropwizard/metrics/metrics-core/4.1.12.1/metrics-core-4.1.12.1.jar:/home/asus/.m2/repository/org/xerial/snappy/snappy-java/1.1.10.1/snappy-java-1.1.10.1.jar:/home/asus/.m2/repository/com/google/guava/guava/27.0.1-jre/guava-27.0.1-jre.jar:/home/asus/.m2/repository/com/google/guava/failureaccess/1.0.1/failureaccess-1.0.1.jar:/home/asus/.m2/repository/com/google/guava/listenablefuture/9999.0-empty-to-avoid-conflict-with-guava/listenablefuture-9999.0-empty-to-avoid-conflict-with-guava.jar:/home/asus/.m2/repository/com/google/code/findbugs/jsr305/3.0.2/jsr305-3.0.2.jar:/home/asus/.m2/repository/org/checkerframework/checker-qual/2.5.2/checker-qual-2.5.2.jar:/home/asus/.m2/repository/com/google/errorprone/error_prone_annotations/2.2.0/error_prone_annotations-2.2.0.jar:/home/asus/.m2/repository/com/google/j2objc/j2objc-annotations/1.1/j2objc-annotations-1.1.jar:/home/asus/.m2/repository/org/codehaus/mojo/animal-sniffer-annotations/1.17/animal-sniffer-annotations-1.17.jar:/home/asus/.m2/repository/org/junit/jupiter/junit-jupiter-engine/5.7.2/junit-jupiter-engine-5.7.2.jar:/home/asus/.m2/repository/org/apiguardian/apiguardian-api/1.1.0/apiguardian-api-1.1.0.jar:/home/asus/.m2/repository/org/junit/platform/junit-platform-engine/1.7.2/junit-platform-engine-1.7.2.jar:/home/asus/.m2/repository/org/opentest4j/opentest4j/1.2.0/opentest4j-1.2.0.jar:/home/asus/.m2/repository/org/junit/platform/junit-platform-commons/1.7.0/junit-platform-commons-1.7.0.jar:/home/asus/.m2/repository/org/junit/jupiter/junit-jupiter-api/5.7.2/junit-jupiter-api-5.7.2.jar:/home/asus/.m2/repository/org/wasabi/logger/logger-project/1.0-SNAPSHOT/logger-project-1.0-SNAPSHOT.jar:/home/asus/.m2/repository/junit/junit/4.13.2/junit-4.13.2.jar:/home/asus/.m2/repository/org/hamcrest/hamcrest-core/1.3/hamcrest-core-1.3.jar:/home/asus/.m2/repository/org/apache/logging/log4j/log4j-slf4j-impl/2.18.0/log4j-slf4j-impl-2.18.0.jar:/home/asus/.m2/repository/org/apache/logging/log4j/log4j-api/2.18.0/log4j-api-2.18.0.jar:/home/asus/.m2/repository/org/apache/logging/log4j/log4j-core/2.18.0/log4j-core-2.18.0.jar:/home/asus/.m2/repository/org/junit/vintage/junit-vintage-engine/5.7.2/junit-vintage-engine-5.7.2.jar:/home/asus/.m2/repository/org/junit/platform/junit-platform-launcher/1.8.2/junit-platform-launcher-1.8.2.jar:"/>
    <property name="sun.cpu.endian" value="little"/>
    <property name="user.home" value="/home/asus"/>
    <property name="user.language" value="en"/>
    <property name="java.specification.vendor" value="Oracle Corporation"/>
    <property name="java.version.date" value="2023-01-17"/>
    <property name="java.home" value="/usr/lib/jvm/java-17-oracle"/>
    <property name="file.separator" value="/"/>
    <property name="basedir" value="/home/asus/Documents/zookeeper/zookeeper-compatibility-tests/zookeeper-compatibility-tests-curator"/>
    <property name="java.vm.compressedOopsMode" value="32-bit"/>
    <property name="line.separator" value="&#10;"/>
    <property name="java.specification.name" value="Java Platform API Specification"/>
    <property name="java.vm.specification.vendor" value="Oracle Corporation"/>
    <property name="surefire.real.class.path" value="/home/asus/Documents/zookeeper/zookeeper-compatibility-tests/zookeeper-compatibility-tests-curator/target/surefire/surefirebooter17595481722277736195.jar"/>
    <property name="sun.management.compiler" value="HotSpot 64-Bit Tiered Compilers"/>
    <property name="java.runtime.version" value="17.0.6+9-LTS-190"/>
    <property name="user.name" value="asus"/>
    <property name="zookeeper.jmx.log4j.disable" value="true"/>
    <property name="path.separator" value=":"/>
    <property name="os.version" value="6.2.0-31-generic"/>
    <property name="zookeeper.server.3" value="127.0.0.1:41609:42517;127.0.0.1:32941"/>
    <property name="java.runtime.name" value="Java(TM) SE Runtime Environment"/>
    <property name="zookeeper.server.1" value="127.0.0.1:38457:39353;127.0.0.1:37453"/>
    <property name="zookeeper.server.2" value="127.0.0.1:44111:34483;127.0.0.1:45473"/>
    <property name="file.encoding" value="UTF-8"/>
    <property name="java.vm.name" value="Java HotSpot(TM) 64-Bit Server VM"/>
    <property name="localRepository" value="/home/asus/.m2/repository"/>
    <property name="java.vendor.url.bug" value="https://bugreport.java.com/bugreport/"/>
    <property name="java.io.tmpdir" value="/tmp"/>
    <property name="java.version" value="17.0.6"/>
    <property name="user.dir" value="/home/asus/Documents/zookeeper/zookeeper-compatibility-tests/zookeeper-compatibility-tests-curator"/>
    <property name="os.arch" value="amd64"/>
    <property name="java.vm.specification.name" value="Java Virtual Machine Specification"/>
    <property name="native.encoding" value="UTF-8"/>
    <property name="java.library.path" value="/usr/java/packages/lib:/usr/lib64:/lib64:/lib:/usr/lib"/>
    <property name="java.vm.info" value="mixed mode, sharing"/>
    <property name="java.vendor" value="Oracle Corporation"/>
    <property name="java.vm.version" value="17.0.6+9-LTS-190"/>
    <property name="sun.io.unicode.encoding" value="UnicodeLittle"/>
    <property name="java.class.version" value="61.0"/>
    <property name="maven.test.failure.ignore" value="true"/>
  </properties>
  <testcase name="testBasicUsageOfApisAndRecipes" classname="org.apache.zookeeper.compatibility.TestApacheCuratorCompatibility" time="0.683">
    <system-out><![CDATA[22:35:10.098 [main] ERROR org.wasabi.logger.WasabiListener5 - [WASABISTART]
22:35:10.098 [main] ERROR org.wasabi.logger.WasabiListener5 - [wasabi] testBasicUsageOfApisAndRecipes() is started
22:35:10.222 [Thread-1] INFO org.apache.zookeeper.server.quorum.QuorumPeerConfig - clientPortAddress is 0.0.0.0:46559
22:35:10.223 [Thread-1] INFO org.apache.zookeeper.server.quorum.QuorumPeerConfig - secureClientPort is not set
22:35:10.224 [Thread-1] INFO org.apache.zookeeper.server.quorum.QuorumPeerConfig - observerMasterPort is not set
22:35:10.224 [Thread-1] INFO org.apache.zookeeper.server.quorum.QuorumPeerConfig - metricsProvider.className is org.apache.zookeeper.metrics.impl.DefaultMetricsProvider
22:35:10.319 [Thread-1] INFO org.apache.curator.test.TestingZooKeeperMain - Starting server
22:35:10.321 [Thread-1] DEBUG org.apache.zookeeper.server.persistence.FileTxnSnapLog - Opening datadir:/tmp/1693755310153-0 snapDir:/tmp/1693755310153-0
22:35:10.321 [Thread-1] INFO org.apache.zookeeper.server.persistence.FileTxnSnapLog - zookeeper.snapshot.trust.empty : false
22:35:10.327 [Thread-1] INFO org.apache.zookeeper.server.ZooKeeperServer - 
22:35:10.327 [Thread-1] INFO org.apache.zookeeper.server.ZooKeeperServer -   ______                  _                                          
22:35:10.327 [Thread-1] INFO org.apache.zookeeper.server.ZooKeeperServer -  |___  /                 | |                                         
22:35:10.327 [Thread-1] INFO org.apache.zookeeper.server.ZooKeeperServer -     / /    ___     ___   | | __   ___    ___   _ __     ___   _ __   
22:35:10.327 [Thread-1] INFO org.apache.zookeeper.server.ZooKeeperServer -    / /    / _ \   / _ \  | |/ /  / _ \  / _ \ | '_ \   / _ \ | '__|
22:35:10.327 [Thread-1] INFO org.apache.zookeeper.server.ZooKeeperServer -   / /__  | (_) | | (_) | |   <  |  __/ |  __/ | |_) | |  __/ | |    
22:35:10.327 [Thread-1] INFO org.apache.zookeeper.server.ZooKeeperServer -  /_____|  \___/   \___/  |_|\_\  \___|  \___| | .__/   \___| |_|
22:35:10.327 [Thread-1] INFO org.apache.zookeeper.server.ZooKeeperServer -                                               | |                     
22:35:10.327 [Thread-1] INFO org.apache.zookeeper.server.ZooKeeperServer -                                               |_|                     
22:35:10.327 [Thread-1] INFO org.apache.zookeeper.server.ZooKeeperServer - 
22:35:10.328 [Thread-1] INFO org.apache.zookeeper.server.ZooKeeperServer - Server environment:zookeeper.version=3.10.0-SNAPSHOT-264f16f72f95d6236caaae375b8158d4998dccec-dirty, built on 2023-09-03 15:27 UTC
22:35:10.328 [Thread-1] INFO org.apache.zookeeper.server.ZooKeeperServer - Server environment:host.name=asus-TUF-Gaming-FX505GT-FX505GT
22:35:10.328 [Thread-1] INFO org.apache.zookeeper.server.ZooKeeperServer - Server environment:java.version=17.0.6
22:35:10.328 [Thread-1] INFO org.apache.zookeeper.server.ZooKeeperServer - Server environment:java.vendor=Oracle Corporation
22:35:10.329 [Thread-1] INFO org.apache.zookeeper.server.ZooKeeperServer - Server environment:java.home=/usr/lib/jvm/java-17-oracle
22:35:10.329 [Thread-1] INFO org.apache.zookeeper.server.ZooKeeperServer - Server environment:java.class.path=/home/asus/Documents/zookeeper/zookeeper-compatibility-tests/zookeeper-compatibility-tests-curator/target/test-classes:/home/asus/Documents/zookeeper/zookeeper-compatibility-tests/zookeeper-compatibility-tests-curator/target/classes:/home/asus/Documents/zookeeper/zookeeper-server/target/classes:/home/asus/Documents/zookeeper/zookeeper-jute/target/classes:/home/asus/.m2/repository/org/apache/yetus/audience-annotations/0.12.0/audience-annotations-0.12.0.jar:/home/asus/.m2/repository/io/netty/netty-handler/4.1.94.Final/netty-handler-4.1.94.Final.jar:/home/asus/.m2/repository/io/netty/netty-common/4.1.94.Final/netty-common-4.1.94.Final.jar:/home/asus/.m2/repository/io/netty/netty-resolver/4.1.94.Final/netty-resolver-4.1.94.Final.jar:/home/asus/.m2/repository/io/netty/netty-buffer/4.1.94.Final/netty-buffer-4.1.94.Final.jar:/home/asus/.m2/repository/io/netty/netty-transport/4.1.94.Final/netty-transport-4.1.94.Final.jar:/home/asus/.m2/repository/io/netty/netty-transport-native-unix-common/4.1.94.Final/netty-transport-native-unix-common-4.1.94.Final.jar:/home/asus/.m2/repository/io/netty/netty-codec/4.1.94.Final/netty-codec-4.1.94.Final.jar:/home/asus/.m2/repository/io/netty/netty-transport-native-epoll/4.1.94.Final/netty-transport-native-epoll-4.1.94.Final-linux-x86_64.jar:/home/asus/.m2/repository/io/netty/netty-transport-classes-epoll/4.1.94.Final/netty-transport-classes-epoll-4.1.94.Final.jar:/home/asus/.m2/repository/io/netty/netty-tcnative-boringssl-static/2.0.61.Final/netty-tcnative-boringssl-static-2.0.61.Final.jar:/home/asus/.m2/repository/io/netty/netty-tcnative-classes/2.0.61.Final/netty-tcnative-classes-2.0.61.Final.jar:/home/asus/.m2/repository/io/netty/netty-tcnative-boringssl-static/2.0.61.Final/netty-tcnative-boringssl-static-2.0.61.Final-linux-x86_64.jar:/home/asus/.m2/repository/io/netty/netty-tcnative-boringssl-static/2.0.61.Final/netty-tcnative-boringssl-static-2.0.61.Final-linux-aarch_64.jar:/home/asus/.m2/repository/io/netty/netty-tcnative-boringssl-static/2.0.61.Final/netty-tcnative-boringssl-static-2.0.61.Final-osx-x86_64.jar:/home/asus/.m2/repository/io/netty/netty-tcnative-boringssl-static/2.0.61.Final/netty-tcnative-boringssl-static-2.0.61.Final-osx-aarch_64.jar:/home/asus/.m2/repository/io/netty/netty-tcnative-boringssl-static/2.0.61.Final/netty-tcnative-boringssl-static-2.0.61.Final-windows-x86_64.jar:/home/asus/.m2/repository/org/slf4j/slf4j-api/1.7.30/slf4j-api-1.7.30.jar:/home/asus/.m2/repository/ch/qos/logback/logback-core/1.2.10/logback-core-1.2.10.jar:/home/asus/.m2/repository/ch/qos/logback/logback-classic/1.2.10/logback-classic-1.2.10.jar:/home/asus/.m2/repository/commons-io/commons-io/2.11.0/commons-io-2.11.0.jar:/home/asus/.m2/repository/org/apache/curator/curator-recipes/5.0.0/curator-recipes-5.0.0.jar:/home/asus/.m2/repository/org/apache/curator/curator-framework/5.0.0/curator-framework-5.0.0.jar:/home/asus/.m2/repository/org/apache/curator/curator-client/5.0.0/curator-client-5.0.0.jar:/home/asus/.m2/repository/org/apache/curator/curator-test/5.0.0/curator-test-5.0.0.jar:/home/asus/.m2/repository/io/dropwizard/metrics/metrics-core/4.1.12.1/metrics-core-4.1.12.1.jar:/home/asus/.m2/repository/org/xerial/snappy/snappy-java/1.1.10.1/snappy-java-1.1.10.1.jar:/home/asus/.m2/repository/com/google/guava/guava/27.0.1-jre/guava-27.0.1-jre.jar:/home/asus/.m2/repository/com/google/guava/failureaccess/1.0.1/failureaccess-1.0.1.jar:/home/asus/.m2/repository/com/google/guava/listenablefuture/9999.0-empty-to-avoid-conflict-with-guava/listenablefuture-9999.0-empty-to-avoid-conflict-with-guava.jar:/home/asus/.m2/repository/com/google/code/findbugs/jsr305/3.0.2/jsr305-3.0.2.jar:/home/asus/.m2/repository/org/checkerframework/checker-qual/2.5.2/checker-qual-2.5.2.jar:/home/asus/.m2/repository/com/google/errorprone/error_prone_annotations/2.2.0/error_prone_annotations-2.2.0.jar:/home/asus/.m2/repository/com/google/j2objc/j2objc-annotations/1.1/j2objc-annotations-1.1.jar:/home/asus/.m2/repository/org/codehaus/mojo/animal-sniffer-annotations/1.17/animal-sniffer-annotations-1.17.jar:/home/asus/.m2/repository/org/junit/jupiter/junit-jupiter-engine/5.7.2/junit-jupiter-engine-5.7.2.jar:/home/asus/.m2/repository/org/apiguardian/apiguardian-api/1.1.0/apiguardian-api-1.1.0.jar:/home/asus/.m2/repository/org/junit/platform/junit-platform-engine/1.7.2/junit-platform-engine-1.7.2.jar:/home/asus/.m2/repository/org/opentest4j/opentest4j/1.2.0/opentest4j-1.2.0.jar:/home/asus/.m2/repository/org/junit/platform/junit-platform-commons/1.7.0/junit-platform-commons-1.7.0.jar:/home/asus/.m2/repository/org/junit/jupiter/junit-jupiter-api/5.7.2/junit-jupiter-api-5.7.2.jar:/home/asus/.m2/repository/org/wasabi/logger/logger-project/1.0-SNAPSHOT/logger-project-1.0-SNAPSHOT.jar:/home/asus/.m2/repository/junit/junit/4.13.2/junit-4.13.2.jar:/home/asus/.m2/repository/org/hamcrest/hamcrest-core/1.3/hamcrest-core-1.3.jar:/home/asus/.m2/repository/org/apache/logging/log4j/log4j-slf4j-impl/2.18.0/log4j-slf4j-impl-2.18.0.jar:/home/asus/.m2/repository/org/apache/logging/log4j/log4j-api/2.18.0/log4j-api-2.18.0.jar:/home/asus/.m2/repository/org/apache/logging/log4j/log4j-core/2.18.0/log4j-core-2.18.0.jar:/home/asus/.m2/repository/org/junit/vintage/junit-vintage-engine/5.7.2/junit-vintage-engine-5.7.2.jar:/home/asus/.m2/repository/org/junit/platform/junit-platform-launcher/1.8.2/junit-platform-launcher-1.8.2.jar:
22:35:10.330 [Thread-1] INFO org.apache.zookeeper.server.ZooKeeperServer - Server environment:java.library.path=/usr/java/packages/lib:/usr/lib64:/lib64:/lib:/usr/lib
22:35:10.330 [Thread-1] INFO org.apache.zookeeper.server.ZooKeeperServer - Server environment:java.io.tmpdir=/tmp
22:35:10.330 [Thread-1] INFO org.apache.zookeeper.server.ZooKeeperServer - Server environment:java.compiler=<NA>
22:35:10.330 [Thread-1] INFO org.apache.zookeeper.server.ZooKeeperServer - Server environment:os.name=Linux
22:35:10.330 [Thread-1] INFO org.apache.zookeeper.server.ZooKeeperServer - Server environment:os.arch=amd64
22:35:10.330 [Thread-1] INFO org.apache.zookeeper.server.ZooKeeperServer - Server environment:os.version=6.2.0-31-generic
22:35:10.330 [Thread-1] INFO org.apache.zookeeper.server.ZooKeeperServer - Server environment:user.name=asus
22:35:10.330 [Thread-1] INFO org.apache.zookeeper.server.ZooKeeperServer - Server environment:user.home=/home/asus
22:35:10.330 [Thread-1] INFO org.apache.zookeeper.server.ZooKeeperServer - Server environment:user.dir=/home/asus/Documents/zookeeper/zookeeper-compatibility-tests/zookeeper-compatibility-tests-curator
22:35:10.331 [Thread-1] INFO org.apache.zookeeper.server.ZooKeeperServer - Server environment:os.memory.free=366MB
22:35:10.331 [Thread-1] INFO org.apache.zookeeper.server.ZooKeeperServer - Server environment:os.memory.max=1024MB
22:35:10.331 [Thread-1] INFO org.apache.zookeeper.server.ZooKeeperServer - Server environment:os.memory.total=376MB
22:35:10.331 [Thread-1] INFO org.apache.zookeeper.server.ZooKeeperServer - zookeeper.enableEagerACLCheck = false
22:35:10.331 [Thread-1] INFO org.apache.zookeeper.server.ZooKeeperServer - zookeeper.digest.enabled = true
22:35:10.331 [Thread-1] INFO org.apache.zookeeper.server.ZooKeeperServer - zookeeper.closeSessionTxn.enabled = true
22:35:10.331 [Thread-1] INFO org.apache.zookeeper.server.ZooKeeperServer - zookeeper.serializeLastProcessedZxid.enabled = true
22:35:10.331 [Thread-1] INFO org.apache.zookeeper.server.ZooKeeperServer - zookeeper.flushDelay = 0 ms
22:35:10.331 [Thread-1] INFO org.apache.zookeeper.server.ZooKeeperServer - zookeeper.maxWriteQueuePollTime = 0 ms
22:35:10.332 [Thread-1] INFO org.apache.zookeeper.server.ZooKeeperServer - zookeeper.maxBatchSize=1000
22:35:10.332 [Thread-1] INFO org.apache.zookeeper.server.ZooKeeperServer - zookeeper.intBufferStartingSizeBytes = 1024
22:35:10.333 [Thread-1] INFO org.apache.zookeeper.server.BlueThrottle - Weighed connection throttling is disabled
22:35:10.333 [Thread-1] INFO org.apache.zookeeper.server.AuthenticationHelper - zookeeper.enforce.auth.enabled = false
22:35:10.333 [Thread-1] INFO org.apache.zookeeper.server.AuthenticationHelper - zookeeper.enforce.auth.schemes = []
22:35:10.335 [Thread-1] INFO org.apache.zookeeper.server.util.RequestPathMetricsCollector - zookeeper.pathStats.slotCapacity = 60
22:35:10.335 [Thread-1] INFO org.apache.zookeeper.server.util.RequestPathMetricsCollector - zookeeper.pathStats.slotDuration = 15
22:35:10.335 [Thread-1] INFO org.apache.zookeeper.server.util.RequestPathMetricsCollector - zookeeper.pathStats.maxDepth = 6
22:35:10.335 [Thread-1] INFO org.apache.zookeeper.server.util.RequestPathMetricsCollector - zookeeper.pathStats.initialDelay = 5
22:35:10.336 [Thread-1] INFO org.apache.zookeeper.server.util.RequestPathMetricsCollector - zookeeper.pathStats.delay = 5
22:35:10.336 [Thread-1] INFO org.apache.zookeeper.server.util.RequestPathMetricsCollector - zookeeper.pathStats.enabled = false
22:35:10.337 [Thread-1] INFO org.apache.zookeeper.server.ZooKeeperServer - minSessionTimeout set to 1000 ms
22:35:10.337 [Thread-1] INFO org.apache.zookeeper.server.ZooKeeperServer - maxSessionTimeout set to 20000 ms
22:35:10.341 [Thread-1] INFO org.apache.zookeeper.server.ServerCnxnFactory - Using org.apache.zookeeper.server.NIOServerCnxnFactory as server connection factory
22:35:10.342 [Thread-1] WARN org.apache.zookeeper.server.ServerCnxnFactory - maxCnxns is not configured, using default value 0.
22:35:10.343 [Thread-1] INFO org.apache.zookeeper.server.NIOServerCnxnFactory - Configuring NIO connection handler with 10s sessionless connection timeout, 2 selector thread(s), 16 worker threads, and 64 kB direct buffers.
22:35:10.348 [Thread-1] INFO org.apache.zookeeper.server.NIOServerCnxnFactory - binding to port 0.0.0.0/0.0.0.0:46559
22:35:10.360 [Thread-1] INFO org.apache.zookeeper.server.watch.WatchManagerFactory - Using org.apache.zookeeper.server.watch.WatchManager as watch manager
22:35:10.361 [Thread-1] INFO org.apache.zookeeper.server.watch.WatchManagerFactory - Using org.apache.zookeeper.server.watch.WatchManager as watch manager
22:35:10.361 [Thread-1] INFO org.apache.zookeeper.server.ZKDatabase - zookeeper.snapshotSizeFactor = 0.33
22:35:10.361 [Thread-1] INFO org.apache.zookeeper.server.ZKDatabase - zookeeper.commitLogCount=500
22:35:10.376 [Thread-1] INFO org.apache.zookeeper.server.persistence.SnapStream - zookeeper.snapshot.compression.method = CHECKED
22:35:10.376 [Thread-1] INFO org.apache.zookeeper.server.persistence.FileTxnSnapLog - Snapshotting: 0x0 to /tmp/1693755310153-0/version-2/snapshot.0
22:35:10.380 [Thread-1] INFO org.apache.zookeeper.server.ZKDatabase - Snapshot loaded in 19 ms, highest zxid is 0x0, digest is 1371985504
22:35:10.381 [Thread-1] INFO org.apache.zookeeper.server.persistence.FileTxnSnapLog - Snapshotting: 0x0 to /tmp/1693755310153-0/version-2/snapshot.0
22:35:10.382 [Thread-1] INFO org.apache.zookeeper.server.ZooKeeperServer - Snapshot taken in 1 ms
22:35:10.392 [ProcessThread(sid:0 cport:46559):] INFO org.apache.zookeeper.server.PrepRequestProcessor - PrepRequestProcessor (sid:0) started, reconfigEnabled=false
22:35:10.392 [Thread-1] INFO org.apache.zookeeper.server.RequestThrottler - zookeeper.request_throttler.shutdownTimeout = 10000 ms
22:35:10.405 [Thread-1] INFO org.apache.zookeeper.server.ContainerManager - Using checkIntervalMs=60000 maxPerMinute=10000 maxNeverUsedIntervalMs=0
22:35:10.474 [main] INFO org.apache.curator.framework.imps.CuratorFrameworkImpl - Starting
22:35:10.476 [main] DEBUG org.apache.curator.CuratorZookeeperClient - Starting
22:35:10.476 [main] DEBUG org.apache.curator.ConnectionState - Starting
22:35:10.476 [main] DEBUG org.apache.curator.ConnectionState - reset
22:35:10.479 [main] INFO org.apache.zookeeper.ZooKeeper - Client environment:zookeeper.version=3.10.0-SNAPSHOT-264f16f72f95d6236caaae375b8158d4998dccec-dirty, built on 2023-09-03 15:27 UTC
22:35:10.479 [main] INFO org.apache.zookeeper.ZooKeeper - Client environment:host.name=asus-TUF-Gaming-FX505GT-FX505GT
22:35:10.479 [main] INFO org.apache.zookeeper.ZooKeeper - Client environment:java.version=17.0.6
22:35:10.479 [main] INFO org.apache.zookeeper.ZooKeeper - Client environment:java.vendor=Oracle Corporation
22:35:10.479 [main] INFO org.apache.zookeeper.ZooKeeper - Client environment:java.home=/usr/lib/jvm/java-17-oracle
22:35:10.479 [main] INFO org.apache.zookeeper.ZooKeeper - Client environment:java.class.path=/home/asus/Documents/zookeeper/zookeeper-compatibility-tests/zookeeper-compatibility-tests-curator/target/test-classes:/home/asus/Documents/zookeeper/zookeeper-compatibility-tests/zookeeper-compatibility-tests-curator/target/classes:/home/asus/Documents/zookeeper/zookeeper-server/target/classes:/home/asus/Documents/zookeeper/zookeeper-jute/target/classes:/home/asus/.m2/repository/org/apache/yetus/audience-annotations/0.12.0/audience-annotations-0.12.0.jar:/home/asus/.m2/repository/io/netty/netty-handler/4.1.94.Final/netty-handler-4.1.94.Final.jar:/home/asus/.m2/repository/io/netty/netty-common/4.1.94.Final/netty-common-4.1.94.Final.jar:/home/asus/.m2/repository/io/netty/netty-resolver/4.1.94.Final/netty-resolver-4.1.94.Final.jar:/home/asus/.m2/repository/io/netty/netty-buffer/4.1.94.Final/netty-buffer-4.1.94.Final.jar:/home/asus/.m2/repository/io/netty/netty-transport/4.1.94.Final/netty-transport-4.1.94.Final.jar:/home/asus/.m2/repository/io/netty/netty-transport-native-unix-common/4.1.94.Final/netty-transport-native-unix-common-4.1.94.Final.jar:/home/asus/.m2/repository/io/netty/netty-codec/4.1.94.Final/netty-codec-4.1.94.Final.jar:/home/asus/.m2/repository/io/netty/netty-transport-native-epoll/4.1.94.Final/netty-transport-native-epoll-4.1.94.Final-linux-x86_64.jar:/home/asus/.m2/repository/io/netty/netty-transport-classes-epoll/4.1.94.Final/netty-transport-classes-epoll-4.1.94.Final.jar:/home/asus/.m2/repository/io/netty/netty-tcnative-boringssl-static/2.0.61.Final/netty-tcnative-boringssl-static-2.0.61.Final.jar:/home/asus/.m2/repository/io/netty/netty-tcnative-classes/2.0.61.Final/netty-tcnative-classes-2.0.61.Final.jar:/home/asus/.m2/repository/io/netty/netty-tcnative-boringssl-static/2.0.61.Final/netty-tcnative-boringssl-static-2.0.61.Final-linux-x86_64.jar:/home/asus/.m2/repository/io/netty/netty-tcnative-boringssl-static/2.0.61.Final/netty-tcnative-boringssl-static-2.0.61.Final-linux-aarch_64.jar:/home/asus/.m2/repository/io/netty/netty-tcnative-boringssl-static/2.0.61.Final/netty-tcnative-boringssl-static-2.0.61.Final-osx-x86_64.jar:/home/asus/.m2/repository/io/netty/netty-tcnative-boringssl-static/2.0.61.Final/netty-tcnative-boringssl-static-2.0.61.Final-osx-aarch_64.jar:/home/asus/.m2/repository/io/netty/netty-tcnative-boringssl-static/2.0.61.Final/netty-tcnative-boringssl-static-2.0.61.Final-windows-x86_64.jar:/home/asus/.m2/repository/org/slf4j/slf4j-api/1.7.30/slf4j-api-1.7.30.jar:/home/asus/.m2/repository/ch/qos/logback/logback-core/1.2.10/logback-core-1.2.10.jar:/home/asus/.m2/repository/ch/qos/logback/logback-classic/1.2.10/logback-classic-1.2.10.jar:/home/asus/.m2/repository/commons-io/commons-io/2.11.0/commons-io-2.11.0.jar:/home/asus/.m2/repository/org/apache/curator/curator-recipes/5.0.0/curator-recipes-5.0.0.jar:/home/asus/.m2/repository/org/apache/curator/curator-framework/5.0.0/curator-framework-5.0.0.jar:/home/asus/.m2/repository/org/apache/curator/curator-client/5.0.0/curator-client-5.0.0.jar:/home/asus/.m2/repository/org/apache/curator/curator-test/5.0.0/curator-test-5.0.0.jar:/home/asus/.m2/repository/io/dropwizard/metrics/metrics-core/4.1.12.1/metrics-core-4.1.12.1.jar:/home/asus/.m2/repository/org/xerial/snappy/snappy-java/1.1.10.1/snappy-java-1.1.10.1.jar:/home/asus/.m2/repository/com/google/guava/guava/27.0.1-jre/guava-27.0.1-jre.jar:/home/asus/.m2/repository/com/google/guava/failureaccess/1.0.1/failureaccess-1.0.1.jar:/home/asus/.m2/repository/com/google/guava/listenablefuture/9999.0-empty-to-avoid-conflict-with-guava/listenablefuture-9999.0-empty-to-avoid-conflict-with-guava.jar:/home/asus/.m2/repository/com/google/code/findbugs/jsr305/3.0.2/jsr305-3.0.2.jar:/home/asus/.m2/repository/org/checkerframework/checker-qual/2.5.2/checker-qual-2.5.2.jar:/home/asus/.m2/repository/com/google/errorprone/error_prone_annotations/2.2.0/error_prone_annotations-2.2.0.jar:/home/asus/.m2/repository/com/google/j2objc/j2objc-annotations/1.1/j2objc-annotations-1.1.jar:/home/asus/.m2/repository/org/codehaus/mojo/animal-sniffer-annotations/1.17/animal-sniffer-annotations-1.17.jar:/home/asus/.m2/repository/org/junit/jupiter/junit-jupiter-engine/5.7.2/junit-jupiter-engine-5.7.2.jar:/home/asus/.m2/repository/org/apiguardian/apiguardian-api/1.1.0/apiguardian-api-1.1.0.jar:/home/asus/.m2/repository/org/junit/platform/junit-platform-engine/1.7.2/junit-platform-engine-1.7.2.jar:/home/asus/.m2/repository/org/opentest4j/opentest4j/1.2.0/opentest4j-1.2.0.jar:/home/asus/.m2/repository/org/junit/platform/junit-platform-commons/1.7.0/junit-platform-commons-1.7.0.jar:/home/asus/.m2/repository/org/junit/jupiter/junit-jupiter-api/5.7.2/junit-jupiter-api-5.7.2.jar:/home/asus/.m2/repository/org/wasabi/logger/logger-project/1.0-SNAPSHOT/logger-project-1.0-SNAPSHOT.jar:/home/asus/.m2/repository/junit/junit/4.13.2/junit-4.13.2.jar:/home/asus/.m2/repository/org/hamcrest/hamcrest-core/1.3/hamcrest-core-1.3.jar:/home/asus/.m2/repository/org/apache/logging/log4j/log4j-slf4j-impl/2.18.0/log4j-slf4j-impl-2.18.0.jar:/home/asus/.m2/repository/org/apache/logging/log4j/log4j-api/2.18.0/log4j-api-2.18.0.jar:/home/asus/.m2/repository/org/apache/logging/log4j/log4j-core/2.18.0/log4j-core-2.18.0.jar:/home/asus/.m2/repository/org/junit/vintage/junit-vintage-engine/5.7.2/junit-vintage-engine-5.7.2.jar:/home/asus/.m2/repository/org/junit/platform/junit-platform-launcher/1.8.2/junit-platform-launcher-1.8.2.jar:
22:35:10.480 [main] INFO org.apache.zookeeper.ZooKeeper - Client environment:java.library.path=/usr/java/packages/lib:/usr/lib64:/lib64:/lib:/usr/lib
22:35:10.480 [main] INFO org.apache.zookeeper.ZooKeeper - Client environment:java.io.tmpdir=/tmp
22:35:10.480 [main] INFO org.apache.zookeeper.ZooKeeper - Client environment:java.compiler=<NA>
22:35:10.480 [main] INFO org.apache.zookeeper.ZooKeeper - Client environment:os.name=Linux
22:35:10.480 [main] INFO org.apache.zookeeper.ZooKeeper - Client environment:os.arch=amd64
22:35:10.480 [main] INFO org.apache.zookeeper.ZooKeeper - Client environment:os.version=6.2.0-31-generic
22:35:10.480 [main] INFO org.apache.zookeeper.ZooKeeper - Client environment:user.name=asus
22:35:10.480 [main] INFO org.apache.zookeeper.ZooKeeper - Client environment:user.home=/home/asus
22:35:10.480 [main] INFO org.apache.zookeeper.ZooKeeper - Client environment:user.dir=/home/asus/Documents/zookeeper/zookeeper-compatibility-tests/zookeeper-compatibility-tests-curator
22:35:10.480 [main] INFO org.apache.zookeeper.ZooKeeper - Client environment:os.memory.free=354MB
22:35:10.480 [main] INFO org.apache.zookeeper.ZooKeeper - Client environment:os.memory.max=1024MB
22:35:10.480 [main] INFO org.apache.zookeeper.ZooKeeper - Client environment:os.memory.total=376MB
22:35:10.482 [main] INFO org.apache.zookeeper.ZooKeeper - Initiating client connection, connectString=127.0.0.1:46559 sessionTimeout=60000 watcher=org.apache.curator.ConnectionState@43df23d3
22:35:10.487 [main] INFO org.apache.zookeeper.common.X509Util - Setting -D jdk.tls.rejectClientInitiatedRenegotiation=true to disable client-initiated TLS renegotiation
22:35:10.490 [main] INFO org.apache.zookeeper.ClientCnxnSocket - jute.maxbuffer value is 1048575 Bytes
22:35:10.498 [main] INFO org.apache.zookeeper.ClientCnxn - zookeeper.request.timeout value is 0. feature enabled=false
22:35:10.499 [main-SendThread()] ERROR org.apache.zookeeper.ClientCnxn - [wasabi] Retry Loop 03 is called. MaxDuration : 10000
22:35:10.501 [main-SendThread(127.0.0.1:46559)] DEBUG org.apache.zookeeper.SaslServerPrincipal - Canonicalized address to localhost
22:35:10.502 [main-SendThread(127.0.0.1:46559)] INFO org.apache.zookeeper.ClientCnxn - Opening socket connection to server localhost/127.0.0.1:46559.
22:35:10.502 [main-SendThread(127.0.0.1:46559)] INFO org.apache.zookeeper.ClientCnxn - SASL config status: Will not attempt to authenticate using SASL (unknown error)
22:35:10.506 [main-SendThread(127.0.0.1:46559)] INFO org.apache.zookeeper.ClientCnxn - Socket connection established, initiating session, client: /127.0.0.1:58170, server: localhost/127.0.0.1:46559
22:35:10.506 [NIOServerCxnFactory.AcceptThread:0.0.0.0/0.0.0.0:46559] DEBUG org.apache.zookeeper.server.NIOServerCnxnFactory - Accepted socket connection from /127.0.0.1:58170
22:35:10.507 [main-SendThread(127.0.0.1:46559)] DEBUG org.apache.zookeeper.ClientCnxn - Session establishment request sent on localhost/127.0.0.1:46559
22:35:10.508 [main] INFO org.apache.curator.framework.imps.CuratorFrameworkImpl - Default schema
22:35:10.511 [main] INFO org.apache.curator.utils.Compatibility - Using org.apache.zookeeper.server.quorum.MultipleAddresses
22:35:10.514 [NIOWorkerThread-1] DEBUG org.apache.zookeeper.server.ZooKeeperServer - Session establishment request from client /127.0.0.1:58170 client's lastZxid is 0x0
22:35:10.516 [NIOWorkerThread-1] DEBUG org.apache.zookeeper.server.SessionTrackerImpl - Adding session 0x100005a3a740000
22:35:10.518 [NIOWorkerThread-1] DEBUG org.apache.zookeeper.server.ZooKeeperServer - Client attempting to establish new session: session = 0x100005a3a740000, zxid = 0x0, timeout = 60000, address = /127.0.0.1:58170
22:35:10.521 [ProcessThread(sid:0 cport:46559):] DEBUG org.apache.zookeeper.server.PrepRequestProcessor - Digest got from data tree is: 1371985504
22:35:10.521 [SyncThread:0] INFO org.apache.zookeeper.server.persistence.FileTxnLog - Creating new log file: log.1
22:35:10.525 [SyncThread:0] DEBUG org.apache.zookeeper.server.FinalRequestProcessor - Processing request:: sessionid:0x100005a3a740000 type:createSession cxid:0x0 zxid:0x1 txntype:-10 reqpath:n/a
22:35:10.527 [SyncThread:0] DEBUG org.apache.zookeeper.server.DataTree - Digests are matching for Zxid: 1, Digest in log and actual tree: 1371985504
22:35:10.529 [SyncThread:0] DEBUG org.apache.zookeeper.server.FinalRequestProcessor - sessionid:0x100005a3a740000 type:createSession cxid:0x0 zxid:0x1 txntype:-10 reqpath:n/a
22:35:10.530 [SyncThread:0] INFO org.apache.zookeeper.audit.ZKAuditProvider - ZooKeeper audit is disabled.
22:35:10.532 [SyncThread:0] DEBUG org.apache.zookeeper.server.ZooKeeperServer - Established session 0x100005a3a740000 with negotiated timeout 20000 for client /127.0.0.1:58170
22:35:10.533 [main-SendThread(127.0.0.1:46559)] INFO org.apache.zookeeper.ClientCnxn - Session establishment complete on server localhost/127.0.0.1:46559, session id = 0x100005a3a740000, negotiated timeout = 20000
22:35:10.535 [main-EventThread] DEBUG org.apache.curator.ConnectionState - Negotiated session timeout: 20000
22:35:10.538 [main-EventThread] INFO org.apache.curator.framework.state.ConnectionStateManager - State change: CONNECTED
22:35:10.538 [main-EventThread] DEBUG org.apache.curator.framework.imps.CuratorFrameworkImpl - Clearing sleep for 2 operations
22:35:10.543 [ProcessThread(sid:0 cport:46559):] DEBUG org.apache.zookeeper.server.SessionTrackerImpl - Checking session 0x100005a3a740000
22:35:10.543 [SyncThread:0] DEBUG org.apache.zookeeper.server.FinalRequestProcessor - Processing request:: sessionid:0x100005a3a740000 type:getData cxid:0x1 zxid:0xfffffffffffffffe txntype:unknown reqpath:/zookeeper/config
22:35:10.543 [SyncThread:0] DEBUG org.apache.zookeeper.server.FinalRequestProcessor - sessionid:0x100005a3a740000 type:getData cxid:0x1 zxid:0xfffffffffffffffe txntype:unknown reqpath:/zookeeper/config
22:35:10.544 [ProcessThread(sid:0 cport:46559):] DEBUG org.apache.zookeeper.server.SessionTrackerImpl - Checking session 0x100005a3a740000
22:35:10.544 [SyncThread:0] DEBUG org.apache.zookeeper.server.ZooKeeperServer - Permission requested: 1 
22:35:10.545 [ProcessThread(sid:0 cport:46559):] DEBUG org.apache.zookeeper.server.SessionTrackerImpl - Checking session 0x100005a3a740000
22:35:10.544 [SyncThread:0] DEBUG org.apache.zookeeper.server.ZooKeeperServer - ACLs for node: [1,s{'world,'anyone}
]
22:35:10.545 [SyncThread:0] DEBUG org.apache.zookeeper.server.ZooKeeperServer - Client credentials: ['ip,'127.0.0.1
]
22:35:10.545 [ProcessThread(sid:0 cport:46559):] DEBUG org.apache.zookeeper.server.PrepRequestProcessor - Processing ACL: 31,s{'world,'anyone}

22:35:10.547 [SyncThread:0] DEBUG org.apache.zookeeper.server.FinalRequestProcessor - Processing request:: sessionid:0x100005a3a740000 type:getData cxid:0x2 zxid:0xfffffffffffffffe txntype:unknown reqpath:/zookeeper/config
22:35:10.548 [SyncThread:0] DEBUG org.apache.zookeeper.server.FinalRequestProcessor - sessionid:0x100005a3a740000 type:getData cxid:0x2 zxid:0xfffffffffffffffe txntype:unknown reqpath:/zookeeper/config
22:35:10.549 [ProcessThread(sid:0 cport:46559):] DEBUG org.apache.zookeeper.server.SessionTrackerImpl - Checking session 0x100005a3a740000
22:35:10.549 [main-SendThread(127.0.0.1:46559)] DEBUG org.apache.zookeeper.ClientCnxn - Reading reply session id: 0x100005a3a740000, packet:: clientPath:/zookeeper/config serverPath:/zookeeper/config finished:false header:: 1,4  replyHeader:: 1,1,0  request:: '/zookeeper/config,T  response:: ,s{0,0,0,0,0,0,-1,0,0,0,0} 
22:35:10.550 [SyncThread:0] DEBUG org.apache.zookeeper.server.ZooKeeperServer - Permission requested: 1 
22:35:10.550 [ProcessThread(sid:0 cport:46559):] DEBUG org.apache.zookeeper.server.SessionTrackerImpl - Checking session 0x100005a3a740000
22:35:10.550 [SyncThread:0] DEBUG org.apache.zookeeper.server.ZooKeeperServer - ACLs for node: [1,s{'world,'anyone}
]
22:35:10.550 [SyncThread:0] DEBUG org.apache.zookeeper.server.ZooKeeperServer - Client credentials: ['ip,'127.0.0.1
]
22:35:10.552 [main-EventThread] INFO org.apache.curator.framework.imps.EnsembleTracker - New config event received: {}
22:35:10.552 [main-EventThread] DEBUG org.apache.curator.framework.imps.EnsembleTracker - Ignoring new config as it is empty
22:35:10.552 [main-SendThread(127.0.0.1:46559)] DEBUG org.apache.zookeeper.ClientCnxn - Reading reply session id: 0x100005a3a740000, packet:: clientPath:/zookeeper/config serverPath:/zookeeper/config finished:false header:: 2,4  replyHeader:: 2,1,0  request:: '/zookeeper/config,T  response:: ,s{0,0,0,0,0,0,-1,0,0,0,0} 
22:35:10.553 [SyncThread:0] DEBUG org.apache.zookeeper.server.FinalRequestProcessor - Processing request:: sessionid:0x100005a3a740000 type:create2 cxid:0x3 zxid:0x2 txntype:-1 reqpath:/base/path/1
22:35:10.553 [SyncThread:0] DEBUG org.apache.zookeeper.server.DataTree - Ignoring processTxn failure hdr: -1 : error: -101
22:35:10.553 [main-EventThread] INFO org.apache.curator.framework.imps.EnsembleTracker - New config event received: {}
22:35:10.553 [main-EventThread] DEBUG org.apache.curator.framework.imps.EnsembleTracker - Ignoring new config as it is empty
22:35:10.553 [SyncThread:0] DEBUG org.apache.zookeeper.server.FinalRequestProcessor - Processing request:: sessionid:0x100005a3a740000 type:addWatch cxid:0x4 zxid:0xfffffffffffffffe txntype:unknown reqpath:/base/path
22:35:10.554 [SyncThread:0] DEBUG org.apache.zookeeper.server.FinalRequestProcessor - sessionid:0x100005a3a740000 type:addWatch cxid:0x4 zxid:0xfffffffffffffffe txntype:unknown reqpath:/base/path
22:35:10.554 [SyncThread:0] DEBUG org.apache.zookeeper.server.FinalRequestProcessor - Processing request:: sessionid:0x100005a3a740000 type:addWatch cxid:0x5 zxid:0xfffffffffffffffe txntype:unknown reqpath:/base/path
22:35:10.555 [SyncThread:0] DEBUG org.apache.zookeeper.server.FinalRequestProcessor - sessionid:0x100005a3a740000 type:addWatch cxid:0x5 zxid:0xfffffffffffffffe txntype:unknown reqpath:/base/path
22:35:10.554 [main-SendThread(127.0.0.1:46559)] DEBUG org.apache.zookeeper.ClientCnxn - Reading reply session id: 0x100005a3a740000, packet:: clientPath:null serverPath:null finished:false header:: 3,15  replyHeader:: 3,2,-101  request:: '/base/path/1,#3132372e302e312e31,v{s{31,s{'world,'anyone}}},0  response::  
22:35:10.556 [main-SendThread(127.0.0.1:46559)] DEBUG org.apache.zookeeper.ClientCnxn - Reading reply session id: 0x100005a3a740000, packet:: clientPath:/base/path serverPath:/base/path finished:false header:: 4,106  replyHeader:: 4,2,0  request:: '/base/path,1  response:: 0 
22:35:10.559 [ProcessThread(sid:0 cport:46559):] DEBUG org.apache.zookeeper.server.SessionTrackerImpl - Checking session 0x100005a3a740000
22:35:10.558 [main-SendThread(127.0.0.1:46559)] DEBUG org.apache.zookeeper.ClientCnxn - Reading reply session id: 0x100005a3a740000, packet:: clientPath:/base/path serverPath:/base/path finished:false header:: 5,106  replyHeader:: 5,2,0  request:: '/base/path,1  response:: 0 
22:35:10.559 [SyncThread:0] DEBUG org.apache.zookeeper.server.FinalRequestProcessor - Processing request:: sessionid:0x100005a3a740000 type:exists cxid:0x6 zxid:0xfffffffffffffffe txntype:unknown reqpath:/base
22:35:10.560 [SyncThread:0] DEBUG org.apache.zookeeper.server.FinalRequestProcessor - sessionid:0x100005a3a740000 type:exists cxid:0x6 zxid:0xfffffffffffffffe txntype:unknown reqpath:/base
22:35:10.562 [main-SendThread(127.0.0.1:46559)] DEBUG org.apache.zookeeper.ClientCnxn - Reading reply session id: 0x100005a3a740000, packet:: clientPath:null serverPath:null finished:false header:: 6,3  replyHeader:: 6,2,-101  request:: '/base,F  response::  
22:35:10.564 [ProcessThread(sid:0 cport:46559):] DEBUG org.apache.zookeeper.server.SessionTrackerImpl - Checking session 0x100005a3a740000
22:35:10.565 [SyncThread:0] DEBUG org.apache.zookeeper.server.FinalRequestProcessor - Processing request:: sessionid:0x100005a3a740000 type:getData cxid:0x7 zxid:0xfffffffffffffffe txntype:unknown reqpath:/base/path
22:35:10.565 [SyncThread:0] DEBUG org.apache.zookeeper.server.FinalRequestProcessor - sessionid:0x100005a3a740000 type:getData cxid:0x7 zxid:0xfffffffffffffffe txntype:unknown reqpath:/base/path
22:35:10.566 [ProcessThread(sid:0 cport:46559):] DEBUG org.apache.zookeeper.server.SessionTrackerImpl - Checking session 0x100005a3a740000
22:35:10.567 [ProcessThread(sid:0 cport:46559):] DEBUG org.apache.zookeeper.server.PrepRequestProcessor - Processing ACL: 31,s{'world,'anyone}

22:35:10.568 [ProcessThread(sid:0 cport:46559):] DEBUG org.apache.zookeeper.server.ZooKeeperServer - Permission requested: 4 
22:35:10.568 [ProcessThread(sid:0 cport:46559):] DEBUG org.apache.zookeeper.server.ZooKeeperServer - ACLs for node: [31,s{'world,'anyone}
]
22:35:10.568 [ProcessThread(sid:0 cport:46559):] DEBUG org.apache.zookeeper.server.ZooKeeperServer - Client credentials: ['ip,'127.0.0.1
]
22:35:10.568 [main-SendThread(127.0.0.1:46559)] DEBUG org.apache.zookeeper.ClientCnxn - Reading reply session id: 0x100005a3a740000, packet:: clientPath:/base/path serverPath:/base/path finished:false header:: 7,4  replyHeader:: 7,2,-101  request:: '/base/path,F  response::  
22:35:10.570 [ProcessThread(sid:0 cport:46559):] DEBUG org.apache.zookeeper.server.PrepRequestProcessor - Digest got from data tree is: 1371985504
22:35:10.570 [ProcessThread(sid:0 cport:46559):] DEBUG org.apache.zookeeper.server.PrepRequestProcessor - Digest got from outstandingChanges is: 3516513605
22:35:10.570 [ProcessThread(sid:0 cport:46559):] DEBUG org.apache.zookeeper.server.SessionTrackerImpl - Checking session 0x100005a3a740000
22:35:10.572 [SyncThread:0] DEBUG org.apache.zookeeper.server.FinalRequestProcessor - Processing request:: sessionid:0x100005a3a740000 type:create cxid:0x8 zxid:0x3 txntype:1 reqpath:/base
22:35:10.573 [SyncThread:0] DEBUG org.apache.zookeeper.common.PathTrie - base
22:35:10.574 [SyncThread:0] DEBUG org.apache.zookeeper.server.DataTree - Digests are matching for Zxid: 3, Digest in log and actual tree: 3711501218
22:35:10.575 [SyncThread:0] DEBUG org.apache.zookeeper.server.FinalRequestProcessor - sessionid:0x100005a3a740000 type:create cxid:0x8 zxid:0x3 txntype:1 reqpath:/base
22:35:10.575 [SyncThread:0] DEBUG org.apache.zookeeper.server.FinalRequestProcessor - Processing request:: sessionid:0x100005a3a740000 type:getData cxid:0x9 zxid:0xfffffffffffffffe txntype:unknown reqpath:/base/path
22:35:10.575 [SyncThread:0] DEBUG org.apache.zookeeper.server.FinalRequestProcessor - sessionid:0x100005a3a740000 type:getData cxid:0x9 zxid:0xfffffffffffffffe txntype:unknown reqpath:/base/path
22:35:10.576 [main-SendThread(127.0.0.1:46559)] DEBUG org.apache.zookeeper.ClientCnxn - Reading reply session id: 0x100005a3a740000, packet:: clientPath:null serverPath:null finished:false header:: 8,1  replyHeader:: 8,3,0  request:: '/base,,v{s{31,s{'world,'anyone}}},0  response:: '/base 
22:35:10.577 [main-SendThread(127.0.0.1:46559)] DEBUG org.apache.zookeeper.ClientCnxn - Reading reply session id: 0x100005a3a740000, packet:: clientPath:/base/path serverPath:/base/path finished:false header:: 9,4  replyHeader:: 9,3,-101  request:: '/base/path,F  response::  
22:35:10.578 [ProcessThread(sid:0 cport:46559):] DEBUG org.apache.zookeeper.server.SessionTrackerImpl - Checking session 0x100005a3a740000
22:35:10.578 [SyncThread:0] DEBUG org.apache.zookeeper.server.FinalRequestProcessor - Processing request:: sessionid:0x100005a3a740000 type:exists cxid:0xa zxid:0xfffffffffffffffe txntype:unknown reqpath:/base/path
22:35:10.578 [SyncThread:0] DEBUG org.apache.zookeeper.server.FinalRequestProcessor - sessionid:0x100005a3a740000 type:exists cxid:0xa zxid:0xfffffffffffffffe txntype:unknown reqpath:/base/path
22:35:10.580 [main-SendThread(127.0.0.1:46559)] DEBUG org.apache.zookeeper.ClientCnxn - Reading reply session id: 0x100005a3a740000, packet:: clientPath:null serverPath:null finished:false header:: 10,3  replyHeader:: 10,3,-101  request:: '/base/path,F  response::  
22:35:10.582 [ProcessThread(sid:0 cport:46559):] DEBUG org.apache.zookeeper.server.SessionTrackerImpl - Checking session 0x100005a3a740000
22:35:10.582 [ProcessThread(sid:0 cport:46559):] DEBUG org.apache.zookeeper.server.PrepRequestProcessor - Processing ACL: 31,s{'world,'anyone}

22:35:10.582 [ProcessThread(sid:0 cport:46559):] DEBUG org.apache.zookeeper.server.ZooKeeperServer - Permission requested: 4 
22:35:10.582 [ProcessThread(sid:0 cport:46559):] DEBUG org.apache.zookeeper.server.ZooKeeperServer - ACLs for node: [31,s{'world,'anyone}
]
22:35:10.582 [ProcessThread(sid:0 cport:46559):] DEBUG org.apache.zookeeper.server.ZooKeeperServer - Client credentials: ['ip,'127.0.0.1
]
22:35:10.583 [ProcessThread(sid:0 cport:46559):] DEBUG org.apache.zookeeper.server.PrepRequestProcessor - Digest got from data tree is: 3711501218
22:35:10.583 [ProcessThread(sid:0 cport:46559):] DEBUG org.apache.zookeeper.server.PrepRequestProcessor - Digest got from outstandingChanges is: 7312094028
22:35:10.584 [SyncThread:0] DEBUG org.apache.zookeeper.server.FinalRequestProcessor - Processing request:: sessionid:0x100005a3a740000 type:create cxid:0xb zxid:0x4 txntype:1 reqpath:/base/path
22:35:10.585 [SyncThread:0] DEBUG org.apache.zookeeper.common.PathTrie - base
22:35:10.586 [SyncThread:0] DEBUG org.apache.zookeeper.server.DataTree - Digests are matching for Zxid: 4, Digest in log and actual tree: 7516555518
22:35:10.586 [main-SendThread(127.0.0.1:46559)] DEBUG org.apache.zookeeper.ClientCnxn - Got notification session id: 0x100005a3a740000
22:35:10.586 [SyncThread:0] DEBUG org.apache.zookeeper.server.FinalRequestProcessor - sessionid:0x100005a3a740000 type:create cxid:0xb zxid:0x4 txntype:1 reqpath:/base/path
22:35:10.586 [main-SendThread(127.0.0.1:46559)] DEBUG org.apache.zookeeper.ClientCnxn - Got WatchedEvent state:SyncConnected type:NodeCreated path:/base/path zxid: 4 for session id 0x100005a3a740000
22:35:10.587 [main-SendThread(127.0.0.1:46559)] DEBUG org.apache.zookeeper.ClientCnxn - Reading reply session id: 0x100005a3a740000, packet:: clientPath:null serverPath:null finished:false header:: 11,1  replyHeader:: 11,4,0  request:: '/base/path,,v{s{31,s{'world,'anyone}}},0  response:: '/base/path 
22:35:10.589 [ProcessThread(sid:0 cport:46559):] DEBUG org.apache.zookeeper.server.SessionTrackerImpl - Checking session 0x100005a3a740000
22:35:10.589 [SyncThread:0] DEBUG org.apache.zookeeper.server.FinalRequestProcessor - Processing request:: sessionid:0x100005a3a740000 type:getData cxid:0xc zxid:0xfffffffffffffffe txntype:unknown reqpath:/base/path
22:35:10.589 [ProcessThread(sid:0 cport:46559):] DEBUG org.apache.zookeeper.server.SessionTrackerImpl - Checking session 0x100005a3a740000
22:35:10.589 [SyncThread:0] DEBUG org.apache.zookeeper.server.FinalRequestProcessor - sessionid:0x100005a3a740000 type:getData cxid:0xc zxid:0xfffffffffffffffe txntype:unknown reqpath:/base/path
22:35:10.589 [SyncThread:0] DEBUG org.apache.zookeeper.server.ZooKeeperServer - Permission requested: 1 
22:35:10.589 [ProcessThread(sid:0 cport:46559):] DEBUG org.apache.zookeeper.server.PrepRequestProcessor - Processing ACL: 31,s{'world,'anyone}

22:35:10.590 [ProcessThread(sid:0 cport:46559):] DEBUG org.apache.zookeeper.server.ZooKeeperServer - Permission requested: 4 
22:35:10.590 [SyncThread:0] DEBUG org.apache.zookeeper.server.ZooKeeperServer - ACLs for node: [31,s{'world,'anyone}
]
22:35:10.590 [ProcessThread(sid:0 cport:46559):] DEBUG org.apache.zookeeper.server.ZooKeeperServer - ACLs for node: [31,s{'world,'anyone}
]
22:35:10.590 [SyncThread:0] DEBUG org.apache.zookeeper.server.ZooKeeperServer - Client credentials: ['ip,'127.0.0.1
]
22:35:10.591 [ProcessThread(sid:0 cport:46559):] DEBUG org.apache.zookeeper.server.ZooKeeperServer - Client credentials: ['ip,'127.0.0.1
]
22:35:10.592 [ProcessThread(sid:0 cport:46559):] DEBUG org.apache.zookeeper.server.PrepRequestProcessor - Digest got from data tree is: 7516555518
22:35:10.592 [ProcessThread(sid:0 cport:46559):] DEBUG org.apache.zookeeper.server.PrepRequestProcessor - Digest got from outstandingChanges is: 8675839604
22:35:10.593 [main-SendThread(127.0.0.1:46559)] DEBUG org.apache.zookeeper.ClientCnxn - Reading reply session id: 0x100005a3a740000, packet:: clientPath:/base/path serverPath:/base/path finished:false header:: 12,4  replyHeader:: 12,4,0  request:: '/base/path,F  response:: ,s{4,4,1693755310582,1693755310582,0,0,0,0,0,0,4} 
22:35:10.594 [SyncThread:0] DEBUG org.apache.zookeeper.server.FinalRequestProcessor - Processing request:: sessionid:0x100005a3a740000 type:create2 cxid:0xd zxid:0x5 txntype:15 reqpath:/base/path/1
22:35:10.595 [SyncThread:0] DEBUG org.apache.zookeeper.common.PathTrie - base
22:35:10.596 [SyncThread:0] DEBUG org.apache.zookeeper.server.DataTree - Digests are matching for Zxid: 5, Digest in log and actual tree: 10769693087
22:35:10.596 [main-SendThread(127.0.0.1:46559)] DEBUG org.apache.zookeeper.ClientCnxn - Got notification session id: 0x100005a3a740000
22:35:10.596 [SyncThread:0] DEBUG org.apache.zookeeper.server.FinalRequestProcessor - sessionid:0x100005a3a740000 type:create2 cxid:0xd zxid:0x5 txntype:15 reqpath:/base/path/1
22:35:10.596 [main-SendThread(127.0.0.1:46559)] DEBUG org.apache.zookeeper.ClientCnxn - Got WatchedEvent state:SyncConnected type:NodeCreated path:/base/path/1 zxid: 5 for session id 0x100005a3a740000
22:35:10.597 [main-SendThread(127.0.0.1:46559)] DEBUG org.apache.zookeeper.ClientCnxn - Reading reply session id: 0x100005a3a740000, packet:: clientPath:null serverPath:null finished:false header:: 13,15  replyHeader:: 13,5,0  request:: '/base/path/1,#3132372e302e312e31,v{s{31,s{'world,'anyone}}},0  response:: '/base/path/1,s{5,5,1693755310589,1693755310589,0,0,0,0,9,0,5} 
22:35:10.599 [ProcessThread(sid:0 cport:46559):] DEBUG org.apache.zookeeper.server.SessionTrackerImpl - Checking session 0x100005a3a740000
22:35:10.599 [ProcessThread(sid:0 cport:46559):] DEBUG org.apache.zookeeper.server.PrepRequestProcessor - Processing ACL: 31,s{'world,'anyone}

22:35:10.599 [ProcessThread(sid:0 cport:46559):] DEBUG org.apache.zookeeper.server.ZooKeeperServer - Permission requested: 4 
22:35:10.599 [ProcessThread(sid:0 cport:46559):] DEBUG org.apache.zookeeper.server.ZooKeeperServer - ACLs for node: [31,s{'world,'anyone}
]
22:35:10.600 [ProcessThread(sid:0 cport:46559):] DEBUG org.apache.zookeeper.server.ZooKeeperServer - Client credentials: ['ip,'127.0.0.1
]
22:35:10.600 [ProcessThread(sid:0 cport:46559):] DEBUG org.apache.zookeeper.server.PrepRequestProcessor - Digest got from data tree is: 10769693087
22:35:10.600 [ProcessThread(sid:0 cport:46559):] DEBUG org.apache.zookeeper.server.PrepRequestProcessor - Digest got from outstandingChanges is: 12474230525
22:35:10.600 [ProcessThread(sid:0 cport:46559):] DEBUG org.apache.zookeeper.server.SessionTrackerImpl - Checking session 0x100005a3a740000
22:35:10.600 [ProcessThread(sid:0 cport:46559):] DEBUG org.apache.zookeeper.server.SessionTrackerImpl - Checking session 0x100005a3a740000
22:35:10.602 [SyncThread:0] DEBUG org.apache.zookeeper.server.FinalRequestProcessor - Processing request:: sessionid:0x100005a3a740000 type:create2 cxid:0xe zxid:0x6 txntype:15 reqpath:/base/path/2
22:35:10.602 [SyncThread:0] DEBUG org.apache.zookeeper.common.PathTrie - base
22:35:10.603 [SyncThread:0] DEBUG org.apache.zookeeper.server.DataTree - Digests are matching for Zxid: 6, Digest in log and actual tree: 14422333253
22:35:10.603 [SyncThread:0] DEBUG org.apache.zookeeper.server.FinalRequestProcessor - sessionid:0x100005a3a740000 type:create2 cxid:0xe zxid:0x6 txntype:15 reqpath:/base/path/2
22:35:10.603 [SyncThread:0] DEBUG org.apache.zookeeper.server.FinalRequestProcessor - Processing request:: sessionid:0x100005a3a740000 type:getChildren2 cxid:0xf zxid:0xfffffffffffffffe txntype:unknown reqpath:/base/path
22:35:10.603 [SyncThread:0] DEBUG org.apache.zookeeper.server.FinalRequestProcessor - sessionid:0x100005a3a740000 type:getChildren2 cxid:0xf zxid:0xfffffffffffffffe txntype:unknown reqpath:/base/path
22:35:10.603 [main-SendThread(127.0.0.1:46559)] DEBUG org.apache.zookeeper.ClientCnxn - Got notification session id: 0x100005a3a740000
22:35:10.603 [main-SendThread(127.0.0.1:46559)] DEBUG org.apache.zookeeper.ClientCnxn - Got WatchedEvent state:SyncConnected type:NodeCreated path:/base/path/2 zxid: 6 for session id 0x100005a3a740000
22:35:10.604 [SyncThread:0] DEBUG org.apache.zookeeper.server.ZooKeeperServer - Permission requested: 1 
22:35:10.604 [SyncThread:0] DEBUG org.apache.zookeeper.server.ZooKeeperServer - ACLs for node: [31,s{'world,'anyone}
]
22:35:10.604 [SyncThread:0] DEBUG org.apache.zookeeper.server.ZooKeeperServer - Client credentials: ['ip,'127.0.0.1
]
22:35:10.604 [main-SendThread(127.0.0.1:46559)] DEBUG org.apache.zookeeper.ClientCnxn - Reading reply session id: 0x100005a3a740000, packet:: clientPath:null serverPath:null finished:false header:: 14,15  replyHeader:: 14,6,0  request:: '/base/path/2,#3132372e302e312e31,v{s{31,s{'world,'anyone}}},0  response:: '/base/path/2,s{6,6,1693755310599,1693755310599,0,0,0,0,9,0,6} 
22:35:10.605 [SyncThread:0] DEBUG org.apache.zookeeper.server.FinalRequestProcessor - Processing request:: sessionid:0x100005a3a740000 type:getData cxid:0x10 zxid:0xfffffffffffffffe txntype:unknown reqpath:/base/path/1
22:35:10.605 [SyncThread:0] DEBUG org.apache.zookeeper.server.FinalRequestProcessor - sessionid:0x100005a3a740000 type:getData cxid:0x10 zxid:0xfffffffffffffffe txntype:unknown reqpath:/base/path/1
22:35:10.605 [SyncThread:0] DEBUG org.apache.zookeeper.server.ZooKeeperServer - Permission requested: 1 
22:35:10.605 [SyncThread:0] DEBUG org.apache.zookeeper.server.ZooKeeperServer - ACLs for node: [31,s{'world,'anyone}
]
22:35:10.605 [SyncThread:0] DEBUG org.apache.zookeeper.server.ZooKeeperServer - Client credentials: ['ip,'127.0.0.1
]
22:35:10.605 [ProcessThread(sid:0 cport:46559):] DEBUG org.apache.zookeeper.server.SessionTrackerImpl - Checking session 0x100005a3a740000
22:35:10.605 [SyncThread:0] DEBUG org.apache.zookeeper.server.FinalRequestProcessor - Processing request:: sessionid:0x100005a3a740000 type:getData cxid:0x11 zxid:0xfffffffffffffffe txntype:unknown reqpath:/base/path/2
22:35:10.606 [SyncThread:0] DEBUG org.apache.zookeeper.server.FinalRequestProcessor - sessionid:0x100005a3a740000 type:getData cxid:0x11 zxid:0xfffffffffffffffe txntype:unknown reqpath:/base/path/2
22:35:10.606 [ProcessThread(sid:0 cport:46559):] DEBUG org.apache.zookeeper.server.SessionTrackerImpl - Checking session 0x100005a3a740000
22:35:10.606 [SyncThread:0] DEBUG org.apache.zookeeper.server.ZooKeeperServer - Permission requested: 1 
22:35:10.605 [main-SendThread(127.0.0.1:46559)] DEBUG org.apache.zookeeper.ClientCnxn - Reading reply session id: 0x100005a3a740000, packet:: clientPath:/base/path serverPath:/base/path finished:false header:: 15,12  replyHeader:: 15,6,0  request:: '/base/path,F  response:: v{'1,'2},s{4,4,1693755310582,1693755310582,0,2,0,0,0,2,6} 
22:35:10.606 [SyncThread:0] DEBUG org.apache.zookeeper.server.ZooKeeperServer - ACLs for node: [31,s{'world,'anyone}
]
22:35:10.606 [SyncThread:0] DEBUG org.apache.zookeeper.server.ZooKeeperServer - Client credentials: ['ip,'127.0.0.1
]
22:35:10.606 [ProcessThread(sid:0 cport:46559):] DEBUG org.apache.zookeeper.server.PrepRequestProcessor - Processing ACL: 31,s{'world,'anyone}

22:35:10.607 [ProcessThread(sid:0 cport:46559):] DEBUG org.apache.zookeeper.server.ZooKeeperServer - Permission requested: 4 
22:35:10.606 [main-SendThread(127.0.0.1:46559)] DEBUG org.apache.zookeeper.ClientCnxn - Reading reply session id: 0x100005a3a740000, packet:: clientPath:/base/path/1 serverPath:/base/path/1 finished:false header:: 16,4  replyHeader:: 16,6,0  request:: '/base/path/1,F  response:: #3132372e302e312e31,s{5,5,1693755310589,1693755310589,0,0,0,0,9,0,5} 
22:35:10.607 [ProcessThread(sid:0 cport:46559):] DEBUG org.apache.zookeeper.server.ZooKeeperServer - ACLs for node: [31,s{'world,'anyone}
]
22:35:10.607 [ProcessThread(sid:0 cport:46559):] DEBUG org.apache.zookeeper.server.ZooKeeperServer - Client credentials: ['ip,'127.0.0.1
]
22:35:10.607 [ProcessThread(sid:0 cport:46559):] DEBUG org.apache.zookeeper.server.PrepRequestProcessor - Digest got from data tree is: 14422333253
22:35:10.608 [ProcessThread(sid:0 cport:46559):] DEBUG org.apache.zookeeper.server.PrepRequestProcessor - Digest got from outstandingChanges is: 14405338859
22:35:10.607 [main-SendThread(127.0.0.1:46559)] DEBUG org.apache.zookeeper.ClientCnxn - Reading reply session id: 0x100005a3a740000, packet:: clientPath:/base/path/2 serverPath:/base/path/2 finished:false header:: 17,4  replyHeader:: 17,6,0  request:: '/base/path/2,F  response:: #3132372e302e312e31,s{6,6,1693755310599,1693755310599,0,0,0,0,9,0,6} 
22:35:10.609 [ProcessThread(sid:0 cport:46559):] DEBUG org.apache.zookeeper.server.SessionTrackerImpl - Checking session 0x100005a3a740000
22:35:10.611 [ProcessThread(sid:0 cport:46559):] DEBUG org.apache.zookeeper.server.SessionTrackerImpl - Checking session 0x100005a3a740000
22:35:10.611 [SyncThread:0] DEBUG org.apache.zookeeper.server.FinalRequestProcessor - Processing request:: sessionid:0x100005a3a740000 type:create2 cxid:0x12 zxid:0x7 txntype:15 reqpath:/base/path/1/a
22:35:10.612 [SyncThread:0] DEBUG org.apache.zookeeper.common.PathTrie - base
22:35:10.612 [ProcessThread(sid:0 cport:46559):] DEBUG org.apache.zookeeper.server.SessionTrackerImpl - Checking session 0x100005a3a740000
22:35:10.612 [SyncThread:0] DEBUG org.apache.zookeeper.server.DataTree - Digests are matching for Zxid: 7, Digest in log and actual tree: 17125954513
22:35:10.612 [ProcessThread(sid:0 cport:46559):] DEBUG org.apache.zookeeper.server.SessionTrackerImpl - Checking session 0x100005a3a740000
22:35:10.613 [SyncThread:0] DEBUG org.apache.zookeeper.server.FinalRequestProcessor - sessionid:0x100005a3a740000 type:create2 cxid:0x12 zxid:0x7 txntype:15 reqpath:/base/path/1/a
22:35:10.613 [main-SendThread(127.0.0.1:46559)] DEBUG org.apache.zookeeper.ClientCnxn - Got notification session id: 0x100005a3a740000
22:35:10.613 [main-SendThread(127.0.0.1:46559)] DEBUG org.apache.zookeeper.ClientCnxn - Got WatchedEvent state:SyncConnected type:NodeCreated path:/base/path/1/a zxid: 7 for session id 0x100005a3a740000
22:35:10.613 [SyncThread:0] DEBUG org.apache.zookeeper.server.FinalRequestProcessor - Processing request:: sessionid:0x100005a3a740000 type:getData cxid:0x13 zxid:0xfffffffffffffffe txntype:unknown reqpath:/base/path/1
22:35:10.613 [SyncThread:0] DEBUG org.apache.zookeeper.server.FinalRequestProcessor - sessionid:0x100005a3a740000 type:getData cxid:0x13 zxid:0xfffffffffffffffe txntype:unknown reqpath:/base/path/1
22:35:10.613 [SyncThread:0] DEBUG org.apache.zookeeper.server.ZooKeeperServer - Permission requested: 1 
22:35:10.613 [SyncThread:0] DEBUG org.apache.zookeeper.server.ZooKeeperServer - ACLs for node: [31,s{'world,'anyone}
]
22:35:10.613 [SyncThread:0] DEBUG org.apache.zookeeper.server.ZooKeeperServer - Client credentials: ['ip,'127.0.0.1
]
22:35:10.614 [SyncThread:0] DEBUG org.apache.zookeeper.server.FinalRequestProcessor - Processing request:: sessionid:0x100005a3a740000 type:getData cxid:0x14 zxid:0xfffffffffffffffe txntype:unknown reqpath:/base/path/2
22:35:10.614 [SyncThread:0] DEBUG org.apache.zookeeper.server.FinalRequestProcessor - sessionid:0x100005a3a740000 type:getData cxid:0x14 zxid:0xfffffffffffffffe txntype:unknown reqpath:/base/path/2
22:35:10.613 [main-SendThread(127.0.0.1:46559)] DEBUG org.apache.zookeeper.ClientCnxn - Reading reply session id: 0x100005a3a740000, packet:: clientPath:null serverPath:null finished:false header:: 18,15  replyHeader:: 18,7,0  request:: '/base/path/1/a,#3132372e302e312e31,v{s{31,s{'world,'anyone}}},0  response:: '/base/path/1/a,s{7,7,1693755310606,1693755310606,0,0,0,0,9,0,7} 
22:35:10.614 [SyncThread:0] DEBUG org.apache.zookeeper.server.ZooKeeperServer - Permission requested: 1 
22:35:10.614 [SyncThread:0] DEBUG org.apache.zookeeper.server.ZooKeeperServer - ACLs for node: [31,s{'world,'anyone}
]
22:35:10.615 [SyncThread:0] DEBUG org.apache.zookeeper.server.ZooKeeperServer - Client credentials: ['ip,'127.0.0.1
]
22:35:10.615 [SyncThread:0] DEBUG org.apache.zookeeper.server.FinalRequestProcessor - Processing request:: sessionid:0x100005a3a740000 type:getChildren2 cxid:0x15 zxid:0xfffffffffffffffe txntype:unknown reqpath:/base/path/1
22:35:10.615 [SyncThread:0] DEBUG org.apache.zookeeper.server.FinalRequestProcessor - sessionid:0x100005a3a740000 type:getChildren2 cxid:0x15 zxid:0xfffffffffffffffe txntype:unknown reqpath:/base/path/1
22:35:10.615 [ProcessThread(sid:0 cport:46559):] DEBUG org.apache.zookeeper.server.SessionTrackerImpl - Checking session 0x100005a3a740000
22:35:10.615 [ProcessThread(sid:0 cport:46559):] DEBUG org.apache.zookeeper.server.SessionTrackerImpl - Checking session 0x100005a3a740000
22:35:10.616 [ProcessThread(sid:0 cport:46559):] DEBUG org.apache.zookeeper.server.PrepRequestProcessor - Processing ACL: 31,s{'world,'anyone}

22:35:10.615 [SyncThread:0] DEBUG org.apache.zookeeper.server.ZooKeeperServer - Permission requested: 1 
22:35:10.615 [main-SendThread(127.0.0.1:46559)] DEBUG org.apache.zookeeper.ClientCnxn - Reading reply session id: 0x100005a3a740000, packet:: clientPath:/base/path/1 serverPath:/base/path/1 finished:false header:: 19,4  replyHeader:: 19,7,0  request:: '/base/path/1,F  response:: #3132372e302e312e31,s{5,5,1693755310589,1693755310589,0,1,0,0,9,1,7} 
22:35:10.616 [ProcessThread(sid:0 cport:46559):] DEBUG org.apache.zookeeper.server.ZooKeeperServer - Permission requested: 4 
22:35:10.616 [SyncThread:0] DEBUG org.apache.zookeeper.server.ZooKeeperServer - ACLs for node: [31,s{'world,'anyone}
]
22:35:10.616 [ProcessThread(sid:0 cport:46559):] DEBUG org.apache.zookeeper.server.ZooKeeperServer - ACLs for node: [31,s{'world,'anyone}
]
22:35:10.616 [SyncThread:0] DEBUG org.apache.zookeeper.server.ZooKeeperServer - Client credentials: ['ip,'127.0.0.1
]
22:35:10.617 [SyncThread:0] DEBUG org.apache.zookeeper.server.FinalRequestProcessor - Processing request:: sessionid:0x100005a3a740000 type:getChildren2 cxid:0x16 zxid:0xfffffffffffffffe txntype:unknown reqpath:/base/path/2
22:35:10.617 [ProcessThread(sid:0 cport:46559):] DEBUG org.apache.zookeeper.server.ZooKeeperServer - Client credentials: ['ip,'127.0.0.1
]
22:35:10.617 [SyncThread:0] DEBUG org.apache.zookeeper.server.FinalRequestProcessor - sessionid:0x100005a3a740000 type:getChildren2 cxid:0x16 zxid:0xfffffffffffffffe txntype:unknown reqpath:/base/path/2
22:35:10.618 [ProcessThread(sid:0 cport:46559):] DEBUG org.apache.zookeeper.server.PrepRequestProcessor - Digest got from data tree is: 17125954513
22:35:10.618 [SyncThread:0] DEBUG org.apache.zookeeper.server.ZooKeeperServer - Permission requested: 1 
22:35:10.618 [ProcessThread(sid:0 cport:46559):] DEBUG org.apache.zookeeper.server.PrepRequestProcessor - Digest got from outstandingChanges is: 18431565308
22:35:10.617 [main-SendThread(127.0.0.1:46559)] DEBUG org.apache.zookeeper.ClientCnxn - Reading reply session id: 0x100005a3a740000, packet:: clientPath:/base/path/2 serverPath:/base/path/2 finished:false header:: 20,4  replyHeader:: 20,7,0  request:: '/base/path/2,F  response:: #3132372e302e312e31,s{6,6,1693755310599,1693755310599,0,0,0,0,9,0,6} 
22:35:10.618 [ProcessThread(sid:0 cport:46559):] DEBUG org.apache.zookeeper.server.SessionTrackerImpl - Checking session 0x100005a3a740000
22:35:10.618 [SyncThread:0] DEBUG org.apache.zookeeper.server.ZooKeeperServer - ACLs for node: [31,s{'world,'anyone}
]
22:35:10.618 [SyncThread:0] DEBUG org.apache.zookeeper.server.ZooKeeperServer - Client credentials: ['ip,'127.0.0.1
]
22:35:10.619 [SyncThread:0] DEBUG org.apache.zookeeper.server.FinalRequestProcessor - Processing request:: sessionid:0x100005a3a740000 type:getData cxid:0x17 zxid:0xfffffffffffffffe txntype:unknown reqpath:/base/path/1/a
22:35:10.619 [SyncThread:0] DEBUG org.apache.zookeeper.server.FinalRequestProcessor - sessionid:0x100005a3a740000 type:getData cxid:0x17 zxid:0xfffffffffffffffe txntype:unknown reqpath:/base/path/1/a
22:35:10.619 [SyncThread:0] DEBUG org.apache.zookeeper.server.ZooKeeperServer - Permission requested: 1 
22:35:10.619 [SyncThread:0] DEBUG org.apache.zookeeper.server.ZooKeeperServer - ACLs for node: [31,s{'world,'anyone}
]
22:35:10.618 [main-SendThread(127.0.0.1:46559)] DEBUG org.apache.zookeeper.ClientCnxn - Reading reply session id: 0x100005a3a740000, packet:: clientPath:/base/path/1 serverPath:/base/path/1 finished:false header:: 21,12  replyHeader:: 21,7,0  request:: '/base/path/1,F  response:: v{'a},s{5,5,1693755310589,1693755310589,0,1,0,0,9,1,7} 
22:35:10.619 [SyncThread:0] DEBUG org.apache.zookeeper.server.ZooKeeperServer - Client credentials: ['ip,'127.0.0.1
]
22:35:10.619 [main-SendThread(127.0.0.1:46559)] DEBUG org.apache.zookeeper.ClientCnxn - Reading reply session id: 0x100005a3a740000, packet:: clientPath:/base/path/2 serverPath:/base/path/2 finished:false header:: 22,12  replyHeader:: 22,7,0  request:: '/base/path/2,F  response:: v{},s{6,6,1693755310599,1693755310599,0,0,0,0,9,0,6} 
22:35:10.621 [ProcessThread(sid:0 cport:46559):] DEBUG org.apache.zookeeper.server.SessionTrackerImpl - Checking session 0x100005a3a740000
22:35:10.620 [main-SendThread(127.0.0.1:46559)] DEBUG org.apache.zookeeper.ClientCnxn - Reading reply session id: 0x100005a3a740000, packet:: clientPath:/base/path/1/a serverPath:/base/path/1/a finished:false header:: 23,4  replyHeader:: 23,7,0  request:: '/base/path/1/a,F  response:: #3132372e302e312e31,s{7,7,1693755310606,1693755310606,0,0,0,0,9,0,7} 
22:35:10.621 [SyncThread:0] DEBUG org.apache.zookeeper.server.FinalRequestProcessor - Processing request:: sessionid:0x100005a3a740000 type:create2 cxid:0x18 zxid:0x8 txntype:15 reqpath:/base/path/2/a
22:35:10.622 [SyncThread:0] DEBUG org.apache.zookeeper.common.PathTrie - base
22:35:10.622 [SyncThread:0] DEBUG org.apache.zookeeper.server.DataTree - Digests are matching for Zxid: 8, Digest in log and actual tree: 22637759724
22:35:10.622 [SyncThread:0] DEBUG org.apache.zookeeper.server.FinalRequestProcessor - sessionid:0x100005a3a740000 type:create2 cxid:0x18 zxid:0x8 txntype:15 reqpath:/base/path/2/a
22:35:10.622 [ProcessThread(sid:0 cport:46559):] DEBUG org.apache.zookeeper.server.SessionTrackerImpl - Checking session 0x100005a3a740000
22:35:10.622 [SyncThread:0] DEBUG org.apache.zookeeper.server.FinalRequestProcessor - Processing request:: sessionid:0x100005a3a740000 type:getChildren2 cxid:0x19 zxid:0xfffffffffffffffe txntype:unknown reqpath:/base/path/1
22:35:10.622 [SyncThread:0] DEBUG org.apache.zookeeper.server.FinalRequestProcessor - sessionid:0x100005a3a740000 type:getChildren2 cxid:0x19 zxid:0xfffffffffffffffe txntype:unknown reqpath:/base/path/1
22:35:10.622 [main-SendThread(127.0.0.1:46559)] DEBUG org.apache.zookeeper.ClientCnxn - Got notification session id: 0x100005a3a740000
22:35:10.623 [SyncThread:0] DEBUG org.apache.zookeeper.server.ZooKeeperServer - Permission requested: 1 
22:35:10.623 [main-SendThread(127.0.0.1:46559)] DEBUG org.apache.zookeeper.ClientCnxn - Got WatchedEvent state:SyncConnected type:NodeCreated path:/base/path/2/a zxid: 8 for session id 0x100005a3a740000
22:35:10.623 [SyncThread:0] DEBUG org.apache.zookeeper.server.ZooKeeperServer - ACLs for node: [31,s{'world,'anyone}
]
22:35:10.623 [SyncThread:0] DEBUG org.apache.zookeeper.server.ZooKeeperServer - Client credentials: ['ip,'127.0.0.1
]
22:35:10.624 [SyncThread:0] DEBUG org.apache.zookeeper.server.FinalRequestProcessor - Processing request:: sessionid:0x100005a3a740000 type:getData cxid:0x1a zxid:0xfffffffffffffffe txntype:unknown reqpath:/base/path/1/a
22:35:10.623 [main-SendThread(127.0.0.1:46559)] DEBUG org.apache.zookeeper.ClientCnxn - Reading reply session id: 0x100005a3a740000, packet:: clientPath:null serverPath:null finished:false header:: 24,15  replyHeader:: 24,8,0  request:: '/base/path/2/a,#3132372e302e312e31,v{s{31,s{'world,'anyone}}},0  response:: '/base/path/2/a,s{8,8,1693755310615,1693755310615,0,0,0,0,9,0,8} 
22:35:10.624 [SyncThread:0] DEBUG org.apache.zookeeper.server.FinalRequestProcessor - sessionid:0x100005a3a740000 type:getData cxid:0x1a zxid:0xfffffffffffffffe txntype:unknown reqpath:/base/path/1/a
22:35:10.625 [SyncThread:0] DEBUG org.apache.zookeeper.server.ZooKeeperServer - Permission requested: 1 
22:35:10.625 [SyncThread:0] DEBUG org.apache.zookeeper.server.ZooKeeperServer - ACLs for node: [31,s{'world,'anyone}
]
22:35:10.625 [ProcessThread(sid:0 cport:46559):] DEBUG org.apache.zookeeper.server.SessionTrackerImpl - Checking session 0x100005a3a740000
22:35:10.625 [SyncThread:0] DEBUG org.apache.zookeeper.server.ZooKeeperServer - Client credentials: ['ip,'127.0.0.1
]
22:35:10.624 [main-SendThread(127.0.0.1:46559)] DEBUG org.apache.zookeeper.ClientCnxn - Reading reply session id: 0x100005a3a740000, packet:: clientPath:/base/path/1 serverPath:/base/path/1 finished:false header:: 25,12  replyHeader:: 25,8,0  request:: '/base/path/1,F  response:: v{'a},s{5,5,1693755310589,1693755310589,0,1,0,0,9,1,7} 
22:35:10.626 [SyncThread:0] DEBUG org.apache.zookeeper.server.FinalRequestProcessor - Processing request:: sessionid:0x100005a3a740000 type:getChildren2 cxid:0x1b zxid:0xfffffffffffffffe txntype:unknown reqpath:/base/path/1/a
22:35:10.626 [SyncThread:0] DEBUG org.apache.zookeeper.server.FinalRequestProcessor - sessionid:0x100005a3a740000 type:getChildren2 cxid:0x1b zxid:0xfffffffffffffffe txntype:unknown reqpath:/base/path/1/a
22:35:10.626 [SyncThread:0] DEBUG org.apache.zookeeper.server.ZooKeeperServer - Permission requested: 1 
22:35:10.626 [SyncThread:0] DEBUG org.apache.zookeeper.server.ZooKeeperServer - ACLs for node: [31,s{'world,'anyone}
]
22:35:10.626 [SyncThread:0] DEBUG org.apache.zookeeper.server.ZooKeeperServer - Client credentials: ['ip,'127.0.0.1
]
22:35:10.627 [SyncThread:0] DEBUG org.apache.zookeeper.server.FinalRequestProcessor - Processing request:: sessionid:0x100005a3a740000 type:getData cxid:0x1c zxid:0xfffffffffffffffe txntype:unknown reqpath:/base/path/2/a
22:35:10.627 [main-SendThread(127.0.0.1:46559)] DEBUG org.apache.zookeeper.ClientCnxn - Reading reply session id: 0x100005a3a740000, packet:: clientPath:/base/path/1/a serverPath:/base/path/1/a finished:false header:: 26,4  replyHeader:: 26,8,0  request:: '/base/path/1/a,F  response:: #3132372e302e312e31,s{7,7,1693755310606,1693755310606,0,0,0,0,9,0,7} 
22:35:10.627 [ProcessThread(sid:0 cport:46559):] DEBUG org.apache.zookeeper.server.SessionTrackerImpl - Checking session 0x100005a3a740000
22:35:10.627 [SyncThread:0] DEBUG org.apache.zookeeper.server.FinalRequestProcessor - sessionid:0x100005a3a740000 type:getData cxid:0x1c zxid:0xfffffffffffffffe txntype:unknown reqpath:/base/path/2/a
22:35:10.627 [SyncThread:0] DEBUG org.apache.zookeeper.server.ZooKeeperServer - Permission requested: 1 
22:35:10.627 [SyncThread:0] DEBUG org.apache.zookeeper.server.ZooKeeperServer - ACLs for node: [31,s{'world,'anyone}
]
22:35:10.627 [SyncThread:0] DEBUG org.apache.zookeeper.server.ZooKeeperServer - Client credentials: ['ip,'127.0.0.1
]
22:35:10.627 [main-SendThread(127.0.0.1:46559)] DEBUG org.apache.zookeeper.ClientCnxn - Reading reply session id: 0x100005a3a740000, packet:: clientPath:/base/path/1/a serverPath:/base/path/1/a finished:false header:: 27,12  replyHeader:: 27,8,0  request:: '/base/path/1/a,F  response:: v{},s{7,7,1693755310606,1693755310606,0,0,0,0,9,0,7} 
22:35:10.628 [SyncThread:0] DEBUG org.apache.zookeeper.server.FinalRequestProcessor - Processing request:: sessionid:0x100005a3a740000 type:getData cxid:0x1d zxid:0xfffffffffffffffe txntype:unknown reqpath:/base/path/1/a
22:35:10.628 [SyncThread:0] DEBUG org.apache.zookeeper.server.FinalRequestProcessor - sessionid:0x100005a3a740000 type:getData cxid:0x1d zxid:0xfffffffffffffffe txntype:unknown reqpath:/base/path/1/a
22:35:10.628 [SyncThread:0] DEBUG org.apache.zookeeper.server.ZooKeeperServer - Permission requested: 1 
22:35:10.628 [SyncThread:0] DEBUG org.apache.zookeeper.server.ZooKeeperServer - ACLs for node: [31,s{'world,'anyone}
]
22:35:10.628 [SyncThread:0] DEBUG org.apache.zookeeper.server.ZooKeeperServer - Client credentials: ['ip,'127.0.0.1
]
22:35:10.629 [main-SendThread(127.0.0.1:46559)] DEBUG org.apache.zookeeper.ClientCnxn - Reading reply session id: 0x100005a3a740000, packet:: clientPath:/base/path/2/a serverPath:/base/path/2/a finished:false header:: 28,4  replyHeader:: 28,8,0  request:: '/base/path/2/a,F  response:: #3132372e302e312e31,s{8,8,1693755310615,1693755310615,0,0,0,0,9,0,8} 
22:35:10.631 [main-SendThread(127.0.0.1:46559)] DEBUG org.apache.zookeeper.ClientCnxn - Reading reply session id: 0x100005a3a740000, packet:: clientPath:/base/path/1/a serverPath:/base/path/1/a finished:false header:: 29,4  replyHeader:: 29,8,0  request:: '/base/path/1/a,F  response:: #3132372e302e312e31,s{7,7,1693755310606,1693755310606,0,0,0,0,9,0,7} 
22:35:10.633 [main] DEBUG org.apache.curator.framework.imps.CuratorFrameworkImpl - Closing
22:35:10.633 [ProcessThread(sid:0 cport:46559):] DEBUG org.apache.zookeeper.server.SessionTrackerImpl - Checking session 0x100005a3a740000
22:35:10.633 [ProcessThread(sid:0 cport:46559):] DEBUG org.apache.zookeeper.server.SessionTrackerImpl - Checking session 0x100005a3a740000
22:35:10.633 [SyncThread:0] DEBUG org.apache.zookeeper.server.FinalRequestProcessor - Processing request:: sessionid:0x100005a3a740000 type:getChildren2 cxid:0x1e zxid:0xfffffffffffffffe txntype:unknown reqpath:/base/path/2/a
22:35:10.634 [SyncThread:0] DEBUG org.apache.zookeeper.server.FinalRequestProcessor - sessionid:0x100005a3a740000 type:getChildren2 cxid:0x1e zxid:0xfffffffffffffffe txntype:unknown reqpath:/base/path/2/a
22:35:10.634 [SyncThread:0] DEBUG org.apache.zookeeper.server.ZooKeeperServer - Permission requested: 1 
22:35:10.634 [Curator-Framework-0] INFO org.apache.curator.framework.imps.CuratorFrameworkImpl - backgroundOperationsLoop exiting
22:35:10.634 [SyncThread:0] DEBUG org.apache.zookeeper.server.ZooKeeperServer - ACLs for node: [31,s{'world,'anyone}
]
22:35:10.634 [SyncThread:0] DEBUG org.apache.zookeeper.server.ZooKeeperServer - Client credentials: ['ip,'127.0.0.1
]
22:35:10.635 [SyncThread:0] DEBUG org.apache.zookeeper.server.FinalRequestProcessor - Processing request:: sessionid:0x100005a3a740000 type:checkWatches cxid:0x1f zxid:0xfffffffffffffffe txntype:unknown reqpath:/base/path
22:35:10.635 [SyncThread:0] DEBUG org.apache.zookeeper.server.FinalRequestProcessor - sessionid:0x100005a3a740000 type:checkWatches cxid:0x1f zxid:0xfffffffffffffffe txntype:unknown reqpath:/base/path
22:35:10.635 [main-SendThread(127.0.0.1:46559)] DEBUG org.apache.zookeeper.ClientCnxn - Reading reply session id: 0x100005a3a740000, packet:: clientPath:/base/path/2/a serverPath:/base/path/2/a finished:false header:: 30,12  replyHeader:: 30,8,0  request:: '/base/path/2/a,F  response:: v{},s{8,8,1693755310615,1693755310615,0,0,0,0,9,0,8} 
22:35:10.637 [main-SendThread(127.0.0.1:46559)] DEBUG org.apache.zookeeper.ClientCnxn - Reading reply session id: 0x100005a3a740000, packet:: clientPath:/base/path serverPath:/base/path finished:false header:: 31,17  replyHeader:: 31,8,0  request:: '/base/path,3  response:: null
22:35:10.637 [main] DEBUG org.apache.curator.framework.imps.WatcherRemovalManager - Removing watcher for path: /zookeeper/config
22:35:10.638 [main] DEBUG org.apache.curator.CuratorZookeeperClient - Closing, waitForShutdownTimeoutMs 0
22:35:10.638 [main] DEBUG org.apache.curator.ConnectionState - Closing
22:35:10.638 [ProcessThread(sid:0 cport:46559):] DEBUG org.apache.zookeeper.server.SessionTrackerImpl - Checking session 0x100005a3a740000
22:35:10.638 [SyncThread:0] DEBUG org.apache.zookeeper.server.FinalRequestProcessor - Processing request:: sessionid:0x100005a3a740000 type:checkWatches cxid:0x20 zxid:0xfffffffffffffffe txntype:unknown reqpath:/zookeeper/config
22:35:10.639 [SyncThread:0] DEBUG org.apache.zookeeper.server.FinalRequestProcessor - sessionid:0x100005a3a740000 type:checkWatches cxid:0x20 zxid:0xfffffffffffffffe txntype:unknown reqpath:/zookeeper/config
22:35:10.640 [main] DEBUG org.apache.zookeeper.ZooKeeper - Closing session: 0x100005a3a740000
22:35:10.639 [main-SendThread(127.0.0.1:46559)] DEBUG org.apache.zookeeper.ClientCnxn - Reading reply session id: 0x100005a3a740000, packet:: clientPath:/zookeeper/config serverPath:/zookeeper/config finished:false header:: 32,17  replyHeader:: 32,8,0  request:: '/zookeeper/config,3  response:: null
22:35:10.640 [main] DEBUG org.apache.zookeeper.ClientCnxn - Closing client for session: 0x100005a3a740000
22:35:10.641 [ProcessThread(sid:0 cport:46559):] DEBUG org.apache.zookeeper.server.PrepRequestProcessor - Digest got from data tree is: 22637759724
22:35:10.644 [SyncThread:0] DEBUG org.apache.zookeeper.server.FinalRequestProcessor - Processing request:: sessionid:0x100005a3a740000 type:closeSession cxid:0x21 zxid:0x9 txntype:-11 reqpath:n/a
22:35:10.644 [SyncThread:0] DEBUG org.apache.zookeeper.server.SessionTrackerImpl - Removing session 0x100005a3a740000
22:35:10.644 [SyncThread:0] DEBUG org.apache.zookeeper.server.DataTree - Digests are matching for Zxid: 9, Digest in log and actual tree: 22637759724
22:35:10.644 [SyncThread:0] DEBUG org.apache.zookeeper.server.FinalRequestProcessor - sessionid:0x100005a3a740000 type:closeSession cxid:0x21 zxid:0x9 txntype:-11 reqpath:n/a
22:35:10.645 [main-SendThread(127.0.0.1:46559)] DEBUG org.apache.zookeeper.ClientCnxn - Reading reply session id: 0x100005a3a740000, packet:: clientPath:null serverPath:null finished:false header:: 33,-11  replyHeader:: 33,9,0  request:: null response:: null
22:35:10.645 [NIOWorkerThread-3] DEBUG org.apache.zookeeper.server.NIOServerCnxn - Closed socket connection for client /127.0.0.1:58170 which had sessionid 0x100005a3a740000
22:35:10.646 [main] DEBUG org.apache.zookeeper.ClientCnxn - Disconnecting client for session: 0x100005a3a740000
22:35:10.648 [main-SendThread(127.0.0.1:46559)] DEBUG org.apache.zookeeper.ClientCnxn - An exception was thrown while closing send thread for session 0x100005a3a740000.
org.apache.zookeeper.ClientCnxn$EndOfStreamException: Unable to read additional data from server sessionid 0x100005a3a740000, likely server has closed socket
	at org.apache.zookeeper.ClientCnxnSocketNIO.doIO(ClientCnxnSocketNIO.java:77)
	at org.apache.zookeeper.ClientCnxnSocketNIO.doTransport(ClientCnxnSocketNIO.java:350)
	at org.apache.zookeeper.ClientCnxn$SendThread.run(ClientCnxn.java:1276)
22:35:10.750 [main] INFO org.apache.zookeeper.ZooKeeper - Session: 0x100005a3a740000 closed
22:35:10.750 [main-EventThread] INFO org.apache.zookeeper.ClientCnxn - EventThread shut down for session: 0x100005a3a740000
22:35:10.751 [ConnnectionExpirer] INFO org.apache.zookeeper.server.NIOServerCnxnFactory - ConnnectionExpirerThread interrupted
22:35:10.752 [NIOServerCxnFactory.SelectorThread-0] INFO org.apache.zookeeper.server.NIOServerCnxnFactory - selector thread exitted run method
22:35:10.753 [NIOServerCxnFactory.AcceptThread:0.0.0.0/0.0.0.0:46559] INFO org.apache.zookeeper.server.NIOServerCnxnFactory - accept thread exitted run method
22:35:10.753 [NIOServerCxnFactory.SelectorThread-1] INFO org.apache.zookeeper.server.NIOServerCnxnFactory - selector thread exitted run method
22:35:10.753 [Thread-1] INFO org.apache.zookeeper.server.ZooKeeperServer - shutting down
22:35:10.753 [Thread-1] INFO org.apache.zookeeper.server.RequestThrottler - Shutting down
22:35:10.754 [RequestThrottler] INFO org.apache.zookeeper.server.RequestThrottler - Draining request throttler queue
22:35:10.754 [RequestThrottler] INFO org.apache.zookeeper.server.RequestThrottler - RequestThrottler shutdown. Dropped 0 requests
22:35:10.754 [Thread-1] INFO org.apache.zookeeper.server.SessionTrackerImpl - Shutting down
22:35:10.754 [Thread-1] INFO org.apache.zookeeper.server.PrepRequestProcessor - Shutting down
22:35:10.754 [Thread-1] INFO org.apache.zookeeper.server.SyncRequestProcessor - Shutting down
22:35:10.754 [ProcessThread(sid:0 cport:46559):] INFO org.apache.zookeeper.server.PrepRequestProcessor - PrepRequestProcessor exited loop!
22:35:10.755 [SyncThread:0] INFO org.apache.zookeeper.server.SyncRequestProcessor - SyncRequestProcessor exited!
22:35:10.755 [Thread-1] INFO org.apache.zookeeper.server.FinalRequestProcessor - shutdown of request processor complete
22:35:10.756 [Thread-1] DEBUG org.apache.zookeeper.server.persistence.FileTxnLog - Created new input stream: /tmp/1693755310153-0/version-2/log.1
22:35:10.757 [Thread-1] DEBUG org.apache.zookeeper.server.persistence.FileTxnLog - Created new input archive: /tmp/1693755310153-0/version-2/log.1
22:35:10.759 [Thread-1] DEBUG org.apache.zookeeper.server.persistence.FileTxnLog - EOF exception
java.io.EOFException: Failed to read /tmp/1693755310153-0/version-2/log.1
	at org.apache.zookeeper.server.persistence.FileTxnLog$FileTxnIterator.next(FileTxnLog.java:771)
	at org.apache.zookeeper.server.persistence.FileTxnLog$FileTxnIterator.<init>(FileTxnLog.java:650)
	at org.apache.zookeeper.server.persistence.FileTxnLog.read(FileTxnLog.java:466)
	at org.apache.zookeeper.server.persistence.FileTxnLog.read(FileTxnLog.java:453)
	at org.apache.zookeeper.server.persistence.FileTxnSnapLog.fastForwardFromEdits(FileTxnSnapLog.java:330)
	at org.apache.zookeeper.server.ZKDatabase.fastForwardDataBase(ZKDatabase.java:303)
	at org.apache.zookeeper.server.ZooKeeperServer.shutdown(ZooKeeperServer.java:980)
	at org.apache.zookeeper.server.ZooKeeperServer.shutdown(ZooKeeperServer.java:928)
	at org.apache.curator.test.TestingZooKeeperMain.internalRunFromConfig(TestingZooKeeperMain.java:258)
	at org.apache.curator.test.TestingZooKeeperMain.runFromConfig(TestingZooKeeperMain.java:132)
	at org.apache.curator.test.TestingZooKeeperServer$1.run(TestingZooKeeperServer.java:158)
	at java.base/java.lang.Thread.run(Thread.java:833)
22:35:10.760 [main] DEBUG org.apache.zookeeper.server.ZooKeeperServer - ZooKeeper server is not running, so not proceeding to shutdown!
22:35:10.760 [main] DEBUG org.apache.zookeeper.server.ZooKeeperServer - ZooKeeper server is not running, so not proceeding to shutdown!
22:35:10.780 [main] ERROR org.wasabi.logger.WasabiListener5 - [wasabi] testBasicUsageOfApisAndRecipes() is finished
22:35:10.781 [main] ERROR org.wasabi.logger.WasabiListener5 - [WASABIEND]
]]></system-out>
  </testcase>
  <testcase name="testBasicUsageOfApisAndRecipesInCluster" classname="org.apache.zookeeper.compatibility.TestApacheCuratorCompatibility" time="0.654">
    <system-out><![CDATA[22:35:10.787 [main] ERROR org.wasabi.logger.WasabiListener5 - [WASABISTART]
22:35:10.787 [main] ERROR org.wasabi.logger.WasabiListener5 - [wasabi] testBasicUsageOfApisAndRecipesInCluster() is started
22:35:10.824 [Thread-3] INFO org.apache.zookeeper.server.quorum.QuorumPeerConfig - clientPortAddress is 0.0.0.0:37453
22:35:10.824 [Thread-3] INFO org.apache.zookeeper.server.quorum.QuorumPeerConfig - secureClientPort is not set
22:35:10.824 [Thread-3] INFO org.apache.zookeeper.server.quorum.QuorumPeerConfig - observerMasterPort is not set
22:35:10.824 [Thread-3] INFO org.apache.zookeeper.server.quorum.QuorumPeerConfig - metricsProvider.className is org.apache.zookeeper.metrics.impl.DefaultMetricsProvider
22:35:10.831 [Thread-3] INFO org.apache.zookeeper.jmx.ManagedUtil - Log4j 1.2 jmx support is disabled by property.
22:35:10.831 [Thread-3] INFO org.apache.zookeeper.server.quorum.QuorumPeerMain - Starting quorum peer, myid=1
22:35:10.832 [Thread-3] INFO org.apache.zookeeper.server.ServerMetrics - ServerMetrics initialized with provider org.apache.zookeeper.metrics.impl.DefaultMetricsProvider@215b0b38
22:35:10.836 [Thread-3] INFO org.apache.zookeeper.server.auth.DigestAuthenticationProvider - ACL digest algorithm is: SHA1
22:35:10.837 [Thread-3] INFO org.apache.zookeeper.server.auth.DigestAuthenticationProvider - zookeeper.DigestAuthenticationProvider.enabled = true
22:35:10.837 [Thread-3] INFO org.apache.zookeeper.server.ServerCnxnFactory - Using org.apache.zookeeper.server.NIOServerCnxnFactory as server connection factory
22:35:10.837 [Thread-3] WARN org.apache.zookeeper.server.ServerCnxnFactory - maxCnxns is not configured, using default value 0.
22:35:10.837 [Thread-3] INFO org.apache.zookeeper.server.NIOServerCnxnFactory - Configuring NIO connection handler with 10s sessionless connection timeout, 2 selector thread(s), 16 worker threads, and 64 kB direct buffers.
22:35:10.838 [Thread-3] INFO org.apache.zookeeper.server.NIOServerCnxnFactory - binding to port /127.0.0.1:37453
22:35:10.842 [Thread-3] INFO org.apache.zookeeper.server.quorum.QuorumPeer - zookeeper.quorumCnxnTimeoutMs=-1
22:35:10.845 [Thread-3] WARN org.apache.zookeeper.server.admin.AdminServerFactory - Unable to load jetty, not starting JettyAdminServer
java.lang.NoClassDefFoundError: org/eclipse/jetty/server/HttpConfiguration$Customizer
	at java.base/java.lang.Class.forName0(Native Method)
	at java.base/java.lang.Class.forName(Class.java:375)
	at org.apache.zookeeper.server.admin.AdminServerFactory.createAdminServer(AdminServerFactory.java:43)
	at org.apache.zookeeper.server.quorum.QuorumPeer.<init>(QuorumPeer.java:1073)
	at org.apache.zookeeper.server.quorum.QuorumPeerMain.getQuorumPeer(QuorumPeerMain.java:246)
	at org.apache.zookeeper.server.quorum.QuorumPeerMain.runFromConfig(QuorumPeerMain.java:177)
	at org.apache.curator.test.TestingZooKeeperServer$1.run(TestingZooKeeperServer.java:158)
	at java.base/java.lang.Thread.run(Thread.java:833)
Caused by: java.lang.ClassNotFoundException: org.eclipse.jetty.server.HttpConfiguration$Customizer
	at java.base/jdk.internal.loader.BuiltinClassLoader.loadClass(BuiltinClassLoader.java:641)
	at java.base/jdk.internal.loader.ClassLoaders$AppClassLoader.loadClass(ClassLoaders.java:188)
	at java.base/java.lang.ClassLoader.loadClass(ClassLoader.java:520)
	... 8 common frames omitted
22:35:10.846 [Thread-3] DEBUG org.apache.zookeeper.server.persistence.FileTxnSnapLog - Opening datadir:/tmp/1693755310792-0 snapDir:/tmp/1693755310792-0
22:35:10.846 [Thread-3] INFO org.apache.zookeeper.server.persistence.FileTxnSnapLog - zookeeper.snapshot.trust.empty : false
22:35:10.847 [Thread-3] INFO org.apache.zookeeper.server.quorum.QuorumPeer - Local sessions disabled
22:35:10.847 [Thread-3] INFO org.apache.zookeeper.server.quorum.QuorumPeer - Local session upgrading disabled
22:35:10.847 [Thread-3] INFO org.apache.zookeeper.server.quorum.QuorumPeer - tickTime set to 1000
22:35:10.847 [Thread-3] INFO org.apache.zookeeper.server.quorum.QuorumPeer - minSessionTimeout set to 1000
22:35:10.847 [Thread-3] INFO org.apache.zookeeper.server.quorum.QuorumPeer - maxSessionTimeout set to 20000
22:35:10.847 [Thread-3] INFO org.apache.zookeeper.server.quorum.QuorumPeer - initLimit set to 10
22:35:10.847 [Thread-3] INFO org.apache.zookeeper.server.quorum.QuorumPeer - syncLimit set to 5
22:35:10.847 [Thread-3] INFO org.apache.zookeeper.server.quorum.QuorumPeer - connectToLearnerMasterLimit set to 0
22:35:10.847 [Thread-3] INFO org.apache.zookeeper.server.watch.WatchManagerFactory - Using org.apache.zookeeper.server.watch.WatchManager as watch manager
22:35:10.847 [Thread-3] INFO org.apache.zookeeper.server.watch.WatchManagerFactory - Using org.apache.zookeeper.server.watch.WatchManager as watch manager
22:35:10.847 [Thread-3] INFO org.apache.zookeeper.server.ZKDatabase - zookeeper.snapshotSizeFactor = 0.33
22:35:10.848 [Thread-3] INFO org.apache.zookeeper.server.ZKDatabase - zookeeper.commitLogCount=500
22:35:10.850 [Thread-3] DEBUG org.apache.zookeeper.common.PathTrie - zookeeper
22:35:10.851 [Thread-3] INFO org.apache.zookeeper.server.quorum.QuorumPeer - Using insecure (non-TLS) quorum communication
22:35:10.851 [Thread-3] INFO org.apache.zookeeper.server.quorum.QuorumPeer - Port unification disabled
22:35:10.851 [Thread-4] INFO org.apache.zookeeper.server.quorum.QuorumPeerConfig - clientPortAddress is 0.0.0.0:45473
22:35:10.851 [Thread-3] INFO org.apache.zookeeper.server.quorum.QuorumPeer - multiAddress.enabled set to false
22:35:10.851 [Thread-4] INFO org.apache.zookeeper.server.quorum.QuorumPeerConfig - secureClientPort is not set
22:35:10.851 [Thread-3] INFO org.apache.zookeeper.server.quorum.QuorumPeer - multiAddress.reachabilityCheckEnabled set to true
22:35:10.851 [Thread-4] INFO org.apache.zookeeper.server.quorum.QuorumPeerConfig - observerMasterPort is not set
22:35:10.851 [Thread-3] INFO org.apache.zookeeper.server.quorum.QuorumPeer - multiAddress.reachabilityCheckTimeoutMs set to 1000
22:35:10.851 [Thread-4] INFO org.apache.zookeeper.server.quorum.QuorumPeerConfig - metricsProvider.className is org.apache.zookeeper.metrics.impl.DefaultMetricsProvider
22:35:10.851 [Thread-3] INFO org.apache.zookeeper.server.quorum.QuorumPeer - QuorumPeer communication is not secured! (SASL auth disabled)
22:35:10.851 [Thread-3] INFO org.apache.zookeeper.server.quorum.QuorumPeer - quorum.cnxn.threads.size set to 20
22:35:10.852 [Thread-3] INFO org.apache.zookeeper.server.persistence.FileTxnSnapLog - Snapshotting: 0x0 to /tmp/1693755310792-0/version-2/snapshot.0
22:35:10.852 [Thread-4] INFO org.apache.zookeeper.jmx.ManagedUtil - Log4j 1.2 jmx support is disabled by property.
22:35:10.852 [Thread-4] INFO org.apache.zookeeper.server.quorum.QuorumPeerMain - Starting quorum peer, myid=2
22:35:10.852 [Thread-3] INFO org.apache.zookeeper.server.ZKDatabase - Snapshot loaded in 0 ms, highest zxid is 0x0, digest is 1371985504
22:35:10.852 [Thread-4] INFO org.apache.zookeeper.server.ServerMetrics - ServerMetrics initialized with provider org.apache.zookeeper.metrics.impl.DefaultMetricsProvider@37e4fa0b
22:35:10.852 [Thread-3] INFO org.apache.zookeeper.server.quorum.QuorumPeer - currentEpoch not found! Creating with a reasonable default of 0. This should only happen when you are upgrading your installation
22:35:10.853 [Thread-4] INFO org.apache.zookeeper.server.auth.DigestAuthenticationProvider - zookeeper.DigestAuthenticationProvider.enabled = true
22:35:10.854 [Thread-4] INFO org.apache.zookeeper.server.ServerCnxnFactory - Using org.apache.zookeeper.server.NIOServerCnxnFactory as server connection factory
22:35:10.854 [Thread-4] WARN org.apache.zookeeper.server.ServerCnxnFactory - maxCnxns is not configured, using default value 0.
22:35:10.854 [Thread-4] INFO org.apache.zookeeper.server.NIOServerCnxnFactory - Configuring NIO connection handler with 10s sessionless connection timeout, 2 selector thread(s), 16 worker threads, and 64 kB direct buffers.
22:35:10.854 [Thread-4] INFO org.apache.zookeeper.server.NIOServerCnxnFactory - binding to port /127.0.0.1:45473
22:35:10.855 [Thread-4] WARN org.apache.zookeeper.server.admin.AdminServerFactory - Unable to load jetty, not starting JettyAdminServer
java.lang.NoClassDefFoundError: org/eclipse/jetty/server/HttpConfiguration$Customizer
	at java.base/java.lang.Class.forName0(Native Method)
	at java.base/java.lang.Class.forName(Class.java:375)
	at org.apache.zookeeper.server.admin.AdminServerFactory.createAdminServer(AdminServerFactory.java:43)
	at org.apache.zookeeper.server.quorum.QuorumPeer.<init>(QuorumPeer.java:1073)
	at org.apache.zookeeper.server.quorum.QuorumPeerMain.getQuorumPeer(QuorumPeerMain.java:246)
	at org.apache.zookeeper.server.quorum.QuorumPeerMain.runFromConfig(QuorumPeerMain.java:177)
	at org.apache.curator.test.TestingZooKeeperServer$1.run(TestingZooKeeperServer.java:158)
	at java.base/java.lang.Thread.run(Thread.java:833)
Caused by: java.lang.ClassNotFoundException: org.eclipse.jetty.server.HttpConfiguration$Customizer
	at java.base/jdk.internal.loader.BuiltinClassLoader.loadClass(BuiltinClassLoader.java:641)
	at java.base/jdk.internal.loader.ClassLoaders$AppClassLoader.loadClass(ClassLoaders.java:188)
	at java.base/java.lang.ClassLoader.loadClass(ClassLoader.java:520)
	... 8 common frames omitted
22:35:10.855 [Thread-4] DEBUG org.apache.zookeeper.server.persistence.FileTxnSnapLog - Opening datadir:/tmp/1693755310793-0 snapDir:/tmp/1693755310793-0
22:35:10.855 [Thread-4] INFO org.apache.zookeeper.server.persistence.FileTxnSnapLog - zookeeper.snapshot.trust.empty : false
22:35:10.855 [Thread-4] INFO org.apache.zookeeper.server.quorum.QuorumPeer - Local sessions disabled
22:35:10.855 [Thread-4] INFO org.apache.zookeeper.server.quorum.QuorumPeer - Local session upgrading disabled
22:35:10.855 [Thread-4] INFO org.apache.zookeeper.server.quorum.QuorumPeer - tickTime set to 1000
22:35:10.855 [Thread-4] INFO org.apache.zookeeper.server.quorum.QuorumPeer - minSessionTimeout set to 1000
22:35:10.855 [Thread-4] INFO org.apache.zookeeper.server.quorum.QuorumPeer - maxSessionTimeout set to 20000
22:35:10.855 [Thread-4] INFO org.apache.zookeeper.server.quorum.QuorumPeer - initLimit set to 10
22:35:10.855 [Thread-4] INFO org.apache.zookeeper.server.quorum.QuorumPeer - syncLimit set to 5
22:35:10.855 [Thread-4] INFO org.apache.zookeeper.server.quorum.QuorumPeer - connectToLearnerMasterLimit set to 0
22:35:10.856 [Thread-4] INFO org.apache.zookeeper.server.watch.WatchManagerFactory - Using org.apache.zookeeper.server.watch.WatchManager as watch manager
22:35:10.856 [Thread-4] INFO org.apache.zookeeper.server.watch.WatchManagerFactory - Using org.apache.zookeeper.server.watch.WatchManager as watch manager
22:35:10.856 [Thread-4] INFO org.apache.zookeeper.server.ZKDatabase - zookeeper.snapshotSizeFactor = 0.33
22:35:10.856 [Thread-4] INFO org.apache.zookeeper.server.ZKDatabase - zookeeper.commitLogCount=500
22:35:10.856 [Thread-3] INFO org.apache.zookeeper.server.quorum.QuorumPeer - acceptedEpoch not found! Creating with a reasonable default of 0. This should only happen when you are upgrading your installation
22:35:10.857 [Thread-4] DEBUG org.apache.zookeeper.common.PathTrie - zookeeper
22:35:10.857 [Thread-4] INFO org.apache.zookeeper.server.quorum.QuorumPeer - Using insecure (non-TLS) quorum communication
22:35:10.857 [Thread-4] INFO org.apache.zookeeper.server.quorum.QuorumPeer - Port unification disabled
22:35:10.857 [Thread-4] INFO org.apache.zookeeper.server.quorum.QuorumPeer - multiAddress.enabled set to false
22:35:10.857 [Thread-4] INFO org.apache.zookeeper.server.quorum.QuorumPeer - multiAddress.reachabilityCheckEnabled set to true
22:35:10.857 [Thread-4] INFO org.apache.zookeeper.server.quorum.QuorumPeer - multiAddress.reachabilityCheckTimeoutMs set to 1000
22:35:10.857 [Thread-4] INFO org.apache.zookeeper.server.quorum.QuorumPeer - QuorumPeer communication is not secured! (SASL auth disabled)
22:35:10.857 [Thread-4] INFO org.apache.zookeeper.server.quorum.QuorumPeer - quorum.cnxn.threads.size set to 20
22:35:10.858 [Thread-4] INFO org.apache.zookeeper.server.persistence.FileTxnSnapLog - Snapshotting: 0x0 to /tmp/1693755310793-0/version-2/snapshot.0
22:35:10.858 [Thread-4] INFO org.apache.zookeeper.server.ZKDatabase - Snapshot loaded in 0 ms, highest zxid is 0x0, digest is 1371985504
22:35:10.858 [Thread-4] INFO org.apache.zookeeper.server.quorum.QuorumPeer - currentEpoch not found! Creating with a reasonable default of 0. This should only happen when you are upgrading your installation
22:35:10.859 [Thread-3] INFO org.apache.zookeeper.server.quorum.QuorumPeer - Using 5000ms as the quorum cnxn socket timeout
22:35:10.861 [Thread-5] INFO org.apache.zookeeper.server.quorum.QuorumPeerConfig - clientPortAddress is 0.0.0.0:32941
22:35:10.861 [Thread-4] INFO org.apache.zookeeper.server.quorum.QuorumPeer - acceptedEpoch not found! Creating with a reasonable default of 0. This should only happen when you are upgrading your installation
22:35:10.861 [Thread-5] INFO org.apache.zookeeper.server.quorum.QuorumPeerConfig - secureClientPort is not set
22:35:10.861 [Thread-5] INFO org.apache.zookeeper.server.quorum.QuorumPeerConfig - observerMasterPort is not set
22:35:10.861 [Thread-5] INFO org.apache.zookeeper.server.quorum.QuorumPeerConfig - metricsProvider.className is org.apache.zookeeper.metrics.impl.DefaultMetricsProvider
22:35:10.862 [Thread-5] INFO org.apache.zookeeper.jmx.ManagedUtil - Log4j 1.2 jmx support is disabled by property.
22:35:10.862 [Thread-5] INFO org.apache.zookeeper.server.quorum.QuorumPeerMain - Starting quorum peer, myid=3
22:35:10.862 [Thread-5] INFO org.apache.zookeeper.server.ServerMetrics - ServerMetrics initialized with provider org.apache.zookeeper.metrics.impl.DefaultMetricsProvider@2e370d44
22:35:10.863 [Thread-5] INFO org.apache.zookeeper.server.auth.DigestAuthenticationProvider - zookeeper.DigestAuthenticationProvider.enabled = true
22:35:10.863 [Thread-5] INFO org.apache.zookeeper.server.ServerCnxnFactory - Using org.apache.zookeeper.server.NIOServerCnxnFactory as server connection factory
22:35:10.863 [Thread-5] WARN org.apache.zookeeper.server.ServerCnxnFactory - maxCnxns is not configured, using default value 0.
22:35:10.864 [Thread-5] INFO org.apache.zookeeper.server.NIOServerCnxnFactory - Configuring NIO connection handler with 10s sessionless connection timeout, 2 selector thread(s), 16 worker threads, and 64 kB direct buffers.
22:35:10.864 [Thread-5] INFO org.apache.zookeeper.server.NIOServerCnxnFactory - binding to port /127.0.0.1:32941
22:35:10.865 [Thread-4] INFO org.apache.zookeeper.server.quorum.QuorumPeer - Using 5000ms as the quorum cnxn socket timeout
22:35:10.865 [Thread-5] WARN org.apache.zookeeper.server.admin.AdminServerFactory - Unable to load jetty, not starting JettyAdminServer
java.lang.NoClassDefFoundError: org/eclipse/jetty/server/HttpConfiguration$Customizer
	at java.base/java.lang.Class.forName0(Native Method)
	at java.base/java.lang.Class.forName(Class.java:375)
	at org.apache.zookeeper.server.admin.AdminServerFactory.createAdminServer(AdminServerFactory.java:43)
	at org.apache.zookeeper.server.quorum.QuorumPeer.<init>(QuorumPeer.java:1073)
	at org.apache.zookeeper.server.quorum.QuorumPeerMain.getQuorumPeer(QuorumPeerMain.java:246)
	at org.apache.zookeeper.server.quorum.QuorumPeerMain.runFromConfig(QuorumPeerMain.java:177)
	at org.apache.curator.test.TestingZooKeeperServer$1.run(TestingZooKeeperServer.java:158)
	at java.base/java.lang.Thread.run(Thread.java:833)
Caused by: java.lang.ClassNotFoundException: org.eclipse.jetty.server.HttpConfiguration$Customizer
	at java.base/jdk.internal.loader.BuiltinClassLoader.loadClass(BuiltinClassLoader.java:641)
	at java.base/jdk.internal.loader.ClassLoaders$AppClassLoader.loadClass(ClassLoaders.java:188)
	at java.base/java.lang.ClassLoader.loadClass(ClassLoader.java:520)
	... 8 common frames omitted
22:35:10.865 [Thread-5] DEBUG org.apache.zookeeper.server.persistence.FileTxnSnapLog - Opening datadir:/tmp/1693755310793-1 snapDir:/tmp/1693755310793-1
22:35:10.865 [Thread-5] INFO org.apache.zookeeper.server.persistence.FileTxnSnapLog - zookeeper.snapshot.trust.empty : false
22:35:10.865 [Thread-5] INFO org.apache.zookeeper.server.quorum.QuorumPeer - Local sessions disabled
22:35:10.865 [Thread-5] INFO org.apache.zookeeper.server.quorum.QuorumPeer - Local session upgrading disabled
22:35:10.865 [Thread-5] INFO org.apache.zookeeper.server.quorum.QuorumPeer - tickTime set to 1000
22:35:10.865 [Thread-5] INFO org.apache.zookeeper.server.quorum.QuorumPeer - minSessionTimeout set to 1000
22:35:10.865 [Thread-5] INFO org.apache.zookeeper.server.quorum.QuorumPeer - maxSessionTimeout set to 20000
22:35:10.865 [Thread-5] INFO org.apache.zookeeper.server.quorum.QuorumPeer - initLimit set to 10
22:35:10.865 [Thread-5] INFO org.apache.zookeeper.server.quorum.QuorumPeer - syncLimit set to 5
22:35:10.865 [Thread-5] INFO org.apache.zookeeper.server.quorum.QuorumPeer - connectToLearnerMasterLimit set to 0
22:35:10.866 [Thread-5] INFO org.apache.zookeeper.server.watch.WatchManagerFactory - Using org.apache.zookeeper.server.watch.WatchManager as watch manager
22:35:10.866 [Thread-5] INFO org.apache.zookeeper.server.watch.WatchManagerFactory - Using org.apache.zookeeper.server.watch.WatchManager as watch manager
22:35:10.866 [Thread-5] INFO org.apache.zookeeper.server.ZKDatabase - zookeeper.snapshotSizeFactor = 0.33
22:35:10.866 [Thread-5] INFO org.apache.zookeeper.server.ZKDatabase - zookeeper.commitLogCount=500
22:35:10.867 [Thread-5] DEBUG org.apache.zookeeper.common.PathTrie - zookeeper
22:35:10.867 [Thread-4] INFO org.apache.zookeeper.server.quorum.QuorumCnxManager - Election port bind maximum retries is 3
22:35:10.867 [Thread-5] INFO org.apache.zookeeper.server.quorum.QuorumPeer - Using insecure (non-TLS) quorum communication
22:35:10.867 [Thread-5] INFO org.apache.zookeeper.server.quorum.QuorumPeer - Port unification disabled
22:35:10.867 [Thread-5] INFO org.apache.zookeeper.server.quorum.QuorumPeer - multiAddress.enabled set to false
22:35:10.867 [Thread-3] INFO org.apache.zookeeper.server.quorum.QuorumCnxManager - Election port bind maximum retries is 3
22:35:10.867 [Thread-5] INFO org.apache.zookeeper.server.quorum.QuorumPeer - multiAddress.reachabilityCheckEnabled set to true
22:35:10.867 [QuorumPeerListener] DEBUG org.apache.zookeeper.server.quorum.QuorumCnxManager - Listener thread started, myId: 2
22:35:10.867 [Thread-5] INFO org.apache.zookeeper.server.quorum.QuorumPeer - multiAddress.reachabilityCheckTimeoutMs set to 1000
22:35:10.867 [Thread-5] INFO org.apache.zookeeper.server.quorum.QuorumPeer - QuorumPeer communication is not secured! (SASL auth disabled)
22:35:10.867 [Thread-5] INFO org.apache.zookeeper.server.quorum.QuorumPeer - quorum.cnxn.threads.size set to 20
22:35:10.867 [QuorumPeerListener] DEBUG org.apache.zookeeper.server.quorum.QuorumCnxManager - Listener thread started, myId: 1
22:35:10.868 [Thread-5] INFO org.apache.zookeeper.server.persistence.FileTxnSnapLog - Snapshotting: 0x0 to /tmp/1693755310793-1/version-2/snapshot.0
22:35:10.868 [Thread-5] INFO org.apache.zookeeper.server.ZKDatabase - Snapshot loaded in 1 ms, highest zxid is 0x0, digest is 1371985504
22:35:10.868 [Thread-5] INFO org.apache.zookeeper.server.quorum.QuorumPeer - currentEpoch not found! Creating with a reasonable default of 0. This should only happen when you are upgrading your installation
22:35:10.869 [Thread-4] INFO org.apache.zookeeper.server.quorum.FastLeaderElection - zookeeper.fastleader.minNotificationInterval = 200 ms
22:35:10.869 [Thread-4] INFO org.apache.zookeeper.server.quorum.FastLeaderElection - zookeeper.fastleader.maxNotificationInterval = 60000 ms
22:35:10.871 [ListenerHandler-/127.0.0.1:39353] ERROR org.apache.zookeeper.server.quorum.QuorumCnxManager - [wasabi] Retry Loop 06 is called. MaxRetry :3
22:35:10.871 [ListenerHandler-/127.0.0.1:39353] INFO org.apache.zookeeper.server.quorum.QuorumCnxManager - 1 is accepting connections now, my election bind port: /127.0.0.1:39353
22:35:10.871 [ListenerHandler-/127.0.0.1:39353] ERROR org.apache.zookeeper.server.quorum.QuorumCnxManager - [wasabi] Retry Loop 07 is called. MaxRetry :3
22:35:10.872 [ListenerHandler-/127.0.0.1:34483] ERROR org.apache.zookeeper.server.quorum.QuorumCnxManager - [wasabi] Retry Loop 06 is called. MaxRetry :3
22:35:10.872 [ListenerHandler-/127.0.0.1:34483] INFO org.apache.zookeeper.server.quorum.QuorumCnxManager - 2 is accepting connections now, my election bind port: /127.0.0.1:34483
22:35:10.872 [ListenerHandler-/127.0.0.1:34483] ERROR org.apache.zookeeper.server.quorum.QuorumCnxManager - [wasabi] Retry Loop 07 is called. MaxRetry :3
22:35:10.872 [Thread-5] INFO org.apache.zookeeper.server.quorum.QuorumPeer - acceptedEpoch not found! Creating with a reasonable default of 0. This should only happen when you are upgrading your installation
22:35:10.874 [QuorumPeer[myid=2](plain=127.0.0.1:45473)(secure=disabled)] DEBUG org.apache.zookeeper.server.quorum.QuorumPeer - Starting quorum peer
22:35:10.874 [QuorumPeer[myid=1](plain=127.0.0.1:37453)(secure=disabled)] DEBUG org.apache.zookeeper.server.quorum.QuorumPeer - Starting quorum peer
22:35:10.876 [Thread-5] INFO org.apache.zookeeper.server.quorum.QuorumPeer - Using 5000ms as the quorum cnxn socket timeout
22:35:10.877 [QuorumPeer[myid=2](plain=127.0.0.1:45473)(secure=disabled)] INFO org.apache.zookeeper.server.quorum.QuorumPeer - LOOKING
22:35:10.876 [QuorumPeer[myid=1](plain=127.0.0.1:37453)(secure=disabled)] INFO org.apache.zookeeper.server.quorum.QuorumPeer - LOOKING
22:35:10.877 [Thread-5] INFO org.apache.zookeeper.server.quorum.QuorumCnxManager - Election port bind maximum retries is 3
22:35:10.877 [QuorumPeer[myid=1](plain=127.0.0.1:37453)(secure=disabled)] DEBUG org.apache.zookeeper.server.quorum.QuorumPeer - Initializing leader election protocol...
22:35:10.877 [QuorumPeer[myid=2](plain=127.0.0.1:45473)(secure=disabled)] DEBUG org.apache.zookeeper.server.quorum.QuorumPeer - Initializing leader election protocol...
22:35:10.877 [main] INFO org.apache.curator.framework.imps.CuratorFrameworkImpl - Starting
22:35:10.877 [QuorumPeerListener] DEBUG org.apache.zookeeper.server.quorum.QuorumCnxManager - Listener thread started, myId: 3
22:35:10.877 [QuorumPeer[myid=2](plain=127.0.0.1:45473)(secure=disabled)] DEBUG org.apache.zookeeper.server.quorum.FastLeaderElection - Updating proposal: 2 (newleader), 0x0 (newzxid), -1 (oldleader), 0xffffffffffffffff (oldzxid)
22:35:10.877 [QuorumPeer[myid=1](plain=127.0.0.1:37453)(secure=disabled)] DEBUG org.apache.zookeeper.server.quorum.FastLeaderElection - Updating proposal: 1 (newleader), 0x0 (newzxid), -1 (oldleader), 0xffffffffffffffff (oldzxid)
22:35:10.877 [QuorumPeer[myid=2](plain=127.0.0.1:45473)(secure=disabled)] INFO org.apache.zookeeper.server.quorum.FastLeaderElection - New election. My id = 2, proposed zxid=0x0
22:35:10.877 [QuorumPeer[myid=1](plain=127.0.0.1:37453)(secure=disabled)] INFO org.apache.zookeeper.server.quorum.FastLeaderElection - New election. My id = 1, proposed zxid=0x0
22:35:10.878 [main] DEBUG org.apache.curator.CuratorZookeeperClient - Starting
22:35:10.878 [main] DEBUG org.apache.curator.ConnectionState - Starting
22:35:10.878 [QuorumPeer[myid=3](plain=127.0.0.1:32941)(secure=disabled)] DEBUG org.apache.zookeeper.server.quorum.QuorumPeer - Starting quorum peer
22:35:10.878 [main] DEBUG org.apache.curator.ConnectionState - reset
22:35:10.879 [QuorumPeer[myid=2](plain=127.0.0.1:45473)(secure=disabled)] DEBUG org.apache.zookeeper.server.quorum.FastLeaderElection - Sending Notification: 2 (n.leader), 0x0 (n.zxid), 0x1 (n.round), 1 (recipient), 2 (myid), 0x0 (n.peerEpoch) 
22:35:10.879 [QuorumPeer[myid=1](plain=127.0.0.1:37453)(secure=disabled)] DEBUG org.apache.zookeeper.server.quorum.FastLeaderElection - Sending Notification: 1 (n.leader), 0x0 (n.zxid), 0x1 (n.round), 1 (recipient), 1 (myid), 0x0 (n.peerEpoch) 
22:35:10.880 [QuorumPeer[myid=2](plain=127.0.0.1:45473)(secure=disabled)] DEBUG org.apache.zookeeper.server.quorum.FastLeaderElection - Sending Notification: 2 (n.leader), 0x0 (n.zxid), 0x1 (n.round), 2 (recipient), 2 (myid), 0x0 (n.peerEpoch) 
22:35:10.878 [QuorumPeer[myid=3](plain=127.0.0.1:32941)(secure=disabled)] INFO org.apache.zookeeper.server.quorum.QuorumPeer - LOOKING
22:35:10.879 [main] INFO org.apache.zookeeper.ZooKeeper - Initiating client connection, connectString=127.0.0.1:37453,127.0.0.1:45473,127.0.0.1:32941 sessionTimeout=60000 watcher=org.apache.curator.ConnectionState@379614be
22:35:10.880 [main] INFO org.apache.zookeeper.ClientCnxnSocket - jute.maxbuffer value is 1048575 Bytes
22:35:10.880 [QuorumPeer[myid=2](plain=127.0.0.1:45473)(secure=disabled)] DEBUG org.apache.zookeeper.server.quorum.FastLeaderElection - Sending Notification: 2 (n.leader), 0x0 (n.zxid), 0x1 (n.round), 3 (recipient), 2 (myid), 0x0 (n.peerEpoch) 
22:35:10.880 [main] INFO org.apache.zookeeper.ClientCnxn - zookeeper.request.timeout value is 0. feature enabled=false
22:35:10.881 [QuorumPeer[myid=3](plain=127.0.0.1:32941)(secure=disabled)] DEBUG org.apache.zookeeper.server.quorum.QuorumPeer - Initializing leader election protocol...
22:35:10.881 [QuorumPeer[myid=1](plain=127.0.0.1:37453)(secure=disabled)] DEBUG org.apache.zookeeper.server.quorum.FastLeaderElection - Sending Notification: 1 (n.leader), 0x0 (n.zxid), 0x1 (n.round), 2 (recipient), 1 (myid), 0x0 (n.peerEpoch) 
22:35:10.881 [QuorumPeer[myid=3](plain=127.0.0.1:32941)(secure=disabled)] DEBUG org.apache.zookeeper.server.quorum.FastLeaderElection - Updating proposal: 3 (newleader), 0x0 (newzxid), -1 (oldleader), 0xffffffffffffffff (oldzxid)
22:35:10.881 [QuorumPeer[myid=3](plain=127.0.0.1:32941)(secure=disabled)] INFO org.apache.zookeeper.server.quorum.FastLeaderElection - New election. My id = 3, proposed zxid=0x0
22:35:10.882 [QuorumPeer[myid=3](plain=127.0.0.1:32941)(secure=disabled)] DEBUG org.apache.zookeeper.server.quorum.FastLeaderElection - Sending Notification: 3 (n.leader), 0x0 (n.zxid), 0x1 (n.round), 1 (recipient), 3 (myid), 0x0 (n.peerEpoch) 
22:35:10.882 [QuorumPeer[myid=3](plain=127.0.0.1:32941)(secure=disabled)] DEBUG org.apache.zookeeper.server.quorum.FastLeaderElection - Sending Notification: 3 (n.leader), 0x0 (n.zxid), 0x1 (n.round), 2 (recipient), 3 (myid), 0x0 (n.peerEpoch) 
22:35:10.882 [WorkerSender[myid=2]] DEBUG org.apache.zookeeper.server.quorum.QuorumCnxManager - Server 2 knows 1 already, it is in the lastCommittedView
22:35:10.882 [WorkerSender[myid=1]] DEBUG org.apache.zookeeper.server.quorum.QuorumCnxManager - Server 1 knows 2 already, it is in the lastCommittedView
22:35:10.883 [QuorumPeer[myid=3](plain=127.0.0.1:32941)(secure=disabled)] DEBUG org.apache.zookeeper.server.quorum.FastLeaderElection - Sending Notification: 3 (n.leader), 0x0 (n.zxid), 0x1 (n.round), 3 (recipient), 3 (myid), 0x0 (n.peerEpoch) 
22:35:10.884 [WorkerSender[myid=3]] DEBUG org.apache.zookeeper.server.quorum.QuorumCnxManager - Server 3 knows 1 already, it is in the lastCommittedView
22:35:10.887 [ListenerHandler-/127.0.0.1:42517] ERROR org.apache.zookeeper.server.quorum.QuorumCnxManager - [wasabi] Retry Loop 06 is called. MaxRetry :3
22:35:10.887 [ListenerHandler-/127.0.0.1:42517] INFO org.apache.zookeeper.server.quorum.QuorumCnxManager - 3 is accepting connections now, my election bind port: /127.0.0.1:42517
22:35:10.887 [ListenerHandler-/127.0.0.1:42517] ERROR org.apache.zookeeper.server.quorum.QuorumCnxManager - [wasabi] Retry Loop 07 is called. MaxRetry :3
22:35:10.888 [WorkerSender[myid=2]] DEBUG org.apache.zookeeper.server.quorum.QuorumCnxManager - Server 2 knows 3 already, it is in the lastCommittedView
22:35:10.888 [WorkerReceiver[myid=1]] DEBUG org.apache.zookeeper.server.quorum.FastLeaderElection - Receive new notification message. My id = 1
22:35:10.889 [WorkerReceiver[myid=1]] INFO org.apache.zookeeper.server.quorum.FastLeaderElection - Notification: my state:LOOKING; n.sid:1, n.state:LOOKING, n.leader:1, n.round:0x1, n.peerEpoch:0x0, n.zxid:0x0, message format version:0x2, n.config version:0x0
22:35:10.889 [QuorumPeer[myid=1](plain=127.0.0.1:37453)(secure=disabled)] DEBUG org.apache.zookeeper.server.quorum.FastLeaderElection - Sending Notification: 1 (n.leader), 0x0 (n.zxid), 0x1 (n.round), 3 (recipient), 1 (myid), 0x0 (n.peerEpoch) 
22:35:10.889 [WorkerSender[myid=3]] DEBUG org.apache.zookeeper.server.quorum.QuorumCnxManager - Server 3 knows 2 already, it is in the lastCommittedView
22:35:10.890 [WorkerSender[myid=1]] DEBUG org.apache.zookeeper.server.quorum.QuorumCnxManager - Server 1 knows 3 already, it is in the lastCommittedView
22:35:10.890 [main] INFO org.apache.curator.framework.imps.CuratorFrameworkImpl - Default schema
22:35:10.902 [main-SendThread()] ERROR org.apache.zookeeper.ClientCnxn - [wasabi] Retry Loop 03 is called. MaxDuration : 10000
22:35:10.902 [QuorumConnectionThread-[myid=2]-2] DEBUG org.apache.zookeeper.server.quorum.QuorumCnxManager - Opening channel to server 3
22:35:10.902 [WorkerReceiver[myid=2]] DEBUG org.apache.zookeeper.server.quorum.FastLeaderElection - Receive new notification message. My id = 2
22:35:10.902 [WorkerReceiver[myid=2]] INFO org.apache.zookeeper.server.quorum.FastLeaderElection - Notification: my state:LOOKING; n.sid:2, n.state:LOOKING, n.leader:2, n.round:0x1, n.peerEpoch:0x0, n.zxid:0x0, message format version:0x2, n.config version:0x0
22:35:10.902 [main-SendThread(127.0.0.1:37453)] DEBUG org.apache.zookeeper.SaslServerPrincipal - Canonicalized address to localhost
22:35:10.902 [main-SendThread(127.0.0.1:37453)] INFO org.apache.zookeeper.ClientCnxn - Opening socket connection to server localhost/127.0.0.1:37453.
22:35:10.902 [main-SendThread(127.0.0.1:37453)] INFO org.apache.zookeeper.ClientCnxn - SASL config status: Will not attempt to authenticate using SASL (unknown error)
22:35:10.903 [QuorumConnectionThread-[myid=3]-1] DEBUG org.apache.zookeeper.server.quorum.QuorumCnxManager - Opening channel to server 1
22:35:10.903 [QuorumConnectionThread-[myid=1]-1] DEBUG org.apache.zookeeper.server.quorum.QuorumCnxManager - Opening channel to server 2
22:35:10.903 [QuorumConnectionThread-[myid=2]-1] DEBUG org.apache.zookeeper.server.quorum.QuorumCnxManager - Opening channel to server 1
22:35:10.903 [QuorumPeer[myid=2](plain=127.0.0.1:45473)(secure=disabled)] DEBUG org.apache.zookeeper.server.quorum.FastLeaderElection - id: 2, proposed id: 2, zxid: 0x0, proposed zxid: 0x0
22:35:10.903 [main-SendThread(127.0.0.1:37453)] INFO org.apache.zookeeper.ClientCnxn - Socket connection established, initiating session, client: /127.0.0.1:41522, server: localhost/127.0.0.1:37453
22:35:10.903 [QuorumPeer[myid=2](plain=127.0.0.1:45473)(secure=disabled)] DEBUG org.apache.zookeeper.server.quorum.FastLeaderElection - Adding vote: from=2, proposed leader=2, proposed zxid=0x0, proposed election epoch=0x1
22:35:10.903 [main-SendThread(127.0.0.1:37453)] DEBUG org.apache.zookeeper.ClientCnxn - Session establishment request sent on localhost/127.0.0.1:37453
22:35:10.903 [NIOServerCxnFactory.AcceptThread:/127.0.0.1:37453] DEBUG org.apache.zookeeper.server.NIOServerCnxnFactory - Accepted socket connection from /127.0.0.1:41522
22:35:10.903 [QuorumConnectionThread-[myid=3]-2] DEBUG org.apache.zookeeper.server.quorum.QuorumCnxManager - Opening channel to server 2
22:35:10.904 [WorkerReceiver[myid=3]] DEBUG org.apache.zookeeper.server.quorum.FastLeaderElection - Receive new notification message. My id = 3
22:35:10.904 [WorkerReceiver[myid=3]] INFO org.apache.zookeeper.server.quorum.FastLeaderElection - Notification: my state:LOOKING; n.sid:3, n.state:LOOKING, n.leader:3, n.round:0x1, n.peerEpoch:0x0, n.zxid:0x0, message format version:0x2, n.config version:0x0
22:35:10.904 [QuorumPeer[myid=3](plain=127.0.0.1:32941)(secure=disabled)] DEBUG org.apache.zookeeper.server.quorum.FastLeaderElection - id: 3, proposed id: 3, zxid: 0x0, proposed zxid: 0x0
22:35:10.904 [QuorumPeer[myid=3](plain=127.0.0.1:32941)(secure=disabled)] DEBUG org.apache.zookeeper.server.quorum.FastLeaderElection - Adding vote: from=3, proposed leader=3, proposed zxid=0x0, proposed election epoch=0x1
22:35:10.904 [QuorumPeer[myid=1](plain=127.0.0.1:37453)(secure=disabled)] DEBUG org.apache.zookeeper.server.quorum.FastLeaderElection - id: 1, proposed id: 1, zxid: 0x0, proposed zxid: 0x0
22:35:10.904 [QuorumPeer[myid=1](plain=127.0.0.1:37453)(secure=disabled)] DEBUG org.apache.zookeeper.server.quorum.FastLeaderElection - Adding vote: from=1, proposed leader=1, proposed zxid=0x0, proposed election epoch=0x1
22:35:10.904 [QuorumConnectionThread-[myid=1]-2] DEBUG org.apache.zookeeper.server.quorum.QuorumCnxManager - Opening channel to server 3
22:35:10.905 [NIOWorkerThread-1] WARN org.apache.zookeeper.server.NIOServerCnxn - Close of session 0x0
java.io.IOException: ZooKeeperServer not running
	at org.apache.zookeeper.server.NIOServerCnxn.readLength(NIOServerCnxn.java:569)
	at org.apache.zookeeper.server.NIOServerCnxn.doIO(NIOServerCnxn.java:349)
	at org.apache.zookeeper.server.NIOServerCnxnFactory$IOWorkRequest.doWork(NIOServerCnxnFactory.java:508)
	at org.apache.zookeeper.server.WorkerService$ScheduledWorkRequest.run(WorkerService.java:153)
	at java.base/java.util.concurrent.ThreadPoolExecutor.runWorker(ThreadPoolExecutor.java:1136)
	at java.base/java.util.concurrent.ThreadPoolExecutor$Worker.run(ThreadPoolExecutor.java:635)
	at java.base/java.lang.Thread.run(Thread.java:833)
22:35:10.905 [NIOWorkerThread-1] DEBUG org.apache.zookeeper.server.NIOServerCnxn - Closed socket connection for client /127.0.0.1:41522 (no session established for client)
22:35:10.906 [main-SendThread(127.0.0.1:37453)] WARN org.apache.zookeeper.ClientCnxn - Session 0x0 for server localhost/127.0.0.1:37453, Closing socket connection. Attempting reconnect except it is a SessionExpiredException.
org.apache.zookeeper.ClientCnxn$EndOfStreamException: Unable to read additional data from server sessionid 0x0, likely server has closed socket
	at org.apache.zookeeper.ClientCnxnSocketNIO.doIO(ClientCnxnSocketNIO.java:77)
	at org.apache.zookeeper.ClientCnxnSocketNIO.doTransport(ClientCnxnSocketNIO.java:350)
	at org.apache.zookeeper.ClientCnxn$SendThread.run(ClientCnxn.java:1276)
22:35:10.906 [ListenerHandler-/127.0.0.1:39353] INFO org.apache.zookeeper.server.quorum.QuorumCnxManager - Received connection request from /127.0.0.1:45144
22:35:10.906 [QuorumConnectionThread-[myid=1]-1] DEBUG org.apache.zookeeper.server.quorum.QuorumCnxManager - Connected to server 2 using election address: /127.0.0.1:34483
22:35:10.906 [QuorumConnectionThread-[myid=1]-1] DEBUG org.apache.zookeeper.server.quorum.QuorumCnxManager - startConnection (myId:1 --> sid:2)
22:35:10.907 [QuorumConnectionThread-[myid=3]-1] DEBUG org.apache.zookeeper.server.quorum.QuorumCnxManager - Connected to server 1 using election address: /127.0.0.1:39353
22:35:10.907 [QuorumConnectionThread-[myid=3]-1] DEBUG org.apache.zookeeper.server.quorum.QuorumCnxManager - startConnection (myId:3 --> sid:1)
22:35:10.907 [ListenerHandler-/127.0.0.1:42517] INFO org.apache.zookeeper.server.quorum.QuorumCnxManager - Received connection request from /127.0.0.1:54586
22:35:10.906 [QuorumConnectionThread-[myid=1]-2] DEBUG org.apache.zookeeper.server.quorum.QuorumCnxManager - Connected to server 3 using election address: /127.0.0.1:42517
22:35:10.907 [ListenerHandler-/127.0.0.1:34483] INFO org.apache.zookeeper.server.quorum.QuorumCnxManager - Received connection request from /127.0.0.1:41322
22:35:10.907 [QuorumConnectionThread-[myid=1]-2] DEBUG org.apache.zookeeper.server.quorum.QuorumCnxManager - startConnection (myId:1 --> sid:3)
22:35:10.907 [ListenerHandler-/127.0.0.1:34483] DEBUG org.apache.zookeeper.server.quorum.QuorumCnxManager - Sync handling of connection request received from: /127.0.0.1:41322
22:35:10.907 [ListenerHandler-/127.0.0.1:39353] DEBUG org.apache.zookeeper.server.quorum.QuorumCnxManager - Sync handling of connection request received from: /127.0.0.1:45144
22:35:10.907 [ListenerHandler-/127.0.0.1:42517] DEBUG org.apache.zookeeper.server.quorum.QuorumCnxManager - Sync handling of connection request received from: /127.0.0.1:54586
22:35:10.908 [QuorumConnectionThread-[myid=2]-1] DEBUG org.apache.zookeeper.server.quorum.QuorumCnxManager - Connected to server 1 using election address: /127.0.0.1:39353
22:35:10.908 [QuorumConnectionThread-[myid=2]-1] DEBUG org.apache.zookeeper.server.quorum.QuorumCnxManager - startConnection (myId:2 --> sid:1)
22:35:10.908 [QuorumConnectionThread-[myid=1]-1] INFO org.apache.zookeeper.server.quorum.QuorumCnxManager - Have smaller server identifier, so dropping the connection: (myId:1 --> sid:2)
22:35:10.909 [QuorumConnectionThread-[myid=2]-1] DEBUG org.apache.zookeeper.server.quorum.QuorumCnxManager - Have larger server identifier, so keeping the connection: (myId:2 --> sid:1)
22:35:10.909 [QuorumConnectionThread-[myid=3]-1] DEBUG org.apache.zookeeper.server.quorum.QuorumCnxManager - Have larger server identifier, so keeping the connection: (myId:3 --> sid:1)
22:35:10.909 [ListenerHandler-/127.0.0.1:34483] DEBUG org.apache.zookeeper.server.quorum.QuorumCnxManager - Initial message parsed by 2: InitialMessage{sid=1, electionAddr=[/127.0.0.1:39353]}
22:35:10.909 [ListenerHandler-/127.0.0.1:39353] DEBUG org.apache.zookeeper.server.quorum.QuorumCnxManager - Initial message parsed by 1: InitialMessage{sid=3, electionAddr=[/127.0.0.1:42517]}
22:35:10.909 [QuorumConnectionThread-[myid=3]-2] DEBUG org.apache.zookeeper.server.quorum.QuorumCnxManager - Connected to server 2 using election address: /127.0.0.1:34483
22:35:10.909 [ListenerHandler-/127.0.0.1:34483] DEBUG org.apache.zookeeper.server.quorum.QuorumCnxManager - Create new connection to server: 1
22:35:10.909 [QuorumConnectionThread-[myid=3]-2] DEBUG org.apache.zookeeper.server.quorum.QuorumCnxManager - startConnection (myId:3 --> sid:2)
22:35:10.909 [ListenerHandler-/127.0.0.1:34483] DEBUG org.apache.zookeeper.server.quorum.QuorumCnxManager - Connection request to server id: 1 is already in progress, so skipping this request
22:35:10.909 [ListenerHandler-/127.0.0.1:42517] DEBUG org.apache.zookeeper.server.quorum.QuorumCnxManager - Initial message parsed by 3: InitialMessage{sid=1, electionAddr=[/127.0.0.1:39353]}
22:35:10.909 [QuorumConnectionThread-[myid=2]-2] DEBUG org.apache.zookeeper.server.quorum.QuorumCnxManager - Connected to server 3 using election address: /127.0.0.1:42517
22:35:10.909 [ListenerHandler-/127.0.0.1:42517] DEBUG org.apache.zookeeper.server.quorum.QuorumCnxManager - Create new connection to server: 1
22:35:10.909 [QuorumConnectionThread-[myid=2]-2] DEBUG org.apache.zookeeper.server.quorum.QuorumCnxManager - startConnection (myId:2 --> sid:3)
22:35:10.909 [ListenerHandler-/127.0.0.1:34483] INFO org.apache.zookeeper.server.quorum.QuorumCnxManager - Received connection request from /127.0.0.1:41326
22:35:10.909 [QuorumConnectionThread-[myid=3]-2] DEBUG org.apache.zookeeper.server.quorum.QuorumCnxManager - Have larger server identifier, so keeping the connection: (myId:3 --> sid:2)
22:35:10.909 [ListenerHandler-/127.0.0.1:42517] DEBUG org.apache.zookeeper.server.quorum.QuorumCnxManager - Connection request to server id: 1 is already in progress, so skipping this request
22:35:10.910 [ListenerHandler-/127.0.0.1:34483] DEBUG org.apache.zookeeper.server.quorum.QuorumCnxManager - Sync handling of connection request received from: /127.0.0.1:41326
22:35:10.910 [ListenerHandler-/127.0.0.1:39353] DEBUG org.apache.zookeeper.server.quorum.QuorumCnxManager - Address of remote peer: 3
22:35:10.910 [QuorumConnectionThread-[myid=1]-2] INFO org.apache.zookeeper.server.quorum.QuorumCnxManager - Have smaller server identifier, so dropping the connection: (myId:1 --> sid:3)
22:35:10.910 [QuorumConnectionThread-[myid=3]-1] DEBUG org.apache.zookeeper.server.quorum.QuorumCnxManager - Address of remote peer: 1
22:35:10.910 [QuorumConnectionThread-[myid=3]-2] DEBUG org.apache.zookeeper.server.quorum.QuorumCnxManager - Address of remote peer: 2
22:35:10.910 [QuorumConnectionThread-[myid=2]-1] DEBUG org.apache.zookeeper.server.quorum.QuorumCnxManager - Address of remote peer: 1
22:35:10.911 [SendWorker:3] DEBUG org.apache.zookeeper.server.quorum.QuorumCnxManager - SendWorker thread started towards 3. myId: 1
22:35:10.911 [ListenerHandler-/127.0.0.1:39353] INFO org.apache.zookeeper.server.quorum.QuorumCnxManager - Received connection request from /127.0.0.1:45160
22:35:10.912 [ListenerHandler-/127.0.0.1:39353] DEBUG org.apache.zookeeper.server.quorum.QuorumCnxManager - Sync handling of connection request received from: /127.0.0.1:45160
22:35:10.912 [ListenerHandler-/127.0.0.1:39353] DEBUG org.apache.zookeeper.server.quorum.QuorumCnxManager - Initial message parsed by 1: InitialMessage{sid=2, electionAddr=[/127.0.0.1:34483]}
22:35:10.912 [ListenerHandler-/127.0.0.1:39353] DEBUG org.apache.zookeeper.server.quorum.QuorumCnxManager - Address of remote peer: 2
22:35:10.912 [SendWorker:1] DEBUG org.apache.zookeeper.server.quorum.QuorumCnxManager - SendWorker thread started towards 1. myId: 3
22:35:10.910 [QuorumConnectionThread-[myid=2]-2] INFO org.apache.zookeeper.server.quorum.QuorumCnxManager - Have smaller server identifier, so dropping the connection: (myId:2 --> sid:3)
22:35:10.910 [ListenerHandler-/127.0.0.1:42517] INFO org.apache.zookeeper.server.quorum.QuorumCnxManager - Received connection request from /127.0.0.1:54602
22:35:10.913 [ListenerHandler-/127.0.0.1:42517] DEBUG org.apache.zookeeper.server.quorum.QuorumCnxManager - Sync handling of connection request received from: /127.0.0.1:54602
22:35:10.913 [ListenerHandler-/127.0.0.1:42517] DEBUG org.apache.zookeeper.server.quorum.QuorumCnxManager - Initial message parsed by 3: InitialMessage{sid=2, electionAddr=[/127.0.0.1:34483]}
22:35:10.910 [ListenerHandler-/127.0.0.1:34483] DEBUG org.apache.zookeeper.server.quorum.QuorumCnxManager - Initial message parsed by 2: InitialMessage{sid=3, electionAddr=[/127.0.0.1:42517]}
22:35:10.913 [RecvWorker:3] DEBUG org.apache.zookeeper.server.quorum.QuorumCnxManager - RecvWorker thread towards 3 started. myId: 1
22:35:10.914 [ListenerHandler-/127.0.0.1:34483] DEBUG org.apache.zookeeper.server.quorum.QuorumCnxManager - Address of remote peer: 3
22:35:10.914 [RecvWorker:1] DEBUG org.apache.zookeeper.server.quorum.QuorumCnxManager - RecvWorker thread towards 1 started. myId: 3
22:35:10.914 [SendWorker:1] DEBUG org.apache.zookeeper.server.quorum.QuorumCnxManager - SendWorker thread started towards 1. myId: 2
22:35:10.915 [WorkerReceiver[myid=3]] DEBUG org.apache.zookeeper.server.quorum.FastLeaderElection - Receive new notification message. My id = 3
22:35:10.915 [WorkerReceiver[myid=3]] INFO org.apache.zookeeper.server.quorum.FastLeaderElection - Notification: my state:LOOKING; n.sid:1, n.state:LOOKING, n.leader:1, n.round:0x1, n.peerEpoch:0x0, n.zxid:0x0, message format version:0x2, n.config version:0x0
22:35:10.915 [WorkerReceiver[myid=1]] DEBUG org.apache.zookeeper.server.quorum.FastLeaderElection - Receive new notification message. My id = 1
22:35:10.915 [WorkerReceiver[myid=1]] INFO org.apache.zookeeper.server.quorum.FastLeaderElection - Notification: my state:LOOKING; n.sid:3, n.state:LOOKING, n.leader:3, n.round:0x1, n.peerEpoch:0x0, n.zxid:0x0, message format version:0x2, n.config version:0x0
22:35:10.915 [QuorumPeer[myid=1](plain=127.0.0.1:37453)(secure=disabled)] DEBUG org.apache.zookeeper.server.quorum.FastLeaderElection - id: 3, proposed id: 1, zxid: 0x0, proposed zxid: 0x0
22:35:10.915 [QuorumPeer[myid=1](plain=127.0.0.1:37453)(secure=disabled)] DEBUG org.apache.zookeeper.server.quorum.FastLeaderElection - Updating proposal: 3 (newleader), 0x0 (newzxid), 1 (oldleader), 0x0 (oldzxid)
22:35:10.915 [QuorumPeer[myid=3](plain=127.0.0.1:32941)(secure=disabled)] DEBUG org.apache.zookeeper.server.quorum.FastLeaderElection - id: 1, proposed id: 3, zxid: 0x0, proposed zxid: 0x0
22:35:10.915 [QuorumPeer[myid=3](plain=127.0.0.1:32941)(secure=disabled)] DEBUG org.apache.zookeeper.server.quorum.FastLeaderElection - Adding vote: from=1, proposed leader=1, proposed zxid=0x0, proposed election epoch=0x1
22:35:10.916 [QuorumPeer[myid=1](plain=127.0.0.1:37453)(secure=disabled)] DEBUG org.apache.zookeeper.server.quorum.FastLeaderElection - Sending Notification: 3 (n.leader), 0x0 (n.zxid), 0x1 (n.round), 1 (recipient), 1 (myid), 0x0 (n.peerEpoch) 
22:35:10.916 [RecvWorker:1] DEBUG org.apache.zookeeper.server.quorum.QuorumCnxManager - RecvWorker thread towards 1 started. myId: 2
22:35:10.917 [QuorumPeer[myid=1](plain=127.0.0.1:37453)(secure=disabled)] DEBUG org.apache.zookeeper.server.quorum.FastLeaderElection - Sending Notification: 3 (n.leader), 0x0 (n.zxid), 0x1 (n.round), 2 (recipient), 1 (myid), 0x0 (n.peerEpoch) 
22:35:10.917 [WorkerReceiver[myid=1]] DEBUG org.apache.zookeeper.server.quorum.FastLeaderElection - Receive new notification message. My id = 1
22:35:10.917 [QuorumPeer[myid=1](plain=127.0.0.1:37453)(secure=disabled)] DEBUG org.apache.zookeeper.server.quorum.FastLeaderElection - Sending Notification: 3 (n.leader), 0x0 (n.zxid), 0x1 (n.round), 3 (recipient), 1 (myid), 0x0 (n.peerEpoch) 
22:35:10.917 [WorkerReceiver[myid=1]] INFO org.apache.zookeeper.server.quorum.FastLeaderElection - Notification: my state:LOOKING; n.sid:1, n.state:LOOKING, n.leader:3, n.round:0x1, n.peerEpoch:0x0, n.zxid:0x0, message format version:0x2, n.config version:0x0
22:35:10.917 [WorkerSender[myid=1]] DEBUG org.apache.zookeeper.util.CircularBlockingQueue - Queue is full. Discarding oldest element [count=1]: java.nio.HeapByteBuffer[pos=230 lim=230 cap=230]
22:35:10.917 [QuorumPeer[myid=1](plain=127.0.0.1:37453)(secure=disabled)] DEBUG org.apache.zookeeper.server.quorum.FastLeaderElection - Adding vote: from=3, proposed leader=3, proposed zxid=0x0, proposed election epoch=0x1
22:35:10.917 [WorkerSender[myid=1]] DEBUG org.apache.zookeeper.server.quorum.QuorumCnxManager - There is a connection already for server 2
22:35:10.917 [QuorumPeer[myid=1](plain=127.0.0.1:37453)(secure=disabled)] DEBUG org.apache.zookeeper.server.quorum.FastLeaderElection - id: 3, proposed id: 3, zxid: 0x0, proposed zxid: 0x0
22:35:10.917 [WorkerSender[myid=1]] DEBUG org.apache.zookeeper.server.quorum.QuorumCnxManager - There is a connection already for server 3
22:35:10.917 [QuorumPeer[myid=1](plain=127.0.0.1:37453)(secure=disabled)] DEBUG org.apache.zookeeper.server.quorum.FastLeaderElection - Adding vote: from=1, proposed leader=3, proposed zxid=0x0, proposed election epoch=0x1
22:35:10.918 [WorkerReceiver[myid=3]] DEBUG org.apache.zookeeper.server.quorum.FastLeaderElection - Receive new notification message. My id = 3
22:35:10.918 [WorkerReceiver[myid=3]] INFO org.apache.zookeeper.server.quorum.FastLeaderElection - Notification: my state:LOOKING; n.sid:1, n.state:LOOKING, n.leader:3, n.round:0x1, n.peerEpoch:0x0, n.zxid:0x0, message format version:0x2, n.config version:0x0
22:35:10.918 [QuorumPeer[myid=3](plain=127.0.0.1:32941)(secure=disabled)] DEBUG org.apache.zookeeper.server.quorum.FastLeaderElection - id: 3, proposed id: 3, zxid: 0x0, proposed zxid: 0x0
22:35:10.918 [QuorumPeer[myid=3](plain=127.0.0.1:32941)(secure=disabled)] DEBUG org.apache.zookeeper.server.quorum.FastLeaderElection - Adding vote: from=1, proposed leader=3, proposed zxid=0x0, proposed election epoch=0x1
22:35:10.920 [ListenerHandler-/127.0.0.1:42517] DEBUG org.apache.zookeeper.server.quorum.QuorumCnxManager - Calling SendWorker.finish for 2
22:35:10.920 [SendWorker:2] DEBUG org.apache.zookeeper.server.quorum.QuorumCnxManager - SendWorker thread started towards 2. myId: 1
22:35:10.921 [ListenerHandler-/127.0.0.1:42517] DEBUG org.apache.zookeeper.server.quorum.QuorumCnxManager - RecvWorker.finish called. sid: 2. myId: 3
22:35:10.921 [ListenerHandler-/127.0.0.1:42517] DEBUG org.apache.zookeeper.server.quorum.QuorumCnxManager - Removing entry from senderWorkerMap sid=2
22:35:10.921 [ListenerHandler-/127.0.0.1:42517] DEBUG org.apache.zookeeper.server.quorum.QuorumCnxManager - Create new connection to server: 2
22:35:10.921 [WorkerReceiver[myid=2]] DEBUG org.apache.zookeeper.server.quorum.FastLeaderElection - Receive new notification message. My id = 2
22:35:10.921 [WorkerReceiver[myid=2]] INFO org.apache.zookeeper.server.quorum.FastLeaderElection - Notification: my state:LOOKING; n.sid:1, n.state:LOOKING, n.leader:3, n.round:0x1, n.peerEpoch:0x0, n.zxid:0x0, message format version:0x2, n.config version:0x0
22:35:10.921 [SendWorker:2] DEBUG org.apache.zookeeper.server.quorum.QuorumCnxManager - SendWorker thread started towards 2. myId: 3
22:35:10.921 [SendWorker:2] DEBUG org.apache.zookeeper.server.quorum.QuorumCnxManager - Calling SendWorker.finish for 2
22:35:10.921 [QuorumPeer[myid=2](plain=127.0.0.1:45473)(secure=disabled)] DEBUG org.apache.zookeeper.server.quorum.FastLeaderElection - id: 3, proposed id: 2, zxid: 0x0, proposed zxid: 0x0
22:35:10.921 [SendWorker:2] WARN org.apache.zookeeper.server.quorum.QuorumCnxManager - Send worker leaving thread id 2 my id = 3
22:35:10.922 [QuorumPeer[myid=2](plain=127.0.0.1:45473)(secure=disabled)] DEBUG org.apache.zookeeper.server.quorum.FastLeaderElection - Updating proposal: 3 (newleader), 0x0 (newzxid), 2 (oldleader), 0x0 (oldzxid)
22:35:10.922 [RecvWorker:2] DEBUG org.apache.zookeeper.server.quorum.QuorumCnxManager - RecvWorker thread towards 2 started. myId: 1
22:35:10.922 [RecvWorker:2] DEBUG org.apache.zookeeper.server.quorum.QuorumCnxManager - RecvWorker thread towards 2 started. myId: 3
22:35:10.922 [RecvWorker:2] WARN org.apache.zookeeper.server.quorum.QuorumCnxManager - Interrupting SendWorker thread from RecvWorker. sid: 2. myId: 3
22:35:10.922 [RecvWorker:2] DEBUG org.apache.zookeeper.server.quorum.QuorumCnxManager - Calling SendWorker.finish for 2
22:35:10.922 [QuorumPeer[myid=2](plain=127.0.0.1:45473)(secure=disabled)] DEBUG org.apache.zookeeper.server.quorum.FastLeaderElection - Sending Notification: 3 (n.leader), 0x0 (n.zxid), 0x1 (n.round), 1 (recipient), 2 (myid), 0x0 (n.peerEpoch) 
22:35:10.922 [WorkerSender[myid=2]] DEBUG org.apache.zookeeper.server.quorum.QuorumCnxManager - There is a connection already for server 1
22:35:10.922 [WorkerReceiver[myid=1]] DEBUG org.apache.zookeeper.server.quorum.FastLeaderElection - Receive new notification message. My id = 1
22:35:10.922 [WorkerReceiver[myid=1]] INFO org.apache.zookeeper.server.quorum.FastLeaderElection - Notification: my state:LOOKING; n.sid:2, n.state:LOOKING, n.leader:2, n.round:0x1, n.peerEpoch:0x0, n.zxid:0x0, message format version:0x2, n.config version:0x0
22:35:10.923 [QuorumPeer[myid=2](plain=127.0.0.1:45473)(secure=disabled)] DEBUG org.apache.zookeeper.server.quorum.FastLeaderElection - Sending Notification: 3 (n.leader), 0x0 (n.zxid), 0x1 (n.round), 2 (recipient), 2 (myid), 0x0 (n.peerEpoch) 
22:35:10.923 [QuorumPeer[myid=1](plain=127.0.0.1:37453)(secure=disabled)] DEBUG org.apache.zookeeper.server.quorum.FastLeaderElection - id: 2, proposed id: 3, zxid: 0x0, proposed zxid: 0x0
22:35:10.923 [WorkerReceiver[myid=1]] DEBUG org.apache.zookeeper.server.quorum.FastLeaderElection - Receive new notification message. My id = 1
22:35:10.923 [WorkerReceiver[myid=1]] INFO org.apache.zookeeper.server.quorum.FastLeaderElection - Notification: my state:LOOKING; n.sid:2, n.state:LOOKING, n.leader:3, n.round:0x1, n.peerEpoch:0x0, n.zxid:0x0, message format version:0x2, n.config version:0x0
22:35:10.923 [SendWorker:3] DEBUG org.apache.zookeeper.server.quorum.QuorumCnxManager - SendWorker thread started towards 3. myId: 2
22:35:10.923 [QuorumPeer[myid=1](plain=127.0.0.1:37453)(secure=disabled)] DEBUG org.apache.zookeeper.server.quorum.FastLeaderElection - id: 3, proposed id: 3, zxid: 0x0, proposed zxid: 0x0
22:35:10.923 [QuorumPeer[myid=2](plain=127.0.0.1:45473)(secure=disabled)] DEBUG org.apache.zookeeper.server.quorum.FastLeaderElection - Sending Notification: 3 (n.leader), 0x0 (n.zxid), 0x1 (n.round), 3 (recipient), 2 (myid), 0x0 (n.peerEpoch) 
22:35:10.923 [QuorumPeer[myid=2](plain=127.0.0.1:45473)(secure=disabled)] DEBUG org.apache.zookeeper.server.quorum.FastLeaderElection - Adding vote: from=1, proposed leader=3, proposed zxid=0x0, proposed election epoch=0x1
22:35:10.923 [RecvWorker:3] DEBUG org.apache.zookeeper.server.quorum.QuorumCnxManager - RecvWorker thread towards 3 started. myId: 2
22:35:10.923 [WorkerSender[myid=2]] DEBUG org.apache.zookeeper.server.quorum.QuorumCnxManager - There is a connection already for server 3
22:35:10.924 [RecvWorker:3] WARN org.apache.zookeeper.server.quorum.QuorumCnxManager - Connection broken for id 3, my id = 2
java.io.EOFException: null
	at java.base/java.io.DataInputStream.readInt(DataInputStream.java:398)
	at org.apache.zookeeper.server.quorum.QuorumCnxManager$RecvWorker.run(QuorumCnxManager.java:1391)
22:35:10.924 [RecvWorker:3] WARN org.apache.zookeeper.server.quorum.QuorumCnxManager - Interrupting SendWorker thread from RecvWorker. sid: 3. myId: 2
22:35:10.924 [RecvWorker:3] DEBUG org.apache.zookeeper.server.quorum.QuorumCnxManager - Calling SendWorker.finish for 3
22:35:10.924 [SendWorker:3] WARN org.apache.zookeeper.server.quorum.QuorumCnxManager - Exception when using channel: for id 3 my id = 2
java.net.SocketException: Broken pipe
	at java.base/sun.nio.ch.NioSocketImpl.implWrite(NioSocketImpl.java:420)
	at java.base/sun.nio.ch.NioSocketImpl.write(NioSocketImpl.java:440)
	at java.base/sun.nio.ch.NioSocketImpl$2.write(NioSocketImpl.java:826)
	at java.base/java.net.Socket$SocketOutputStream.write(Socket.java:1035)
	at java.base/java.io.DataOutputStream.write(DataOutputStream.java:112)
	at java.base/java.io.FilterOutputStream.write(FilterOutputStream.java:108)
	at org.apache.zookeeper.server.quorum.QuorumCnxManager$SendWorker.send(QuorumCnxManager.java:1236)
	at org.apache.zookeeper.server.quorum.QuorumCnxManager$SendWorker.run(QuorumCnxManager.java:1286)
22:35:10.924 [RecvWorker:3] DEBUG org.apache.zookeeper.server.quorum.QuorumCnxManager - RecvWorker.finish called. sid: 3. myId: 2
22:35:10.924 [WorkerReceiver[myid=2]] DEBUG org.apache.zookeeper.server.quorum.FastLeaderElection - Receive new notification message. My id = 2
22:35:10.924 [RecvWorker:3] DEBUG org.apache.zookeeper.server.quorum.QuorumCnxManager - Removing entry from senderWorkerMap sid=3
22:35:10.924 [WorkerReceiver[myid=2]] INFO org.apache.zookeeper.server.quorum.FastLeaderElection - Notification: my state:LOOKING; n.sid:2, n.state:LOOKING, n.leader:3, n.round:0x1, n.peerEpoch:0x0, n.zxid:0x0, message format version:0x2, n.config version:0x0
22:35:10.924 [SendWorker:3] DEBUG org.apache.zookeeper.server.quorum.QuorumCnxManager - Calling SendWorker.finish for 3
22:35:10.924 [SendWorker:3] WARN org.apache.zookeeper.server.quorum.QuorumCnxManager - Send worker leaving thread id 3 my id = 2
22:35:10.924 [QuorumPeer[myid=2](plain=127.0.0.1:45473)(secure=disabled)] DEBUG org.apache.zookeeper.server.quorum.FastLeaderElection - id: 3, proposed id: 3, zxid: 0x0, proposed zxid: 0x0
22:35:10.924 [QuorumPeer[myid=2](plain=127.0.0.1:45473)(secure=disabled)] DEBUG org.apache.zookeeper.server.quorum.FastLeaderElection - Adding vote: from=2, proposed leader=3, proposed zxid=0x0, proposed election epoch=0x1
22:35:10.924 [QuorumConnectionThread-[myid=3]-3] DEBUG org.apache.zookeeper.server.quorum.QuorumCnxManager - Opening channel to server 2
22:35:10.925 [ListenerHandler-/127.0.0.1:34483] INFO org.apache.zookeeper.server.quorum.QuorumCnxManager - Received connection request from /127.0.0.1:41338
22:35:10.925 [ListenerHandler-/127.0.0.1:34483] DEBUG org.apache.zookeeper.server.quorum.QuorumCnxManager - Sync handling of connection request received from: /127.0.0.1:41338
22:35:10.925 [QuorumConnectionThread-[myid=3]-3] DEBUG org.apache.zookeeper.server.quorum.QuorumCnxManager - Connected to server 2 using election address: /127.0.0.1:34483
22:35:10.925 [QuorumConnectionThread-[myid=3]-3] DEBUG org.apache.zookeeper.server.quorum.QuorumCnxManager - startConnection (myId:3 --> sid:2)
22:35:10.925 [ListenerHandler-/127.0.0.1:34483] DEBUG org.apache.zookeeper.server.quorum.QuorumCnxManager - Initial message parsed by 2: InitialMessage{sid=3, electionAddr=[/127.0.0.1:42517]}
22:35:10.925 [ListenerHandler-/127.0.0.1:34483] DEBUG org.apache.zookeeper.server.quorum.QuorumCnxManager - Address of remote peer: 3
22:35:10.926 [QuorumConnectionThread-[myid=3]-3] DEBUG org.apache.zookeeper.server.quorum.QuorumCnxManager - Have larger server identifier, so keeping the connection: (myId:3 --> sid:2)
22:35:10.926 [SendWorker:3] DEBUG org.apache.zookeeper.server.quorum.QuorumCnxManager - SendWorker thread started towards 3. myId: 2
22:35:10.926 [QuorumConnectionThread-[myid=3]-3] DEBUG org.apache.zookeeper.server.quorum.QuorumCnxManager - Address of remote peer: 2
22:35:10.926 [RecvWorker:3] DEBUG org.apache.zookeeper.server.quorum.QuorumCnxManager - RecvWorker thread towards 3 started. myId: 2
22:35:10.926 [SendWorker:2] DEBUG org.apache.zookeeper.server.quorum.QuorumCnxManager - SendWorker thread started towards 2. myId: 3
22:35:10.926 [RecvWorker:2] DEBUG org.apache.zookeeper.server.quorum.QuorumCnxManager - RecvWorker thread towards 2 started. myId: 3
22:35:10.927 [WorkerReceiver[myid=3]] DEBUG org.apache.zookeeper.server.quorum.FastLeaderElection - Receive new notification message. My id = 3
22:35:10.927 [WorkerReceiver[myid=3]] INFO org.apache.zookeeper.server.quorum.FastLeaderElection - Notification: my state:LOOKING; n.sid:2, n.state:LOOKING, n.leader:3, n.round:0x1, n.peerEpoch:0x0, n.zxid:0x0, message format version:0x2, n.config version:0x0
22:35:10.927 [QuorumPeer[myid=3](plain=127.0.0.1:32941)(secure=disabled)] DEBUG org.apache.zookeeper.server.quorum.FastLeaderElection - id: 3, proposed id: 3, zxid: 0x0, proposed zxid: 0x0
22:35:10.928 [WorkerReceiver[myid=2]] DEBUG org.apache.zookeeper.server.quorum.FastLeaderElection - Receive new notification message. My id = 2
22:35:10.928 [WorkerReceiver[myid=2]] INFO org.apache.zookeeper.server.quorum.FastLeaderElection - Notification: my state:LOOKING; n.sid:3, n.state:LOOKING, n.leader:3, n.round:0x1, n.peerEpoch:0x0, n.zxid:0x0, message format version:0x2, n.config version:0x0
22:35:10.928 [QuorumPeer[myid=2](plain=127.0.0.1:45473)(secure=disabled)] DEBUG org.apache.zookeeper.server.quorum.FastLeaderElection - id: 3, proposed id: 3, zxid: 0x0, proposed zxid: 0x0
22:35:11.123 [QuorumPeer[myid=1](plain=127.0.0.1:37453)(secure=disabled)] DEBUG org.apache.zookeeper.server.quorum.FastLeaderElection - I am a participant: 1
22:35:11.124 [QuorumPeer[myid=1](plain=127.0.0.1:37453)(secure=disabled)] INFO org.apache.zookeeper.server.quorum.QuorumPeer - Peer state changed: following
22:35:11.124 [QuorumPeer[myid=1](plain=127.0.0.1:37453)(secure=disabled)] DEBUG org.apache.zookeeper.server.quorum.FastLeaderElection - About to leave FLE instance: leader=3, zxid=0x0, my id=1, my state=FOLLOWING
22:35:11.124 [QuorumPeer[myid=1](plain=127.0.0.1:37453)(secure=disabled)] DEBUG org.apache.zookeeper.server.quorum.FastLeaderElection - Number of connection processing threads: 2
22:35:11.124 [QuorumPeer[myid=1](plain=127.0.0.1:37453)(secure=disabled)] INFO org.apache.zookeeper.server.quorum.QuorumPeer - FOLLOWING
22:35:11.128 [QuorumPeer[myid=1](plain=127.0.0.1:37453)(secure=disabled)] INFO org.apache.zookeeper.server.quorum.Learner - leaderConnectDelayDuringRetryMs: 100
22:35:11.128 [QuorumPeer[myid=3](plain=127.0.0.1:32941)(secure=disabled)] INFO org.apache.zookeeper.server.quorum.QuorumPeer - Peer state changed: leading
22:35:11.128 [QuorumPeer[myid=1](plain=127.0.0.1:37453)(secure=disabled)] INFO org.apache.zookeeper.server.quorum.Learner - TCP NoDelay set to: true
22:35:11.128 [QuorumPeer[myid=3](plain=127.0.0.1:32941)(secure=disabled)] DEBUG org.apache.zookeeper.server.quorum.FastLeaderElection - About to leave FLE instance: leader=3, zxid=0x0, my id=3, my state=LEADING
22:35:11.128 [QuorumPeer[myid=1](plain=127.0.0.1:37453)(secure=disabled)] INFO org.apache.zookeeper.server.quorum.Learner - zookeeper.learner.asyncSending = false
22:35:11.128 [QuorumPeer[myid=3](plain=127.0.0.1:32941)(secure=disabled)] DEBUG org.apache.zookeeper.server.quorum.FastLeaderElection - Number of connection processing threads: 3
22:35:11.128 [QuorumPeer[myid=1](plain=127.0.0.1:37453)(secure=disabled)] INFO org.apache.zookeeper.server.quorum.Learner - zookeeper.learner.closeSocketAsync = false
22:35:11.128 [QuorumPeer[myid=3](plain=127.0.0.1:32941)(secure=disabled)] INFO org.apache.zookeeper.server.quorum.QuorumPeer - LEADING
22:35:11.128 [QuorumPeer[myid=2](plain=127.0.0.1:45473)(secure=disabled)] DEBUG org.apache.zookeeper.server.quorum.FastLeaderElection - I am a participant: 2
22:35:11.128 [QuorumPeer[myid=2](plain=127.0.0.1:45473)(secure=disabled)] INFO org.apache.zookeeper.server.quorum.QuorumPeer - Peer state changed: following
22:35:11.128 [QuorumPeer[myid=2](plain=127.0.0.1:45473)(secure=disabled)] DEBUG org.apache.zookeeper.server.quorum.FastLeaderElection - About to leave FLE instance: leader=3, zxid=0x0, my id=2, my state=FOLLOWING
22:35:11.128 [QuorumPeer[myid=2](plain=127.0.0.1:45473)(secure=disabled)] DEBUG org.apache.zookeeper.server.quorum.FastLeaderElection - Number of connection processing threads: 2
22:35:11.128 [QuorumPeer[myid=2](plain=127.0.0.1:45473)(secure=disabled)] INFO org.apache.zookeeper.server.quorum.QuorumPeer - FOLLOWING
22:35:11.128 [QuorumPeer[myid=1](plain=127.0.0.1:37453)(secure=disabled)] INFO org.apache.zookeeper.server.AuthenticationHelper - zookeeper.enforce.auth.enabled = false
22:35:11.128 [QuorumPeer[myid=2](plain=127.0.0.1:45473)(secure=disabled)] INFO org.apache.zookeeper.server.AuthenticationHelper - zookeeper.enforce.auth.enabled = false
22:35:11.128 [QuorumPeer[myid=1](plain=127.0.0.1:37453)(secure=disabled)] INFO org.apache.zookeeper.server.AuthenticationHelper - zookeeper.enforce.auth.schemes = []
22:35:11.128 [QuorumPeer[myid=2](plain=127.0.0.1:45473)(secure=disabled)] INFO org.apache.zookeeper.server.AuthenticationHelper - zookeeper.enforce.auth.schemes = []
22:35:11.128 [QuorumPeer[myid=2](plain=127.0.0.1:45473)(secure=disabled)] INFO org.apache.zookeeper.server.ZooKeeperServer - minSessionTimeout set to 1000 ms
22:35:11.128 [QuorumPeer[myid=1](plain=127.0.0.1:37453)(secure=disabled)] INFO org.apache.zookeeper.server.ZooKeeperServer - minSessionTimeout set to 1000 ms
22:35:11.129 [QuorumPeer[myid=1](plain=127.0.0.1:37453)(secure=disabled)] INFO org.apache.zookeeper.server.ZooKeeperServer - maxSessionTimeout set to 20000 ms
22:35:11.129 [QuorumPeer[myid=2](plain=127.0.0.1:45473)(secure=disabled)] INFO org.apache.zookeeper.server.ZooKeeperServer - maxSessionTimeout set to 20000 ms
22:35:11.129 [QuorumPeer[myid=1](plain=127.0.0.1:37453)(secure=disabled)] INFO org.apache.zookeeper.server.ResponseCache - getData response cache size is initialized with value 400.
22:35:11.129 [QuorumPeer[myid=1](plain=127.0.0.1:37453)(secure=disabled)] INFO org.apache.zookeeper.server.ResponseCache - getChildren response cache size is initialized with value 400.
22:35:11.130 [QuorumPeer[myid=1](plain=127.0.0.1:37453)(secure=disabled)] INFO org.apache.zookeeper.server.util.RequestPathMetricsCollector - zookeeper.pathStats.slotCapacity = 60
22:35:11.130 [QuorumPeer[myid=1](plain=127.0.0.1:37453)(secure=disabled)] INFO org.apache.zookeeper.server.util.RequestPathMetricsCollector - zookeeper.pathStats.slotDuration = 15
22:35:11.130 [QuorumPeer[myid=1](plain=127.0.0.1:37453)(secure=disabled)] INFO org.apache.zookeeper.server.util.RequestPathMetricsCollector - zookeeper.pathStats.maxDepth = 6
22:35:11.130 [QuorumPeer[myid=1](plain=127.0.0.1:37453)(secure=disabled)] INFO org.apache.zookeeper.server.util.RequestPathMetricsCollector - zookeeper.pathStats.initialDelay = 5
22:35:11.130 [QuorumPeer[myid=1](plain=127.0.0.1:37453)(secure=disabled)] INFO org.apache.zookeeper.server.util.RequestPathMetricsCollector - zookeeper.pathStats.delay = 5
22:35:11.130 [QuorumPeer[myid=1](plain=127.0.0.1:37453)(secure=disabled)] INFO org.apache.zookeeper.server.util.RequestPathMetricsCollector - zookeeper.pathStats.enabled = false
22:35:11.130 [QuorumPeer[myid=2](plain=127.0.0.1:45473)(secure=disabled)] INFO org.apache.zookeeper.server.ResponseCache - getData response cache size is initialized with value 400.
22:35:11.130 [QuorumPeer[myid=2](plain=127.0.0.1:45473)(secure=disabled)] INFO org.apache.zookeeper.server.ResponseCache - getChildren response cache size is initialized with value 400.
22:35:11.130 [QuorumPeer[myid=1](plain=127.0.0.1:37453)(secure=disabled)] INFO org.apache.zookeeper.server.ZooKeeperServer - The max bytes for all large requests are set to 104857600
22:35:11.130 [QuorumPeer[myid=2](plain=127.0.0.1:45473)(secure=disabled)] INFO org.apache.zookeeper.server.util.RequestPathMetricsCollector - zookeeper.pathStats.slotCapacity = 60
22:35:11.130 [QuorumPeer[myid=1](plain=127.0.0.1:37453)(secure=disabled)] INFO org.apache.zookeeper.server.ZooKeeperServer - The large request threshold is set to -1
22:35:11.130 [QuorumPeer[myid=2](plain=127.0.0.1:45473)(secure=disabled)] INFO org.apache.zookeeper.server.util.RequestPathMetricsCollector - zookeeper.pathStats.slotDuration = 15
22:35:11.130 [QuorumPeer[myid=2](plain=127.0.0.1:45473)(secure=disabled)] INFO org.apache.zookeeper.server.util.RequestPathMetricsCollector - zookeeper.pathStats.maxDepth = 6
22:35:11.130 [QuorumPeer[myid=1](plain=127.0.0.1:37453)(secure=disabled)] INFO org.apache.zookeeper.server.ZooKeeperServer - Created server with tickTime 1000 ms minSessionTimeout 1000 ms maxSessionTimeout 20000 ms clientPortListenBacklog -1 datadir /tmp/1693755310792-0/version-2 snapdir /tmp/1693755310792-0/version-2
22:35:11.130 [QuorumPeer[myid=2](plain=127.0.0.1:45473)(secure=disabled)] INFO org.apache.zookeeper.server.util.RequestPathMetricsCollector - zookeeper.pathStats.initialDelay = 5
22:35:11.130 [QuorumPeer[myid=2](plain=127.0.0.1:45473)(secure=disabled)] INFO org.apache.zookeeper.server.util.RequestPathMetricsCollector - zookeeper.pathStats.delay = 5
22:35:11.130 [QuorumPeer[myid=2](plain=127.0.0.1:45473)(secure=disabled)] INFO org.apache.zookeeper.server.util.RequestPathMetricsCollector - zookeeper.pathStats.enabled = false
22:35:11.130 [QuorumPeer[myid=2](plain=127.0.0.1:45473)(secure=disabled)] INFO org.apache.zookeeper.server.ZooKeeperServer - The max bytes for all large requests are set to 104857600
22:35:11.130 [QuorumPeer[myid=2](plain=127.0.0.1:45473)(secure=disabled)] INFO org.apache.zookeeper.server.ZooKeeperServer - The large request threshold is set to -1
22:35:11.130 [QuorumPeer[myid=2](plain=127.0.0.1:45473)(secure=disabled)] INFO org.apache.zookeeper.server.ZooKeeperServer - Created server with tickTime 1000 ms minSessionTimeout 1000 ms maxSessionTimeout 20000 ms clientPortListenBacklog -1 datadir /tmp/1693755310793-0/version-2 snapdir /tmp/1693755310793-0/version-2
22:35:11.131 [QuorumPeer[myid=3](plain=127.0.0.1:32941)(secure=disabled)] INFO org.apache.zookeeper.server.quorum.LearnerMaster - zookeeper.leader.maxConcurrentSnapSyncs = 10
22:35:11.131 [QuorumPeer[myid=3](plain=127.0.0.1:32941)(secure=disabled)] INFO org.apache.zookeeper.server.quorum.LearnerMaster - zookeeper.leader.maxConcurrentDiffSyncs = 100
22:35:11.131 [QuorumPeer[myid=3](plain=127.0.0.1:32941)(secure=disabled)] INFO org.apache.zookeeper.server.quorum.Leader - TCP NoDelay set to: true
22:35:11.131 [QuorumPeer[myid=3](plain=127.0.0.1:32941)(secure=disabled)] INFO org.apache.zookeeper.server.quorum.Leader - zookeeper.leader.ackLoggingFrequency = 1000
22:35:11.131 [QuorumPeer[myid=3](plain=127.0.0.1:32941)(secure=disabled)] INFO org.apache.zookeeper.server.quorum.Leader - zookeeper.leader.maxTimeToWaitForEpoch = -1ms
22:35:11.132 [QuorumPeer[myid=2](plain=127.0.0.1:45473)(secure=disabled)] INFO org.apache.zookeeper.server.quorum.Learner - FOLLOWING - LEADER ELECTION TOOK - 254 MS
22:35:11.132 [QuorumPeer[myid=1](plain=127.0.0.1:37453)(secure=disabled)] INFO org.apache.zookeeper.server.quorum.Learner - FOLLOWING - LEADER ELECTION TOOK - 254 MS
22:35:11.132 [QuorumPeer[myid=3](plain=127.0.0.1:32941)(secure=disabled)] INFO org.apache.zookeeper.server.AuthenticationHelper - zookeeper.enforce.auth.enabled = false
22:35:11.132 [QuorumPeer[myid=3](plain=127.0.0.1:32941)(secure=disabled)] INFO org.apache.zookeeper.server.AuthenticationHelper - zookeeper.enforce.auth.schemes = []
22:35:11.132 [QuorumPeer[myid=3](plain=127.0.0.1:32941)(secure=disabled)] INFO org.apache.zookeeper.server.ZooKeeperServer - minSessionTimeout set to 1000 ms
22:35:11.132 [QuorumPeer[myid=3](plain=127.0.0.1:32941)(secure=disabled)] INFO org.apache.zookeeper.server.ZooKeeperServer - maxSessionTimeout set to 20000 ms
22:35:11.132 [QuorumPeer[myid=3](plain=127.0.0.1:32941)(secure=disabled)] INFO org.apache.zookeeper.server.ResponseCache - getData response cache size is initialized with value 400.
22:35:11.132 [QuorumPeer[myid=3](plain=127.0.0.1:32941)(secure=disabled)] INFO org.apache.zookeeper.server.ResponseCache - getChildren response cache size is initialized with value 400.
22:35:11.132 [QuorumPeer[myid=3](plain=127.0.0.1:32941)(secure=disabled)] INFO org.apache.zookeeper.server.util.RequestPathMetricsCollector - zookeeper.pathStats.slotCapacity = 60
22:35:11.132 [QuorumPeer[myid=3](plain=127.0.0.1:32941)(secure=disabled)] INFO org.apache.zookeeper.server.util.RequestPathMetricsCollector - zookeeper.pathStats.slotDuration = 15
22:35:11.132 [QuorumPeer[myid=3](plain=127.0.0.1:32941)(secure=disabled)] INFO org.apache.zookeeper.server.util.RequestPathMetricsCollector - zookeeper.pathStats.maxDepth = 6
22:35:11.132 [QuorumPeer[myid=3](plain=127.0.0.1:32941)(secure=disabled)] INFO org.apache.zookeeper.server.util.RequestPathMetricsCollector - zookeeper.pathStats.initialDelay = 5
22:35:11.132 [QuorumPeer[myid=3](plain=127.0.0.1:32941)(secure=disabled)] INFO org.apache.zookeeper.server.util.RequestPathMetricsCollector - zookeeper.pathStats.delay = 5
22:35:11.132 [QuorumPeer[myid=3](plain=127.0.0.1:32941)(secure=disabled)] INFO org.apache.zookeeper.server.util.RequestPathMetricsCollector - zookeeper.pathStats.enabled = false
22:35:11.132 [QuorumPeer[myid=2](plain=127.0.0.1:45473)(secure=disabled)] INFO org.apache.zookeeper.server.quorum.QuorumPeer - Peer state changed: following - discovery
22:35:11.132 [QuorumPeer[myid=1](plain=127.0.0.1:37453)(secure=disabled)] INFO org.apache.zookeeper.server.quorum.QuorumPeer - Peer state changed: following - discovery
22:35:11.132 [QuorumPeer[myid=3](plain=127.0.0.1:32941)(secure=disabled)] INFO org.apache.zookeeper.server.ZooKeeperServer - The max bytes for all large requests are set to 104857600
22:35:11.132 [QuorumPeer[myid=3](plain=127.0.0.1:32941)(secure=disabled)] INFO org.apache.zookeeper.server.ZooKeeperServer - The large request threshold is set to -1
22:35:11.132 [QuorumPeer[myid=3](plain=127.0.0.1:32941)(secure=disabled)] INFO org.apache.zookeeper.server.ZooKeeperServer - Created server with tickTime 1000 ms minSessionTimeout 1000 ms maxSessionTimeout 20000 ms clientPortListenBacklog -1 datadir /tmp/1693755310793-1/version-2 snapdir /tmp/1693755310793-1/version-2
22:35:11.134 [LeaderConnector-/127.0.0.1:41609] ERROR org.apache.zookeeper.server.quorum.Learner - [wasabi] Retry Loop 05 is called. MaxRetry : 5
22:35:11.134 [LeaderConnector-/127.0.0.1:41609] ERROR org.apache.zookeeper.server.quorum.Learner - [wasabi] Retry Loop 05 is called. MaxRetry : 5
22:35:11.135 [LeaderConnector-/127.0.0.1:41609] ERROR org.apache.zookeeper.server.quorum.Learner - [wasabi] Retry Loop 05 is called. MaxDuration : 100
22:35:11.135 [QuorumPeer[myid=3](plain=127.0.0.1:32941)(secure=disabled)] INFO org.apache.zookeeper.server.quorum.Leader - LEADING - LEADER ELECTION TOOK - 254 MS
22:35:11.135 [LeaderConnector-/127.0.0.1:41609] ERROR org.apache.zookeeper.server.quorum.Learner - [wasabi] Retry Loop 05 is called. MaxDuration : 100
22:35:11.135 [QuorumPeer[myid=3](plain=127.0.0.1:32941)(secure=disabled)] INFO org.apache.zookeeper.server.quorum.QuorumPeer - Peer state changed: leading - discovery
22:35:11.135 [QuorumPeer[myid=3](plain=127.0.0.1:32941)(secure=disabled)] INFO org.apache.zookeeper.server.persistence.FileTxnSnapLog - Snapshotting: 0x0 to /tmp/1693755310793-1/version-2/snapshot.0
22:35:11.135 [LeaderConnector-/127.0.0.1:41609] INFO org.apache.zookeeper.server.quorum.Learner - Successfully connected to leader, using address: /127.0.0.1:41609
22:35:11.135 [LeaderConnector-/127.0.0.1:41609] INFO org.apache.zookeeper.server.quorum.Learner - Successfully connected to leader, using address: /127.0.0.1:41609
22:35:11.135 [QuorumPeer[myid=3](plain=127.0.0.1:32941)(secure=disabled)] INFO org.apache.zookeeper.server.ZooKeeperServer - Snapshot taken in 1 ms
22:35:11.141 [LearnerCnxAcceptorHandler-/127.0.0.1:41609] INFO org.apache.zookeeper.server.quorum.LearnerHandler - zookeeper.leader.closeSocketAsync = false
22:35:11.143 [LearnerHandler-/127.0.0.1:51824] INFO org.apache.zookeeper.server.quorum.LearnerHandler - Follower sid: 1 : info : 127.0.0.1:38457:39353:participant;127.0.0.1:37453
22:35:11.143 [LearnerHandler-/127.0.0.1:51816] INFO org.apache.zookeeper.server.quorum.LearnerHandler - Follower sid: 2 : info : 127.0.0.1:44111:34483:participant;127.0.0.1:45473
22:35:11.147 [QuorumPeer[myid=3](plain=127.0.0.1:32941)(secure=disabled)] DEBUG org.apache.zookeeper.server.quorum.Leader - set lastSeenQuorumVerifier to currentQuorumVerifier (server.1=127.0.0.1:38457:39353:participant;127.0.0.1:37453
server.2=127.0.0.1:44111:34483:participant;127.0.0.1:45473
server.3=127.0.0.1:41609:42517:participant;127.0.0.1:32941
version=0)
22:35:11.148 [QuorumPeer[myid=3](plain=127.0.0.1:32941)(secure=disabled)] INFO org.apache.zookeeper.server.quorum.QuorumPeer - Dynamic reconfig is disabled, we don't store the last seen config.
22:35:11.149 [LearnerHandler-/127.0.0.1:51824] INFO org.apache.zookeeper.server.ZKDatabase - On disk txn sync enabled with snapshotSizeFactor 0.33
22:35:11.150 [LearnerHandler-/127.0.0.1:51824] INFO org.apache.zookeeper.server.quorum.LearnerHandler - Synchronizing with Learner sid: 1 maxCommittedLog=0x0 minCommittedLog=0x0 lastProcessedZxid=0x0 peerLastZxid=0x0
22:35:11.150 [LearnerHandler-/127.0.0.1:51824] INFO org.apache.zookeeper.server.quorum.LearnerHandler - Sending DIFF zxid=0x0 for peer sid: 1
22:35:11.150 [LearnerHandler-/127.0.0.1:51824] DEBUG org.apache.zookeeper.server.quorum.LearnerHandler - Start forwarding 0x0 for peer sid: 1
22:35:11.150 [QuorumPeer[myid=1](plain=127.0.0.1:37453)(secure=disabled)] INFO org.apache.zookeeper.server.quorum.QuorumPeer - Peer state changed: following - synchronization
22:35:11.151 [LearnerHandler-/127.0.0.1:51824] DEBUG org.apache.zookeeper.server.quorum.LearnerHandler - Sending NEWLEADER message to 1
22:35:11.151 [QuorumPeer[myid=2](plain=127.0.0.1:45473)(secure=disabled)] INFO org.apache.zookeeper.server.quorum.QuorumPeer - Peer state changed: following - synchronization
22:35:11.151 [LearnerHandler-/127.0.0.1:51816] INFO org.apache.zookeeper.server.ZKDatabase - On disk txn sync enabled with snapshotSizeFactor 0.33
22:35:11.151 [LearnerHandler-/127.0.0.1:51816] INFO org.apache.zookeeper.server.quorum.LearnerHandler - Synchronizing with Learner sid: 2 maxCommittedLog=0x0 minCommittedLog=0x0 lastProcessedZxid=0x0 peerLastZxid=0x0
22:35:11.151 [LearnerHandler-/127.0.0.1:51816] INFO org.apache.zookeeper.server.quorum.LearnerHandler - Sending DIFF zxid=0x0 for peer sid: 2
22:35:11.151 [LearnerHandler-/127.0.0.1:51816] DEBUG org.apache.zookeeper.server.quorum.LearnerHandler - Start forwarding 0x0 for peer sid: 2
22:35:11.151 [LearnerHandler-/127.0.0.1:51816] DEBUG org.apache.zookeeper.server.quorum.LearnerHandler - Sending NEWLEADER message to 2
22:35:11.152 [QuorumPeer[myid=2](plain=127.0.0.1:45473)(secure=disabled)] INFO org.apache.zookeeper.server.quorum.Learner - Getting a diff from the leader 0x0
22:35:11.152 [QuorumPeer[myid=1](plain=127.0.0.1:37453)(secure=disabled)] INFO org.apache.zookeeper.server.quorum.Learner - Getting a diff from the leader 0x0
22:35:11.152 [QuorumPeer[myid=2](plain=127.0.0.1:45473)(secure=disabled)] INFO org.apache.zookeeper.server.quorum.QuorumPeer - Peer state changed: following - synchronization - diff
22:35:11.152 [QuorumPeer[myid=1](plain=127.0.0.1:37453)(secure=disabled)] INFO org.apache.zookeeper.server.quorum.QuorumPeer - Peer state changed: following - synchronization - diff
22:35:11.153 [QuorumPeer[myid=1](plain=127.0.0.1:37453)(secure=disabled)] DEBUG org.apache.zookeeper.common.PathTrie - zookeeper
22:35:11.153 [QuorumPeer[myid=2](plain=127.0.0.1:45473)(secure=disabled)] DEBUG org.apache.zookeeper.common.PathTrie - zookeeper
22:35:11.153 [QuorumPeer[myid=3](plain=127.0.0.1:32941)(secure=disabled)] INFO org.apache.zookeeper.server.quorum.QuorumPeer - Peer state changed: leading - synchronization
22:35:11.154 [QuorumPeer[myid=2](plain=127.0.0.1:45473)(secure=disabled)] INFO org.apache.zookeeper.server.quorum.Learner - Learner received NEWLEADER message
22:35:11.154 [QuorumPeer[myid=1](plain=127.0.0.1:37453)(secure=disabled)] INFO org.apache.zookeeper.server.quorum.Learner - Learner received NEWLEADER message
22:35:11.155 [QuorumPeer[myid=1](plain=127.0.0.1:37453)(secure=disabled)] INFO org.apache.zookeeper.server.quorum.QuorumPeer - Dynamic reconfig is disabled, we don't store the last seen config.
22:35:11.155 [QuorumPeer[myid=2](plain=127.0.0.1:45473)(secure=disabled)] INFO org.apache.zookeeper.server.quorum.QuorumPeer - Dynamic reconfig is disabled, we don't store the last seen config.
22:35:11.158 [QuorumPeer[myid=1](plain=127.0.0.1:37453)(secure=disabled)] INFO org.apache.zookeeper.server.quorum.QuorumPeer - Peer state changed: following - synchronization
22:35:11.158 [QuorumPeer[myid=2](plain=127.0.0.1:45473)(secure=disabled)] INFO org.apache.zookeeper.server.quorum.QuorumPeer - Peer state changed: following - synchronization
22:35:11.159 [QuorumPeer[myid=1](plain=127.0.0.1:37453)(secure=disabled)] INFO org.apache.zookeeper.server.quorum.CommitProcessor - Configuring CommitProcessor with readBatchSize -1 commitBatchSize 1
22:35:11.160 [QuorumPeer[myid=1](plain=127.0.0.1:37453)(secure=disabled)] INFO org.apache.zookeeper.server.quorum.CommitProcessor - Configuring CommitProcessor with 8 worker threads.
22:35:11.159 [QuorumPeer[myid=2](plain=127.0.0.1:45473)(secure=disabled)] INFO org.apache.zookeeper.server.quorum.CommitProcessor - Configuring CommitProcessor with readBatchSize -1 commitBatchSize 1
22:35:11.160 [QuorumPeer[myid=2](plain=127.0.0.1:45473)(secure=disabled)] INFO org.apache.zookeeper.server.quorum.CommitProcessor - Configuring CommitProcessor with 8 worker threads.
22:35:11.161 [QuorumPeer[myid=2](plain=127.0.0.1:45473)(secure=disabled)] INFO org.apache.zookeeper.server.quorum.FollowerRequestProcessor - Initialized FollowerRequestProcessor with zookeeper.follower.skipLearnerRequestToNextProcessor as false
22:35:11.161 [QuorumPeer[myid=1](plain=127.0.0.1:37453)(secure=disabled)] INFO org.apache.zookeeper.server.quorum.FollowerRequestProcessor - Initialized FollowerRequestProcessor with zookeeper.follower.skipLearnerRequestToNextProcessor as false
22:35:11.163 [LearnerHandler-/127.0.0.1:51824] DEBUG org.apache.zookeeper.server.quorum.LearnerHandler - Received NEWLEADER-ACK message from 1
22:35:11.163 [LearnerHandler-/127.0.0.1:51816] DEBUG org.apache.zookeeper.server.quorum.LearnerHandler - Received NEWLEADER-ACK message from 2
22:35:11.164 [QuorumPeer[myid=3](plain=127.0.0.1:32941)(secure=disabled)] INFO org.apache.zookeeper.server.quorum.Leader - Have quorum of supporters, sids: [[1, 3]]; starting up and setting last processed zxid: 0x100000000
22:35:11.164 [QuorumPeer[myid=3](plain=127.0.0.1:32941)(secure=disabled)] INFO org.apache.zookeeper.server.quorum.Leader - Dynamic reconfig feature is disabled, skip designatedLeader calculation and reconfig processing.
22:35:11.165 [QuorumPeer[myid=3](plain=127.0.0.1:32941)(secure=disabled)] INFO org.apache.zookeeper.server.quorum.CommitProcessor - Configuring CommitProcessor with readBatchSize -1 commitBatchSize 1
22:35:11.165 [QuorumPeer[myid=3](plain=127.0.0.1:32941)(secure=disabled)] INFO org.apache.zookeeper.server.quorum.CommitProcessor - Configuring CommitProcessor with 8 worker threads.
22:35:11.166 [QuorumPeer[myid=3](plain=127.0.0.1:32941)(secure=disabled)] INFO org.apache.zookeeper.server.quorum.ProposalRequestProcessor - zookeeper.forward_learner_requests_to_commit_processor_disabled = false
22:35:11.167 [ProcessThread(sid:3 cport:-1):] INFO org.apache.zookeeper.server.PrepRequestProcessor - PrepRequestProcessor (sid:3) started, reconfigEnabled=false
22:35:11.167 [QuorumPeer[myid=3](plain=127.0.0.1:32941)(secure=disabled)] INFO org.apache.zookeeper.server.ContainerManager - Using checkIntervalMs=60000 maxPerMinute=10000 maxNeverUsedIntervalMs=0
22:35:11.170 [QuorumPeer[myid=3](plain=127.0.0.1:32941)(secure=disabled)] INFO org.apache.zookeeper.server.quorum.QuorumPeer - Peer state changed: leading - broadcast
22:35:11.170 [LearnerHandler-/127.0.0.1:51824] DEBUG org.apache.zookeeper.server.quorum.LearnerHandler - Sending UPTODATE message to 1
22:35:11.170 [LearnerHandler-/127.0.0.1:51816] DEBUG org.apache.zookeeper.server.quorum.LearnerHandler - Sending UPTODATE message to 2
22:35:11.170 [QuorumPeer[myid=2](plain=127.0.0.1:45473)(secure=disabled)] INFO org.apache.zookeeper.server.quorum.Learner - Learner received UPTODATE message
22:35:11.170 [QuorumPeer[myid=1](plain=127.0.0.1:37453)(secure=disabled)] INFO org.apache.zookeeper.server.quorum.Learner - Learner received UPTODATE message
22:35:11.170 [QuorumPeer[myid=2](plain=127.0.0.1:45473)(secure=disabled)] DEBUG org.apache.zookeeper.server.quorum.QuorumPeer - Reconfig feature is disabled, skip reconfig processing.
22:35:11.170 [QuorumPeer[myid=1](plain=127.0.0.1:37453)(secure=disabled)] DEBUG org.apache.zookeeper.server.quorum.QuorumPeer - Reconfig feature is disabled, skip reconfig processing.
22:35:11.170 [QuorumPeer[myid=2](plain=127.0.0.1:45473)(secure=disabled)] INFO org.apache.zookeeper.server.quorum.QuorumPeer - Peer state changed: following - broadcast
22:35:11.170 [QuorumPeer[myid=1](plain=127.0.0.1:37453)(secure=disabled)] INFO org.apache.zookeeper.server.quorum.QuorumPeer - Peer state changed: following - broadcast
22:35:11.236 [main-SendThread(127.0.0.1:45473)] DEBUG org.apache.zookeeper.SaslServerPrincipal - Canonicalized address to localhost
22:35:11.236 [main-SendThread(127.0.0.1:45473)] INFO org.apache.zookeeper.ClientCnxn - Opening socket connection to server localhost/127.0.0.1:45473.
22:35:11.236 [main-SendThread(127.0.0.1:45473)] INFO org.apache.zookeeper.ClientCnxn - SASL config status: Will not attempt to authenticate using SASL (unknown error)
22:35:11.237 [NIOServerCxnFactory.AcceptThread:/127.0.0.1:45473] DEBUG org.apache.zookeeper.server.NIOServerCnxnFactory - Accepted socket connection from /127.0.0.1:33472
22:35:11.237 [main-SendThread(127.0.0.1:45473)] INFO org.apache.zookeeper.ClientCnxn - Socket connection established, initiating session, client: /127.0.0.1:33472, server: localhost/127.0.0.1:45473
22:35:11.237 [main-SendThread(127.0.0.1:45473)] DEBUG org.apache.zookeeper.ClientCnxn - Session establishment request sent on localhost/127.0.0.1:45473
22:35:11.238 [NIOWorkerThread-1] DEBUG org.apache.zookeeper.server.ZooKeeperServer - Session establishment request from client /127.0.0.1:33472 client's lastZxid is 0x0
22:35:11.238 [NIOWorkerThread-1] DEBUG org.apache.zookeeper.server.ZooKeeperServer - Client attempting to establish new session: session = 0x200005a3d760000, zxid = 0x0, timeout = 60000, address = /127.0.0.1:33472
22:35:11.238 [FollowerRequestProcessor:2] DEBUG org.apache.zookeeper.server.quorum.CommitProcessor - Processing request:: sessionid:0x200005a3d760000 type:createSession cxid:0x0 zxid:0xfffffffffffffffe txntype:unknown reqpath:n/a
22:35:11.238 [ProcessThread(sid:3 cport:-1):] DEBUG org.apache.zookeeper.server.SessionTrackerImpl - Adding session 0x200005a3d760000
22:35:11.238 [ProcessThread(sid:3 cport:-1):] DEBUG org.apache.zookeeper.server.PrepRequestProcessor - Digest got from data tree is: 1371985504
22:35:11.238 [ProcessThread(sid:3 cport:-1):] DEBUG org.apache.zookeeper.server.quorum.CommitProcessor - Processing request:: sessionid:0x200005a3d760000 type:createSession cxid:0x0 zxid:0x100000001 txntype:-10 reqpath:n/a
22:35:11.239 [ProcessThread(sid:3 cport:-1):] DEBUG org.apache.zookeeper.server.quorum.Leader - Proposing:: sessionid:0x200005a3d760000 type:createSession cxid:0x0 zxid:0x100000001 txntype:-10 reqpath:n/a
22:35:11.239 [SyncThread:3] INFO org.apache.zookeeper.server.persistence.FileTxnLog - Creating new log file: log.100000001
22:35:11.239 [QuorumPeer[myid=2](plain=127.0.0.1:45473)(secure=disabled)] WARN org.apache.zookeeper.server.quorum.Learner - Got zxid 0x100000001 expected 0x1
22:35:11.239 [QuorumPeer[myid=1](plain=127.0.0.1:37453)(secure=disabled)] WARN org.apache.zookeeper.server.quorum.Learner - Got zxid 0x100000001 expected 0x1
22:35:11.239 [SyncThread:1] INFO org.apache.zookeeper.server.persistence.FileTxnLog - Creating new log file: log.100000001
22:35:11.240 [SyncThread:2] INFO org.apache.zookeeper.server.persistence.FileTxnLog - Creating new log file: log.100000001
22:35:11.244 [LearnerHandler-/127.0.0.1:51824] DEBUG org.apache.zookeeper.server.quorum.CommitProcessor - Committing request:: sessionid:0x200005a3d760000 type:createSession cxid:0x0 zxid:0x100000001 txntype:-10 reqpath:n/a
22:35:11.244 [QuorumPeer[myid=1](plain=127.0.0.1:37453)(secure=disabled)] DEBUG org.apache.zookeeper.server.quorum.CommitProcessor - Committing request:: sessionid:0x200005a3d760000 type:createSession cxid:0x0 zxid:0x100000001 txntype:-10 reqpath:n/a
22:35:11.244 [QuorumPeer[myid=2](plain=127.0.0.1:45473)(secure=disabled)] DEBUG org.apache.zookeeper.server.quorum.CommitProcessor - Committing request:: sessionid:0x200005a3d760000 type:createSession cxid:0x0 zxid:0x100000001 txntype:-10 reqpath:n/a
22:35:11.244 [LearnerHandler-/127.0.0.1:51816] DEBUG org.apache.zookeeper.server.quorum.Leader - outstanding is 0
22:35:11.244 [CommitProcessor:2] DEBUG org.apache.zookeeper.server.FinalRequestProcessor - Processing request:: sessionid:0x200005a3d760000 type:createSession cxid:0x0 zxid:0x100000001 txntype:-10 reqpath:n/a
22:35:11.244 [CommitProcessor:1] DEBUG org.apache.zookeeper.server.FinalRequestProcessor - Processing request:: sessionid:0x200005a3d760000 type:createSession cxid:0x0 zxid:0x100000001 txntype:-10 reqpath:n/a
22:35:11.244 [CommitProcessor:3] DEBUG org.apache.zookeeper.server.FinalRequestProcessor - Processing request:: sessionid:0x200005a3d760000 type:createSession cxid:0x0 zxid:0x100000001 txntype:-10 reqpath:n/a
22:35:11.244 [CommitProcessor:1] INFO org.apache.zookeeper.server.quorum.LearnerSessionTracker - Committing global session 0x200005a3d760000
22:35:11.244 [CommitProcessor:2] INFO org.apache.zookeeper.server.quorum.LearnerSessionTracker - Committing global session 0x200005a3d760000
22:35:11.244 [CommitProcessor:3] INFO org.apache.zookeeper.server.quorum.LeaderSessionTracker - Committing global session 0x200005a3d760000
22:35:11.244 [CommitProcessor:1] DEBUG org.apache.zookeeper.server.DataTree - Digests are matching for Zxid: 100000001, Digest in log and actual tree: 1371985504
22:35:11.244 [CommitProcessor:2] DEBUG org.apache.zookeeper.server.DataTree - Digests are matching for Zxid: 100000001, Digest in log and actual tree: 1371985504
22:35:11.244 [CommitProcessor:3] DEBUG org.apache.zookeeper.server.DataTree - Digests are matching for Zxid: 100000001, Digest in log and actual tree: 1371985504
22:35:11.244 [CommitProcessor:2] DEBUG org.apache.zookeeper.server.FinalRequestProcessor - sessionid:0x200005a3d760000 type:createSession cxid:0x0 zxid:0x100000001 txntype:-10 reqpath:n/a
22:35:11.244 [CommitProcessor:2] DEBUG org.apache.zookeeper.server.ZooKeeperServer - Established session 0x200005a3d760000 with negotiated timeout 20000 for client /127.0.0.1:33472
22:35:11.245 [main-SendThread(127.0.0.1:45473)] INFO org.apache.zookeeper.ClientCnxn - Session establishment complete on server localhost/127.0.0.1:45473, session id = 0x200005a3d760000, negotiated timeout = 20000
22:35:11.245 [main-EventThread] DEBUG org.apache.curator.ConnectionState - Negotiated session timeout: 20000
22:35:11.245 [main-EventThread] INFO org.apache.curator.framework.state.ConnectionStateManager - State change: CONNECTED
22:35:11.245 [main-EventThread] DEBUG org.apache.curator.framework.imps.CuratorFrameworkImpl - Clearing sleep for 2 operations
22:35:11.246 [FollowerRequestProcessor:2] DEBUG org.apache.zookeeper.server.quorum.CommitProcessor - Processing request:: sessionid:0x200005a3d760000 type:getData cxid:0x1 zxid:0xfffffffffffffffe txntype:unknown reqpath:/zookeeper/config
22:35:11.247 [CommitProcWorkThread-1] DEBUG org.apache.zookeeper.server.FinalRequestProcessor - Processing request:: sessionid:0x200005a3d760000 type:getData cxid:0x1 zxid:0xfffffffffffffffe txntype:unknown reqpath:/zookeeper/config
22:35:11.247 [FollowerRequestProcessor:2] DEBUG org.apache.zookeeper.server.quorum.CommitProcessor - Processing request:: sessionid:0x200005a3d760000 type:getData cxid:0x2 zxid:0xfffffffffffffffe txntype:unknown reqpath:/zookeeper/config
22:35:11.247 [CommitProcWorkThread-1] DEBUG org.apache.zookeeper.server.FinalRequestProcessor - sessionid:0x200005a3d760000 type:getData cxid:0x1 zxid:0xfffffffffffffffe txntype:unknown reqpath:/zookeeper/config
22:35:11.247 [CommitProcWorkThread-1] DEBUG org.apache.zookeeper.server.ZooKeeperServer - Permission requested: 1 
22:35:11.247 [CommitProcWorkThread-1] DEBUG org.apache.zookeeper.server.ZooKeeperServer - ACLs for node: [1,s{'world,'anyone}
]
22:35:11.247 [CommitProcWorkThread-1] DEBUG org.apache.zookeeper.server.ZooKeeperServer - Client credentials: ['ip,'127.0.0.1
]
22:35:11.248 [FollowerRequestProcessor:2] DEBUG org.apache.zookeeper.server.quorum.CommitProcessor - Processing request:: sessionid:0x200005a3d760000 type:addWatch cxid:0x3 zxid:0xfffffffffffffffe txntype:unknown reqpath:/base/path
22:35:11.248 [CommitProcWorkThread-1] DEBUG org.apache.zookeeper.server.FinalRequestProcessor - Processing request:: sessionid:0x200005a3d760000 type:getData cxid:0x2 zxid:0xfffffffffffffffe txntype:unknown reqpath:/zookeeper/config
22:35:11.248 [CommitProcWorkThread-1] DEBUG org.apache.zookeeper.server.FinalRequestProcessor - sessionid:0x200005a3d760000 type:getData cxid:0x2 zxid:0xfffffffffffffffe txntype:unknown reqpath:/zookeeper/config
22:35:11.248 [FollowerRequestProcessor:2] DEBUG org.apache.zookeeper.server.quorum.CommitProcessor - Processing request:: sessionid:0x200005a3d760000 type:addWatch cxid:0x4 zxid:0xfffffffffffffffe txntype:unknown reqpath:/base/path
22:35:11.248 [CommitProcWorkThread-1] DEBUG org.apache.zookeeper.server.ZooKeeperServer - Permission requested: 1 
22:35:11.248 [CommitProcWorkThread-1] DEBUG org.apache.zookeeper.server.ZooKeeperServer - ACLs for node: [1,s{'world,'anyone}
]
22:35:11.249 [CommitProcWorkThread-1] DEBUG org.apache.zookeeper.server.ZooKeeperServer - Client credentials: ['ip,'127.0.0.1
]
22:35:11.249 [CommitProcWorkThread-1] DEBUG org.apache.zookeeper.server.FinalRequestProcessor - Processing request:: sessionid:0x200005a3d760000 type:addWatch cxid:0x3 zxid:0xfffffffffffffffe txntype:unknown reqpath:/base/path
22:35:11.249 [CommitProcWorkThread-1] DEBUG org.apache.zookeeper.server.FinalRequestProcessor - sessionid:0x200005a3d760000 type:addWatch cxid:0x3 zxid:0xfffffffffffffffe txntype:unknown reqpath:/base/path
22:35:11.249 [CommitProcWorkThread-1] DEBUG org.apache.zookeeper.server.FinalRequestProcessor - Processing request:: sessionid:0x200005a3d760000 type:addWatch cxid:0x4 zxid:0xfffffffffffffffe txntype:unknown reqpath:/base/path
22:35:11.249 [CommitProcWorkThread-1] DEBUG org.apache.zookeeper.server.FinalRequestProcessor - sessionid:0x200005a3d760000 type:addWatch cxid:0x4 zxid:0xfffffffffffffffe txntype:unknown reqpath:/base/path
22:35:11.249 [FollowerRequestProcessor:2] DEBUG org.apache.zookeeper.server.quorum.CommitProcessor - Processing request:: sessionid:0x200005a3d760000 type:create2 cxid:0x5 zxid:0xfffffffffffffffe txntype:unknown reqpath:/base/path/1
22:35:11.250 [ProcessThread(sid:3 cport:-1):] DEBUG org.apache.zookeeper.server.SessionTrackerImpl - Checking session 0x200005a3d760000
22:35:11.250 [ProcessThread(sid:3 cport:-1):] DEBUG org.apache.zookeeper.server.PrepRequestProcessor - Processing ACL: 31,s{'world,'anyone}

22:35:11.250 [ProcessThread(sid:3 cport:-1):] DEBUG org.apache.zookeeper.server.quorum.CommitProcessor - Processing request:: sessionid:0x200005a3d760000 type:create2 cxid:0x5 zxid:0x100000002 txntype:-1 reqpath:/base/path/1
22:35:11.250 [ProcessThread(sid:3 cport:-1):] DEBUG org.apache.zookeeper.server.quorum.Leader - Proposing:: sessionid:0x200005a3d760000 type:create2 cxid:0x5 zxid:0x100000002 txntype:-1 reqpath:/base/path/1
22:35:11.249 [main-SendThread(127.0.0.1:45473)] DEBUG org.apache.zookeeper.ClientCnxn - Reading reply session id: 0x200005a3d760000, packet:: clientPath:/zookeeper/config serverPath:/zookeeper/config finished:false header:: 1,4  replyHeader:: 1,4294967297,0  request:: '/zookeeper/config,T  response:: #7365727665722e313d3132372e302e302e313a33383435373a33393335333a7061727469636970616e743b3132372e302e302e313a3337343533a7365727665722e323d3132372e302e302e313a34343131313a33343438333a7061727469636970616e743b3132372e302e302e313a3435343733a7365727665722e333d3132372e302e302e313a34313630393a34323531373a7061727469636970616e743b3132372e302e302e313a3332393431a76657273696f6e3d30,s{0,0,0,1693755311153,-1,0,-1,0,186,0,0} 
22:35:11.251 [main-EventThread] INFO org.apache.curator.framework.imps.EnsembleTracker - New config event received: {server.2=127.0.0.1:44111:34483:participant;127.0.0.1:45473, server.1=127.0.0.1:38457:39353:participant;127.0.0.1:37453, server.3=127.0.0.1:41609:42517:participant;127.0.0.1:32941, version=0}
22:35:11.251 [main-SendThread(127.0.0.1:45473)] DEBUG org.apache.zookeeper.ClientCnxn - Reading reply session id: 0x200005a3d760000, packet:: clientPath:/zookeeper/config serverPath:/zookeeper/config finished:false header:: 2,4  replyHeader:: 2,4294967297,0  request:: '/zookeeper/config,T  response:: #7365727665722e313d3132372e302e302e313a33383435373a33393335333a7061727469636970616e743b3132372e302e302e313a3337343533a7365727665722e323d3132372e302e302e313a34343131313a33343438333a7061727469636970616e743b3132372e302e302e313a3435343733a7365727665722e333d3132372e302e302e313a34313630393a34323531373a7061727469636970616e743b3132372e302e302e313a3332393431a76657273696f6e3d30,s{0,0,0,1693755311153,-1,0,-1,0,186,0,0} 
22:35:11.251 [main-EventThread] INFO org.apache.curator.framework.imps.EnsembleTracker - New config event received: {server.2=127.0.0.1:44111:34483:participant;127.0.0.1:45473, server.1=127.0.0.1:38457:39353:participant;127.0.0.1:37453, server.3=127.0.0.1:41609:42517:participant;127.0.0.1:32941, version=0}
22:35:11.251 [main-SendThread(127.0.0.1:45473)] DEBUG org.apache.zookeeper.ClientCnxn - Reading reply session id: 0x200005a3d760000, packet:: clientPath:/base/path serverPath:/base/path finished:false header:: 3,106  replyHeader:: 3,4294967297,0  request:: '/base/path,1  response:: 0 
22:35:11.252 [main-SendThread(127.0.0.1:45473)] DEBUG org.apache.zookeeper.ClientCnxn - Reading reply session id: 0x200005a3d760000, packet:: clientPath:/base/path serverPath:/base/path finished:false header:: 4,106  replyHeader:: 4,4294967297,0  request:: '/base/path,1  response:: 0 
22:35:11.253 [FollowerRequestProcessor:2] DEBUG org.apache.zookeeper.server.quorum.CommitProcessor - Processing request:: sessionid:0x200005a3d760000 type:getData cxid:0x6 zxid:0xfffffffffffffffe txntype:unknown reqpath:/base/path
22:35:11.254 [FollowerRequestProcessor:2] DEBUG org.apache.zookeeper.server.quorum.CommitProcessor - Processing request:: sessionid:0x200005a3d760000 type:getData cxid:0x7 zxid:0xfffffffffffffffe txntype:unknown reqpath:/base/path
22:35:11.254 [LearnerHandler-/127.0.0.1:51824] DEBUG org.apache.zookeeper.server.quorum.CommitProcessor - Committing request:: sessionid:0x200005a3d760000 type:create2 cxid:0x5 zxid:0x100000002 txntype:-1 reqpath:/base/path/1
22:35:11.254 [QuorumPeer[myid=2](plain=127.0.0.1:45473)(secure=disabled)] DEBUG org.apache.zookeeper.server.quorum.CommitProcessor - Committing request:: sessionid:0x200005a3d760000 type:error cxid:0x5 zxid:0x100000002 txntype:-1 reqpath:n/a
22:35:11.254 [QuorumPeer[myid=1](plain=127.0.0.1:37453)(secure=disabled)] DEBUG org.apache.zookeeper.server.quorum.CommitProcessor - Committing request:: sessionid:0x200005a3d760000 type:error cxid:0x5 zxid:0x100000002 txntype:-1 reqpath:n/a
22:35:11.254 [CommitProcessor:3] DEBUG org.apache.zookeeper.server.FinalRequestProcessor - Processing request:: sessionid:0x200005a3d760000 type:create2 cxid:0x5 zxid:0x100000002 txntype:-1 reqpath:/base/path/1
22:35:11.254 [CommitProcessor:3] DEBUG org.apache.zookeeper.server.DataTree - Ignoring processTxn failure hdr: -1 : error: -101
22:35:11.254 [CommitProcessor:2] DEBUG org.apache.zookeeper.server.FinalRequestProcessor - Processing request:: sessionid:0x200005a3d760000 type:create2 cxid:0x5 zxid:0x100000002 txntype:-1 reqpath:/base/path/1
22:35:11.254 [CommitProcessor:1] DEBUG org.apache.zookeeper.server.FinalRequestProcessor - Processing request:: sessionid:0x200005a3d760000 type:error cxid:0x5 zxid:0x100000002 txntype:-1 reqpath:n/a
22:35:11.254 [CommitProcessor:2] DEBUG org.apache.zookeeper.server.DataTree - Ignoring processTxn failure hdr: -1 : error: -101
22:35:11.254 [CommitProcessor:1] DEBUG org.apache.zookeeper.server.DataTree - Ignoring processTxn failure hdr: -1 : error: -101
22:35:11.254 [CommitProcWorkThread-1] DEBUG org.apache.zookeeper.server.FinalRequestProcessor - Processing request:: sessionid:0x200005a3d760000 type:getData cxid:0x6 zxid:0xfffffffffffffffe txntype:unknown reqpath:/base/path
22:35:11.254 [CommitProcWorkThread-1] DEBUG org.apache.zookeeper.server.FinalRequestProcessor - sessionid:0x200005a3d760000 type:getData cxid:0x6 zxid:0xfffffffffffffffe txntype:unknown reqpath:/base/path
22:35:11.255 [CommitProcWorkThread-1] DEBUG org.apache.zookeeper.server.FinalRequestProcessor - Processing request:: sessionid:0x200005a3d760000 type:getData cxid:0x7 zxid:0xfffffffffffffffe txntype:unknown reqpath:/base/path
22:35:11.255 [CommitProcWorkThread-1] DEBUG org.apache.zookeeper.server.FinalRequestProcessor - sessionid:0x200005a3d760000 type:getData cxid:0x7 zxid:0xfffffffffffffffe txntype:unknown reqpath:/base/path
22:35:11.255 [LearnerHandler-/127.0.0.1:51816] DEBUG org.apache.zookeeper.server.quorum.Leader - outstanding is 0
22:35:11.255 [main-SendThread(127.0.0.1:45473)] DEBUG org.apache.zookeeper.ClientCnxn - Reading reply session id: 0x200005a3d760000, packet:: clientPath:null serverPath:null finished:false header:: 5,15  replyHeader:: 5,4294967298,-101  request:: '/base/path/1,#3132372e302e312e31,v{s{31,s{'world,'anyone}}},0  response::  
22:35:11.256 [main-SendThread(127.0.0.1:45473)] DEBUG org.apache.zookeeper.ClientCnxn - Reading reply session id: 0x200005a3d760000, packet:: clientPath:/base/path serverPath:/base/path finished:false header:: 6,4  replyHeader:: 6,4294967298,-101  request:: '/base/path,F  response::  
22:35:11.256 [main-SendThread(127.0.0.1:45473)] DEBUG org.apache.zookeeper.ClientCnxn - Reading reply session id: 0x200005a3d760000, packet:: clientPath:/base/path serverPath:/base/path finished:false header:: 7,4  replyHeader:: 7,4294967298,-101  request:: '/base/path,F  response::  
22:35:11.257 [FollowerRequestProcessor:2] DEBUG org.apache.zookeeper.server.quorum.CommitProcessor - Processing request:: sessionid:0x200005a3d760000 type:exists cxid:0x8 zxid:0xfffffffffffffffe txntype:unknown reqpath:/base
22:35:11.257 [CommitProcWorkThread-1] DEBUG org.apache.zookeeper.server.FinalRequestProcessor - Processing request:: sessionid:0x200005a3d760000 type:exists cxid:0x8 zxid:0xfffffffffffffffe txntype:unknown reqpath:/base
22:35:11.257 [CommitProcWorkThread-1] DEBUG org.apache.zookeeper.server.FinalRequestProcessor - sessionid:0x200005a3d760000 type:exists cxid:0x8 zxid:0xfffffffffffffffe txntype:unknown reqpath:/base
22:35:11.258 [main-SendThread(127.0.0.1:45473)] DEBUG org.apache.zookeeper.ClientCnxn - Reading reply session id: 0x200005a3d760000, packet:: clientPath:null serverPath:null finished:false header:: 8,3  replyHeader:: 8,4294967298,-101  request:: '/base,F  response::  
22:35:11.259 [FollowerRequestProcessor:2] DEBUG org.apache.zookeeper.server.quorum.CommitProcessor - Processing request:: sessionid:0x200005a3d760000 type:create cxid:0x9 zxid:0xfffffffffffffffe txntype:unknown reqpath:/base
22:35:11.260 [ProcessThread(sid:3 cport:-1):] DEBUG org.apache.zookeeper.server.SessionTrackerImpl - Checking session 0x200005a3d760000
22:35:11.260 [ProcessThread(sid:3 cport:-1):] DEBUG org.apache.zookeeper.server.PrepRequestProcessor - Processing ACL: 31,s{'world,'anyone}

22:35:11.260 [ProcessThread(sid:3 cport:-1):] DEBUG org.apache.zookeeper.server.ZooKeeperServer - Permission requested: 4 
22:35:11.260 [ProcessThread(sid:3 cport:-1):] DEBUG org.apache.zookeeper.server.ZooKeeperServer - ACLs for node: [31,s{'world,'anyone}
]
22:35:11.260 [ProcessThread(sid:3 cport:-1):] DEBUG org.apache.zookeeper.server.ZooKeeperServer - Client credentials: ['ip,'127.0.0.1
]
22:35:11.260 [ProcessThread(sid:3 cport:-1):] DEBUG org.apache.zookeeper.server.PrepRequestProcessor - Digest got from data tree is: 1371985504
22:35:11.260 [ProcessThread(sid:3 cport:-1):] DEBUG org.apache.zookeeper.server.PrepRequestProcessor - Digest got from outstandingChanges is: 3114749092
22:35:11.260 [ProcessThread(sid:3 cport:-1):] DEBUG org.apache.zookeeper.server.quorum.CommitProcessor - Processing request:: sessionid:0x200005a3d760000 type:create cxid:0x9 zxid:0x100000003 txntype:1 reqpath:/base
22:35:11.260 [ProcessThread(sid:3 cport:-1):] DEBUG org.apache.zookeeper.server.quorum.Leader - Proposing:: sessionid:0x200005a3d760000 type:create cxid:0x9 zxid:0x100000003 txntype:1 reqpath:/base
22:35:11.263 [LearnerHandler-/127.0.0.1:51816] DEBUG org.apache.zookeeper.server.quorum.CommitProcessor - Committing request:: sessionid:0x200005a3d760000 type:create cxid:0x9 zxid:0x100000003 txntype:1 reqpath:/base
22:35:11.264 [QuorumPeer[myid=1](plain=127.0.0.1:37453)(secure=disabled)] DEBUG org.apache.zookeeper.server.quorum.CommitProcessor - Committing request:: sessionid:0x200005a3d760000 type:create cxid:0x9 zxid:0x100000003 txntype:1 reqpath:n/a
22:35:11.264 [CommitProcessor:3] DEBUG org.apache.zookeeper.server.FinalRequestProcessor - Processing request:: sessionid:0x200005a3d760000 type:create cxid:0x9 zxid:0x100000003 txntype:1 reqpath:/base
22:35:11.264 [QuorumPeer[myid=2](plain=127.0.0.1:45473)(secure=disabled)] DEBUG org.apache.zookeeper.server.quorum.CommitProcessor - Committing request:: sessionid:0x200005a3d760000 type:create cxid:0x9 zxid:0x100000003 txntype:1 reqpath:n/a
22:35:11.264 [CommitProcessor:1] DEBUG org.apache.zookeeper.server.FinalRequestProcessor - Processing request:: sessionid:0x200005a3d760000 type:create cxid:0x9 zxid:0x100000003 txntype:1 reqpath:n/a
22:35:11.264 [CommitProcessor:2] DEBUG org.apache.zookeeper.server.FinalRequestProcessor - Processing request:: sessionid:0x200005a3d760000 type:create cxid:0x9 zxid:0x100000003 txntype:1 reqpath:/base
22:35:11.264 [CommitProcessor:3] DEBUG org.apache.zookeeper.common.PathTrie - base
22:35:11.264 [CommitProcessor:2] DEBUG org.apache.zookeeper.common.PathTrie - base
22:35:11.264 [CommitProcessor:1] DEBUG org.apache.zookeeper.common.PathTrie - base
22:35:11.264 [CommitProcessor:3] DEBUG org.apache.zookeeper.server.DataTree - Digests are matching for Zxid: 100000003, Digest in log and actual tree: 4551370370
22:35:11.264 [CommitProcessor:1] DEBUG org.apache.zookeeper.server.DataTree - Digests are matching for Zxid: 100000003, Digest in log and actual tree: 4551370370
22:35:11.264 [CommitProcessor:2] DEBUG org.apache.zookeeper.server.DataTree - Digests are matching for Zxid: 100000003, Digest in log and actual tree: 4551370370
22:35:11.264 [CommitProcessor:2] DEBUG org.apache.zookeeper.server.FinalRequestProcessor - sessionid:0x200005a3d760000 type:create cxid:0x9 zxid:0x100000003 txntype:1 reqpath:/base
22:35:11.265 [LearnerHandler-/127.0.0.1:51824] DEBUG org.apache.zookeeper.server.quorum.Leader - outstanding is 0
22:35:11.265 [main-SendThread(127.0.0.1:45473)] DEBUG org.apache.zookeeper.ClientCnxn - Reading reply session id: 0x200005a3d760000, packet:: clientPath:null serverPath:null finished:false header:: 9,1  replyHeader:: 9,4294967299,0  request:: '/base,,v{s{31,s{'world,'anyone}}},0  response:: '/base 
22:35:11.266 [FollowerRequestProcessor:2] DEBUG org.apache.zookeeper.server.quorum.CommitProcessor - Processing request:: sessionid:0x200005a3d760000 type:exists cxid:0xa zxid:0xfffffffffffffffe txntype:unknown reqpath:/base/path
22:35:11.266 [CommitProcWorkThread-1] DEBUG org.apache.zookeeper.server.FinalRequestProcessor - Processing request:: sessionid:0x200005a3d760000 type:exists cxid:0xa zxid:0xfffffffffffffffe txntype:unknown reqpath:/base/path
22:35:11.266 [CommitProcWorkThread-1] DEBUG org.apache.zookeeper.server.FinalRequestProcessor - sessionid:0x200005a3d760000 type:exists cxid:0xa zxid:0xfffffffffffffffe txntype:unknown reqpath:/base/path
22:35:11.267 [main-SendThread(127.0.0.1:45473)] DEBUG org.apache.zookeeper.ClientCnxn - Reading reply session id: 0x200005a3d760000, packet:: clientPath:null serverPath:null finished:false header:: 10,3  replyHeader:: 10,4294967299,-101  request:: '/base/path,F  response::  
22:35:11.268 [FollowerRequestProcessor:2] DEBUG org.apache.zookeeper.server.quorum.CommitProcessor - Processing request:: sessionid:0x200005a3d760000 type:create cxid:0xb zxid:0xfffffffffffffffe txntype:unknown reqpath:/base/path
22:35:11.269 [ProcessThread(sid:3 cport:-1):] DEBUG org.apache.zookeeper.server.SessionTrackerImpl - Checking session 0x200005a3d760000
22:35:11.269 [ProcessThread(sid:3 cport:-1):] DEBUG org.apache.zookeeper.server.PrepRequestProcessor - Processing ACL: 31,s{'world,'anyone}

22:35:11.269 [ProcessThread(sid:3 cport:-1):] DEBUG org.apache.zookeeper.server.ZooKeeperServer - Permission requested: 4 
22:35:11.269 [ProcessThread(sid:3 cport:-1):] DEBUG org.apache.zookeeper.server.ZooKeeperServer - ACLs for node: [31,s{'world,'anyone}
]
22:35:11.269 [ProcessThread(sid:3 cport:-1):] DEBUG org.apache.zookeeper.server.ZooKeeperServer - Client credentials: ['ip,'127.0.0.1
]
22:35:11.269 [ProcessThread(sid:3 cport:-1):] DEBUG org.apache.zookeeper.server.PrepRequestProcessor - Digest got from data tree is: 4551370370
22:35:11.269 [ProcessThread(sid:3 cport:-1):] DEBUG org.apache.zookeeper.server.PrepRequestProcessor - Digest got from outstandingChanges is: 6269236776
22:35:11.269 [ProcessThread(sid:3 cport:-1):] DEBUG org.apache.zookeeper.server.quorum.CommitProcessor - Processing request:: sessionid:0x200005a3d760000 type:create cxid:0xb zxid:0x100000004 txntype:1 reqpath:/base/path
22:35:11.269 [ProcessThread(sid:3 cport:-1):] DEBUG org.apache.zookeeper.server.quorum.Leader - Proposing:: sessionid:0x200005a3d760000 type:create cxid:0xb zxid:0x100000004 txntype:1 reqpath:/base/path
22:35:11.272 [LearnerHandler-/127.0.0.1:51824] DEBUG org.apache.zookeeper.server.quorum.CommitProcessor - Committing request:: sessionid:0x200005a3d760000 type:create cxid:0xb zxid:0x100000004 txntype:1 reqpath:/base/path
22:35:11.272 [QuorumPeer[myid=2](plain=127.0.0.1:45473)(secure=disabled)] DEBUG org.apache.zookeeper.server.quorum.CommitProcessor - Committing request:: sessionid:0x200005a3d760000 type:create cxid:0xb zxid:0x100000004 txntype:1 reqpath:n/a
22:35:11.272 [QuorumPeer[myid=1](plain=127.0.0.1:37453)(secure=disabled)] DEBUG org.apache.zookeeper.server.quorum.CommitProcessor - Committing request:: sessionid:0x200005a3d760000 type:create cxid:0xb zxid:0x100000004 txntype:1 reqpath:n/a
22:35:11.273 [CommitProcessor:3] DEBUG org.apache.zookeeper.server.FinalRequestProcessor - Processing request:: sessionid:0x200005a3d760000 type:create cxid:0xb zxid:0x100000004 txntype:1 reqpath:/base/path
22:35:11.273 [CommitProcessor:2] DEBUG org.apache.zookeeper.server.FinalRequestProcessor - Processing request:: sessionid:0x200005a3d760000 type:create cxid:0xb zxid:0x100000004 txntype:1 reqpath:/base/path
22:35:11.273 [CommitProcessor:1] DEBUG org.apache.zookeeper.server.FinalRequestProcessor - Processing request:: sessionid:0x200005a3d760000 type:create cxid:0xb zxid:0x100000004 txntype:1 reqpath:n/a
22:35:11.273 [CommitProcessor:2] DEBUG org.apache.zookeeper.common.PathTrie - base
22:35:11.273 [CommitProcessor:3] DEBUG org.apache.zookeeper.common.PathTrie - base
22:35:11.273 [CommitProcessor:1] DEBUG org.apache.zookeeper.common.PathTrie - base
22:35:11.273 [CommitProcessor:3] DEBUG org.apache.zookeeper.server.DataTree - Digests are matching for Zxid: 100000004, Digest in log and actual tree: 7960206324
22:35:11.273 [CommitProcessor:1] DEBUG org.apache.zookeeper.server.DataTree - Digests are matching for Zxid: 100000004, Digest in log and actual tree: 7960206324
22:35:11.273 [CommitProcessor:2] DEBUG org.apache.zookeeper.server.DataTree - Digests are matching for Zxid: 100000004, Digest in log and actual tree: 7960206324
22:35:11.273 [CommitProcessor:2] DEBUG org.apache.zookeeper.server.FinalRequestProcessor - sessionid:0x200005a3d760000 type:create cxid:0xb zxid:0x100000004 txntype:1 reqpath:/base/path
22:35:11.273 [LearnerHandler-/127.0.0.1:51816] DEBUG org.apache.zookeeper.server.quorum.Leader - outstanding is 0
22:35:11.273 [main-SendThread(127.0.0.1:45473)] DEBUG org.apache.zookeeper.ClientCnxn - Got notification session id: 0x200005a3d760000
22:35:11.273 [main-SendThread(127.0.0.1:45473)] DEBUG org.apache.zookeeper.ClientCnxn - Got WatchedEvent state:SyncConnected type:NodeCreated path:/base/path zxid: 4294967300 for session id 0x200005a3d760000
22:35:11.274 [main-SendThread(127.0.0.1:45473)] DEBUG org.apache.zookeeper.ClientCnxn - Reading reply session id: 0x200005a3d760000, packet:: clientPath:null serverPath:null finished:false header:: 11,1  replyHeader:: 11,4294967300,0  request:: '/base/path,,v{s{31,s{'world,'anyone}}},0  response:: '/base/path 
22:35:11.274 [FollowerRequestProcessor:2] DEBUG org.apache.zookeeper.server.quorum.CommitProcessor - Processing request:: sessionid:0x200005a3d760000 type:getData cxid:0xc zxid:0xfffffffffffffffe txntype:unknown reqpath:/base/path
22:35:11.274 [CommitProcWorkThread-1] DEBUG org.apache.zookeeper.server.FinalRequestProcessor - Processing request:: sessionid:0x200005a3d760000 type:getData cxid:0xc zxid:0xfffffffffffffffe txntype:unknown reqpath:/base/path
22:35:11.275 [CommitProcWorkThread-1] DEBUG org.apache.zookeeper.server.FinalRequestProcessor - sessionid:0x200005a3d760000 type:getData cxid:0xc zxid:0xfffffffffffffffe txntype:unknown reqpath:/base/path
22:35:11.275 [FollowerRequestProcessor:2] DEBUG org.apache.zookeeper.server.quorum.CommitProcessor - Processing request:: sessionid:0x200005a3d760000 type:create2 cxid:0xd zxid:0xfffffffffffffffe txntype:unknown reqpath:/base/path/1
22:35:11.275 [CommitProcWorkThread-1] DEBUG org.apache.zookeeper.server.ZooKeeperServer - Permission requested: 1 
22:35:11.275 [CommitProcWorkThread-1] DEBUG org.apache.zookeeper.server.ZooKeeperServer - ACLs for node: [31,s{'world,'anyone}
]
22:35:11.275 [CommitProcWorkThread-1] DEBUG org.apache.zookeeper.server.ZooKeeperServer - Client credentials: ['ip,'127.0.0.1
]
22:35:11.275 [ProcessThread(sid:3 cport:-1):] DEBUG org.apache.zookeeper.server.SessionTrackerImpl - Checking session 0x200005a3d760000
22:35:11.275 [ProcessThread(sid:3 cport:-1):] DEBUG org.apache.zookeeper.server.PrepRequestProcessor - Processing ACL: 31,s{'world,'anyone}

22:35:11.275 [ProcessThread(sid:3 cport:-1):] DEBUG org.apache.zookeeper.server.ZooKeeperServer - Permission requested: 4 
22:35:11.275 [ProcessThread(sid:3 cport:-1):] DEBUG org.apache.zookeeper.server.ZooKeeperServer - ACLs for node: [31,s{'world,'anyone}
]
22:35:11.275 [ProcessThread(sid:3 cport:-1):] DEBUG org.apache.zookeeper.server.ZooKeeperServer - Client credentials: ['ip,'127.0.0.1
]
22:35:11.275 [ProcessThread(sid:3 cport:-1):] DEBUG org.apache.zookeeper.server.PrepRequestProcessor - Digest got from data tree is: 7960206324
22:35:11.275 [ProcessThread(sid:3 cport:-1):] DEBUG org.apache.zookeeper.server.PrepRequestProcessor - Digest got from outstandingChanges is: 7236870526
22:35:11.275 [ProcessThread(sid:3 cport:-1):] DEBUG org.apache.zookeeper.server.quorum.CommitProcessor - Processing request:: sessionid:0x200005a3d760000 type:create2 cxid:0xd zxid:0x100000005 txntype:15 reqpath:/base/path/1
22:35:11.275 [ProcessThread(sid:3 cport:-1):] DEBUG org.apache.zookeeper.server.quorum.Leader - Proposing:: sessionid:0x200005a3d760000 type:create2 cxid:0xd zxid:0x100000005 txntype:15 reqpath:/base/path/1
22:35:11.275 [main-SendThread(127.0.0.1:45473)] DEBUG org.apache.zookeeper.ClientCnxn - Reading reply session id: 0x200005a3d760000, packet:: clientPath:/base/path serverPath:/base/path finished:false header:: 12,4  replyHeader:: 12,4294967300,0  request:: '/base/path,F  response:: ,s{4294967300,4294967300,1693755311269,1693755311269,0,0,0,0,0,0,4294967300} 
22:35:11.277 [FollowerRequestProcessor:2] DEBUG org.apache.zookeeper.server.quorum.CommitProcessor - Processing request:: sessionid:0x200005a3d760000 type:getChildren2 cxid:0xe zxid:0xfffffffffffffffe txntype:unknown reqpath:/base/path
22:35:11.279 [LearnerHandler-/127.0.0.1:51824] DEBUG org.apache.zookeeper.server.quorum.CommitProcessor - Committing request:: sessionid:0x200005a3d760000 type:create2 cxid:0xd zxid:0x100000005 txntype:15 reqpath:/base/path/1
22:35:11.279 [QuorumPeer[myid=1](plain=127.0.0.1:37453)(secure=disabled)] DEBUG org.apache.zookeeper.server.quorum.CommitProcessor - Committing request:: sessionid:0x200005a3d760000 type:create2 cxid:0xd zxid:0x100000005 txntype:15 reqpath:n/a
22:35:11.280 [CommitProcessor:1] DEBUG org.apache.zookeeper.server.FinalRequestProcessor - Processing request:: sessionid:0x200005a3d760000 type:create2 cxid:0xd zxid:0x100000005 txntype:15 reqpath:n/a
22:35:11.280 [CommitProcessor:3] DEBUG org.apache.zookeeper.server.FinalRequestProcessor - Processing request:: sessionid:0x200005a3d760000 type:create2 cxid:0xd zxid:0x100000005 txntype:15 reqpath:/base/path/1
22:35:11.280 [CommitProcessor:3] DEBUG org.apache.zookeeper.common.PathTrie - base
22:35:11.280 [CommitProcessor:3] DEBUG org.apache.zookeeper.server.DataTree - Digests are matching for Zxid: 100000005, Digest in log and actual tree: 10145777923
22:35:11.280 [QuorumPeer[myid=2](plain=127.0.0.1:45473)(secure=disabled)] DEBUG org.apache.zookeeper.server.quorum.CommitProcessor - Committing request:: sessionid:0x200005a3d760000 type:create2 cxid:0xd zxid:0x100000005 txntype:15 reqpath:n/a
22:35:11.280 [CommitProcessor:1] DEBUG org.apache.zookeeper.common.PathTrie - base
22:35:11.280 [CommitProcessor:1] DEBUG org.apache.zookeeper.server.DataTree - Digests are matching for Zxid: 100000005, Digest in log and actual tree: 10145777923
22:35:11.280 [CommitProcessor:2] DEBUG org.apache.zookeeper.server.FinalRequestProcessor - Processing request:: sessionid:0x200005a3d760000 type:create2 cxid:0xd zxid:0x100000005 txntype:15 reqpath:/base/path/1
22:35:11.280 [LearnerHandler-/127.0.0.1:51816] DEBUG org.apache.zookeeper.server.quorum.Leader - outstanding is 0
22:35:11.280 [CommitProcessor:2] DEBUG org.apache.zookeeper.common.PathTrie - base
22:35:11.280 [CommitProcessor:2] DEBUG org.apache.zookeeper.server.DataTree - Digests are matching for Zxid: 100000005, Digest in log and actual tree: 10145777923
22:35:11.281 [CommitProcessor:2] DEBUG org.apache.zookeeper.server.FinalRequestProcessor - sessionid:0x200005a3d760000 type:create2 cxid:0xd zxid:0x100000005 txntype:15 reqpath:/base/path/1
22:35:11.281 [CommitProcWorkThread-1] DEBUG org.apache.zookeeper.server.FinalRequestProcessor - Processing request:: sessionid:0x200005a3d760000 type:getChildren2 cxid:0xe zxid:0xfffffffffffffffe txntype:unknown reqpath:/base/path
22:35:11.281 [CommitProcWorkThread-1] DEBUG org.apache.zookeeper.server.FinalRequestProcessor - sessionid:0x200005a3d760000 type:getChildren2 cxid:0xe zxid:0xfffffffffffffffe txntype:unknown reqpath:/base/path
22:35:11.281 [CommitProcWorkThread-1] DEBUG org.apache.zookeeper.server.ZooKeeperServer - Permission requested: 1 
22:35:11.281 [CommitProcWorkThread-1] DEBUG org.apache.zookeeper.server.ZooKeeperServer - ACLs for node: [31,s{'world,'anyone}
]
22:35:11.281 [CommitProcWorkThread-1] DEBUG org.apache.zookeeper.server.ZooKeeperServer - Client credentials: ['ip,'127.0.0.1
]
22:35:11.281 [main-SendThread(127.0.0.1:45473)] DEBUG org.apache.zookeeper.ClientCnxn - Got notification session id: 0x200005a3d760000
22:35:11.281 [main-SendThread(127.0.0.1:45473)] DEBUG org.apache.zookeeper.ClientCnxn - Got WatchedEvent state:SyncConnected type:NodeCreated path:/base/path/1 zxid: 4294967301 for session id 0x200005a3d760000
22:35:11.282 [main-SendThread(127.0.0.1:45473)] DEBUG org.apache.zookeeper.ClientCnxn - Reading reply session id: 0x200005a3d760000, packet:: clientPath:null serverPath:null finished:false header:: 13,15  replyHeader:: 13,4294967301,0  request:: '/base/path/1,#3132372e302e312e31,v{s{31,s{'world,'anyone}}},0  response:: '/base/path/1,s{4294967301,4294967301,1693755311275,1693755311275,0,0,0,0,9,0,4294967301} 
22:35:11.282 [main-SendThread(127.0.0.1:45473)] DEBUG org.apache.zookeeper.ClientCnxn - Reading reply session id: 0x200005a3d760000, packet:: clientPath:/base/path serverPath:/base/path finished:false header:: 14,12  replyHeader:: 14,4294967301,0  request:: '/base/path,F  response:: v{'1},s{4294967300,4294967300,1693755311269,1693755311269,0,1,0,0,0,1,4294967301} 
22:35:11.282 [FollowerRequestProcessor:2] DEBUG org.apache.zookeeper.server.quorum.CommitProcessor - Processing request:: sessionid:0x200005a3d760000 type:getData cxid:0xf zxid:0xfffffffffffffffe txntype:unknown reqpath:/base/path/1
22:35:11.283 [CommitProcWorkThread-1] DEBUG org.apache.zookeeper.server.FinalRequestProcessor - Processing request:: sessionid:0x200005a3d760000 type:getData cxid:0xf zxid:0xfffffffffffffffe txntype:unknown reqpath:/base/path/1
22:35:11.283 [CommitProcWorkThread-1] DEBUG org.apache.zookeeper.server.FinalRequestProcessor - sessionid:0x200005a3d760000 type:getData cxid:0xf zxid:0xfffffffffffffffe txntype:unknown reqpath:/base/path/1
22:35:11.283 [CommitProcWorkThread-1] DEBUG org.apache.zookeeper.server.ZooKeeperServer - Permission requested: 1 
22:35:11.283 [CommitProcWorkThread-1] DEBUG org.apache.zookeeper.server.ZooKeeperServer - ACLs for node: [31,s{'world,'anyone}
]
22:35:11.283 [FollowerRequestProcessor:2] DEBUG org.apache.zookeeper.server.quorum.CommitProcessor - Processing request:: sessionid:0x200005a3d760000 type:create2 cxid:0x10 zxid:0xfffffffffffffffe txntype:unknown reqpath:/base/path/2
22:35:11.283 [CommitProcWorkThread-1] DEBUG org.apache.zookeeper.server.ZooKeeperServer - Client credentials: ['ip,'127.0.0.1
]
22:35:11.283 [ProcessThread(sid:3 cport:-1):] DEBUG org.apache.zookeeper.server.SessionTrackerImpl - Checking session 0x200005a3d760000
22:35:11.283 [ProcessThread(sid:3 cport:-1):] DEBUG org.apache.zookeeper.server.PrepRequestProcessor - Processing ACL: 31,s{'world,'anyone}

22:35:11.283 [ProcessThread(sid:3 cport:-1):] DEBUG org.apache.zookeeper.server.ZooKeeperServer - Permission requested: 4 
22:35:11.283 [ProcessThread(sid:3 cport:-1):] DEBUG org.apache.zookeeper.server.ZooKeeperServer - ACLs for node: [31,s{'world,'anyone}
]
22:35:11.284 [ProcessThread(sid:3 cport:-1):] DEBUG org.apache.zookeeper.server.ZooKeeperServer - Client credentials: ['ip,'127.0.0.1
]
22:35:11.284 [FollowerRequestProcessor:2] DEBUG org.apache.zookeeper.server.quorum.CommitProcessor - Processing request:: sessionid:0x200005a3d760000 type:getData cxid:0x11 zxid:0xfffffffffffffffe txntype:unknown reqpath:/base/path/1
22:35:11.284 [ProcessThread(sid:3 cport:-1):] DEBUG org.apache.zookeeper.server.PrepRequestProcessor - Digest got from data tree is: 10145777923
22:35:11.284 [ProcessThread(sid:3 cport:-1):] DEBUG org.apache.zookeeper.server.PrepRequestProcessor - Digest got from outstandingChanges is: 12903192229
22:35:11.284 [ProcessThread(sid:3 cport:-1):] DEBUG org.apache.zookeeper.server.quorum.CommitProcessor - Processing request:: sessionid:0x200005a3d760000 type:create2 cxid:0x10 zxid:0x100000006 txntype:15 reqpath:/base/path/2
22:35:11.284 [ProcessThread(sid:3 cport:-1):] DEBUG org.apache.zookeeper.server.quorum.Leader - Proposing:: sessionid:0x200005a3d760000 type:create2 cxid:0x10 zxid:0x100000006 txntype:15 reqpath:/base/path/2
22:35:11.284 [main-SendThread(127.0.0.1:45473)] DEBUG org.apache.zookeeper.ClientCnxn - Reading reply session id: 0x200005a3d760000, packet:: clientPath:/base/path/1 serverPath:/base/path/1 finished:false header:: 15,4  replyHeader:: 15,4294967301,0  request:: '/base/path/1,F  response:: #3132372e302e312e31,s{4294967301,4294967301,1693755311275,1693755311275,0,0,0,0,9,0,4294967301} 
22:35:11.285 [FollowerRequestProcessor:2] DEBUG org.apache.zookeeper.server.quorum.CommitProcessor - Processing request:: sessionid:0x200005a3d760000 type:getChildren2 cxid:0x12 zxid:0xfffffffffffffffe txntype:unknown reqpath:/base/path/1
22:35:11.288 [SyncThread:3] DEBUG org.apache.zookeeper.server.quorum.CommitProcessor - Committing request:: sessionid:0x200005a3d760000 type:create2 cxid:0x10 zxid:0x100000006 txntype:15 reqpath:/base/path/2
22:35:11.288 [QuorumPeer[myid=1](plain=127.0.0.1:37453)(secure=disabled)] DEBUG org.apache.zookeeper.server.quorum.CommitProcessor - Committing request:: sessionid:0x200005a3d760000 type:create2 cxid:0x10 zxid:0x100000006 txntype:15 reqpath:n/a
22:35:11.288 [CommitProcessor:1] DEBUG org.apache.zookeeper.server.FinalRequestProcessor - Processing request:: sessionid:0x200005a3d760000 type:create2 cxid:0x10 zxid:0x100000006 txntype:15 reqpath:n/a
22:35:11.288 [QuorumPeer[myid=2](plain=127.0.0.1:45473)(secure=disabled)] DEBUG org.apache.zookeeper.server.quorum.CommitProcessor - Committing request:: sessionid:0x200005a3d760000 type:create2 cxid:0x10 zxid:0x100000006 txntype:15 reqpath:n/a
22:35:11.289 [CommitProcessor:1] DEBUG org.apache.zookeeper.common.PathTrie - base
22:35:11.288 [CommitProcessor:3] DEBUG org.apache.zookeeper.server.FinalRequestProcessor - Processing request:: sessionid:0x200005a3d760000 type:create2 cxid:0x10 zxid:0x100000006 txntype:15 reqpath:/base/path/2
22:35:11.289 [CommitProcessor:1] DEBUG org.apache.zookeeper.server.DataTree - Digests are matching for Zxid: 100000006, Digest in log and actual tree: 16762602456
22:35:11.289 [CommitProcessor:2] DEBUG org.apache.zookeeper.server.FinalRequestProcessor - Processing request:: sessionid:0x200005a3d760000 type:create2 cxid:0x10 zxid:0x100000006 txntype:15 reqpath:/base/path/2
22:35:11.289 [CommitProcessor:3] DEBUG org.apache.zookeeper.common.PathTrie - base
22:35:11.289 [CommitProcessor:3] DEBUG org.apache.zookeeper.server.DataTree - Digests are matching for Zxid: 100000006, Digest in log and actual tree: 16762602456
22:35:11.289 [CommitProcessor:2] DEBUG org.apache.zookeeper.common.PathTrie - base
22:35:11.289 [CommitProcessor:2] DEBUG org.apache.zookeeper.server.DataTree - Digests are matching for Zxid: 100000006, Digest in log and actual tree: 16762602456
22:35:11.289 [LearnerHandler-/127.0.0.1:51824] DEBUG org.apache.zookeeper.server.quorum.Leader - outstanding is 0
22:35:11.289 [CommitProcessor:2] DEBUG org.apache.zookeeper.server.FinalRequestProcessor - sessionid:0x200005a3d760000 type:create2 cxid:0x10 zxid:0x100000006 txntype:15 reqpath:/base/path/2
22:35:11.290 [CommitProcWorkThread-1] DEBUG org.apache.zookeeper.server.FinalRequestProcessor - Processing request:: sessionid:0x200005a3d760000 type:getData cxid:0x11 zxid:0xfffffffffffffffe txntype:unknown reqpath:/base/path/1
22:35:11.290 [CommitProcWorkThread-1] DEBUG org.apache.zookeeper.server.FinalRequestProcessor - sessionid:0x200005a3d760000 type:getData cxid:0x11 zxid:0xfffffffffffffffe txntype:unknown reqpath:/base/path/1
22:35:11.290 [CommitProcWorkThread-1] DEBUG org.apache.zookeeper.server.ZooKeeperServer - Permission requested: 1 
22:35:11.290 [CommitProcWorkThread-1] DEBUG org.apache.zookeeper.server.ZooKeeperServer - ACLs for node: [31,s{'world,'anyone}
]
22:35:11.290 [CommitProcWorkThread-1] DEBUG org.apache.zookeeper.server.ZooKeeperServer - Client credentials: ['ip,'127.0.0.1
]
22:35:11.290 [CommitProcWorkThread-1] DEBUG org.apache.zookeeper.server.FinalRequestProcessor - Processing request:: sessionid:0x200005a3d760000 type:getChildren2 cxid:0x12 zxid:0xfffffffffffffffe txntype:unknown reqpath:/base/path/1
22:35:11.290 [CommitProcWorkThread-1] DEBUG org.apache.zookeeper.server.FinalRequestProcessor - sessionid:0x200005a3d760000 type:getChildren2 cxid:0x12 zxid:0xfffffffffffffffe txntype:unknown reqpath:/base/path/1
22:35:11.290 [CommitProcWorkThread-1] DEBUG org.apache.zookeeper.server.ZooKeeperServer - Permission requested: 1 
22:35:11.290 [CommitProcWorkThread-1] DEBUG org.apache.zookeeper.server.ZooKeeperServer - ACLs for node: [31,s{'world,'anyone}
]
22:35:11.290 [CommitProcWorkThread-1] DEBUG org.apache.zookeeper.server.ZooKeeperServer - Client credentials: ['ip,'127.0.0.1
]
22:35:11.290 [main-SendThread(127.0.0.1:45473)] DEBUG org.apache.zookeeper.ClientCnxn - Got notification session id: 0x200005a3d760000
22:35:11.290 [main-SendThread(127.0.0.1:45473)] DEBUG org.apache.zookeeper.ClientCnxn - Got WatchedEvent state:SyncConnected type:NodeCreated path:/base/path/2 zxid: 4294967302 for session id 0x200005a3d760000
22:35:11.292 [FollowerRequestProcessor:2] DEBUG org.apache.zookeeper.server.quorum.CommitProcessor - Processing request:: sessionid:0x200005a3d760000 type:getData cxid:0x13 zxid:0xfffffffffffffffe txntype:unknown reqpath:/base/path/2
22:35:11.291 [main-SendThread(127.0.0.1:45473)] DEBUG org.apache.zookeeper.ClientCnxn - Reading reply session id: 0x200005a3d760000, packet:: clientPath:null serverPath:null finished:false header:: 16,15  replyHeader:: 16,4294967302,0  request:: '/base/path/2,#3132372e302e312e31,v{s{31,s{'world,'anyone}}},0  response:: '/base/path/2,s{4294967302,4294967302,1693755311283,1693755311283,0,0,0,0,9,0,4294967302} 
22:35:11.292 [CommitProcWorkThread-1] DEBUG org.apache.zookeeper.server.FinalRequestProcessor - Processing request:: sessionid:0x200005a3d760000 type:getData cxid:0x13 zxid:0xfffffffffffffffe txntype:unknown reqpath:/base/path/2
22:35:11.293 [CommitProcWorkThread-1] DEBUG org.apache.zookeeper.server.FinalRequestProcessor - sessionid:0x200005a3d760000 type:getData cxid:0x13 zxid:0xfffffffffffffffe txntype:unknown reqpath:/base/path/2
22:35:11.293 [CommitProcWorkThread-1] DEBUG org.apache.zookeeper.server.ZooKeeperServer - Permission requested: 1 
22:35:11.293 [CommitProcWorkThread-1] DEBUG org.apache.zookeeper.server.ZooKeeperServer - ACLs for node: [31,s{'world,'anyone}
]
22:35:11.293 [CommitProcWorkThread-1] DEBUG org.apache.zookeeper.server.ZooKeeperServer - Client credentials: ['ip,'127.0.0.1
]
22:35:11.293 [main-SendThread(127.0.0.1:45473)] DEBUG org.apache.zookeeper.ClientCnxn - Reading reply session id: 0x200005a3d760000, packet:: clientPath:/base/path/1 serverPath:/base/path/1 finished:false header:: 17,4  replyHeader:: 17,4294967302,0  request:: '/base/path/1,F  response:: #3132372e302e312e31,s{4294967301,4294967301,1693755311275,1693755311275,0,0,0,0,9,0,4294967301} 
22:35:11.293 [main-SendThread(127.0.0.1:45473)] DEBUG org.apache.zookeeper.ClientCnxn - Reading reply session id: 0x200005a3d760000, packet:: clientPath:/base/path/1 serverPath:/base/path/1 finished:false header:: 18,12  replyHeader:: 18,4294967302,0  request:: '/base/path/1,F  response:: v{},s{4294967301,4294967301,1693755311275,1693755311275,0,0,0,0,9,0,4294967301} 
22:35:11.294 [FollowerRequestProcessor:2] DEBUG org.apache.zookeeper.server.quorum.CommitProcessor - Processing request:: sessionid:0x200005a3d760000 type:create2 cxid:0x14 zxid:0xfffffffffffffffe txntype:unknown reqpath:/base/path/1/a
22:35:11.294 [main-SendThread(127.0.0.1:45473)] DEBUG org.apache.zookeeper.ClientCnxn - Reading reply session id: 0x200005a3d760000, packet:: clientPath:/base/path/2 serverPath:/base/path/2 finished:false header:: 19,4  replyHeader:: 19,4294967302,0  request:: '/base/path/2,F  response:: #3132372e302e312e31,s{4294967302,4294967302,1693755311283,1693755311283,0,0,0,0,9,0,4294967302} 
22:35:11.294 [ProcessThread(sid:3 cport:-1):] DEBUG org.apache.zookeeper.server.SessionTrackerImpl - Checking session 0x200005a3d760000
22:35:11.295 [ProcessThread(sid:3 cport:-1):] DEBUG org.apache.zookeeper.server.PrepRequestProcessor - Processing ACL: 31,s{'world,'anyone}

22:35:11.295 [ProcessThread(sid:3 cport:-1):] DEBUG org.apache.zookeeper.server.ZooKeeperServer - Permission requested: 4 
22:35:11.295 [ProcessThread(sid:3 cport:-1):] DEBUG org.apache.zookeeper.server.ZooKeeperServer - ACLs for node: [31,s{'world,'anyone}
]
22:35:11.295 [ProcessThread(sid:3 cport:-1):] DEBUG org.apache.zookeeper.server.ZooKeeperServer - Client credentials: ['ip,'127.0.0.1
]
22:35:11.295 [ProcessThread(sid:3 cport:-1):] DEBUG org.apache.zookeeper.server.PrepRequestProcessor - Digest got from data tree is: 16762602456
22:35:11.295 [ProcessThread(sid:3 cport:-1):] DEBUG org.apache.zookeeper.server.PrepRequestProcessor - Digest got from outstandingChanges is: 16712479442
22:35:11.295 [FollowerRequestProcessor:2] DEBUG org.apache.zookeeper.server.quorum.CommitProcessor - Processing request:: sessionid:0x200005a3d760000 type:getChildren2 cxid:0x15 zxid:0xfffffffffffffffe txntype:unknown reqpath:/base/path/2
22:35:11.295 [ProcessThread(sid:3 cport:-1):] DEBUG org.apache.zookeeper.server.quorum.CommitProcessor - Processing request:: sessionid:0x200005a3d760000 type:create2 cxid:0x14 zxid:0x100000007 txntype:15 reqpath:/base/path/1/a
22:35:11.295 [ProcessThread(sid:3 cport:-1):] DEBUG org.apache.zookeeper.server.quorum.Leader - Proposing:: sessionid:0x200005a3d760000 type:create2 cxid:0x14 zxid:0x100000007 txntype:15 reqpath:/base/path/1/a
22:35:11.299 [LearnerHandler-/127.0.0.1:51824] DEBUG org.apache.zookeeper.server.quorum.CommitProcessor - Committing request:: sessionid:0x200005a3d760000 type:create2 cxid:0x14 zxid:0x100000007 txntype:15 reqpath:/base/path/1/a
22:35:11.299 [QuorumPeer[myid=2](plain=127.0.0.1:45473)(secure=disabled)] DEBUG org.apache.zookeeper.server.quorum.CommitProcessor - Committing request:: sessionid:0x200005a3d760000 type:create2 cxid:0x14 zxid:0x100000007 txntype:15 reqpath:n/a
22:35:11.299 [QuorumPeer[myid=1](plain=127.0.0.1:37453)(secure=disabled)] DEBUG org.apache.zookeeper.server.quorum.CommitProcessor - Committing request:: sessionid:0x200005a3d760000 type:create2 cxid:0x14 zxid:0x100000007 txntype:15 reqpath:n/a
22:35:11.299 [CommitProcessor:1] DEBUG org.apache.zookeeper.server.FinalRequestProcessor - Processing request:: sessionid:0x200005a3d760000 type:create2 cxid:0x14 zxid:0x100000007 txntype:15 reqpath:n/a
22:35:11.299 [CommitProcessor:3] DEBUG org.apache.zookeeper.server.FinalRequestProcessor - Processing request:: sessionid:0x200005a3d760000 type:create2 cxid:0x14 zxid:0x100000007 txntype:15 reqpath:/base/path/1/a
22:35:11.299 [CommitProcessor:2] DEBUG org.apache.zookeeper.server.FinalRequestProcessor - Processing request:: sessionid:0x200005a3d760000 type:create2 cxid:0x14 zxid:0x100000007 txntype:15 reqpath:/base/path/1/a
22:35:11.299 [CommitProcessor:1] DEBUG org.apache.zookeeper.common.PathTrie - base
22:35:11.299 [CommitProcessor:3] DEBUG org.apache.zookeeper.common.PathTrie - base
22:35:11.299 [CommitProcessor:1] DEBUG org.apache.zookeeper.server.DataTree - Digests are matching for Zxid: 100000007, Digest in log and actual tree: 18686585545
22:35:11.299 [CommitProcessor:2] DEBUG org.apache.zookeeper.common.PathTrie - base
22:35:11.299 [CommitProcessor:3] DEBUG org.apache.zookeeper.server.DataTree - Digests are matching for Zxid: 100000007, Digest in log and actual tree: 18686585545
22:35:11.299 [CommitProcessor:2] DEBUG org.apache.zookeeper.server.DataTree - Digests are matching for Zxid: 100000007, Digest in log and actual tree: 18686585545
22:35:11.299 [CommitProcessor:2] DEBUG org.apache.zookeeper.server.FinalRequestProcessor - sessionid:0x200005a3d760000 type:create2 cxid:0x14 zxid:0x100000007 txntype:15 reqpath:/base/path/1/a
22:35:11.300 [LearnerHandler-/127.0.0.1:51816] DEBUG org.apache.zookeeper.server.quorum.Leader - outstanding is 0
22:35:11.300 [main-SendThread(127.0.0.1:45473)] DEBUG org.apache.zookeeper.ClientCnxn - Got notification session id: 0x200005a3d760000
22:35:11.300 [CommitProcWorkThread-1] DEBUG org.apache.zookeeper.server.FinalRequestProcessor - Processing request:: sessionid:0x200005a3d760000 type:getChildren2 cxid:0x15 zxid:0xfffffffffffffffe txntype:unknown reqpath:/base/path/2
22:35:11.300 [main-SendThread(127.0.0.1:45473)] DEBUG org.apache.zookeeper.ClientCnxn - Got WatchedEvent state:SyncConnected type:NodeCreated path:/base/path/1/a zxid: 4294967303 for session id 0x200005a3d760000
22:35:11.300 [CommitProcWorkThread-1] DEBUG org.apache.zookeeper.server.FinalRequestProcessor - sessionid:0x200005a3d760000 type:getChildren2 cxid:0x15 zxid:0xfffffffffffffffe txntype:unknown reqpath:/base/path/2
22:35:11.300 [CommitProcWorkThread-1] DEBUG org.apache.zookeeper.server.ZooKeeperServer - Permission requested: 1 
22:35:11.300 [CommitProcWorkThread-1] DEBUG org.apache.zookeeper.server.ZooKeeperServer - ACLs for node: [31,s{'world,'anyone}
]
22:35:11.300 [CommitProcWorkThread-1] DEBUG org.apache.zookeeper.server.ZooKeeperServer - Client credentials: ['ip,'127.0.0.1
]
22:35:11.300 [main-SendThread(127.0.0.1:45473)] DEBUG org.apache.zookeeper.ClientCnxn - Reading reply session id: 0x200005a3d760000, packet:: clientPath:null serverPath:null finished:false header:: 20,15  replyHeader:: 20,4294967303,0  request:: '/base/path/1/a,#3132372e302e312e31,v{s{31,s{'world,'anyone}}},0  response:: '/base/path/1/a,s{4294967303,4294967303,1693755311294,1693755311294,0,0,0,0,9,0,4294967303} 
22:35:11.301 [FollowerRequestProcessor:2] DEBUG org.apache.zookeeper.server.quorum.CommitProcessor - Processing request:: sessionid:0x200005a3d760000 type:getData cxid:0x16 zxid:0xfffffffffffffffe txntype:unknown reqpath:/base/path/1/a
22:35:11.301 [main-SendThread(127.0.0.1:45473)] DEBUG org.apache.zookeeper.ClientCnxn - Reading reply session id: 0x200005a3d760000, packet:: clientPath:/base/path/2 serverPath:/base/path/2 finished:false header:: 21,12  replyHeader:: 21,4294967303,0  request:: '/base/path/2,F  response:: v{},s{4294967302,4294967302,1693755311283,1693755311283,0,0,0,0,9,0,4294967302} 
22:35:11.301 [CommitProcWorkThread-1] DEBUG org.apache.zookeeper.server.FinalRequestProcessor - Processing request:: sessionid:0x200005a3d760000 type:getData cxid:0x16 zxid:0xfffffffffffffffe txntype:unknown reqpath:/base/path/1/a
22:35:11.301 [CommitProcWorkThread-1] DEBUG org.apache.zookeeper.server.FinalRequestProcessor - sessionid:0x200005a3d760000 type:getData cxid:0x16 zxid:0xfffffffffffffffe txntype:unknown reqpath:/base/path/1/a
22:35:11.301 [CommitProcWorkThread-1] DEBUG org.apache.zookeeper.server.ZooKeeperServer - Permission requested: 1 
22:35:11.301 [CommitProcWorkThread-1] DEBUG org.apache.zookeeper.server.ZooKeeperServer - ACLs for node: [31,s{'world,'anyone}
]
22:35:11.301 [CommitProcWorkThread-1] DEBUG org.apache.zookeeper.server.ZooKeeperServer - Client credentials: ['ip,'127.0.0.1
]
22:35:11.302 [FollowerRequestProcessor:2] DEBUG org.apache.zookeeper.server.quorum.CommitProcessor - Processing request:: sessionid:0x200005a3d760000 type:create2 cxid:0x17 zxid:0xfffffffffffffffe txntype:unknown reqpath:/base/path/2/a
22:35:11.302 [ProcessThread(sid:3 cport:-1):] DEBUG org.apache.zookeeper.server.SessionTrackerImpl - Checking session 0x200005a3d760000
22:35:11.302 [ProcessThread(sid:3 cport:-1):] DEBUG org.apache.zookeeper.server.PrepRequestProcessor - Processing ACL: 31,s{'world,'anyone}

22:35:11.302 [ProcessThread(sid:3 cport:-1):] DEBUG org.apache.zookeeper.server.ZooKeeperServer - Permission requested: 4 
22:35:11.302 [ProcessThread(sid:3 cport:-1):] DEBUG org.apache.zookeeper.server.ZooKeeperServer - ACLs for node: [31,s{'world,'anyone}
]
22:35:11.302 [ProcessThread(sid:3 cport:-1):] DEBUG org.apache.zookeeper.server.ZooKeeperServer - Client credentials: ['ip,'127.0.0.1
]
22:35:11.302 [ProcessThread(sid:3 cport:-1):] DEBUG org.apache.zookeeper.server.PrepRequestProcessor - Digest got from data tree is: 18686585545
22:35:11.302 [main-SendThread(127.0.0.1:45473)] DEBUG org.apache.zookeeper.ClientCnxn - Reading reply session id: 0x200005a3d760000, packet:: clientPath:/base/path/1/a serverPath:/base/path/1/a finished:false header:: 22,4  replyHeader:: 22,4294967303,0  request:: '/base/path/1/a,F  response:: #3132372e302e312e31,s{4294967303,4294967303,1693755311294,1693755311294,0,0,0,0,9,0,4294967303} 
22:35:11.302 [ProcessThread(sid:3 cport:-1):] DEBUG org.apache.zookeeper.server.PrepRequestProcessor - Digest got from outstandingChanges is: 16236192926
22:35:11.302 [ProcessThread(sid:3 cport:-1):] DEBUG org.apache.zookeeper.server.quorum.CommitProcessor - Processing request:: sessionid:0x200005a3d760000 type:create2 cxid:0x17 zxid:0x100000008 txntype:15 reqpath:/base/path/2/a
22:35:11.303 [ProcessThread(sid:3 cport:-1):] DEBUG org.apache.zookeeper.server.quorum.Leader - Proposing:: sessionid:0x200005a3d760000 type:create2 cxid:0x17 zxid:0x100000008 txntype:15 reqpath:/base/path/2/a
22:35:11.303 [FollowerRequestProcessor:2] DEBUG org.apache.zookeeper.server.quorum.CommitProcessor - Processing request:: sessionid:0x200005a3d760000 type:getChildren2 cxid:0x18 zxid:0xfffffffffffffffe txntype:unknown reqpath:/base/path/1/a
22:35:11.306 [LearnerHandler-/127.0.0.1:51816] DEBUG org.apache.zookeeper.server.quorum.CommitProcessor - Committing request:: sessionid:0x200005a3d760000 type:create2 cxid:0x17 zxid:0x100000008 txntype:15 reqpath:/base/path/2/a
22:35:11.306 [QuorumPeer[myid=1](plain=127.0.0.1:37453)(secure=disabled)] DEBUG org.apache.zookeeper.server.quorum.CommitProcessor - Committing request:: sessionid:0x200005a3d760000 type:create2 cxid:0x17 zxid:0x100000008 txntype:15 reqpath:n/a
22:35:11.306 [CommitProcessor:1] DEBUG org.apache.zookeeper.server.FinalRequestProcessor - Processing request:: sessionid:0x200005a3d760000 type:create2 cxid:0x17 zxid:0x100000008 txntype:15 reqpath:n/a
22:35:11.306 [CommitProcessor:3] DEBUG org.apache.zookeeper.server.FinalRequestProcessor - Processing request:: sessionid:0x200005a3d760000 type:create2 cxid:0x17 zxid:0x100000008 txntype:15 reqpath:/base/path/2/a
22:35:11.306 [QuorumPeer[myid=2](plain=127.0.0.1:45473)(secure=disabled)] DEBUG org.apache.zookeeper.server.quorum.CommitProcessor - Committing request:: sessionid:0x200005a3d760000 type:create2 cxid:0x17 zxid:0x100000008 txntype:15 reqpath:n/a
22:35:11.306 [CommitProcessor:2] DEBUG org.apache.zookeeper.server.FinalRequestProcessor - Processing request:: sessionid:0x200005a3d760000 type:create2 cxid:0x17 zxid:0x100000008 txntype:15 reqpath:/base/path/2/a
22:35:11.307 [CommitProcessor:1] DEBUG org.apache.zookeeper.common.PathTrie - base
22:35:11.307 [CommitProcessor:2] DEBUG org.apache.zookeeper.common.PathTrie - base
22:35:11.307 [CommitProcessor:3] DEBUG org.apache.zookeeper.common.PathTrie - base
22:35:11.307 [CommitProcessor:1] DEBUG org.apache.zookeeper.server.DataTree - Digests are matching for Zxid: 100000008, Digest in log and actual tree: 16547834508
22:35:11.307 [CommitProcessor:3] DEBUG org.apache.zookeeper.server.DataTree - Digests are matching for Zxid: 100000008, Digest in log and actual tree: 16547834508
22:35:11.307 [CommitProcessor:2] DEBUG org.apache.zookeeper.server.DataTree - Digests are matching for Zxid: 100000008, Digest in log and actual tree: 16547834508
22:35:11.307 [CommitProcessor:2] DEBUG org.apache.zookeeper.server.FinalRequestProcessor - sessionid:0x200005a3d760000 type:create2 cxid:0x17 zxid:0x100000008 txntype:15 reqpath:/base/path/2/a
22:35:11.307 [LearnerHandler-/127.0.0.1:51824] DEBUG org.apache.zookeeper.server.quorum.Leader - outstanding is 0
22:35:11.307 [CommitProcWorkThread-1] DEBUG org.apache.zookeeper.server.FinalRequestProcessor - Processing request:: sessionid:0x200005a3d760000 type:getChildren2 cxid:0x18 zxid:0xfffffffffffffffe txntype:unknown reqpath:/base/path/1/a
22:35:11.307 [CommitProcWorkThread-1] DEBUG org.apache.zookeeper.server.FinalRequestProcessor - sessionid:0x200005a3d760000 type:getChildren2 cxid:0x18 zxid:0xfffffffffffffffe txntype:unknown reqpath:/base/path/1/a
22:35:11.307 [CommitProcWorkThread-1] DEBUG org.apache.zookeeper.server.ZooKeeperServer - Permission requested: 1 
22:35:11.307 [main-SendThread(127.0.0.1:45473)] DEBUG org.apache.zookeeper.ClientCnxn - Got notification session id: 0x200005a3d760000
22:35:11.307 [main-SendThread(127.0.0.1:45473)] DEBUG org.apache.zookeeper.ClientCnxn - Got WatchedEvent state:SyncConnected type:NodeCreated path:/base/path/2/a zxid: 4294967304 for session id 0x200005a3d760000
22:35:11.307 [CommitProcWorkThread-1] DEBUG org.apache.zookeeper.server.ZooKeeperServer - ACLs for node: [31,s{'world,'anyone}
]
22:35:11.307 [CommitProcWorkThread-1] DEBUG org.apache.zookeeper.server.ZooKeeperServer - Client credentials: ['ip,'127.0.0.1
]
22:35:11.308 [main-SendThread(127.0.0.1:45473)] DEBUG org.apache.zookeeper.ClientCnxn - Reading reply session id: 0x200005a3d760000, packet:: clientPath:null serverPath:null finished:false header:: 23,15  replyHeader:: 23,4294967304,0  request:: '/base/path/2/a,#3132372e302e312e31,v{s{31,s{'world,'anyone}}},0  response:: '/base/path/2/a,s{4294967304,4294967304,1693755311302,1693755311302,0,0,0,0,9,0,4294967304} 
22:35:11.309 [main-SendThread(127.0.0.1:45473)] DEBUG org.apache.zookeeper.ClientCnxn - Reading reply session id: 0x200005a3d760000, packet:: clientPath:/base/path/1/a serverPath:/base/path/1/a finished:false header:: 24,12  replyHeader:: 24,4294967304,0  request:: '/base/path/1/a,F  response:: v{},s{4294967303,4294967303,1693755311294,1693755311294,0,0,0,0,9,0,4294967303} 
22:35:11.309 [FollowerRequestProcessor:2] DEBUG org.apache.zookeeper.server.quorum.CommitProcessor - Processing request:: sessionid:0x200005a3d760000 type:getData cxid:0x19 zxid:0xfffffffffffffffe txntype:unknown reqpath:/base/path/2/a
22:35:11.309 [CommitProcWorkThread-1] DEBUG org.apache.zookeeper.server.FinalRequestProcessor - Processing request:: sessionid:0x200005a3d760000 type:getData cxid:0x19 zxid:0xfffffffffffffffe txntype:unknown reqpath:/base/path/2/a
22:35:11.309 [CommitProcWorkThread-1] DEBUG org.apache.zookeeper.server.FinalRequestProcessor - sessionid:0x200005a3d760000 type:getData cxid:0x19 zxid:0xfffffffffffffffe txntype:unknown reqpath:/base/path/2/a
22:35:11.309 [CommitProcWorkThread-1] DEBUG org.apache.zookeeper.server.ZooKeeperServer - Permission requested: 1 
22:35:11.309 [CommitProcWorkThread-1] DEBUG org.apache.zookeeper.server.ZooKeeperServer - ACLs for node: [31,s{'world,'anyone}
]
22:35:11.309 [CommitProcWorkThread-1] DEBUG org.apache.zookeeper.server.ZooKeeperServer - Client credentials: ['ip,'127.0.0.1
]
22:35:11.310 [main-SendThread(127.0.0.1:45473)] DEBUG org.apache.zookeeper.ClientCnxn - Reading reply session id: 0x200005a3d760000, packet:: clientPath:/base/path/2/a serverPath:/base/path/2/a finished:false header:: 25,4  replyHeader:: 25,4294967304,0  request:: '/base/path/2/a,F  response:: #3132372e302e312e31,s{4294967304,4294967304,1693755311302,1693755311302,0,0,0,0,9,0,4294967304} 
22:35:11.311 [main] DEBUG org.apache.curator.framework.imps.CuratorFrameworkImpl - Closing
22:35:11.311 [Curator-Framework-0] INFO org.apache.curator.framework.imps.CuratorFrameworkImpl - backgroundOperationsLoop exiting
22:35:11.311 [main] DEBUG org.apache.curator.framework.imps.WatcherRemovalManager - Removing watcher for path: /zookeeper/config
22:35:11.311 [main] DEBUG org.apache.curator.CuratorZookeeperClient - Closing, waitForShutdownTimeoutMs 0
22:35:11.311 [main] DEBUG org.apache.curator.ConnectionState - Closing
22:35:11.311 [main] DEBUG org.apache.zookeeper.ZooKeeper - Closing session: 0x200005a3d760000
22:35:11.311 [main] DEBUG org.apache.zookeeper.ClientCnxn - Closing client for session: 0x200005a3d760000
22:35:11.312 [FollowerRequestProcessor:2] DEBUG org.apache.zookeeper.server.quorum.CommitProcessor - Processing request:: sessionid:0x200005a3d760000 type:getChildren2 cxid:0x1a zxid:0xfffffffffffffffe txntype:unknown reqpath:/base/path/2/a
22:35:11.312 [FollowerRequestProcessor:2] DEBUG org.apache.zookeeper.server.quorum.CommitProcessor - Processing request:: sessionid:0x200005a3d760000 type:checkWatches cxid:0x1b zxid:0xfffffffffffffffe txntype:unknown reqpath:/base/path
22:35:11.312 [FollowerRequestProcessor:2] DEBUG org.apache.zookeeper.server.quorum.CommitProcessor - Processing request:: sessionid:0x200005a3d760000 type:checkWatches cxid:0x1c zxid:0xfffffffffffffffe txntype:unknown reqpath:/zookeeper/config
22:35:11.312 [RequestThrottler] INFO org.apache.zookeeper.server.ZooKeeperServer - Submitting global closeSession request for session 0x200005a3d760000
22:35:11.312 [FollowerRequestProcessor:2] DEBUG org.apache.zookeeper.server.quorum.CommitProcessor - Processing request:: sessionid:0x200005a3d760000 type:closeSession cxid:0x1d zxid:0xfffffffffffffffe txntype:unknown reqpath:n/a
22:35:11.313 [ProcessThread(sid:3 cport:-1):] DEBUG org.apache.zookeeper.server.PrepRequestProcessor - Digest got from data tree is: 16547834508
22:35:11.313 [ProcessThread(sid:3 cport:-1):] DEBUG org.apache.zookeeper.server.quorum.CommitProcessor - Processing request:: sessionid:0x200005a3d760000 type:closeSession cxid:0x1d zxid:0x100000009 txntype:-11 reqpath:n/a
22:35:11.313 [ProcessThread(sid:3 cport:-1):] DEBUG org.apache.zookeeper.server.quorum.Leader - Proposing:: sessionid:0x200005a3d760000 type:closeSession cxid:0x1d zxid:0x100000009 txntype:-11 reqpath:n/a
22:35:11.313 [CommitProcWorkThread-1] DEBUG org.apache.zookeeper.server.FinalRequestProcessor - Processing request:: sessionid:0x200005a3d760000 type:getChildren2 cxid:0x1a zxid:0xfffffffffffffffe txntype:unknown reqpath:/base/path/2/a
22:35:11.313 [CommitProcWorkThread-1] DEBUG org.apache.zookeeper.server.FinalRequestProcessor - sessionid:0x200005a3d760000 type:getChildren2 cxid:0x1a zxid:0xfffffffffffffffe txntype:unknown reqpath:/base/path/2/a
22:35:11.313 [CommitProcWorkThread-1] DEBUG org.apache.zookeeper.server.ZooKeeperServer - Permission requested: 1 
22:35:11.314 [CommitProcWorkThread-1] DEBUG org.apache.zookeeper.server.ZooKeeperServer - ACLs for node: [31,s{'world,'anyone}
]
22:35:11.314 [CommitProcWorkThread-1] DEBUG org.apache.zookeeper.server.ZooKeeperServer - Client credentials: ['ip,'127.0.0.1
]
22:35:11.314 [CommitProcWorkThread-1] DEBUG org.apache.zookeeper.server.FinalRequestProcessor - Processing request:: sessionid:0x200005a3d760000 type:checkWatches cxid:0x1b zxid:0xfffffffffffffffe txntype:unknown reqpath:/base/path
22:35:11.314 [CommitProcWorkThread-1] DEBUG org.apache.zookeeper.server.FinalRequestProcessor - sessionid:0x200005a3d760000 type:checkWatches cxid:0x1b zxid:0xfffffffffffffffe txntype:unknown reqpath:/base/path
22:35:11.314 [CommitProcWorkThread-1] DEBUG org.apache.zookeeper.server.FinalRequestProcessor - Processing request:: sessionid:0x200005a3d760000 type:checkWatches cxid:0x1c zxid:0xfffffffffffffffe txntype:unknown reqpath:/zookeeper/config
22:35:11.314 [CommitProcWorkThread-1] DEBUG org.apache.zookeeper.server.FinalRequestProcessor - sessionid:0x200005a3d760000 type:checkWatches cxid:0x1c zxid:0xfffffffffffffffe txntype:unknown reqpath:/zookeeper/config
22:35:11.314 [main-SendThread(127.0.0.1:45473)] DEBUG org.apache.zookeeper.ClientCnxn - Reading reply session id: 0x200005a3d760000, packet:: clientPath:/base/path/2/a serverPath:/base/path/2/a finished:false header:: 26,12  replyHeader:: 26,4294967304,0  request:: '/base/path/2/a,F  response:: v{},s{4294967304,4294967304,1693755311302,1693755311302,0,0,0,0,9,0,4294967304} 
22:35:11.315 [main-SendThread(127.0.0.1:45473)] DEBUG org.apache.zookeeper.ClientCnxn - Reading reply session id: 0x200005a3d760000, packet:: clientPath:/base/path serverPath:/base/path finished:false header:: 27,17  replyHeader:: 27,4294967304,0  request:: '/base/path,3  response:: null
22:35:11.315 [main-SendThread(127.0.0.1:45473)] DEBUG org.apache.zookeeper.ClientCnxn - Reading reply session id: 0x200005a3d760000, packet:: clientPath:/zookeeper/config serverPath:/zookeeper/config finished:false header:: 28,17  replyHeader:: 28,4294967304,0  request:: '/zookeeper/config,3  response:: null
22:35:11.317 [LearnerHandler-/127.0.0.1:51816] DEBUG org.apache.zookeeper.server.quorum.CommitProcessor - Committing request:: sessionid:0x200005a3d760000 type:closeSession cxid:0x1d zxid:0x100000009 txntype:-11 reqpath:n/a
22:35:11.317 [QuorumPeer[myid=2](plain=127.0.0.1:45473)(secure=disabled)] DEBUG org.apache.zookeeper.server.quorum.CommitProcessor - Committing request:: sessionid:0x200005a3d760000 type:closeSession cxid:0x1d zxid:0x100000009 txntype:-11 reqpath:n/a
22:35:11.317 [QuorumPeer[myid=1](plain=127.0.0.1:37453)(secure=disabled)] DEBUG org.apache.zookeeper.server.quorum.CommitProcessor - Committing request:: sessionid:0x200005a3d760000 type:closeSession cxid:0x1d zxid:0x100000009 txntype:-11 reqpath:n/a
22:35:11.317 [CommitProcessor:1] DEBUG org.apache.zookeeper.server.FinalRequestProcessor - Processing request:: sessionid:0x200005a3d760000 type:closeSession cxid:0x1d zxid:0x100000009 txntype:-11 reqpath:n/a
22:35:11.317 [CommitProcessor:2] DEBUG org.apache.zookeeper.server.FinalRequestProcessor - Processing request:: sessionid:0x200005a3d760000 type:closeSession cxid:0x1d zxid:0x100000009 txntype:-11 reqpath:n/a
22:35:11.317 [CommitProcessor:3] DEBUG org.apache.zookeeper.server.FinalRequestProcessor - Processing request:: sessionid:0x200005a3d760000 type:closeSession cxid:0x1d zxid:0x100000009 txntype:-11 reqpath:n/a
22:35:11.317 [CommitProcessor:3] DEBUG org.apache.zookeeper.server.SessionTrackerImpl - Removing session 0x200005a3d760000
22:35:11.317 [CommitProcessor:2] DEBUG org.apache.zookeeper.server.DataTree - Digests are matching for Zxid: 100000009, Digest in log and actual tree: 16547834508
22:35:11.317 [CommitProcessor:1] DEBUG org.apache.zookeeper.server.DataTree - Digests are matching for Zxid: 100000009, Digest in log and actual tree: 16547834508
22:35:11.317 [CommitProcessor:3] DEBUG org.apache.zookeeper.server.DataTree - Digests are matching for Zxid: 100000009, Digest in log and actual tree: 16547834508
22:35:11.317 [CommitProcessor:2] DEBUG org.apache.zookeeper.server.FinalRequestProcessor - sessionid:0x200005a3d760000 type:closeSession cxid:0x1d zxid:0x100000009 txntype:-11 reqpath:n/a
22:35:11.318 [NIOWorkerThread-8] DEBUG org.apache.zookeeper.server.NIOServerCnxn - Closed socket connection for client /127.0.0.1:33472 which had sessionid 0x200005a3d760000
22:35:11.318 [main-SendThread(127.0.0.1:45473)] DEBUG org.apache.zookeeper.ClientCnxn - Reading reply session id: 0x200005a3d760000, packet:: clientPath:null serverPath:null finished:false header:: 29,-11  replyHeader:: 29,4294967305,0  request:: null response:: null
22:35:11.318 [LearnerHandler-/127.0.0.1:51824] DEBUG org.apache.zookeeper.server.quorum.Leader - outstanding is 0
22:35:11.318 [main] DEBUG org.apache.zookeeper.ClientCnxn - Disconnecting client for session: 0x200005a3d760000
22:35:11.319 [main-SendThread(127.0.0.1:45473)] DEBUG org.apache.zookeeper.ClientCnxn - An exception was thrown while closing send thread for session 0x200005a3d760000.
org.apache.zookeeper.ClientCnxn$EndOfStreamException: Unable to read additional data from server sessionid 0x200005a3d760000, likely server has closed socket
	at org.apache.zookeeper.ClientCnxnSocketNIO.doIO(ClientCnxnSocketNIO.java:77)
	at org.apache.zookeeper.ClientCnxnSocketNIO.doTransport(ClientCnxnSocketNIO.java:350)
	at org.apache.zookeeper.ClientCnxn$SendThread.run(ClientCnxn.java:1276)
22:35:11.419 [main-EventThread] INFO org.apache.zookeeper.ClientCnxn - EventThread shut down for session: 0x200005a3d760000
22:35:11.419 [main] INFO org.apache.zookeeper.ZooKeeper - Session: 0x200005a3d760000 closed
22:35:11.419 [main] INFO org.apache.zookeeper.server.quorum.Learner - shutdown Follower
22:35:11.420 [main] INFO org.apache.zookeeper.server.ZooKeeperServer - shutting down
22:35:11.420 [LearnerHandler-/127.0.0.1:51824] ERROR org.apache.zookeeper.server.quorum.LearnerHandler - Unexpected exception in LearnerHandler: 
java.io.EOFException: null
	at java.base/java.io.DataInputStream.readInt(DataInputStream.java:398)
	at org.apache.jute.BinaryInputArchive.readInt(BinaryInputArchive.java:96)
	at org.apache.zookeeper.server.quorum.QuorumPacket.deserialize(QuorumPacket.java:86)
	at org.apache.jute.BinaryInputArchive.readRecord(BinaryInputArchive.java:134)
	at org.apache.zookeeper.server.quorum.LearnerHandler.run(LearnerHandler.java:657)
22:35:11.420 [main] INFO org.apache.zookeeper.server.RequestThrottler - Shutting down
22:35:11.420 [LearnerHandler-/127.0.0.1:51824] INFO org.apache.zookeeper.server.quorum.LearnerHandler - Synchronously closing socket to learner 1.
22:35:11.420 [RequestThrottler] INFO org.apache.zookeeper.server.RequestThrottler - Draining request throttler queue
22:35:11.420 [RequestThrottler] INFO org.apache.zookeeper.server.RequestThrottler - RequestThrottler shutdown. Dropped 0 requests
22:35:11.420 [QuorumPeer[myid=1](plain=127.0.0.1:37453)(secure=disabled)] WARN org.apache.zookeeper.server.quorum.Learner - Exception when following the leader
java.net.SocketException: Socket closed
	at java.base/sun.nio.ch.NioSocketImpl.endRead(NioSocketImpl.java:248)
	at java.base/sun.nio.ch.NioSocketImpl.implRead(NioSocketImpl.java:327)
	at java.base/sun.nio.ch.NioSocketImpl.read(NioSocketImpl.java:350)
	at java.base/sun.nio.ch.NioSocketImpl$1.read(NioSocketImpl.java:803)
	at java.base/java.net.Socket$SocketInputStream.read(Socket.java:966)
	at java.base/java.io.BufferedInputStream.fill(BufferedInputStream.java:244)
	at java.base/java.io.BufferedInputStream.read(BufferedInputStream.java:263)
	at java.base/java.io.DataInputStream.readInt(DataInputStream.java:393)
	at org.apache.jute.BinaryInputArchive.readInt(BinaryInputArchive.java:96)
	at org.apache.zookeeper.server.quorum.QuorumPacket.deserialize(QuorumPacket.java:86)
	at org.apache.jute.BinaryInputArchive.readRecord(BinaryInputArchive.java:134)
	at org.apache.zookeeper.server.quorum.Learner.readPacket(Learner.java:228)
	at org.apache.zookeeper.server.quorum.Follower.followLeader(Follower.java:124)
	at org.apache.zookeeper.server.quorum.QuorumPeer.run(QuorumPeer.java:1556)
22:35:11.420 [LearnerHandler-/127.0.0.1:51824] WARN org.apache.zookeeper.server.quorum.LearnerHandler - ******* GOODBYE /127.0.0.1:51824 ********
22:35:11.420 [main] INFO org.apache.zookeeper.server.quorum.FollowerRequestProcessor - Shutting down
22:35:11.420 [main] INFO org.apache.zookeeper.server.quorum.CommitProcessor - Shutting down
22:35:11.420 [FollowerRequestProcessor:1] INFO org.apache.zookeeper.server.quorum.FollowerRequestProcessor - FollowerRequestProcessor exited loop!
22:35:11.420 [main] INFO org.apache.zookeeper.server.FinalRequestProcessor - shutdown of request processor complete
22:35:11.420 [CommitProcessor:1] INFO org.apache.zookeeper.server.quorum.CommitProcessor - CommitProcessor exited loop!
22:35:11.421 [main] DEBUG org.apache.zookeeper.server.persistence.FileTxnLog - Created new input stream: /tmp/1693755310792-0/version-2/log.100000001
22:35:11.421 [main] DEBUG org.apache.zookeeper.server.persistence.FileTxnLog - Created new input archive: /tmp/1693755310792-0/version-2/log.100000001
22:35:11.420 [QuorumPeer[myid=1](plain=127.0.0.1:37453)(secure=disabled)] INFO org.apache.zookeeper.server.quorum.Learner - Disconnected from leader (with address: /127.0.0.1:41609). Was connected for 285ms. Sync state: true
22:35:11.421 [QuorumPeer[myid=1](plain=127.0.0.1:37453)(secure=disabled)] INFO org.apache.zookeeper.server.quorum.Learner - shutdown Follower
22:35:11.422 [main] DEBUG org.apache.zookeeper.server.persistence.FileTxnLog - EOF exception
java.io.EOFException: Failed to read /tmp/1693755310792-0/version-2/log.100000001
	at org.apache.zookeeper.server.persistence.FileTxnLog$FileTxnIterator.next(FileTxnLog.java:771)
	at org.apache.zookeeper.server.persistence.FileTxnLog$FileTxnIterator.<init>(FileTxnLog.java:650)
	at org.apache.zookeeper.server.persistence.FileTxnLog.read(FileTxnLog.java:466)
	at org.apache.zookeeper.server.persistence.FileTxnLog.read(FileTxnLog.java:453)
	at org.apache.zookeeper.server.persistence.FileTxnSnapLog.fastForwardFromEdits(FileTxnSnapLog.java:330)
	at org.apache.zookeeper.server.ZKDatabase.fastForwardDataBase(ZKDatabase.java:303)
	at org.apache.zookeeper.server.ZooKeeperServer.shutdown(ZooKeeperServer.java:980)
	at org.apache.zookeeper.server.quorum.Learner.shutdown(Learner.java:868)
	at org.apache.zookeeper.server.quorum.Follower.shutdown(Follower.java:287)
	at org.apache.zookeeper.server.quorum.QuorumPeer.shutdown(QuorumPeer.java:1629)
	at org.apache.curator.test.TestingQuorumPeerMain.close(TestingQuorumPeerMain.java:68)
	at org.apache.curator.test.TestingZooKeeperServer.stop(TestingZooKeeperServer.java:118)
	at org.apache.curator.test.TestingZooKeeperServer.close(TestingZooKeeperServer.java:130)
	at org.apache.curator.test.TestingCluster.close(TestingCluster.java:175)
	at org.apache.zookeeper.compatibility.TestApacheCuratorCompatibility.testBasicUsageOfApisAndRecipesInCluster(TestApacheCuratorCompatibility.java:53)
	at java.base/jdk.internal.reflect.NativeMethodAccessorImpl.invoke0(Native Method)
	at java.base/jdk.internal.reflect.NativeMethodAccessorImpl.invoke(NativeMethodAccessorImpl.java:77)
	at java.base/jdk.internal.reflect.DelegatingMethodAccessorImpl.invoke(DelegatingMethodAccessorImpl.java:43)
	at java.base/java.lang.reflect.Method.invoke(Method.java:568)
	at org.junit.platform.commons.util.ReflectionUtils.invokeMethod(ReflectionUtils.java:688)
	at org.junit.jupiter.engine.execution.MethodInvocation.proceed(MethodInvocation.java:60)
	at org.junit.jupiter.engine.execution.InvocationInterceptorChain$ValidatingInvocation.proceed(InvocationInterceptorChain.java:131)
	at org.junit.jupiter.engine.extension.TimeoutExtension.intercept(TimeoutExtension.java:149)
	at org.junit.jupiter.engine.extension.TimeoutExtension.interceptTestableMethod(TimeoutExtension.java:140)
	at org.junit.jupiter.engine.extension.TimeoutExtension.interceptTestMethod(TimeoutExtension.java:84)
	at org.junit.jupiter.engine.execution.ExecutableInvoker$ReflectiveInterceptorCall.lambda$ofVoidMethod$0(ExecutableInvoker.java:115)
	at org.junit.jupiter.engine.execution.ExecutableInvoker.lambda$invoke$0(ExecutableInvoker.java:105)
	at org.junit.jupiter.engine.execution.InvocationInterceptorChain$InterceptedInvocation.proceed(InvocationInterceptorChain.java:106)
	at org.junit.jupiter.engine.execution.InvocationInterceptorChain.proceed(InvocationInterceptorChain.java:64)
	at org.junit.jupiter.engine.execution.InvocationInterceptorChain.chainAndInvoke(InvocationInterceptorChain.java:45)
	at org.junit.jupiter.engine.execution.InvocationInterceptorChain.invoke(InvocationInterceptorChain.java:37)
	at org.junit.jupiter.engine.execution.ExecutableInvoker.invoke(ExecutableInvoker.java:104)
	at org.junit.jupiter.engine.execution.ExecutableInvoker.invoke(ExecutableInvoker.java:98)
	at org.junit.jupiter.engine.descriptor.TestMethodTestDescriptor.lambda$invokeTestMethod$6(TestMethodTestDescriptor.java:210)
	at org.junit.platform.engine.support.hierarchical.ThrowableCollector.execute(ThrowableCollector.java:73)
	at org.junit.jupiter.engine.descriptor.TestMethodTestDescriptor.invokeTestMethod(TestMethodTestDescriptor.java:206)
	at org.junit.jupiter.engine.descriptor.TestMethodTestDescriptor.execute(TestMethodTestDescriptor.java:131)
	at org.junit.jupiter.engine.descriptor.TestMethodTestDescriptor.execute(TestMethodTestDescriptor.java:65)
	at org.junit.platform.engine.support.hierarchical.NodeTestTask.lambda$executeRecursively$5(NodeTestTask.java:139)
	at org.junit.platform.engine.support.hierarchical.ThrowableCollector.execute(ThrowableCollector.java:73)
	at org.junit.platform.engine.support.hierarchical.NodeTestTask.lambda$executeRecursively$7(NodeTestTask.java:129)
	at org.junit.platform.engine.support.hierarchical.Node.around(Node.java:137)
	at org.junit.platform.engine.support.hierarchical.NodeTestTask.lambda$executeRecursively$8(NodeTestTask.java:127)
	at org.junit.platform.engine.support.hierarchical.ThrowableCollector.execute(ThrowableCollector.java:73)
	at org.junit.platform.engine.support.hierarchical.NodeTestTask.executeRecursively(NodeTestTask.java:126)
	at org.junit.platform.engine.support.hierarchical.NodeTestTask.execute(NodeTestTask.java:84)
	at java.base/java.util.ArrayList.forEach(ArrayList.java:1511)
	at org.junit.platform.engine.support.hierarchical.SameThreadHierarchicalTestExecutorService.invokeAll(SameThreadHierarchicalTestExecutorService.java:38)
	at org.junit.platform.engine.support.hierarchical.NodeTestTask.lambda$executeRecursively$5(NodeTestTask.java:143)
	at org.junit.platform.engine.support.hierarchical.ThrowableCollector.execute(ThrowableCollector.java:73)
	at org.junit.platform.engine.support.hierarchical.NodeTestTask.lambda$executeRecursively$7(NodeTestTask.java:129)
	at org.junit.platform.engine.support.hierarchical.Node.around(Node.java:137)
	at org.junit.platform.engine.support.hierarchical.NodeTestTask.lambda$executeRecursively$8(NodeTestTask.java:127)
	at org.junit.platform.engine.support.hierarchical.ThrowableCollector.execute(ThrowableCollector.java:73)
	at org.junit.platform.engine.support.hierarchical.NodeTestTask.executeRecursively(NodeTestTask.java:126)
	at org.junit.platform.engine.support.hierarchical.NodeTestTask.execute(NodeTestTask.java:84)
	at java.base/java.util.ArrayList.forEach(ArrayList.java:1511)
	at org.junit.platform.engine.support.hierarchical.SameThreadHierarchicalTestExecutorService.invokeAll(SameThreadHierarchicalTestExecutorService.java:38)
	at org.junit.platform.engine.support.hierarchical.NodeTestTask.lambda$executeRecursively$5(NodeTestTask.java:143)
	at org.junit.platform.engine.support.hierarchical.ThrowableCollector.execute(ThrowableCollector.java:73)
	at org.junit.platform.engine.support.hierarchical.NodeTestTask.lambda$executeRecursively$7(NodeTestTask.java:129)
	at org.junit.platform.engine.support.hierarchical.Node.around(Node.java:137)
	at org.junit.platform.engine.support.hierarchical.NodeTestTask.lambda$executeRecursively$8(NodeTestTask.java:127)
	at org.junit.platform.engine.support.hierarchical.ThrowableCollector.execute(ThrowableCollector.java:73)
	at org.junit.platform.engine.support.hierarchical.NodeTestTask.executeRecursively(NodeTestTask.java:126)
	at org.junit.platform.engine.support.hierarchical.NodeTestTask.execute(NodeTestTask.java:84)
	at org.junit.platform.engine.support.hierarchical.SameThreadHierarchicalTestExecutorService.submit(SameThreadHierarchicalTestExecutorService.java:32)
	at org.junit.platform.engine.support.hierarchical.HierarchicalTestExecutor.execute(HierarchicalTestExecutor.java:57)
	at org.junit.platform.engine.support.hierarchical.HierarchicalTestEngine.execute(HierarchicalTestEngine.java:51)
	at org.junit.platform.launcher.core.EngineExecutionOrchestrator.execute(EngineExecutionOrchestrator.java:107)
	at org.junit.platform.launcher.core.EngineExecutionOrchestrator.execute(EngineExecutionOrchestrator.java:88)
	at org.junit.platform.launcher.core.EngineExecutionOrchestrator.lambda$execute$0(EngineExecutionOrchestrator.java:54)
	at org.junit.platform.launcher.core.EngineExecutionOrchestrator.withInterceptedStreams(EngineExecutionOrchestrator.java:67)
	at org.junit.platform.launcher.core.EngineExecutionOrchestrator.execute(EngineExecutionOrchestrator.java:52)
	at org.junit.platform.launcher.core.DefaultLauncher.execute(DefaultLauncher.java:114)
	at org.junit.platform.launcher.core.DefaultLauncher.execute(DefaultLauncher.java:86)
	at org.junit.platform.launcher.core.DefaultLauncherSession$DelegatingLauncher.execute(DefaultLauncherSession.java:86)
	at org.junit.platform.launcher.core.SessionPerRequestLauncher.execute(SessionPerRequestLauncher.java:53)
	at org.apache.maven.surefire.junitplatform.JUnitPlatformProvider.execute(JUnitPlatformProvider.java:188)
	at org.apache.maven.surefire.junitplatform.JUnitPlatformProvider.invokeAllTests(JUnitPlatformProvider.java:154)
	at org.apache.maven.surefire.junitplatform.JUnitPlatformProvider.invoke(JUnitPlatformProvider.java:128)
	at org.apache.maven.surefire.booter.ForkedBooter.runSuitesInProcess(ForkedBooter.java:428)
	at org.apache.maven.surefire.booter.ForkedBooter.execute(ForkedBooter.java:162)
	at org.apache.maven.surefire.booter.ForkedBooter.run(ForkedBooter.java:562)
	at org.apache.maven.surefire.booter.ForkedBooter.main(ForkedBooter.java:548)
22:35:11.424 [QuorumPeer[myid=1](plain=127.0.0.1:37453)(secure=disabled)] DEBUG org.apache.zookeeper.server.ZooKeeperServer - ZooKeeper server is not running, so not proceeding to shutdown!
22:35:11.424 [ConnnectionExpirer] INFO org.apache.zookeeper.server.NIOServerCnxnFactory - ConnnectionExpirerThread interrupted
22:35:11.424 [NIOServerCxnFactory.AcceptThread:/127.0.0.1:37453] INFO org.apache.zookeeper.server.NIOServerCnxnFactory - accept thread exitted run method
22:35:11.424 [NIOServerCxnFactory.SelectorThread-0] INFO org.apache.zookeeper.server.NIOServerCnxnFactory - selector thread exitted run method
22:35:11.424 [QuorumPeer[myid=1](plain=127.0.0.1:37453)(secure=disabled)] INFO org.apache.zookeeper.server.quorum.QuorumPeer - Peer state changed: looking
22:35:11.424 [NIOServerCxnFactory.SelectorThread-1] INFO org.apache.zookeeper.server.NIOServerCnxnFactory - selector thread exitted run method
22:35:11.425 [QuorumPeer[myid=1](plain=127.0.0.1:37453)(secure=disabled)] WARN org.apache.zookeeper.server.quorum.QuorumPeer - PeerState set to LOOKING
22:35:11.425 [QuorumPeer[myid=1](plain=127.0.0.1:37453)(secure=disabled)] WARN org.apache.zookeeper.server.quorum.QuorumPeer - QuorumPeer main thread exited
22:35:11.425 [main] DEBUG org.apache.zookeeper.server.quorum.FastLeaderElection - Shutting down connection manager
22:35:11.425 [main] DEBUG org.apache.zookeeper.server.quorum.QuorumCnxManager - Halting listener
22:35:11.425 [main] DEBUG org.apache.zookeeper.server.quorum.QuorumCnxManager - Halt called: Trying to close listeners
22:35:11.425 [main] DEBUG org.apache.zookeeper.server.quorum.QuorumCnxManager - Closing listener: 1
22:35:11.425 [main] DEBUG org.apache.zookeeper.server.quorum.QuorumCnxManager - Trying to close listeners: ServerSocket[addr=/127.0.0.1,localport=39353]
22:35:11.425 [QuorumPeerListener] INFO org.apache.zookeeper.server.quorum.QuorumCnxManager - Leaving listener
22:35:11.425 [main] DEBUG org.apache.zookeeper.server.quorum.QuorumCnxManager - Server 1 is soft-halting sender towards: Thread[SendWorker:2,5,main]
22:35:11.426 [main] DEBUG org.apache.zookeeper.server.quorum.QuorumCnxManager - Calling SendWorker.finish for 2
22:35:11.426 [main] DEBUG org.apache.zookeeper.server.quorum.QuorumCnxManager - RecvWorker.finish called. sid: 2. myId: 1
22:35:11.426 [main] DEBUG org.apache.zookeeper.server.quorum.QuorumCnxManager - Removing entry from senderWorkerMap sid=2
22:35:11.426 [main] DEBUG org.apache.zookeeper.server.quorum.QuorumCnxManager - Server 1 is soft-halting sender towards: Thread[SendWorker:3,5,main]
22:35:11.426 [main] DEBUG org.apache.zookeeper.server.quorum.QuorumCnxManager - Calling SendWorker.finish for 3
22:35:11.426 [RecvWorker:1] WARN org.apache.zookeeper.server.quorum.QuorumCnxManager - Connection broken for id 1, my id = 2
java.io.EOFException: null
	at java.base/java.io.DataInputStream.readInt(DataInputStream.java:398)
	at org.apache.zookeeper.server.quorum.QuorumCnxManager$RecvWorker.run(QuorumCnxManager.java:1391)
22:35:11.426 [SendWorker:2] WARN org.apache.zookeeper.server.quorum.QuorumCnxManager - Interrupted while waiting for message on queue
java.lang.InterruptedException: null
	at java.base/java.util.concurrent.locks.AbstractQueuedSynchronizer$ConditionObject.awaitNanos(AbstractQueuedSynchronizer.java:1679)
	at org.apache.zookeeper.util.CircularBlockingQueue.poll(CircularBlockingQueue.java:105)
	at org.apache.zookeeper.server.quorum.QuorumCnxManager.pollSendQueue(QuorumCnxManager.java:1454)
	at org.apache.zookeeper.server.quorum.QuorumCnxManager.access$900(QuorumCnxManager.java:99)
	at org.apache.zookeeper.server.quorum.QuorumCnxManager$SendWorker.run(QuorumCnxManager.java:1278)
22:35:11.426 [main] DEBUG org.apache.zookeeper.server.quorum.QuorumCnxManager - RecvWorker.finish called. sid: 3. myId: 1
22:35:11.426 [main] DEBUG org.apache.zookeeper.server.quorum.QuorumCnxManager - Removing entry from senderWorkerMap sid=3
22:35:11.426 [RecvWorker:1] WARN org.apache.zookeeper.server.quorum.QuorumCnxManager - Interrupting SendWorker thread from RecvWorker. sid: 1. myId: 2
22:35:11.426 [RecvWorker:1] DEBUG org.apache.zookeeper.server.quorum.QuorumCnxManager - Calling SendWorker.finish for 1
22:35:11.426 [SendWorker:3] WARN org.apache.zookeeper.server.quorum.QuorumCnxManager - Interrupted while waiting for message on queue
java.lang.InterruptedException: null
	at java.base/java.util.concurrent.locks.AbstractQueuedSynchronizer$ConditionObject.awaitNanos(AbstractQueuedSynchronizer.java:1679)
	at org.apache.zookeeper.util.CircularBlockingQueue.poll(CircularBlockingQueue.java:105)
	at org.apache.zookeeper.server.quorum.QuorumCnxManager.pollSendQueue(QuorumCnxManager.java:1454)
	at org.apache.zookeeper.server.quorum.QuorumCnxManager.access$900(QuorumCnxManager.java:99)
	at org.apache.zookeeper.server.quorum.QuorumCnxManager$SendWorker.run(QuorumCnxManager.java:1278)
22:35:11.426 [RecvWorker:3] WARN org.apache.zookeeper.server.quorum.QuorumCnxManager - Connection broken for id 3, my id = 1
java.net.SocketException: Socket closed
	at java.base/sun.nio.ch.NioSocketImpl.endRead(NioSocketImpl.java:248)
	at java.base/sun.nio.ch.NioSocketImpl.implRead(NioSocketImpl.java:327)
	at java.base/sun.nio.ch.NioSocketImpl.read(NioSocketImpl.java:350)
	at java.base/sun.nio.ch.NioSocketImpl$1.read(NioSocketImpl.java:803)
	at java.base/java.net.Socket$SocketInputStream.read(Socket.java:966)
	at java.base/java.io.BufferedInputStream.fill(BufferedInputStream.java:244)
	at java.base/java.io.BufferedInputStream.read(BufferedInputStream.java:263)
	at java.base/java.io.DataInputStream.readInt(DataInputStream.java:393)
	at org.apache.zookeeper.server.quorum.QuorumCnxManager$RecvWorker.run(QuorumCnxManager.java:1391)
22:35:11.426 [RecvWorker:3] WARN org.apache.zookeeper.server.quorum.QuorumCnxManager - Interrupting SendWorker thread from RecvWorker. sid: 3. myId: 1
22:35:11.426 [RecvWorker:1] DEBUG org.apache.zookeeper.server.quorum.QuorumCnxManager - RecvWorker.finish called. sid: 1. myId: 2
22:35:11.426 [RecvWorker:1] DEBUG org.apache.zookeeper.server.quorum.QuorumCnxManager - Removing entry from senderWorkerMap sid=1
22:35:11.426 [main] DEBUG org.apache.zookeeper.server.quorum.FastLeaderElection - Shutting down messenger
22:35:11.426 [RecvWorker:2] WARN org.apache.zookeeper.server.quorum.QuorumCnxManager - Connection broken for id 2, my id = 1
java.net.SocketException: Socket closed
	at java.base/sun.nio.ch.NioSocketImpl.endRead(NioSocketImpl.java:248)
	at java.base/sun.nio.ch.NioSocketImpl.implRead(NioSocketImpl.java:327)
	at java.base/sun.nio.ch.NioSocketImpl.read(NioSocketImpl.java:350)
	at java.base/sun.nio.ch.NioSocketImpl$1.read(NioSocketImpl.java:803)
	at java.base/java.net.Socket$SocketInputStream.read(Socket.java:966)
	at java.base/java.io.BufferedInputStream.fill(BufferedInputStream.java:244)
	at java.base/java.io.BufferedInputStream.read(BufferedInputStream.java:263)
	at java.base/java.io.DataInputStream.readInt(DataInputStream.java:393)
	at org.apache.zookeeper.server.quorum.QuorumCnxManager$RecvWorker.run(QuorumCnxManager.java:1391)
22:35:11.426 [SendWorker:1] WARN org.apache.zookeeper.server.quorum.QuorumCnxManager - Interrupted while waiting for message on queue
java.lang.InterruptedException: null
	at java.base/java.util.concurrent.locks.AbstractQueuedSynchronizer$ConditionObject.awaitNanos(AbstractQueuedSynchronizer.java:1679)
	at org.apache.zookeeper.util.CircularBlockingQueue.poll(CircularBlockingQueue.java:105)
	at org.apache.zookeeper.server.quorum.QuorumCnxManager.pollSendQueue(QuorumCnxManager.java:1454)
	at org.apache.zookeeper.server.quorum.QuorumCnxManager.access$900(QuorumCnxManager.java:99)
	at org.apache.zookeeper.server.quorum.QuorumCnxManager$SendWorker.run(QuorumCnxManager.java:1278)
22:35:11.426 [SendWorker:2] DEBUG org.apache.zookeeper.server.quorum.QuorumCnxManager - Calling SendWorker.finish for 2
22:35:11.427 [RecvWorker:2] WARN org.apache.zookeeper.server.quorum.QuorumCnxManager - Interrupting SendWorker thread from RecvWorker. sid: 2. myId: 1
22:35:11.426 [RecvWorker:1] WARN org.apache.zookeeper.server.quorum.QuorumCnxManager - Connection broken for id 1, my id = 3
java.io.EOFException: null
	at java.base/java.io.DataInputStream.readInt(DataInputStream.java:398)
	at org.apache.zookeeper.server.quorum.QuorumCnxManager$RecvWorker.run(QuorumCnxManager.java:1391)
22:35:11.426 [SendWorker:3] DEBUG org.apache.zookeeper.server.quorum.QuorumCnxManager - Calling SendWorker.finish for 3
22:35:11.427 [RecvWorker:1] WARN org.apache.zookeeper.server.quorum.QuorumCnxManager - Interrupting SendWorker thread from RecvWorker. sid: 1. myId: 3
22:35:11.426 [main] DEBUG org.apache.zookeeper.server.quorum.FastLeaderElection - FLE is down
22:35:11.427 [SendWorker:1] DEBUG org.apache.zookeeper.server.quorum.QuorumCnxManager - Calling SendWorker.finish for 1
22:35:11.427 [SendWorker:2] WARN org.apache.zookeeper.server.quorum.QuorumCnxManager - Send worker leaving thread id 2 my id = 1
22:35:11.427 [RecvWorker:2] DEBUG org.apache.zookeeper.server.quorum.QuorumCnxManager - Calling SendWorker.finish for 2
22:35:11.427 [SendWorker:3] WARN org.apache.zookeeper.server.quorum.QuorumCnxManager - Send worker leaving thread id 3 my id = 1
22:35:11.427 [RecvWorker:1] DEBUG org.apache.zookeeper.server.quorum.QuorumCnxManager - Calling SendWorker.finish for 1
22:35:11.427 [RecvWorker:3] DEBUG org.apache.zookeeper.server.quorum.QuorumCnxManager - Calling SendWorker.finish for 3
22:35:11.427 [SendWorker:1] WARN org.apache.zookeeper.server.quorum.QuorumCnxManager - Send worker leaving thread id 1 my id = 2
22:35:11.427 [RecvWorker:1] DEBUG org.apache.zookeeper.server.quorum.QuorumCnxManager - RecvWorker.finish called. sid: 1. myId: 3
22:35:11.427 [RecvWorker:1] DEBUG org.apache.zookeeper.server.quorum.QuorumCnxManager - Removing entry from senderWorkerMap sid=1
22:35:11.427 [SendWorker:1] WARN org.apache.zookeeper.server.quorum.QuorumCnxManager - Interrupted while waiting for message on queue
java.lang.InterruptedException: null
	at java.base/java.util.concurrent.locks.AbstractQueuedSynchronizer$ConditionObject.awaitNanos(AbstractQueuedSynchronizer.java:1679)
	at org.apache.zookeeper.util.CircularBlockingQueue.poll(CircularBlockingQueue.java:105)
	at org.apache.zookeeper.server.quorum.QuorumCnxManager.pollSendQueue(QuorumCnxManager.java:1454)
	at org.apache.zookeeper.server.quorum.QuorumCnxManager.access$900(QuorumCnxManager.java:99)
	at org.apache.zookeeper.server.quorum.QuorumCnxManager$SendWorker.run(QuorumCnxManager.java:1278)
22:35:11.427 [SendWorker:1] DEBUG org.apache.zookeeper.server.quorum.QuorumCnxManager - Calling SendWorker.finish for 1
22:35:11.427 [SendWorker:1] WARN org.apache.zookeeper.server.quorum.QuorumCnxManager - Send worker leaving thread id 1 my id = 3
22:35:11.427 [main] INFO org.apache.zookeeper.server.quorum.Learner - shutdown Follower
22:35:11.428 [main] INFO org.apache.zookeeper.server.ZooKeeperServer - shutting down
22:35:11.428 [LearnerHandler-/127.0.0.1:51816] ERROR org.apache.zookeeper.server.quorum.LearnerHandler - Unexpected exception in LearnerHandler: 
java.io.EOFException: null
	at java.base/java.io.DataInputStream.readInt(DataInputStream.java:398)
	at org.apache.jute.BinaryInputArchive.readInt(BinaryInputArchive.java:96)
	at org.apache.zookeeper.server.quorum.QuorumPacket.deserialize(QuorumPacket.java:86)
	at org.apache.jute.BinaryInputArchive.readRecord(BinaryInputArchive.java:134)
	at org.apache.zookeeper.server.quorum.LearnerHandler.run(LearnerHandler.java:657)
22:35:11.428 [main] INFO org.apache.zookeeper.server.RequestThrottler - Shutting down
22:35:11.428 [LearnerHandler-/127.0.0.1:51816] INFO org.apache.zookeeper.server.quorum.LearnerHandler - Synchronously closing socket to learner 2.
22:35:11.428 [QuorumPeer[myid=2](plain=127.0.0.1:45473)(secure=disabled)] WARN org.apache.zookeeper.server.quorum.Learner - Exception when following the leader
java.net.SocketException: Socket closed
	at java.base/sun.nio.ch.NioSocketImpl.endRead(NioSocketImpl.java:248)
	at java.base/sun.nio.ch.NioSocketImpl.implRead(NioSocketImpl.java:327)
	at java.base/sun.nio.ch.NioSocketImpl.read(NioSocketImpl.java:350)
	at java.base/sun.nio.ch.NioSocketImpl$1.read(NioSocketImpl.java:803)
	at java.base/java.net.Socket$SocketInputStream.read(Socket.java:966)
	at java.base/java.io.BufferedInputStream.fill(BufferedInputStream.java:244)
	at java.base/java.io.BufferedInputStream.read(BufferedInputStream.java:263)
	at java.base/java.io.DataInputStream.readInt(DataInputStream.java:393)
	at org.apache.jute.BinaryInputArchive.readInt(BinaryInputArchive.java:96)
	at org.apache.zookeeper.server.quorum.QuorumPacket.deserialize(QuorumPacket.java:86)
	at org.apache.jute.BinaryInputArchive.readRecord(BinaryInputArchive.java:134)
	at org.apache.zookeeper.server.quorum.Learner.readPacket(Learner.java:228)
	at org.apache.zookeeper.server.quorum.Follower.followLeader(Follower.java:124)
	at org.apache.zookeeper.server.quorum.QuorumPeer.run(QuorumPeer.java:1556)
22:35:11.428 [RequestThrottler] INFO org.apache.zookeeper.server.RequestThrottler - Draining request throttler queue
22:35:11.428 [RequestThrottler] INFO org.apache.zookeeper.server.RequestThrottler - RequestThrottler shutdown. Dropped 0 requests
22:35:11.428 [LearnerHandler-/127.0.0.1:51816] WARN org.apache.zookeeper.server.quorum.LearnerHandler - ******* GOODBYE /127.0.0.1:51816 ********
22:35:11.428 [main] INFO org.apache.zookeeper.server.quorum.FollowerRequestProcessor - Shutting down
22:35:11.428 [QuorumPeer[myid=2](plain=127.0.0.1:45473)(secure=disabled)] INFO org.apache.zookeeper.server.quorum.Learner - Disconnected from leader (with address: /127.0.0.1:41609). Was connected for 293ms. Sync state: true
22:35:11.428 [FollowerRequestProcessor:2] INFO org.apache.zookeeper.server.quorum.FollowerRequestProcessor - FollowerRequestProcessor exited loop!
22:35:11.428 [QuorumPeer[myid=2](plain=127.0.0.1:45473)(secure=disabled)] INFO org.apache.zookeeper.server.quorum.Learner - shutdown Follower
22:35:11.428 [main] INFO org.apache.zookeeper.server.quorum.CommitProcessor - Shutting down
22:35:11.429 [CommitProcessor:2] INFO org.apache.zookeeper.server.quorum.CommitProcessor - CommitProcessor exited loop!
22:35:11.429 [main] INFO org.apache.zookeeper.server.FinalRequestProcessor - shutdown of request processor complete
22:35:11.429 [main] DEBUG org.apache.zookeeper.server.persistence.FileTxnLog - Created new input stream: /tmp/1693755310793-0/version-2/log.100000001
22:35:11.429 [main] DEBUG org.apache.zookeeper.server.persistence.FileTxnLog - Created new input archive: /tmp/1693755310793-0/version-2/log.100000001
22:35:11.430 [main] DEBUG org.apache.zookeeper.server.persistence.FileTxnLog - EOF exception
java.io.EOFException: Failed to read /tmp/1693755310793-0/version-2/log.100000001
	at org.apache.zookeeper.server.persistence.FileTxnLog$FileTxnIterator.next(FileTxnLog.java:771)
	at org.apache.zookeeper.server.persistence.FileTxnLog$FileTxnIterator.<init>(FileTxnLog.java:650)
	at org.apache.zookeeper.server.persistence.FileTxnLog.read(FileTxnLog.java:466)
	at org.apache.zookeeper.server.persistence.FileTxnLog.read(FileTxnLog.java:453)
	at org.apache.zookeeper.server.persistence.FileTxnSnapLog.fastForwardFromEdits(FileTxnSnapLog.java:330)
	at org.apache.zookeeper.server.ZKDatabase.fastForwardDataBase(ZKDatabase.java:303)
	at org.apache.zookeeper.server.ZooKeeperServer.shutdown(ZooKeeperServer.java:980)
	at org.apache.zookeeper.server.quorum.Learner.shutdown(Learner.java:868)
	at org.apache.zookeeper.server.quorum.Follower.shutdown(Follower.java:287)
	at org.apache.zookeeper.server.quorum.QuorumPeer.shutdown(QuorumPeer.java:1629)
	at org.apache.curator.test.TestingQuorumPeerMain.close(TestingQuorumPeerMain.java:68)
	at org.apache.curator.test.TestingZooKeeperServer.stop(TestingZooKeeperServer.java:118)
	at org.apache.curator.test.TestingZooKeeperServer.close(TestingZooKeeperServer.java:130)
	at org.apache.curator.test.TestingCluster.close(TestingCluster.java:175)
	at org.apache.zookeeper.compatibility.TestApacheCuratorCompatibility.testBasicUsageOfApisAndRecipesInCluster(TestApacheCuratorCompatibility.java:53)
	at java.base/jdk.internal.reflect.NativeMethodAccessorImpl.invoke0(Native Method)
	at java.base/jdk.internal.reflect.NativeMethodAccessorImpl.invoke(NativeMethodAccessorImpl.java:77)
	at java.base/jdk.internal.reflect.DelegatingMethodAccessorImpl.invoke(DelegatingMethodAccessorImpl.java:43)
	at java.base/java.lang.reflect.Method.invoke(Method.java:568)
	at org.junit.platform.commons.util.ReflectionUtils.invokeMethod(ReflectionUtils.java:688)
	at org.junit.jupiter.engine.execution.MethodInvocation.proceed(MethodInvocation.java:60)
	at org.junit.jupiter.engine.execution.InvocationInterceptorChain$ValidatingInvocation.proceed(InvocationInterceptorChain.java:131)
	at org.junit.jupiter.engine.extension.TimeoutExtension.intercept(TimeoutExtension.java:149)
	at org.junit.jupiter.engine.extension.TimeoutExtension.interceptTestableMethod(TimeoutExtension.java:140)
	at org.junit.jupiter.engine.extension.TimeoutExtension.interceptTestMethod(TimeoutExtension.java:84)
	at org.junit.jupiter.engine.execution.ExecutableInvoker$ReflectiveInterceptorCall.lambda$ofVoidMethod$0(ExecutableInvoker.java:115)
	at org.junit.jupiter.engine.execution.ExecutableInvoker.lambda$invoke$0(ExecutableInvoker.java:105)
	at org.junit.jupiter.engine.execution.InvocationInterceptorChain$InterceptedInvocation.proceed(InvocationInterceptorChain.java:106)
	at org.junit.jupiter.engine.execution.InvocationInterceptorChain.proceed(InvocationInterceptorChain.java:64)
	at org.junit.jupiter.engine.execution.InvocationInterceptorChain.chainAndInvoke(InvocationInterceptorChain.java:45)
	at org.junit.jupiter.engine.execution.InvocationInterceptorChain.invoke(InvocationInterceptorChain.java:37)
	at org.junit.jupiter.engine.execution.ExecutableInvoker.invoke(ExecutableInvoker.java:104)
	at org.junit.jupiter.engine.execution.ExecutableInvoker.invoke(ExecutableInvoker.java:98)
	at org.junit.jupiter.engine.descriptor.TestMethodTestDescriptor.lambda$invokeTestMethod$6(TestMethodTestDescriptor.java:210)
	at org.junit.platform.engine.support.hierarchical.ThrowableCollector.execute(ThrowableCollector.java:73)
	at org.junit.jupiter.engine.descriptor.TestMethodTestDescriptor.invokeTestMethod(TestMethodTestDescriptor.java:206)
	at org.junit.jupiter.engine.descriptor.TestMethodTestDescriptor.execute(TestMethodTestDescriptor.java:131)
	at org.junit.jupiter.engine.descriptor.TestMethodTestDescriptor.execute(TestMethodTestDescriptor.java:65)
	at org.junit.platform.engine.support.hierarchical.NodeTestTask.lambda$executeRecursively$5(NodeTestTask.java:139)
	at org.junit.platform.engine.support.hierarchical.ThrowableCollector.execute(ThrowableCollector.java:73)
	at org.junit.platform.engine.support.hierarchical.NodeTestTask.lambda$executeRecursively$7(NodeTestTask.java:129)
	at org.junit.platform.engine.support.hierarchical.Node.around(Node.java:137)
	at org.junit.platform.engine.support.hierarchical.NodeTestTask.lambda$executeRecursively$8(NodeTestTask.java:127)
	at org.junit.platform.engine.support.hierarchical.ThrowableCollector.execute(ThrowableCollector.java:73)
	at org.junit.platform.engine.support.hierarchical.NodeTestTask.executeRecursively(NodeTestTask.java:126)
	at org.junit.platform.engine.support.hierarchical.NodeTestTask.execute(NodeTestTask.java:84)
	at java.base/java.util.ArrayList.forEach(ArrayList.java:1511)
	at org.junit.platform.engine.support.hierarchical.SameThreadHierarchicalTestExecutorService.invokeAll(SameThreadHierarchicalTestExecutorService.java:38)
	at org.junit.platform.engine.support.hierarchical.NodeTestTask.lambda$executeRecursively$5(NodeTestTask.java:143)
	at org.junit.platform.engine.support.hierarchical.ThrowableCollector.execute(ThrowableCollector.java:73)
	at org.junit.platform.engine.support.hierarchical.NodeTestTask.lambda$executeRecursively$7(NodeTestTask.java:129)
	at org.junit.platform.engine.support.hierarchical.Node.around(Node.java:137)
	at org.junit.platform.engine.support.hierarchical.NodeTestTask.lambda$executeRecursively$8(NodeTestTask.java:127)
	at org.junit.platform.engine.support.hierarchical.ThrowableCollector.execute(ThrowableCollector.java:73)
	at org.junit.platform.engine.support.hierarchical.NodeTestTask.executeRecursively(NodeTestTask.java:126)
	at org.junit.platform.engine.support.hierarchical.NodeTestTask.execute(NodeTestTask.java:84)
	at java.base/java.util.ArrayList.forEach(ArrayList.java:1511)
	at org.junit.platform.engine.support.hierarchical.SameThreadHierarchicalTestExecutorService.invokeAll(SameThreadHierarchicalTestExecutorService.java:38)
	at org.junit.platform.engine.support.hierarchical.NodeTestTask.lambda$executeRecursively$5(NodeTestTask.java:143)
	at org.junit.platform.engine.support.hierarchical.ThrowableCollector.execute(ThrowableCollector.java:73)
	at org.junit.platform.engine.support.hierarchical.NodeTestTask.lambda$executeRecursively$7(NodeTestTask.java:129)
	at org.junit.platform.engine.support.hierarchical.Node.around(Node.java:137)
	at org.junit.platform.engine.support.hierarchical.NodeTestTask.lambda$executeRecursively$8(NodeTestTask.java:127)
	at org.junit.platform.engine.support.hierarchical.ThrowableCollector.execute(ThrowableCollector.java:73)
	at org.junit.platform.engine.support.hierarchical.NodeTestTask.executeRecursively(NodeTestTask.java:126)
	at org.junit.platform.engine.support.hierarchical.NodeTestTask.execute(NodeTestTask.java:84)
	at org.junit.platform.engine.support.hierarchical.SameThreadHierarchicalTestExecutorService.submit(SameThreadHierarchicalTestExecutorService.java:32)
	at org.junit.platform.engine.support.hierarchical.HierarchicalTestExecutor.execute(HierarchicalTestExecutor.java:57)
	at org.junit.platform.engine.support.hierarchical.HierarchicalTestEngine.execute(HierarchicalTestEngine.java:51)
	at org.junit.platform.launcher.core.EngineExecutionOrchestrator.execute(EngineExecutionOrchestrator.java:107)
	at org.junit.platform.launcher.core.EngineExecutionOrchestrator.execute(EngineExecutionOrchestrator.java:88)
	at org.junit.platform.launcher.core.EngineExecutionOrchestrator.lambda$execute$0(EngineExecutionOrchestrator.java:54)
	at org.junit.platform.launcher.core.EngineExecutionOrchestrator.withInterceptedStreams(EngineExecutionOrchestrator.java:67)
	at org.junit.platform.launcher.core.EngineExecutionOrchestrator.execute(EngineExecutionOrchestrator.java:52)
	at org.junit.platform.launcher.core.DefaultLauncher.execute(DefaultLauncher.java:114)
	at org.junit.platform.launcher.core.DefaultLauncher.execute(DefaultLauncher.java:86)
	at org.junit.platform.launcher.core.DefaultLauncherSession$DelegatingLauncher.execute(DefaultLauncherSession.java:86)
	at org.junit.platform.launcher.core.SessionPerRequestLauncher.execute(SessionPerRequestLauncher.java:53)
	at org.apache.maven.surefire.junitplatform.JUnitPlatformProvider.execute(JUnitPlatformProvider.java:188)
	at org.apache.maven.surefire.junitplatform.JUnitPlatformProvider.invokeAllTests(JUnitPlatformProvider.java:154)
	at org.apache.maven.surefire.junitplatform.JUnitPlatformProvider.invoke(JUnitPlatformProvider.java:128)
	at org.apache.maven.surefire.booter.ForkedBooter.runSuitesInProcess(ForkedBooter.java:428)
	at org.apache.maven.surefire.booter.ForkedBooter.execute(ForkedBooter.java:162)
	at org.apache.maven.surefire.booter.ForkedBooter.run(ForkedBooter.java:562)
	at org.apache.maven.surefire.booter.ForkedBooter.main(ForkedBooter.java:548)
22:35:11.431 [QuorumPeer[myid=2](plain=127.0.0.1:45473)(secure=disabled)] DEBUG org.apache.zookeeper.server.ZooKeeperServer - ZooKeeper server is not running, so not proceeding to shutdown!
22:35:11.431 [QuorumPeer[myid=2](plain=127.0.0.1:45473)(secure=disabled)] INFO org.apache.zookeeper.server.quorum.QuorumPeer - Peer state changed: looking
22:35:11.431 [QuorumPeer[myid=2](plain=127.0.0.1:45473)(secure=disabled)] WARN org.apache.zookeeper.server.quorum.QuorumPeer - PeerState set to LOOKING
22:35:11.431 [QuorumPeer[myid=2](plain=127.0.0.1:45473)(secure=disabled)] WARN org.apache.zookeeper.server.quorum.QuorumPeer - QuorumPeer main thread exited
22:35:11.431 [ConnnectionExpirer] INFO org.apache.zookeeper.server.NIOServerCnxnFactory - ConnnectionExpirerThread interrupted
22:35:11.432 [NIOServerCxnFactory.AcceptThread:/127.0.0.1:45473] INFO org.apache.zookeeper.server.NIOServerCnxnFactory - accept thread exitted run method
22:35:11.432 [NIOServerCxnFactory.SelectorThread-1] INFO org.apache.zookeeper.server.NIOServerCnxnFactory - selector thread exitted run method
22:35:11.432 [NIOServerCxnFactory.SelectorThread-0] INFO org.apache.zookeeper.server.NIOServerCnxnFactory - selector thread exitted run method
22:35:11.432 [main] DEBUG org.apache.zookeeper.server.quorum.FastLeaderElection - Shutting down connection manager
22:35:11.432 [main] DEBUG org.apache.zookeeper.server.quorum.QuorumCnxManager - Halting listener
22:35:11.432 [main] DEBUG org.apache.zookeeper.server.quorum.QuorumCnxManager - Halt called: Trying to close listeners
22:35:11.432 [main] DEBUG org.apache.zookeeper.server.quorum.QuorumCnxManager - Closing listener: 2
22:35:11.432 [main] DEBUG org.apache.zookeeper.server.quorum.QuorumCnxManager - Trying to close listeners: ServerSocket[addr=/127.0.0.1,localport=34483]
22:35:11.432 [QuorumPeerListener] INFO org.apache.zookeeper.server.quorum.QuorumCnxManager - Leaving listener
22:35:11.432 [main] DEBUG org.apache.zookeeper.server.quorum.QuorumCnxManager - Server 2 is soft-halting sender towards: Thread[SendWorker:3,5,main]
22:35:11.432 [main] DEBUG org.apache.zookeeper.server.quorum.QuorumCnxManager - Calling SendWorker.finish for 3
22:35:11.432 [main] DEBUG org.apache.zookeeper.server.quorum.QuorumCnxManager - RecvWorker.finish called. sid: 3. myId: 2
22:35:11.432 [main] DEBUG org.apache.zookeeper.server.quorum.QuorumCnxManager - Removing entry from senderWorkerMap sid=3
22:35:11.432 [main] DEBUG org.apache.zookeeper.server.quorum.FastLeaderElection - Shutting down messenger
22:35:11.432 [RecvWorker:2] WARN org.apache.zookeeper.server.quorum.QuorumCnxManager - Connection broken for id 2, my id = 3
java.io.EOFException: null
	at java.base/java.io.DataInputStream.readInt(DataInputStream.java:398)
	at org.apache.zookeeper.server.quorum.QuorumCnxManager$RecvWorker.run(QuorumCnxManager.java:1391)
22:35:11.433 [main] DEBUG org.apache.zookeeper.server.quorum.FastLeaderElection - FLE is down
22:35:11.433 [RecvWorker:3] WARN org.apache.zookeeper.server.quorum.QuorumCnxManager - Connection broken for id 3, my id = 2
java.net.SocketException: Socket closed
	at java.base/sun.nio.ch.NioSocketImpl.endRead(NioSocketImpl.java:248)
	at java.base/sun.nio.ch.NioSocketImpl.implRead(NioSocketImpl.java:327)
	at java.base/sun.nio.ch.NioSocketImpl.read(NioSocketImpl.java:350)
	at java.base/sun.nio.ch.NioSocketImpl$1.read(NioSocketImpl.java:803)
	at java.base/java.net.Socket$SocketInputStream.read(Socket.java:966)
	at java.base/java.io.BufferedInputStream.fill(BufferedInputStream.java:244)
	at java.base/java.io.BufferedInputStream.read(BufferedInputStream.java:263)
	at java.base/java.io.DataInputStream.readInt(DataInputStream.java:393)
	at org.apache.zookeeper.server.quorum.QuorumCnxManager$RecvWorker.run(QuorumCnxManager.java:1391)
22:35:11.433 [RecvWorker:3] WARN org.apache.zookeeper.server.quorum.QuorumCnxManager - Interrupting SendWorker thread from RecvWorker. sid: 3. myId: 2
22:35:11.433 [SendWorker:3] WARN org.apache.zookeeper.server.quorum.QuorumCnxManager - Interrupted while waiting for message on queue
java.lang.InterruptedException: null
	at java.base/java.util.concurrent.locks.AbstractQueuedSynchronizer$ConditionObject.awaitNanos(AbstractQueuedSynchronizer.java:1679)
	at org.apache.zookeeper.util.CircularBlockingQueue.poll(CircularBlockingQueue.java:105)
	at org.apache.zookeeper.server.quorum.QuorumCnxManager.pollSendQueue(QuorumCnxManager.java:1454)
	at org.apache.zookeeper.server.quorum.QuorumCnxManager.access$900(QuorumCnxManager.java:99)
	at org.apache.zookeeper.server.quorum.QuorumCnxManager$SendWorker.run(QuorumCnxManager.java:1278)
22:35:11.433 [RecvWorker:2] WARN org.apache.zookeeper.server.quorum.QuorumCnxManager - Interrupting SendWorker thread from RecvWorker. sid: 2. myId: 3
22:35:11.433 [RecvWorker:3] DEBUG org.apache.zookeeper.server.quorum.QuorumCnxManager - Calling SendWorker.finish for 3
22:35:11.433 [RecvWorker:2] DEBUG org.apache.zookeeper.server.quorum.QuorumCnxManager - Calling SendWorker.finish for 2
22:35:11.433 [SendWorker:3] DEBUG org.apache.zookeeper.server.quorum.QuorumCnxManager - Calling SendWorker.finish for 3
22:35:11.433 [SendWorker:3] WARN org.apache.zookeeper.server.quorum.QuorumCnxManager - Send worker leaving thread id 3 my id = 2
22:35:11.433 [RecvWorker:2] DEBUG org.apache.zookeeper.server.quorum.QuorumCnxManager - RecvWorker.finish called. sid: 2. myId: 3
22:35:11.433 [RecvWorker:2] DEBUG org.apache.zookeeper.server.quorum.QuorumCnxManager - Removing entry from senderWorkerMap sid=2
22:35:11.433 [SendWorker:2] WARN org.apache.zookeeper.server.quorum.QuorumCnxManager - Interrupted while waiting for message on queue
java.lang.InterruptedException: null
	at java.base/java.util.concurrent.locks.AbstractQueuedSynchronizer$ConditionObject.awaitNanos(AbstractQueuedSynchronizer.java:1679)
	at org.apache.zookeeper.util.CircularBlockingQueue.poll(CircularBlockingQueue.java:105)
	at org.apache.zookeeper.server.quorum.QuorumCnxManager.pollSendQueue(QuorumCnxManager.java:1454)
	at org.apache.zookeeper.server.quorum.QuorumCnxManager.access$900(QuorumCnxManager.java:99)
	at org.apache.zookeeper.server.quorum.QuorumCnxManager$SendWorker.run(QuorumCnxManager.java:1278)
22:35:11.433 [SendWorker:2] DEBUG org.apache.zookeeper.server.quorum.QuorumCnxManager - Calling SendWorker.finish for 2
22:35:11.433 [SendWorker:2] WARN org.apache.zookeeper.server.quorum.QuorumCnxManager - Send worker leaving thread id 2 my id = 3
22:35:11.433 [main] INFO org.apache.zookeeper.server.quorum.Leader - Shutting down
22:35:11.433 [main] INFO org.apache.zookeeper.server.quorum.Leader - Shutdown called. For the reason quorum Peer shutdown
22:35:11.434 [main] INFO org.apache.zookeeper.server.ZooKeeperServer - shutting down
22:35:11.434 [main] INFO org.apache.zookeeper.server.RequestThrottler - Shutting down
22:35:11.434 [RequestThrottler] INFO org.apache.zookeeper.server.RequestThrottler - Draining request throttler queue
22:35:11.434 [LearnerCnxAcceptorHandler-/127.0.0.1:41609] WARN org.apache.zookeeper.server.quorum.Leader - Exception while shutting down acceptor.
java.net.SocketException: Socket closed
	at java.base/sun.nio.ch.NioSocketImpl.endAccept(NioSocketImpl.java:689)
	at java.base/sun.nio.ch.NioSocketImpl.accept(NioSocketImpl.java:762)
	at java.base/java.net.ServerSocket.implAccept(ServerSocket.java:675)
	at java.base/java.net.ServerSocket.platformImplAccept(ServerSocket.java:641)
	at java.base/java.net.ServerSocket.implAccept(ServerSocket.java:617)
	at java.base/java.net.ServerSocket.implAccept(ServerSocket.java:574)
	at java.base/java.net.ServerSocket.accept(ServerSocket.java:532)
	at org.apache.zookeeper.server.quorum.Leader$LearnerCnxAcceptor$LearnerCnxAcceptorHandler.acceptConnections(Leader.java:516)
	at org.apache.zookeeper.server.quorum.Leader$LearnerCnxAcceptor$LearnerCnxAcceptorHandler.run(Leader.java:499)
	at java.base/java.util.concurrent.Executors$RunnableAdapter.call(Executors.java:539)
	at java.base/java.util.concurrent.FutureTask.run(FutureTask.java:264)
	at java.base/java.util.concurrent.ThreadPoolExecutor.runWorker(ThreadPoolExecutor.java:1136)
	at java.base/java.util.concurrent.ThreadPoolExecutor$Worker.run(ThreadPoolExecutor.java:635)
	at java.base/java.lang.Thread.run(Thread.java:833)
22:35:11.434 [RequestThrottler] INFO org.apache.zookeeper.server.RequestThrottler - RequestThrottler shutdown. Dropped 0 requests
22:35:11.435 [main] INFO org.apache.zookeeper.server.SessionTrackerImpl - Shutting down
22:35:11.435 [main] INFO org.apache.zookeeper.server.quorum.LeaderRequestProcessor - Shutting down
22:35:11.435 [main] INFO org.apache.zookeeper.server.PrepRequestProcessor - Shutting down
22:35:11.435 [main] INFO org.apache.zookeeper.server.quorum.ProposalRequestProcessor - Shutting down
22:35:11.435 [main] INFO org.apache.zookeeper.server.quorum.CommitProcessor - Shutting down
22:35:11.435 [CommitProcessor:3] INFO org.apache.zookeeper.server.quorum.CommitProcessor - CommitProcessor exited loop!
22:35:11.435 [ProcessThread(sid:3 cport:-1):] INFO org.apache.zookeeper.server.PrepRequestProcessor - PrepRequestProcessor exited loop!
22:35:11.435 [main] INFO org.apache.zookeeper.server.quorum.Leader - Shutting down
22:35:11.435 [main] INFO org.apache.zookeeper.server.FinalRequestProcessor - shutdown of request processor complete
22:35:11.435 [main] INFO org.apache.zookeeper.server.SyncRequestProcessor - Shutting down
22:35:11.435 [SyncThread:3] INFO org.apache.zookeeper.server.SyncRequestProcessor - SyncRequestProcessor exited!
22:35:11.435 [main] DEBUG org.apache.zookeeper.server.persistence.FileTxnLog - Created new input stream: /tmp/1693755310793-1/version-2/log.100000001
22:35:11.436 [main] DEBUG org.apache.zookeeper.server.persistence.FileTxnLog - Created new input archive: /tmp/1693755310793-1/version-2/log.100000001
22:35:11.436 [main] DEBUG org.apache.zookeeper.server.persistence.FileTxnLog - EOF exception
java.io.EOFException: Failed to read /tmp/1693755310793-1/version-2/log.100000001
	at org.apache.zookeeper.server.persistence.FileTxnLog$FileTxnIterator.next(FileTxnLog.java:771)
	at org.apache.zookeeper.server.persistence.FileTxnLog$FileTxnIterator.<init>(FileTxnLog.java:650)
	at org.apache.zookeeper.server.persistence.FileTxnLog.read(FileTxnLog.java:466)
	at org.apache.zookeeper.server.persistence.FileTxnLog.read(FileTxnLog.java:453)
	at org.apache.zookeeper.server.persistence.FileTxnSnapLog.fastForwardFromEdits(FileTxnSnapLog.java:330)
	at org.apache.zookeeper.server.ZKDatabase.fastForwardDataBase(ZKDatabase.java:303)
	at org.apache.zookeeper.server.ZooKeeperServer.shutdown(ZooKeeperServer.java:980)
	at org.apache.zookeeper.server.ZooKeeperServer.shutdown(ZooKeeperServer.java:928)
	at org.apache.zookeeper.server.quorum.LeaderZooKeeperServer.shutdown(LeaderZooKeeperServer.java:162)
	at org.apache.zookeeper.server.quorum.Leader.shutdown(Leader.java:832)
	at org.apache.zookeeper.server.quorum.QuorumPeer.shutdown(QuorumPeer.java:1626)
	at org.apache.curator.test.TestingQuorumPeerMain.close(TestingQuorumPeerMain.java:68)
	at org.apache.curator.test.TestingZooKeeperServer.stop(TestingZooKeeperServer.java:118)
	at org.apache.curator.test.TestingZooKeeperServer.close(TestingZooKeeperServer.java:130)
	at org.apache.curator.test.TestingCluster.close(TestingCluster.java:175)
	at org.apache.zookeeper.compatibility.TestApacheCuratorCompatibility.testBasicUsageOfApisAndRecipesInCluster(TestApacheCuratorCompatibility.java:53)
	at java.base/jdk.internal.reflect.NativeMethodAccessorImpl.invoke0(Native Method)
	at java.base/jdk.internal.reflect.NativeMethodAccessorImpl.invoke(NativeMethodAccessorImpl.java:77)
	at java.base/jdk.internal.reflect.DelegatingMethodAccessorImpl.invoke(DelegatingMethodAccessorImpl.java:43)
	at java.base/java.lang.reflect.Method.invoke(Method.java:568)
	at org.junit.platform.commons.util.ReflectionUtils.invokeMethod(ReflectionUtils.java:688)
	at org.junit.jupiter.engine.execution.MethodInvocation.proceed(MethodInvocation.java:60)
	at org.junit.jupiter.engine.execution.InvocationInterceptorChain$ValidatingInvocation.proceed(InvocationInterceptorChain.java:131)
	at org.junit.jupiter.engine.extension.TimeoutExtension.intercept(TimeoutExtension.java:149)
	at org.junit.jupiter.engine.extension.TimeoutExtension.interceptTestableMethod(TimeoutExtension.java:140)
	at org.junit.jupiter.engine.extension.TimeoutExtension.interceptTestMethod(TimeoutExtension.java:84)
	at org.junit.jupiter.engine.execution.ExecutableInvoker$ReflectiveInterceptorCall.lambda$ofVoidMethod$0(ExecutableInvoker.java:115)
	at org.junit.jupiter.engine.execution.ExecutableInvoker.lambda$invoke$0(ExecutableInvoker.java:105)
	at org.junit.jupiter.engine.execution.InvocationInterceptorChain$InterceptedInvocation.proceed(InvocationInterceptorChain.java:106)
	at org.junit.jupiter.engine.execution.InvocationInterceptorChain.proceed(InvocationInterceptorChain.java:64)
	at org.junit.jupiter.engine.execution.InvocationInterceptorChain.chainAndInvoke(InvocationInterceptorChain.java:45)
	at org.junit.jupiter.engine.execution.InvocationInterceptorChain.invoke(InvocationInterceptorChain.java:37)
	at org.junit.jupiter.engine.execution.ExecutableInvoker.invoke(ExecutableInvoker.java:104)
	at org.junit.jupiter.engine.execution.ExecutableInvoker.invoke(ExecutableInvoker.java:98)
	at org.junit.jupiter.engine.descriptor.TestMethodTestDescriptor.lambda$invokeTestMethod$6(TestMethodTestDescriptor.java:210)
	at org.junit.platform.engine.support.hierarchical.ThrowableCollector.execute(ThrowableCollector.java:73)
	at org.junit.jupiter.engine.descriptor.TestMethodTestDescriptor.invokeTestMethod(TestMethodTestDescriptor.java:206)
	at org.junit.jupiter.engine.descriptor.TestMethodTestDescriptor.execute(TestMethodTestDescriptor.java:131)
	at org.junit.jupiter.engine.descriptor.TestMethodTestDescriptor.execute(TestMethodTestDescriptor.java:65)
	at org.junit.platform.engine.support.hierarchical.NodeTestTask.lambda$executeRecursively$5(NodeTestTask.java:139)
	at org.junit.platform.engine.support.hierarchical.ThrowableCollector.execute(ThrowableCollector.java:73)
	at org.junit.platform.engine.support.hierarchical.NodeTestTask.lambda$executeRecursively$7(NodeTestTask.java:129)
	at org.junit.platform.engine.support.hierarchical.Node.around(Node.java:137)
	at org.junit.platform.engine.support.hierarchical.NodeTestTask.lambda$executeRecursively$8(NodeTestTask.java:127)
	at org.junit.platform.engine.support.hierarchical.ThrowableCollector.execute(ThrowableCollector.java:73)
	at org.junit.platform.engine.support.hierarchical.NodeTestTask.executeRecursively(NodeTestTask.java:126)
	at org.junit.platform.engine.support.hierarchical.NodeTestTask.execute(NodeTestTask.java:84)
	at java.base/java.util.ArrayList.forEach(ArrayList.java:1511)
	at org.junit.platform.engine.support.hierarchical.SameThreadHierarchicalTestExecutorService.invokeAll(SameThreadHierarchicalTestExecutorService.java:38)
	at org.junit.platform.engine.support.hierarchical.NodeTestTask.lambda$executeRecursively$5(NodeTestTask.java:143)
	at org.junit.platform.engine.support.hierarchical.ThrowableCollector.execute(ThrowableCollector.java:73)
	at org.junit.platform.engine.support.hierarchical.NodeTestTask.lambda$executeRecursively$7(NodeTestTask.java:129)
	at org.junit.platform.engine.support.hierarchical.Node.around(Node.java:137)
	at org.junit.platform.engine.support.hierarchical.NodeTestTask.lambda$executeRecursively$8(NodeTestTask.java:127)
	at org.junit.platform.engine.support.hierarchical.ThrowableCollector.execute(ThrowableCollector.java:73)
	at org.junit.platform.engine.support.hierarchical.NodeTestTask.executeRecursively(NodeTestTask.java:126)
	at org.junit.platform.engine.support.hierarchical.NodeTestTask.execute(NodeTestTask.java:84)
	at java.base/java.util.ArrayList.forEach(ArrayList.java:1511)
	at org.junit.platform.engine.support.hierarchical.SameThreadHierarchicalTestExecutorService.invokeAll(SameThreadHierarchicalTestExecutorService.java:38)
	at org.junit.platform.engine.support.hierarchical.NodeTestTask.lambda$executeRecursively$5(NodeTestTask.java:143)
	at org.junit.platform.engine.support.hierarchical.ThrowableCollector.execute(ThrowableCollector.java:73)
	at org.junit.platform.engine.support.hierarchical.NodeTestTask.lambda$executeRecursively$7(NodeTestTask.java:129)
	at org.junit.platform.engine.support.hierarchical.Node.around(Node.java:137)
	at org.junit.platform.engine.support.hierarchical.NodeTestTask.lambda$executeRecursively$8(NodeTestTask.java:127)
	at org.junit.platform.engine.support.hierarchical.ThrowableCollector.execute(ThrowableCollector.java:73)
	at org.junit.platform.engine.support.hierarchical.NodeTestTask.executeRecursively(NodeTestTask.java:126)
	at org.junit.platform.engine.support.hierarchical.NodeTestTask.execute(NodeTestTask.java:84)
	at org.junit.platform.engine.support.hierarchical.SameThreadHierarchicalTestExecutorService.submit(SameThreadHierarchicalTestExecutorService.java:32)
	at org.junit.platform.engine.support.hierarchical.HierarchicalTestExecutor.execute(HierarchicalTestExecutor.java:57)
	at org.junit.platform.engine.support.hierarchical.HierarchicalTestEngine.execute(HierarchicalTestEngine.java:51)
	at org.junit.platform.launcher.core.EngineExecutionOrchestrator.execute(EngineExecutionOrchestrator.java:107)
	at org.junit.platform.launcher.core.EngineExecutionOrchestrator.execute(EngineExecutionOrchestrator.java:88)
	at org.junit.platform.launcher.core.EngineExecutionOrchestrator.lambda$execute$0(EngineExecutionOrchestrator.java:54)
	at org.junit.platform.launcher.core.EngineExecutionOrchestrator.withInterceptedStreams(EngineExecutionOrchestrator.java:67)
	at org.junit.platform.launcher.core.EngineExecutionOrchestrator.execute(EngineExecutionOrchestrator.java:52)
	at org.junit.platform.launcher.core.DefaultLauncher.execute(DefaultLauncher.java:114)
	at org.junit.platform.launcher.core.DefaultLauncher.execute(DefaultLauncher.java:86)
	at org.junit.platform.launcher.core.DefaultLauncherSession$DelegatingLauncher.execute(DefaultLauncherSession.java:86)
	at org.junit.platform.launcher.core.SessionPerRequestLauncher.execute(SessionPerRequestLauncher.java:53)
	at org.apache.maven.surefire.junitplatform.JUnitPlatformProvider.execute(JUnitPlatformProvider.java:188)
	at org.apache.maven.surefire.junitplatform.JUnitPlatformProvider.invokeAllTests(JUnitPlatformProvider.java:154)
	at org.apache.maven.surefire.junitplatform.JUnitPlatformProvider.invoke(JUnitPlatformProvider.java:128)
	at org.apache.maven.surefire.booter.ForkedBooter.runSuitesInProcess(ForkedBooter.java:428)
	at org.apache.maven.surefire.booter.ForkedBooter.execute(ForkedBooter.java:162)
	at org.apache.maven.surefire.booter.ForkedBooter.run(ForkedBooter.java:562)
	at org.apache.maven.surefire.booter.ForkedBooter.main(ForkedBooter.java:548)
22:35:11.437 [ConnnectionExpirer] INFO org.apache.zookeeper.server.NIOServerCnxnFactory - ConnnectionExpirerThread interrupted
22:35:11.437 [NIOServerCxnFactory.AcceptThread:/127.0.0.1:32941] INFO org.apache.zookeeper.server.NIOServerCnxnFactory - accept thread exitted run method
22:35:11.438 [NIOServerCxnFactory.SelectorThread-0] INFO org.apache.zookeeper.server.NIOServerCnxnFactory - selector thread exitted run method
22:35:11.438 [NIOServerCxnFactory.SelectorThread-1] INFO org.apache.zookeeper.server.NIOServerCnxnFactory - selector thread exitted run method
22:35:11.438 [main] DEBUG org.apache.zookeeper.server.quorum.FastLeaderElection - Shutting down connection manager
22:35:11.438 [main] DEBUG org.apache.zookeeper.server.quorum.QuorumCnxManager - Halting listener
22:35:11.438 [main] DEBUG org.apache.zookeeper.server.quorum.QuorumCnxManager - Halt called: Trying to close listeners
22:35:11.438 [main] DEBUG org.apache.zookeeper.server.quorum.QuorumCnxManager - Closing listener: 3
22:35:11.438 [main] DEBUG org.apache.zookeeper.server.quorum.QuorumCnxManager - Trying to close listeners: ServerSocket[addr=/127.0.0.1,localport=42517]
22:35:11.438 [QuorumPeer[myid=3](plain=127.0.0.1:32941)(secure=disabled)] WARN org.apache.zookeeper.server.quorum.QuorumPeer - Unexpected exception
java.lang.InterruptedException: null
	at java.base/java.lang.Object.wait(Native Method)
	at org.apache.zookeeper.server.quorum.Leader.lead(Leader.java:730)
	at org.apache.zookeeper.server.quorum.QuorumPeer.run(QuorumPeer.java:1569)
22:35:11.438 [QuorumPeer[myid=3](plain=127.0.0.1:32941)(secure=disabled)] INFO org.apache.zookeeper.server.quorum.Leader - Shutting down
22:35:11.438 [QuorumPeer[myid=3](plain=127.0.0.1:32941)(secure=disabled)] INFO org.apache.zookeeper.server.quorum.QuorumPeer - Peer state changed: looking
22:35:11.438 [QuorumPeer[myid=3](plain=127.0.0.1:32941)(secure=disabled)] WARN org.apache.zookeeper.server.quorum.QuorumPeer - PeerState set to LOOKING
22:35:11.438 [QuorumPeer[myid=3](plain=127.0.0.1:32941)(secure=disabled)] WARN org.apache.zookeeper.server.quorum.QuorumPeer - QuorumPeer main thread exited
22:35:11.438 [QuorumPeerListener] INFO org.apache.zookeeper.server.quorum.QuorumCnxManager - Leaving listener
22:35:11.438 [main] DEBUG org.apache.zookeeper.server.quorum.FastLeaderElection - Shutting down messenger
22:35:11.438 [main] DEBUG org.apache.zookeeper.server.quorum.FastLeaderElection - FLE is down
22:35:11.441 [main] ERROR org.wasabi.logger.WasabiListener5 - [wasabi] testBasicUsageOfApisAndRecipesInCluster() is finished
22:35:11.441 [main] ERROR org.wasabi.logger.WasabiListener5 - [WASABIEND]
]]></system-out>
  </testcase>
</testsuite>