<?xml version="1.0" encoding="UTF-8"?>
<testsuite xmlns:xsi="http://www.w3.org/2001/XMLSchema-instance" xsi:noNamespaceSchemaLocation="https://maven.apache.org/surefire/maven-surefire-plugin/xsd/surefire-test-report-3.0.xsd" version="3.0" name="org.apache.zookeeper.test.NettyNettySuiteTest" time="335.514" tests="111" errors="0" skipped="0" failures="0">
  <properties>
    <property name="build.test.dir" value="/home/asus/Documents/zookeeper/zookeeper-server/target/surefire"/>
    <property name="java.specification.version" value="17"/>
    <property name="sun.jnu.encoding" value="UTF-8"/>
    <property name="java.class.path" value="/home/asus/Documents/zookeeper/zookeeper-server/target/test-classes:/home/asus/Documents/zookeeper/zookeeper-server/target/classes:/home/asus/.m2/repository/com/github/spotbugs/spotbugs-annotations/4.0.2/spotbugs-annotations-4.0.2.jar:/home/asus/.m2/repository/com/google/code/findbugs/jsr305/3.0.2/jsr305-3.0.2.jar:/home/asus/.m2/repository/org/hamcrest/hamcrest-library/2.2/hamcrest-library-2.2.jar:/home/asus/.m2/repository/org/hamcrest/hamcrest-core/2.2/hamcrest-core-2.2.jar:/home/asus/.m2/repository/org/hamcrest/hamcrest/2.2/hamcrest-2.2.jar:/home/asus/.m2/repository/org/apache/commons/commons-collections4/4.4/commons-collections4-4.4.jar:/home/asus/Documents/zookeeper/zookeeper-jute/target/classes:/home/asus/.m2/repository/commons-cli/commons-cli/1.5.0/commons-cli-1.5.0.jar:/home/asus/.m2/repository/org/apache/yetus/audience-annotations/0.12.0/audience-annotations-0.12.0.jar:/home/asus/.m2/repository/io/netty/netty-handler/4.1.94.Final/netty-handler-4.1.94.Final.jar:/home/asus/.m2/repository/io/netty/netty-common/4.1.94.Final/netty-common-4.1.94.Final.jar:/home/asus/.m2/repository/io/netty/netty-resolver/4.1.94.Final/netty-resolver-4.1.94.Final.jar:/home/asus/.m2/repository/io/netty/netty-buffer/4.1.94.Final/netty-buffer-4.1.94.Final.jar:/home/asus/.m2/repository/io/netty/netty-transport/4.1.94.Final/netty-transport-4.1.94.Final.jar:/home/asus/.m2/repository/io/netty/netty-transport-native-unix-common/4.1.94.Final/netty-transport-native-unix-common-4.1.94.Final.jar:/home/asus/.m2/repository/io/netty/netty-codec/4.1.94.Final/netty-codec-4.1.94.Final.jar:/home/asus/.m2/repository/io/netty/netty-transport-native-epoll/4.1.94.Final/netty-transport-native-epoll-4.1.94.Final-linux-x86_64.jar:/home/asus/.m2/repository/io/netty/netty-transport-classes-epoll/4.1.94.Final/netty-transport-classes-epoll-4.1.94.Final.jar:/home/asus/.m2/repository/io/netty/netty-tcnative-boringssl-static/2.0.61.Final/netty-tcnative-boringssl-static-2.0.61.Final.jar:/home/asus/.m2/repository/io/netty/netty-tcnative-classes/2.0.61.Final/netty-tcnative-classes-2.0.61.Final.jar:/home/asus/.m2/repository/io/netty/netty-tcnative-boringssl-static/2.0.61.Final/netty-tcnative-boringssl-static-2.0.61.Final-linux-x86_64.jar:/home/asus/.m2/repository/io/netty/netty-tcnative-boringssl-static/2.0.61.Final/netty-tcnative-boringssl-static-2.0.61.Final-linux-aarch_64.jar:/home/asus/.m2/repository/io/netty/netty-tcnative-boringssl-static/2.0.61.Final/netty-tcnative-boringssl-static-2.0.61.Final-osx-x86_64.jar:/home/asus/.m2/repository/io/netty/netty-tcnative-boringssl-static/2.0.61.Final/netty-tcnative-boringssl-static-2.0.61.Final-osx-aarch_64.jar:/home/asus/.m2/repository/io/netty/netty-tcnative-boringssl-static/2.0.61.Final/netty-tcnative-boringssl-static-2.0.61.Final-windows-x86_64.jar:/home/asus/.m2/repository/org/slf4j/slf4j-api/1.7.30/slf4j-api-1.7.30.jar:/home/asus/.m2/repository/ch/qos/logback/logback-core/1.2.10/logback-core-1.2.10.jar:/home/asus/.m2/repository/ch/qos/logback/logback-classic/1.2.10/logback-classic-1.2.10.jar:/home/asus/.m2/repository/org/eclipse/jetty/jetty-server/9.4.51.v20230217/jetty-server-9.4.51.v20230217.jar:/home/asus/.m2/repository/javax/servlet/javax.servlet-api/3.1.0/javax.servlet-api-3.1.0.jar:/home/asus/.m2/repository/org/eclipse/jetty/jetty-http/9.4.51.v20230217/jetty-http-9.4.51.v20230217.jar:/home/asus/.m2/repository/org/eclipse/jetty/jetty-util/9.4.51.v20230217/jetty-util-9.4.51.v20230217.jar:/home/asus/.m2/repository/org/eclipse/jetty/jetty-io/9.4.51.v20230217/jetty-io-9.4.51.v20230217.jar:/home/asus/.m2/repository/org/eclipse/jetty/jetty-servlet/9.4.51.v20230217/jetty-servlet-9.4.51.v20230217.jar:/home/asus/.m2/repository/org/eclipse/jetty/jetty-security/9.4.51.v20230217/jetty-security-9.4.51.v20230217.jar:/home/asus/.m2/repository/org/eclipse/jetty/jetty-util-ajax/9.4.51.v20230217/jetty-util-ajax-9.4.51.v20230217.jar:/home/asus/.m2/repository/org/eclipse/jetty/jetty-client/9.4.51.v20230217/jetty-client-9.4.51.v20230217.jar:/home/asus/.m2/repository/com/fasterxml/jackson/core/jackson-databind/2.15.2/jackson-databind-2.15.2.jar:/home/asus/.m2/repository/com/fasterxml/jackson/core/jackson-annotations/2.15.2/jackson-annotations-2.15.2.jar:/home/asus/.m2/repository/com/fasterxml/jackson/core/jackson-core/2.15.2/jackson-core-2.15.2.jar:/home/asus/.m2/repository/org/bouncycastle/bcprov-jdk18on/1.75/bcprov-jdk18on-1.75.jar:/home/asus/.m2/repository/org/bouncycastle/bcpkix-jdk18on/1.75/bcpkix-jdk18on-1.75.jar:/home/asus/.m2/repository/org/bouncycastle/bcutil-jdk18on/1.75/bcutil-jdk18on-1.75.jar:/home/asus/.m2/repository/jline/jline/2.14.6/jline-2.14.6.jar:/home/asus/.m2/repository/io/dropwizard/metrics/metrics-core/4.1.12.1/metrics-core-4.1.12.1.jar:/home/asus/.m2/repository/org/apache/kerby/kerb-core/2.0.0/kerb-core-2.0.0.jar:/home/asus/.m2/repository/org/apache/kerby/kerby-pkix/2.0.0/kerby-pkix-2.0.0.jar:/home/asus/.m2/repository/org/apache/kerby/kerby-asn1/2.0.0/kerby-asn1-2.0.0.jar:/home/asus/.m2/repository/org/apache/kerby/kerby-util/2.0.0/kerby-util-2.0.0.jar:/home/asus/.m2/repository/org/apache/kerby/kerb-simplekdc/2.0.0/kerb-simplekdc-2.0.0.jar:/home/asus/.m2/repository/org/apache/kerby/kerb-client/2.0.0/kerb-client-2.0.0.jar:/home/asus/.m2/repository/org/apache/kerby/kerb-common/2.0.0/kerb-common-2.0.0.jar:/home/asus/.m2/repository/org/apache/kerby/kerb-crypto/2.0.0/kerb-crypto-2.0.0.jar:/home/asus/.m2/repository/org/apache/kerby/kerb-util/2.0.0/kerb-util-2.0.0.jar:/home/asus/.m2/repository/org/apache/kerby/token-provider/2.0.0/token-provider-2.0.0.jar:/home/asus/.m2/repository/com/nimbusds/nimbus-jose-jwt/4.41.2/nimbus-jose-jwt-4.41.2.jar:/home/asus/.m2/repository/com/github/stephenc/jcip/jcip-annotations/1.0-1/jcip-annotations-1.0-1.jar:/home/asus/.m2/repository/net/minidev/json-smart/2.3/json-smart-2.3.jar:/home/asus/.m2/repository/net/minidev/accessors-smart/1.2/accessors-smart-1.2.jar:/home/asus/.m2/repository/org/ow2/asm/asm/5.0.4/asm-5.0.4.jar:/home/asus/.m2/repository/org/apache/kerby/kerb-admin/2.0.0/kerb-admin-2.0.0.jar:/home/asus/.m2/repository/org/apache/kerby/kerb-server/2.0.0/kerb-server-2.0.0.jar:/home/asus/.m2/repository/org/apache/kerby/kerb-identity/2.0.0/kerb-identity-2.0.0.jar:/home/asus/.m2/repository/org/apache/kerby/kerby-xdr/2.0.0/kerby-xdr-2.0.0.jar:/home/asus/.m2/repository/org/apache/kerby/kerby-config/2.0.0/kerby-config-2.0.0.jar:/home/asus/.m2/repository/org/mockito/mockito-core/4.9.0/mockito-core-4.9.0.jar:/home/asus/.m2/repository/net/bytebuddy/byte-buddy/1.12.16/byte-buddy-1.12.16.jar:/home/asus/.m2/repository/net/bytebuddy/byte-buddy-agent/1.12.16/byte-buddy-agent-1.12.16.jar:/home/asus/.m2/repository/org/objenesis/objenesis/3.3/objenesis-3.3.jar:/home/asus/.m2/repository/org/jmockit/jmockit/1.48/jmockit-1.48.jar:/home/asus/.m2/repository/org/junit/jupiter/junit-jupiter-api/5.7.2/junit-jupiter-api-5.7.2.jar:/home/asus/.m2/repository/org/apiguardian/apiguardian-api/1.1.0/apiguardian-api-1.1.0.jar:/home/asus/.m2/repository/org/opentest4j/opentest4j/1.2.0/opentest4j-1.2.0.jar:/home/asus/.m2/repository/org/junit/platform/junit-platform-commons/1.7.0/junit-platform-commons-1.7.0.jar:/home/asus/.m2/repository/org/junit/jupiter/junit-jupiter-engine/5.7.2/junit-jupiter-engine-5.7.2.jar:/home/asus/.m2/repository/org/junit/platform/junit-platform-engine/1.7.2/junit-platform-engine-1.7.2.jar:/home/asus/.m2/repository/org/junit/jupiter/junit-jupiter-params/5.7.2/junit-jupiter-params-5.7.2.jar:/home/asus/.m2/repository/org/junit/platform/junit-platform-runner/1.6.2/junit-platform-runner-1.6.2.jar:/home/asus/.m2/repository/junit/junit/4.13.2/junit-4.13.2.jar:/home/asus/.m2/repository/org/junit/platform/junit-platform-launcher/1.6.2/junit-platform-launcher-1.6.2.jar:/home/asus/.m2/repository/org/junit/platform/junit-platform-suite-api/1.6.2/junit-platform-suite-api-1.6.2.jar:/home/asus/.m2/repository/org/burningwave/tools/0.25.4/tools-0.25.4.jar:/home/asus/.m2/repository/org/burningwave/core/12.62.5/core-12.62.5.jar:/home/asus/.m2/repository/org/burningwave/jvm-driver/8.14.0/jvm-driver-8.14.0.jar:/home/asus/.m2/repository/io/github/toolfactory/jvm-driver/9.4.2/jvm-driver-9.4.2.jar:/home/asus/.m2/repository/org/xerial/snappy/snappy-java/1.1.10.1/snappy-java-1.1.10.1.jar:/home/asus/.m2/repository/commons-io/commons-io/2.11.0/commons-io-2.11.0.jar:/home/asus/.m2/repository/org/wasabi/logger/logger-project/1.0-SNAPSHOT/logger-project-1.0-SNAPSHOT.jar:/home/asus/.m2/repository/org/apache/logging/log4j/log4j-slf4j-impl/2.18.0/log4j-slf4j-impl-2.18.0.jar:/home/asus/.m2/repository/org/apache/logging/log4j/log4j-api/2.18.0/log4j-api-2.18.0.jar:/home/asus/.m2/repository/org/apache/logging/log4j/log4j-core/2.18.0/log4j-core-2.18.0.jar:/home/asus/.m2/repository/org/junit/vintage/junit-vintage-engine/5.7.2/junit-vintage-engine-5.7.2.jar:"/>
    <property name="java.vm.vendor" value="Oracle Corporation"/>
    <property name="sun.arch.data.model" value="64"/>
    <property name="java.vendor.url" value="https://java.oracle.com/"/>
    <property name="os.name" value="Linux"/>
    <property name="java.vm.specification.version" value="17"/>
    <property name="sun.java.launcher" value="SUN_STANDARD"/>
    <property name="user.country" value="US"/>
    <property name="sun.boot.library.path" value="/usr/lib/jvm/java-17-oracle/lib"/>
    <property name="sun.java.command" value="/home/asus/Documents/zookeeper/zookeeper-server/target/surefire/surefirebooter10787791999372722846.jar /home/asus/Documents/zookeeper/zookeeper-server/target/surefire 2023-09-03T22-27-35_671-jvmRun8 surefire16281713558272320864tmp surefire_1117450932061030816055tmp"/>
    <property name="jdk.debug" value="release"/>
    <property name="surefire.test.class.path" value="/home/asus/Documents/zookeeper/zookeeper-server/target/test-classes:/home/asus/Documents/zookeeper/zookeeper-server/target/classes:/home/asus/.m2/repository/com/github/spotbugs/spotbugs-annotations/4.0.2/spotbugs-annotations-4.0.2.jar:/home/asus/.m2/repository/com/google/code/findbugs/jsr305/3.0.2/jsr305-3.0.2.jar:/home/asus/.m2/repository/org/hamcrest/hamcrest-library/2.2/hamcrest-library-2.2.jar:/home/asus/.m2/repository/org/hamcrest/hamcrest-core/2.2/hamcrest-core-2.2.jar:/home/asus/.m2/repository/org/hamcrest/hamcrest/2.2/hamcrest-2.2.jar:/home/asus/.m2/repository/org/apache/commons/commons-collections4/4.4/commons-collections4-4.4.jar:/home/asus/Documents/zookeeper/zookeeper-jute/target/classes:/home/asus/.m2/repository/commons-cli/commons-cli/1.5.0/commons-cli-1.5.0.jar:/home/asus/.m2/repository/org/apache/yetus/audience-annotations/0.12.0/audience-annotations-0.12.0.jar:/home/asus/.m2/repository/io/netty/netty-handler/4.1.94.Final/netty-handler-4.1.94.Final.jar:/home/asus/.m2/repository/io/netty/netty-common/4.1.94.Final/netty-common-4.1.94.Final.jar:/home/asus/.m2/repository/io/netty/netty-resolver/4.1.94.Final/netty-resolver-4.1.94.Final.jar:/home/asus/.m2/repository/io/netty/netty-buffer/4.1.94.Final/netty-buffer-4.1.94.Final.jar:/home/asus/.m2/repository/io/netty/netty-transport/4.1.94.Final/netty-transport-4.1.94.Final.jar:/home/asus/.m2/repository/io/netty/netty-transport-native-unix-common/4.1.94.Final/netty-transport-native-unix-common-4.1.94.Final.jar:/home/asus/.m2/repository/io/netty/netty-codec/4.1.94.Final/netty-codec-4.1.94.Final.jar:/home/asus/.m2/repository/io/netty/netty-transport-native-epoll/4.1.94.Final/netty-transport-native-epoll-4.1.94.Final-linux-x86_64.jar:/home/asus/.m2/repository/io/netty/netty-transport-classes-epoll/4.1.94.Final/netty-transport-classes-epoll-4.1.94.Final.jar:/home/asus/.m2/repository/io/netty/netty-tcnative-boringssl-static/2.0.61.Final/netty-tcnative-boringssl-static-2.0.61.Final.jar:/home/asus/.m2/repository/io/netty/netty-tcnative-classes/2.0.61.Final/netty-tcnative-classes-2.0.61.Final.jar:/home/asus/.m2/repository/io/netty/netty-tcnative-boringssl-static/2.0.61.Final/netty-tcnative-boringssl-static-2.0.61.Final-linux-x86_64.jar:/home/asus/.m2/repository/io/netty/netty-tcnative-boringssl-static/2.0.61.Final/netty-tcnative-boringssl-static-2.0.61.Final-linux-aarch_64.jar:/home/asus/.m2/repository/io/netty/netty-tcnative-boringssl-static/2.0.61.Final/netty-tcnative-boringssl-static-2.0.61.Final-osx-x86_64.jar:/home/asus/.m2/repository/io/netty/netty-tcnative-boringssl-static/2.0.61.Final/netty-tcnative-boringssl-static-2.0.61.Final-osx-aarch_64.jar:/home/asus/.m2/repository/io/netty/netty-tcnative-boringssl-static/2.0.61.Final/netty-tcnative-boringssl-static-2.0.61.Final-windows-x86_64.jar:/home/asus/.m2/repository/org/slf4j/slf4j-api/1.7.30/slf4j-api-1.7.30.jar:/home/asus/.m2/repository/ch/qos/logback/logback-core/1.2.10/logback-core-1.2.10.jar:/home/asus/.m2/repository/ch/qos/logback/logback-classic/1.2.10/logback-classic-1.2.10.jar:/home/asus/.m2/repository/org/eclipse/jetty/jetty-server/9.4.51.v20230217/jetty-server-9.4.51.v20230217.jar:/home/asus/.m2/repository/javax/servlet/javax.servlet-api/3.1.0/javax.servlet-api-3.1.0.jar:/home/asus/.m2/repository/org/eclipse/jetty/jetty-http/9.4.51.v20230217/jetty-http-9.4.51.v20230217.jar:/home/asus/.m2/repository/org/eclipse/jetty/jetty-util/9.4.51.v20230217/jetty-util-9.4.51.v20230217.jar:/home/asus/.m2/repository/org/eclipse/jetty/jetty-io/9.4.51.v20230217/jetty-io-9.4.51.v20230217.jar:/home/asus/.m2/repository/org/eclipse/jetty/jetty-servlet/9.4.51.v20230217/jetty-servlet-9.4.51.v20230217.jar:/home/asus/.m2/repository/org/eclipse/jetty/jetty-security/9.4.51.v20230217/jetty-security-9.4.51.v20230217.jar:/home/asus/.m2/repository/org/eclipse/jetty/jetty-util-ajax/9.4.51.v20230217/jetty-util-ajax-9.4.51.v20230217.jar:/home/asus/.m2/repository/org/eclipse/jetty/jetty-client/9.4.51.v20230217/jetty-client-9.4.51.v20230217.jar:/home/asus/.m2/repository/com/fasterxml/jackson/core/jackson-databind/2.15.2/jackson-databind-2.15.2.jar:/home/asus/.m2/repository/com/fasterxml/jackson/core/jackson-annotations/2.15.2/jackson-annotations-2.15.2.jar:/home/asus/.m2/repository/com/fasterxml/jackson/core/jackson-core/2.15.2/jackson-core-2.15.2.jar:/home/asus/.m2/repository/org/bouncycastle/bcprov-jdk18on/1.75/bcprov-jdk18on-1.75.jar:/home/asus/.m2/repository/org/bouncycastle/bcpkix-jdk18on/1.75/bcpkix-jdk18on-1.75.jar:/home/asus/.m2/repository/org/bouncycastle/bcutil-jdk18on/1.75/bcutil-jdk18on-1.75.jar:/home/asus/.m2/repository/jline/jline/2.14.6/jline-2.14.6.jar:/home/asus/.m2/repository/io/dropwizard/metrics/metrics-core/4.1.12.1/metrics-core-4.1.12.1.jar:/home/asus/.m2/repository/org/apache/kerby/kerb-core/2.0.0/kerb-core-2.0.0.jar:/home/asus/.m2/repository/org/apache/kerby/kerby-pkix/2.0.0/kerby-pkix-2.0.0.jar:/home/asus/.m2/repository/org/apache/kerby/kerby-asn1/2.0.0/kerby-asn1-2.0.0.jar:/home/asus/.m2/repository/org/apache/kerby/kerby-util/2.0.0/kerby-util-2.0.0.jar:/home/asus/.m2/repository/org/apache/kerby/kerb-simplekdc/2.0.0/kerb-simplekdc-2.0.0.jar:/home/asus/.m2/repository/org/apache/kerby/kerb-client/2.0.0/kerb-client-2.0.0.jar:/home/asus/.m2/repository/org/apache/kerby/kerb-common/2.0.0/kerb-common-2.0.0.jar:/home/asus/.m2/repository/org/apache/kerby/kerb-crypto/2.0.0/kerb-crypto-2.0.0.jar:/home/asus/.m2/repository/org/apache/kerby/kerb-util/2.0.0/kerb-util-2.0.0.jar:/home/asus/.m2/repository/org/apache/kerby/token-provider/2.0.0/token-provider-2.0.0.jar:/home/asus/.m2/repository/com/nimbusds/nimbus-jose-jwt/4.41.2/nimbus-jose-jwt-4.41.2.jar:/home/asus/.m2/repository/com/github/stephenc/jcip/jcip-annotations/1.0-1/jcip-annotations-1.0-1.jar:/home/asus/.m2/repository/net/minidev/json-smart/2.3/json-smart-2.3.jar:/home/asus/.m2/repository/net/minidev/accessors-smart/1.2/accessors-smart-1.2.jar:/home/asus/.m2/repository/org/ow2/asm/asm/5.0.4/asm-5.0.4.jar:/home/asus/.m2/repository/org/apache/kerby/kerb-admin/2.0.0/kerb-admin-2.0.0.jar:/home/asus/.m2/repository/org/apache/kerby/kerb-server/2.0.0/kerb-server-2.0.0.jar:/home/asus/.m2/repository/org/apache/kerby/kerb-identity/2.0.0/kerb-identity-2.0.0.jar:/home/asus/.m2/repository/org/apache/kerby/kerby-xdr/2.0.0/kerby-xdr-2.0.0.jar:/home/asus/.m2/repository/org/apache/kerby/kerby-config/2.0.0/kerby-config-2.0.0.jar:/home/asus/.m2/repository/org/mockito/mockito-core/4.9.0/mockito-core-4.9.0.jar:/home/asus/.m2/repository/net/bytebuddy/byte-buddy/1.12.16/byte-buddy-1.12.16.jar:/home/asus/.m2/repository/net/bytebuddy/byte-buddy-agent/1.12.16/byte-buddy-agent-1.12.16.jar:/home/asus/.m2/repository/org/objenesis/objenesis/3.3/objenesis-3.3.jar:/home/asus/.m2/repository/org/jmockit/jmockit/1.48/jmockit-1.48.jar:/home/asus/.m2/repository/org/junit/jupiter/junit-jupiter-api/5.7.2/junit-jupiter-api-5.7.2.jar:/home/asus/.m2/repository/org/apiguardian/apiguardian-api/1.1.0/apiguardian-api-1.1.0.jar:/home/asus/.m2/repository/org/opentest4j/opentest4j/1.2.0/opentest4j-1.2.0.jar:/home/asus/.m2/repository/org/junit/platform/junit-platform-commons/1.7.0/junit-platform-commons-1.7.0.jar:/home/asus/.m2/repository/org/junit/jupiter/junit-jupiter-engine/5.7.2/junit-jupiter-engine-5.7.2.jar:/home/asus/.m2/repository/org/junit/platform/junit-platform-engine/1.7.2/junit-platform-engine-1.7.2.jar:/home/asus/.m2/repository/org/junit/jupiter/junit-jupiter-params/5.7.2/junit-jupiter-params-5.7.2.jar:/home/asus/.m2/repository/org/junit/platform/junit-platform-runner/1.6.2/junit-platform-runner-1.6.2.jar:/home/asus/.m2/repository/junit/junit/4.13.2/junit-4.13.2.jar:/home/asus/.m2/repository/org/junit/platform/junit-platform-launcher/1.6.2/junit-platform-launcher-1.6.2.jar:/home/asus/.m2/repository/org/junit/platform/junit-platform-suite-api/1.6.2/junit-platform-suite-api-1.6.2.jar:/home/asus/.m2/repository/org/burningwave/tools/0.25.4/tools-0.25.4.jar:/home/asus/.m2/repository/org/burningwave/core/12.62.5/core-12.62.5.jar:/home/asus/.m2/repository/org/burningwave/jvm-driver/8.14.0/jvm-driver-8.14.0.jar:/home/asus/.m2/repository/io/github/toolfactory/jvm-driver/9.4.2/jvm-driver-9.4.2.jar:/home/asus/.m2/repository/org/xerial/snappy/snappy-java/1.1.10.1/snappy-java-1.1.10.1.jar:/home/asus/.m2/repository/commons-io/commons-io/2.11.0/commons-io-2.11.0.jar:/home/asus/.m2/repository/org/wasabi/logger/logger-project/1.0-SNAPSHOT/logger-project-1.0-SNAPSHOT.jar:/home/asus/.m2/repository/org/apache/logging/log4j/log4j-slf4j-impl/2.18.0/log4j-slf4j-impl-2.18.0.jar:/home/asus/.m2/repository/org/apache/logging/log4j/log4j-api/2.18.0/log4j-api-2.18.0.jar:/home/asus/.m2/repository/org/apache/logging/log4j/log4j-core/2.18.0/log4j-core-2.18.0.jar:/home/asus/.m2/repository/org/junit/vintage/junit-vintage-engine/5.7.2/junit-vintage-engine-5.7.2.jar:"/>
    <property name="sun.cpu.endian" value="little"/>
    <property name="user.home" value="/home/asus"/>
    <property name="user.language" value="en"/>
    <property name="java.specification.vendor" value="Oracle Corporation"/>
    <property name="java.version.date" value="2023-01-17"/>
    <property name="java.home" value="/usr/lib/jvm/java-17-oracle"/>
    <property name="zookeeper.DigestAuthenticationProvider.superDigest" value="super:D/InIHSb7yEEbrWz8b9l71RjZJU="/>
    <property name="file.separator" value="/"/>
    <property name="basedir" value="/home/asus/Documents/zookeeper/zookeeper-server"/>
    <property name="java.vm.compressedOopsMode" value="32-bit"/>
    <property name="line.separator" value="&#10;"/>
    <property name="java.vm.specification.vendor" value="Oracle Corporation"/>
    <property name="java.specification.name" value="Java Platform API Specification"/>
    <property name="test.junit.threads" value="8"/>
    <property name="surefire.real.class.path" value="/home/asus/Documents/zookeeper/zookeeper-server/target/surefire/surefirebooter10787791999372722846.jar"/>
    <property name="zookeeper.junit.threadid" value="8"/>
    <property name="sun.management.compiler" value="HotSpot 64-Bit Tiered Compilers"/>
    <property name="java.runtime.version" value="17.0.6+9-LTS-190"/>
    <property name="user.name" value="asus"/>
    <property name="path.separator" value=":"/>
    <property name="os.version" value="6.2.0-31-generic"/>
    <property name="java.runtime.name" value="Java(TM) SE Runtime Environment"/>
    <property name="file.encoding" value="UTF-8"/>
    <property name="java.vm.name" value="Java HotSpot(TM) 64-Bit Server VM"/>
    <property name="localRepository" value="/home/asus/.m2/repository"/>
    <property name="java.vendor.url.bug" value="https://bugreport.java.com/bugreport/"/>
    <property name="java.io.tmpdir" value="/tmp"/>
    <property name="java.version" value="17.0.6"/>
    <property name="user.dir" value="/home/asus/Documents/zookeeper/zookeeper-server"/>
    <property name="os.arch" value="amd64"/>
    <property name="java.vm.specification.name" value="Java Virtual Machine Specification"/>
    <property name="native.encoding" value="UTF-8"/>
    <property name="java.library.path" value="/usr/java/packages/lib:/usr/lib64:/lib64:/lib:/usr/lib"/>
    <property name="junit.jupiter.extensions.autodetection.enabled" value="true"/>
    <property name="java.vm.info" value="mixed mode, sharing"/>
    <property name="java.vendor" value="Oracle Corporation"/>
    <property name="java.vm.version" value="17.0.6+9-LTS-190"/>
    <property name="sun.io.unicode.encoding" value="UnicodeLittle"/>
    <property name="java.class.version" value="61.0"/>
    <property name="maven.test.failure.ignore" value="true"/>
  </properties>
  <testcase name="testNettyIpAuthDefault()" classname="ACLTest" time="0.61">
    <system-out><![CDATA[2023-09-03 22:28:09,015 [myid:] - ERROR [main:o.w.l.WasabiListener5@16] - Creation of WasabiListener5
2023-09-03 22:28:09,987 [myid:] - ERROR [main:o.w.l.WasabiListener5@22] - [WASABISTART]
2023-09-03 22:28:09,988 [myid:] - ERROR [main:o.w.l.WasabiListener5@23] - [wasabi] testNettyIpAuthDefault() is started
2023-09-03 22:28:10,543 [myid:] - ERROR [main-SendThread():o.a.z.ClientCnxn$SendThread@1179] - [wasabi] Retry Loop 03 is called. MaxDuration : 10000
2023-09-03 22:28:10,599 [myid:] - ERROR [main:o.w.l.WasabiListener5@30] - [wasabi] testNettyIpAuthDefault() is finished
2023-09-03 22:28:10,599 [myid:] - ERROR [main:o.w.l.WasabiListener5@31] - [WASABIEND]
]]></system-out>
    <system-err><![CDATA[SLF4J: Class path contains multiple SLF4J bindings.
SLF4J: Found binding in [jar:file:/home/asus/.m2/repository/ch/qos/logback/logback-classic/1.2.10/logback-classic-1.2.10.jar!/org/slf4j/impl/StaticLoggerBinder.class]
SLF4J: Found binding in [jar:file:/home/asus/.m2/repository/org/apache/logging/log4j/log4j-slf4j-impl/2.18.0/log4j-slf4j-impl-2.18.0.jar!/org/slf4j/impl/StaticLoggerBinder.class]
SLF4J: See http://www.slf4j.org/codes.html#multiple_bindings for an explanation.
SLF4J: Actual binding is of type [ch.qos.logback.classic.util.ContextSelectorStaticBinder]
]]></system-err>
  </testcase>
  <testcase name="testAcls()" classname="ACLTest" time="0.971">
    <system-out><![CDATA[2023-09-03 22:28:10,601 [myid:] - ERROR [main:o.w.l.WasabiListener5@22] - [WASABISTART]
2023-09-03 22:28:10,601 [myid:] - ERROR [main:o.w.l.WasabiListener5@23] - [wasabi] testAcls() is started
2023-09-03 22:28:10,618 [myid:] - ERROR [main-SendThread():o.a.z.ClientCnxn$SendThread@1179] - [wasabi] Retry Loop 03 is called. MaxDuration : 10000
2023-09-03 22:28:11,438 [myid:] - ERROR [main-SendThread():o.a.z.ClientCnxn$SendThread@1179] - [wasabi] Retry Loop 03 is called. MaxDuration : 10000
2023-09-03 22:28:11,571 [myid:] - ERROR [main:o.w.l.WasabiListener5@30] - [wasabi] testAcls() is finished
2023-09-03 22:28:11,572 [myid:] - ERROR [main:o.w.l.WasabiListener5@31] - [WASABIEND]
]]></system-out>
  </testcase>
  <testcase name="testIPAuthenticationIsValidCIDR()" classname="ACLTest" time="0.003">
    <system-out><![CDATA[2023-09-03 22:28:11,574 [myid:] - ERROR [main:o.w.l.WasabiListener5@22] - [WASABISTART]
2023-09-03 22:28:11,575 [myid:] - ERROR [main:o.w.l.WasabiListener5@23] - [wasabi] testIPAuthenticationIsValidCIDR() is started
2023-09-03 22:28:11,577 [myid:] - ERROR [main:o.w.l.WasabiListener5@30] - [wasabi] testIPAuthenticationIsValidCIDR() is finished
2023-09-03 22:28:11,577 [myid:] - ERROR [main:o.w.l.WasabiListener5@31] - [WASABIEND]
]]></system-out>
  </testcase>
  <testcase name="testNullValueACL()" classname="ACLTest" time="0.119">
    <system-out><![CDATA[2023-09-03 22:28:11,579 [myid:] - ERROR [main:o.w.l.WasabiListener5@22] - [WASABISTART]
2023-09-03 22:28:11,579 [myid:] - ERROR [main:o.w.l.WasabiListener5@23] - [wasabi] testNullValueACL() is started
2023-09-03 22:28:11,585 [myid:] - ERROR [main-SendThread():o.a.z.ClientCnxn$SendThread@1179] - [wasabi] Retry Loop 03 is called. MaxDuration : 10000
2023-09-03 22:28:11,698 [myid:] - ERROR [main:o.w.l.WasabiListener5@30] - [wasabi] testNullValueACL() is finished
2023-09-03 22:28:11,699 [myid:] - ERROR [main:o.w.l.WasabiListener5@31] - [WASABIEND]
]]></system-out>
  </testcase>
  <testcase name="testDisconnectedAddAuth()" classname="ACLTest" time="0.136">
    <system-out><![CDATA[2023-09-03 22:28:11,700 [myid:] - ERROR [main:o.w.l.WasabiListener5@22] - [WASABISTART]
2023-09-03 22:28:11,700 [myid:] - ERROR [main:o.w.l.WasabiListener5@23] - [wasabi] testDisconnectedAddAuth() is started
2023-09-03 22:28:11,710 [myid:] - ERROR [main-SendThread():o.a.z.ClientCnxn$SendThread@1179] - [wasabi] Retry Loop 03 is called. MaxDuration : 10000
2023-09-03 22:28:11,834 [myid:] - ERROR [main:o.w.l.WasabiListener5@30] - [wasabi] testDisconnectedAddAuth() is finished
2023-09-03 22:28:11,835 [myid:] - ERROR [main:o.w.l.WasabiListener5@31] - [WASABIEND]
]]></system-out>
  </testcase>
  <testcase name="testNullACL()" classname="ACLTest" time="0.141">
    <system-out><![CDATA[2023-09-03 22:28:11,839 [myid:] - ERROR [main:o.w.l.WasabiListener5@22] - [WASABISTART]
2023-09-03 22:28:11,840 [myid:] - ERROR [main:o.w.l.WasabiListener5@23] - [wasabi] testNullACL() is started
2023-09-03 22:28:11,856 [myid:] - ERROR [main-SendThread():o.a.z.ClientCnxn$SendThread@1179] - [wasabi] Retry Loop 03 is called. MaxDuration : 10000
2023-09-03 22:28:11,980 [myid:] - ERROR [main:o.w.l.WasabiListener5@30] - [wasabi] testNullACL() is finished
2023-09-03 22:28:11,981 [myid:] - ERROR [main:o.w.l.WasabiListener5@31] - [WASABIEND]
]]></system-out>
  </testcase>
  <testcase name="testAsyncMulti()" classname="AsyncOpsTest" time="0.282">
    <system-out><![CDATA[2023-09-03 22:28:12,029 [myid:] - ERROR [main:o.w.l.WasabiListener5@22] - [WASABISTART]
2023-09-03 22:28:12,030 [myid:] - ERROR [main:o.w.l.WasabiListener5@23] - [wasabi] testAsyncMulti() is started
2023-09-03 22:28:12,171 [myid:] - ERROR [main-SendThread():o.a.z.ClientCnxn$SendThread@1179] - [wasabi] Retry Loop 03 is called. MaxDuration : 10000
2023-09-03 22:28:12,312 [myid:] - ERROR [main:o.w.l.WasabiListener5@30] - [wasabi] testAsyncMulti() is finished
2023-09-03 22:28:12,312 [myid:] - ERROR [main:o.w.l.WasabiListener5@31] - [WASABIEND]
]]></system-out>
  </testcase>
  <testcase name="testAsyncMultiSequential_NoSideEffect()" classname="AsyncOpsTest" time="0.168">
    <system-out><![CDATA[2023-09-03 22:28:12,314 [myid:] - ERROR [main:o.w.l.WasabiListener5@22] - [WASABISTART]
2023-09-03 22:28:12,315 [myid:] - ERROR [main:o.w.l.WasabiListener5@23] - [wasabi] testAsyncMultiSequential_NoSideEffect() is started
2023-09-03 22:28:12,334 [myid:] - ERROR [main-SendThread():o.a.z.ClientCnxn$SendThread@1179] - [wasabi] Retry Loop 03 is called. MaxDuration : 10000
2023-09-03 22:28:12,482 [myid:] - ERROR [main:o.w.l.WasabiListener5@30] - [wasabi] testAsyncMultiSequential_NoSideEffect() is finished
2023-09-03 22:28:12,483 [myid:] - ERROR [main:o.w.l.WasabiListener5@31] - [WASABIEND]
]]></system-out>
  </testcase>
  <testcase name="testAsyncGetChildrenEmpty()" classname="AsyncOpsTest" time="0.149">
    <system-out><![CDATA[2023-09-03 22:28:12,486 [myid:] - ERROR [main:o.w.l.WasabiListener5@22] - [WASABISTART]
2023-09-03 22:28:12,486 [myid:] - ERROR [main:o.w.l.WasabiListener5@23] - [wasabi] testAsyncGetChildrenEmpty() is started
2023-09-03 22:28:12,506 [myid:] - ERROR [main-SendThread():o.a.z.ClientCnxn$SendThread@1179] - [wasabi] Retry Loop 03 is called. MaxDuration : 10000
2023-09-03 22:28:12,635 [myid:] - ERROR [main:o.w.l.WasabiListener5@30] - [wasabi] testAsyncGetChildrenEmpty() is finished
2023-09-03 22:28:12,636 [myid:] - ERROR [main:o.w.l.WasabiListener5@31] - [WASABIEND]
]]></system-out>
  </testcase>
  <testcase name="testAsyncSetACLFailure_BadVersion()" classname="AsyncOpsTest" time="0.153">
    <system-out><![CDATA[2023-09-03 22:28:12,638 [myid:] - ERROR [main:o.w.l.WasabiListener5@22] - [WASABISTART]
2023-09-03 22:28:12,638 [myid:] - ERROR [main:o.w.l.WasabiListener5@23] - [wasabi] testAsyncSetACLFailure_BadVersion() is started
2023-09-03 22:28:12,661 [myid:] - ERROR [main-SendThread():o.a.z.ClientCnxn$SendThread@1179] - [wasabi] Retry Loop 03 is called. MaxDuration : 10000
2023-09-03 22:28:12,791 [myid:] - ERROR [main:o.w.l.WasabiListener5@30] - [wasabi] testAsyncSetACLFailure_BadVersion() is finished
2023-09-03 22:28:12,792 [myid:] - ERROR [main:o.w.l.WasabiListener5@31] - [WASABIEND]
]]></system-out>
  </testcase>
  <testcase name="testAsyncCreate()" classname="AsyncOpsTest" time="0.142">
    <system-out><![CDATA[2023-09-03 22:28:12,793 [myid:] - ERROR [main:o.w.l.WasabiListener5@22] - [WASABISTART]
2023-09-03 22:28:12,794 [myid:] - ERROR [main:o.w.l.WasabiListener5@23] - [wasabi] testAsyncCreate() is started
2023-09-03 22:28:12,808 [myid:] - ERROR [main-SendThread():o.a.z.ClientCnxn$SendThread@1179] - [wasabi] Retry Loop 03 is called. MaxDuration : 10000
2023-09-03 22:28:12,934 [myid:] - ERROR [main:o.w.l.WasabiListener5@30] - [wasabi] testAsyncCreate() is finished
2023-09-03 22:28:12,935 [myid:] - ERROR [main:o.w.l.WasabiListener5@31] - [WASABIEND]
]]></system-out>
  </testcase>
  <testcase name="testAsyncDelete()" classname="AsyncOpsTest" time="0.193">
    <system-out><![CDATA[2023-09-03 22:28:12,939 [myid:] - ERROR [main:o.w.l.WasabiListener5@22] - [WASABISTART]
2023-09-03 22:28:12,940 [myid:] - ERROR [main:o.w.l.WasabiListener5@23] - [wasabi] testAsyncDelete() is started
2023-09-03 22:28:12,983 [myid:] - ERROR [main-SendThread():o.a.z.ClientCnxn$SendThread@1179] - [wasabi] Retry Loop 03 is called. MaxDuration : 10000
2023-09-03 22:28:13,131 [myid:] - ERROR [main:o.w.l.WasabiListener5@30] - [wasabi] testAsyncDelete() is finished
2023-09-03 22:28:13,133 [myid:] - ERROR [main:o.w.l.WasabiListener5@31] - [WASABIEND]
]]></system-out>
  </testcase>
  <testcase name="testAsyncGetChildren2Failure_NoNode()" classname="AsyncOpsTest" time="0.159">
    <system-out><![CDATA[2023-09-03 22:28:13,139 [myid:] - ERROR [main:o.w.l.WasabiListener5@22] - [WASABISTART]
2023-09-03 22:28:13,140 [myid:] - ERROR [main:o.w.l.WasabiListener5@23] - [wasabi] testAsyncGetChildren2Failure_NoNode() is started
2023-09-03 22:28:13,175 [myid:] - ERROR [main-SendThread():o.a.z.ClientCnxn$SendThread@1179] - [wasabi] Retry Loop 03 is called. MaxDuration : 10000
2023-09-03 22:28:13,301 [myid:] - ERROR [main:o.w.l.WasabiListener5@30] - [wasabi] testAsyncGetChildren2Failure_NoNode() is finished
2023-09-03 22:28:13,301 [myid:] - ERROR [main:o.w.l.WasabiListener5@31] - [WASABIEND]
]]></system-out>
  </testcase>
  <testcase name="testAsyncExists()" classname="AsyncOpsTest" time="0.164">
    <system-out><![CDATA[2023-09-03 22:28:13,303 [myid:] - ERROR [main:o.w.l.WasabiListener5@22] - [WASABISTART]
2023-09-03 22:28:13,304 [myid:] - ERROR [main:o.w.l.WasabiListener5@23] - [wasabi] testAsyncExists() is started
2023-09-03 22:28:13,339 [myid:] - ERROR [main-SendThread():o.a.z.ClientCnxn$SendThread@1179] - [wasabi] Retry Loop 03 is called. MaxDuration : 10000
2023-09-03 22:28:13,468 [myid:] - ERROR [main:o.w.l.WasabiListener5@30] - [wasabi] testAsyncExists() is finished
2023-09-03 22:28:13,469 [myid:] - ERROR [main:o.w.l.WasabiListener5@31] - [WASABIEND]
]]></system-out>
  </testcase>
  <testcase name="testAsyncGetDataFailure_NoNode()" classname="AsyncOpsTest" time="0.156">
    <system-out><![CDATA[2023-09-03 22:28:13,470 [myid:] - ERROR [main:o.w.l.WasabiListener5@22] - [WASABISTART]
2023-09-03 22:28:13,470 [myid:] - ERROR [main:o.w.l.WasabiListener5@23] - [wasabi] testAsyncGetDataFailure_NoNode() is started
2023-09-03 22:28:13,492 [myid:] - ERROR [main-SendThread():o.a.z.ClientCnxn$SendThread@1179] - [wasabi] Retry Loop 03 is called. MaxDuration : 10000
2023-09-03 22:28:13,625 [myid:] - ERROR [main:o.w.l.WasabiListener5@30] - [wasabi] testAsyncGetDataFailure_NoNode() is finished
2023-09-03 22:28:13,626 [myid:] - ERROR [main:o.w.l.WasabiListener5@31] - [WASABIEND]
]]></system-out>
  </testcase>
  <testcase name="testAsyncGetACL()" classname="AsyncOpsTest" time="0.191">
    <system-out><![CDATA[2023-09-03 22:28:13,632 [myid:] - ERROR [main:o.w.l.WasabiListener5@22] - [WASABISTART]
2023-09-03 22:28:13,633 [myid:] - ERROR [main:o.w.l.WasabiListener5@23] - [wasabi] testAsyncGetACL() is started
2023-09-03 22:28:13,674 [myid:] - ERROR [main-SendThread():o.a.z.ClientCnxn$SendThread@1179] - [wasabi] Retry Loop 03 is called. MaxDuration : 10000
2023-09-03 22:28:13,825 [myid:] - ERROR [main:o.w.l.WasabiListener5@30] - [wasabi] testAsyncGetACL() is finished
2023-09-03 22:28:13,826 [myid:] - ERROR [main:o.w.l.WasabiListener5@31] - [WASABIEND]
]]></system-out>
  </testcase>
  <testcase name="testAsyncCreate2Failure_NoNode()" classname="AsyncOpsTest" time="0.143">
    <system-out><![CDATA[2023-09-03 22:28:13,829 [myid:] - ERROR [main:o.w.l.WasabiListener5@22] - [WASABISTART]
2023-09-03 22:28:13,830 [myid:] - ERROR [main:o.w.l.WasabiListener5@23] - [wasabi] testAsyncCreate2Failure_NoNode() is started
2023-09-03 22:28:13,851 [myid:] - ERROR [main-SendThread():o.a.z.ClientCnxn$SendThread@1179] - [wasabi] Retry Loop 03 is called. MaxDuration : 10000
2023-09-03 22:28:13,973 [myid:] - ERROR [main:o.w.l.WasabiListener5@30] - [wasabi] testAsyncCreate2Failure_NoNode() is finished
2023-09-03 22:28:13,973 [myid:] - ERROR [main:o.w.l.WasabiListener5@31] - [WASABIEND]
]]></system-out>
  </testcase>
  <testcase name="testAsyncCreateFailure_NoNode()" classname="AsyncOpsTest" time="0.137">
    <system-out><![CDATA[2023-09-03 22:28:13,975 [myid:] - ERROR [main:o.w.l.WasabiListener5@22] - [WASABISTART]
2023-09-03 22:28:13,975 [myid:] - ERROR [main:o.w.l.WasabiListener5@23] - [wasabi] testAsyncCreateFailure_NoNode() is started
2023-09-03 22:28:13,992 [myid:] - ERROR [main-SendThread():o.a.z.ClientCnxn$SendThread@1179] - [wasabi] Retry Loop 03 is called. MaxDuration : 10000
2023-09-03 22:28:14,113 [myid:] - ERROR [main:o.w.l.WasabiListener5@30] - [wasabi] testAsyncCreateFailure_NoNode() is finished
2023-09-03 22:28:14,113 [myid:] - ERROR [main:o.w.l.WasabiListener5@31] - [WASABIEND]
]]></system-out>
  </testcase>
  <testcase name="testAsyncSetACL()" classname="AsyncOpsTest" time="0.136">
    <system-out><![CDATA[2023-09-03 22:28:14,115 [myid:] - ERROR [main:o.w.l.WasabiListener5@22] - [WASABISTART]
2023-09-03 22:28:14,115 [myid:] - ERROR [main:o.w.l.WasabiListener5@23] - [wasabi] testAsyncSetACL() is started
2023-09-03 22:28:14,129 [myid:] - ERROR [main-SendThread():o.a.z.ClientCnxn$SendThread@1179] - [wasabi] Retry Loop 03 is called. MaxDuration : 10000
2023-09-03 22:28:14,251 [myid:] - ERROR [main:o.w.l.WasabiListener5@30] - [wasabi] testAsyncSetACL() is finished
2023-09-03 22:28:14,251 [myid:] - ERROR [main:o.w.l.WasabiListener5@31] - [WASABIEND]
]]></system-out>
  </testcase>
  <testcase name="testAsyncMultiFailure_NoSideEffect()" classname="AsyncOpsTest" time="0.144">
    <system-out><![CDATA[2023-09-03 22:28:14,252 [myid:] - ERROR [main:o.w.l.WasabiListener5@22] - [WASABISTART]
2023-09-03 22:28:14,253 [myid:] - ERROR [main:o.w.l.WasabiListener5@23] - [wasabi] testAsyncMultiFailure_NoSideEffect() is started
2023-09-03 22:28:14,267 [myid:] - ERROR [main-SendThread():o.a.z.ClientCnxn$SendThread@1179] - [wasabi] Retry Loop 03 is called. MaxDuration : 10000
2023-09-03 22:28:14,398 [myid:] - ERROR [main:o.w.l.WasabiListener5@30] - [wasabi] testAsyncMultiFailure_NoSideEffect() is finished
2023-09-03 22:28:14,398 [myid:] - ERROR [main:o.w.l.WasabiListener5@31] - [WASABIEND]
]]></system-out>
  </testcase>
  <testcase name="testAsyncGetData()" classname="AsyncOpsTest" time="0.153">
    <system-out><![CDATA[2023-09-03 22:28:14,399 [myid:] - ERROR [main:o.w.l.WasabiListener5@22] - [WASABISTART]
2023-09-03 22:28:14,399 [myid:] - ERROR [main:o.w.l.WasabiListener5@23] - [wasabi] testAsyncGetData() is started
2023-09-03 22:28:14,414 [myid:] - ERROR [main-SendThread():o.a.z.ClientCnxn$SendThread@1179] - [wasabi] Retry Loop 03 is called. MaxDuration : 10000
2023-09-03 22:28:14,551 [myid:] - ERROR [main:o.w.l.WasabiListener5@30] - [wasabi] testAsyncGetData() is finished
2023-09-03 22:28:14,552 [myid:] - ERROR [main:o.w.l.WasabiListener5@31] - [WASABIEND]
]]></system-out>
  </testcase>
  <testcase name="testAsyncSync()" classname="AsyncOpsTest" time="0.161">
    <system-out><![CDATA[2023-09-03 22:28:14,554 [myid:] - ERROR [main:o.w.l.WasabiListener5@22] - [WASABISTART]
2023-09-03 22:28:14,555 [myid:] - ERROR [main:o.w.l.WasabiListener5@23] - [wasabi] testAsyncSync() is started
2023-09-03 22:28:14,587 [myid:] - ERROR [main-SendThread():o.a.z.ClientCnxn$SendThread@1179] - [wasabi] Retry Loop 03 is called. MaxDuration : 10000
2023-09-03 22:28:14,715 [myid:] - ERROR [main:o.w.l.WasabiListener5@30] - [wasabi] testAsyncSync() is finished
2023-09-03 22:28:14,715 [myid:] - ERROR [main:o.w.l.WasabiListener5@31] - [WASABIEND]
]]></system-out>
  </testcase>
  <testcase name="testAsyncGetChildren2Two()" classname="AsyncOpsTest" time="0.142">
    <system-out><![CDATA[2023-09-03 22:28:14,717 [myid:] - ERROR [main:o.w.l.WasabiListener5@22] - [WASABISTART]
2023-09-03 22:28:14,717 [myid:] - ERROR [main:o.w.l.WasabiListener5@23] - [wasabi] testAsyncGetChildren2Two() is started
2023-09-03 22:28:14,730 [myid:] - ERROR [main-SendThread():o.a.z.ClientCnxn$SendThread@1179] - [wasabi] Retry Loop 03 is called. MaxDuration : 10000
2023-09-03 22:28:14,858 [myid:] - ERROR [main:o.w.l.WasabiListener5@30] - [wasabi] testAsyncGetChildren2Two() is finished
2023-09-03 22:28:14,859 [myid:] - ERROR [main:o.w.l.WasabiListener5@31] - [WASABIEND]
]]></system-out>
  </testcase>
  <testcase name="testAsyncCreateFailure_NoChildForEphemeral()" classname="AsyncOpsTest" time="0.132">
    <system-out><![CDATA[2023-09-03 22:28:14,860 [myid:] - ERROR [main:o.w.l.WasabiListener5@22] - [WASABISTART]
2023-09-03 22:28:14,860 [myid:] - ERROR [main:o.w.l.WasabiListener5@23] - [wasabi] testAsyncCreateFailure_NoChildForEphemeral() is started
2023-09-03 22:28:14,871 [myid:] - ERROR [main-SendThread():o.a.z.ClientCnxn$SendThread@1179] - [wasabi] Retry Loop 03 is called. MaxDuration : 10000
2023-09-03 22:28:14,992 [myid:] - ERROR [main:o.w.l.WasabiListener5@30] - [wasabi] testAsyncCreateFailure_NoChildForEphemeral() is finished
2023-09-03 22:28:14,992 [myid:] - ERROR [main:o.w.l.WasabiListener5@31] - [WASABIEND]
]]></system-out>
  </testcase>
  <testcase name="testAsyncDeleteFailure_BadVersion()" classname="AsyncOpsTest" time="0.132">
    <system-out><![CDATA[2023-09-03 22:28:14,994 [myid:] - ERROR [main:o.w.l.WasabiListener5@22] - [WASABISTART]
2023-09-03 22:28:14,994 [myid:] - ERROR [main:o.w.l.WasabiListener5@23] - [wasabi] testAsyncDeleteFailure_BadVersion() is started
2023-09-03 22:28:15,006 [myid:] - ERROR [main-SendThread():o.a.z.ClientCnxn$SendThread@1179] - [wasabi] Retry Loop 03 is called. MaxDuration : 10000
2023-09-03 22:28:15,127 [myid:] - ERROR [main:o.w.l.WasabiListener5@30] - [wasabi] testAsyncDeleteFailure_BadVersion() is finished
2023-09-03 22:28:15,127 [myid:] - ERROR [main:o.w.l.WasabiListener5@31] - [WASABIEND]
]]></system-out>
  </testcase>
  <testcase name="testAsyncDeleteFailure_NoNode()" classname="AsyncOpsTest" time="0.132">
    <system-out><![CDATA[2023-09-03 22:28:15,128 [myid:] - ERROR [main:o.w.l.WasabiListener5@22] - [WASABISTART]
2023-09-03 22:28:15,129 [myid:] - ERROR [main:o.w.l.WasabiListener5@23] - [wasabi] testAsyncDeleteFailure_NoNode() is started
2023-09-03 22:28:15,141 [myid:] - ERROR [main-SendThread():o.a.z.ClientCnxn$SendThread@1179] - [wasabi] Retry Loop 03 is called. MaxDuration : 10000
2023-09-03 22:28:15,260 [myid:] - ERROR [main:o.w.l.WasabiListener5@30] - [wasabi] testAsyncDeleteFailure_NoNode() is finished
2023-09-03 22:28:15,260 [myid:] - ERROR [main:o.w.l.WasabiListener5@31] - [WASABIEND]
]]></system-out>
  </testcase>
  <testcase name="testAsyncSetDataFailure_BadVersion()" classname="AsyncOpsTest" time="0.138">
    <system-out><![CDATA[2023-09-03 22:28:15,262 [myid:] - ERROR [main:o.w.l.WasabiListener5@22] - [WASABISTART]
2023-09-03 22:28:15,262 [myid:] - ERROR [main:o.w.l.WasabiListener5@23] - [wasabi] testAsyncSetDataFailure_BadVersion() is started
2023-09-03 22:28:15,275 [myid:] - ERROR [main-SendThread():o.a.z.ClientCnxn$SendThread@1179] - [wasabi] Retry Loop 03 is called. MaxDuration : 10000
2023-09-03 22:28:15,400 [myid:] - ERROR [main:o.w.l.WasabiListener5@30] - [wasabi] testAsyncSetDataFailure_BadVersion() is finished
2023-09-03 22:28:15,400 [myid:] - ERROR [main:o.w.l.WasabiListener5@31] - [WASABIEND]
]]></system-out>
  </testcase>
  <testcase name="testAsyncGetChildrenFailure_NoNode()" classname="AsyncOpsTest" time="0.132">
    <system-out><![CDATA[2023-09-03 22:28:15,402 [myid:] - ERROR [main:o.w.l.WasabiListener5@22] - [WASABISTART]
2023-09-03 22:28:15,402 [myid:] - ERROR [main:o.w.l.WasabiListener5@23] - [wasabi] testAsyncGetChildrenFailure_NoNode() is started
2023-09-03 22:28:15,415 [myid:] - ERROR [main-SendThread():o.a.z.ClientCnxn$SendThread@1179] - [wasabi] Retry Loop 03 is called. MaxDuration : 10000
2023-09-03 22:28:15,534 [myid:] - ERROR [main:o.w.l.WasabiListener5@30] - [wasabi] testAsyncGetChildrenFailure_NoNode() is finished
2023-09-03 22:28:15,534 [myid:] - ERROR [main:o.w.l.WasabiListener5@31] - [WASABIEND]
]]></system-out>
  </testcase>
  <testcase name="testAsyncCreate2()" classname="AsyncOpsTest" time="0.14">
    <system-out><![CDATA[2023-09-03 22:28:15,536 [myid:] - ERROR [main:o.w.l.WasabiListener5@22] - [WASABISTART]
2023-09-03 22:28:15,536 [myid:] - ERROR [main:o.w.l.WasabiListener5@23] - [wasabi] testAsyncCreate2() is started
2023-09-03 22:28:15,556 [myid:] - ERROR [main-SendThread():o.a.z.ClientCnxn$SendThread@1179] - [wasabi] Retry Loop 03 is called. MaxDuration : 10000
2023-09-03 22:28:15,676 [myid:] - ERROR [main:o.w.l.WasabiListener5@30] - [wasabi] testAsyncCreate2() is finished
2023-09-03 22:28:15,677 [myid:] - ERROR [main:o.w.l.WasabiListener5@31] - [WASABIEND]
]]></system-out>
  </testcase>
  <testcase name="testAsyncExistsFailure_NoNode()" classname="AsyncOpsTest" time="0.137">
    <system-out><![CDATA[2023-09-03 22:28:15,679 [myid:] - ERROR [main:o.w.l.WasabiListener5@22] - [WASABISTART]
2023-09-03 22:28:15,679 [myid:] - ERROR [main:o.w.l.WasabiListener5@23] - [wasabi] testAsyncExistsFailure_NoNode() is started
2023-09-03 22:28:15,696 [myid:] - ERROR [main-SendThread():o.a.z.ClientCnxn$SendThread@1179] - [wasabi] Retry Loop 03 is called. MaxDuration : 10000
2023-09-03 22:28:15,816 [myid:] - ERROR [main:o.w.l.WasabiListener5@30] - [wasabi] testAsyncExistsFailure_NoNode() is finished
2023-09-03 22:28:15,817 [myid:] - ERROR [main:o.w.l.WasabiListener5@31] - [WASABIEND]
]]></system-out>
  </testcase>
  <testcase name="testAsyncGetChildren2Empty()" classname="AsyncOpsTest" time="0.132">
    <system-out><![CDATA[2023-09-03 22:28:15,819 [myid:] - ERROR [main:o.w.l.WasabiListener5@22] - [WASABISTART]
2023-09-03 22:28:15,820 [myid:] - ERROR [main:o.w.l.WasabiListener5@23] - [wasabi] testAsyncGetChildren2Empty() is started
2023-09-03 22:28:15,832 [myid:] - ERROR [main-SendThread():o.a.z.ClientCnxn$SendThread@1179] - [wasabi] Retry Loop 03 is called. MaxDuration : 10000
2023-09-03 22:28:15,952 [myid:] - ERROR [main:o.w.l.WasabiListener5@30] - [wasabi] testAsyncGetChildren2Empty() is finished
2023-09-03 22:28:15,952 [myid:] - ERROR [main:o.w.l.WasabiListener5@31] - [WASABIEND]
]]></system-out>
  </testcase>
  <testcase name="testAsyncCreateThree()" classname="AsyncOpsTest" time="0.137">
    <system-out><![CDATA[2023-09-03 22:28:15,953 [myid:] - ERROR [main:o.w.l.WasabiListener5@22] - [WASABISTART]
2023-09-03 22:28:15,954 [myid:] - ERROR [main:o.w.l.WasabiListener5@23] - [wasabi] testAsyncCreateThree() is started
2023-09-03 22:28:15,965 [myid:] - ERROR [main-SendThread():o.a.z.ClientCnxn$SendThread@1179] - [wasabi] Retry Loop 03 is called. MaxDuration : 10000
2023-09-03 22:28:16,090 [myid:] - ERROR [main:o.w.l.WasabiListener5@30] - [wasabi] testAsyncCreateThree() is finished
2023-09-03 22:28:16,091 [myid:] - ERROR [main:o.w.l.WasabiListener5@31] - [WASABIEND]
]]></system-out>
  </testcase>
  <testcase name="testAsyncMultiFailure_AllErrorResult()" classname="AsyncOpsTest" time="0.153">
    <system-out><![CDATA[2023-09-03 22:28:16,093 [myid:] - ERROR [main:o.w.l.WasabiListener5@22] - [WASABISTART]
2023-09-03 22:28:16,094 [myid:] - ERROR [main:o.w.l.WasabiListener5@23] - [wasabi] testAsyncMultiFailure_AllErrorResult() is started
2023-09-03 22:28:16,120 [myid:] - ERROR [main-SendThread():o.a.z.ClientCnxn$SendThread@1179] - [wasabi] Retry Loop 03 is called. MaxDuration : 10000
2023-09-03 22:28:16,247 [myid:] - ERROR [main:o.w.l.WasabiListener5@30] - [wasabi] testAsyncMultiFailure_AllErrorResult() is finished
2023-09-03 22:28:16,248 [myid:] - ERROR [main:o.w.l.WasabiListener5@31] - [WASABIEND]
]]></system-out>
  </testcase>
  <testcase name="testAsyncGetChildrenTwo()" classname="AsyncOpsTest" time="0.142">
    <system-out><![CDATA[2023-09-03 22:28:16,249 [myid:] - ERROR [main:o.w.l.WasabiListener5@22] - [WASABISTART]
2023-09-03 22:28:16,250 [myid:] - ERROR [main:o.w.l.WasabiListener5@23] - [wasabi] testAsyncGetChildrenTwo() is started
2023-09-03 22:28:16,265 [myid:] - ERROR [main-SendThread():o.a.z.ClientCnxn$SendThread@1179] - [wasabi] Retry Loop 03 is called. MaxDuration : 10000
2023-09-03 22:28:16,392 [myid:] - ERROR [main:o.w.l.WasabiListener5@30] - [wasabi] testAsyncGetChildrenTwo() is finished
2023-09-03 22:28:16,392 [myid:] - ERROR [main:o.w.l.WasabiListener5@31] - [WASABIEND]
]]></system-out>
  </testcase>
  <testcase name="testAsyncCreateFailure_NodeExists()" classname="AsyncOpsTest" time="0.135">
    <system-out><![CDATA[2023-09-03 22:28:16,394 [myid:] - ERROR [main:o.w.l.WasabiListener5@22] - [WASABISTART]
2023-09-03 22:28:16,394 [myid:] - ERROR [main:o.w.l.WasabiListener5@23] - [wasabi] testAsyncCreateFailure_NodeExists() is started
2023-09-03 22:28:16,409 [myid:] - ERROR [main-SendThread():o.a.z.ClientCnxn$SendThread@1179] - [wasabi] Retry Loop 03 is called. MaxDuration : 10000
2023-09-03 22:28:16,529 [myid:] - ERROR [main:o.w.l.WasabiListener5@30] - [wasabi] testAsyncCreateFailure_NodeExists() is finished
2023-09-03 22:28:16,530 [myid:] - ERROR [main:o.w.l.WasabiListener5@31] - [WASABIEND]
]]></system-out>
  </testcase>
  <testcase name="testAsyncCreate2Failure_NoChildForEphemeral()" classname="AsyncOpsTest" time="0.133">
    <system-out><![CDATA[2023-09-03 22:28:16,531 [myid:] - ERROR [main:o.w.l.WasabiListener5@22] - [WASABISTART]
2023-09-03 22:28:16,531 [myid:] - ERROR [main:o.w.l.WasabiListener5@23] - [wasabi] testAsyncCreate2Failure_NoChildForEphemeral() is started
2023-09-03 22:28:16,542 [myid:] - ERROR [main-SendThread():o.a.z.ClientCnxn$SendThread@1179] - [wasabi] Retry Loop 03 is called. MaxDuration : 10000
2023-09-03 22:28:16,664 [myid:] - ERROR [main:o.w.l.WasabiListener5@30] - [wasabi] testAsyncCreate2Failure_NoChildForEphemeral() is finished
2023-09-03 22:28:16,665 [myid:] - ERROR [main:o.w.l.WasabiListener5@31] - [WASABIEND]
]]></system-out>
  </testcase>
  <testcase name="testAsyncSetData()" classname="AsyncOpsTest" time="0.145">
    <system-out><![CDATA[2023-09-03 22:28:16,667 [myid:] - ERROR [main:o.w.l.WasabiListener5@22] - [WASABISTART]
2023-09-03 22:28:16,667 [myid:] - ERROR [main:o.w.l.WasabiListener5@23] - [wasabi] testAsyncSetData() is started
2023-09-03 22:28:16,684 [myid:] - ERROR [main-SendThread():o.a.z.ClientCnxn$SendThread@1179] - [wasabi] Retry Loop 03 is called. MaxDuration : 10000
2023-09-03 22:28:16,811 [myid:] - ERROR [main:o.w.l.WasabiListener5@30] - [wasabi] testAsyncSetData() is finished
2023-09-03 22:28:16,812 [myid:] - ERROR [main:o.w.l.WasabiListener5@31] - [WASABIEND]
]]></system-out>
  </testcase>
  <testcase name="testAsyncSetDataFailure_NoNode()" classname="AsyncOpsTest" time="0.137">
    <system-out><![CDATA[2023-09-03 22:28:16,814 [myid:] - ERROR [main:o.w.l.WasabiListener5@22] - [WASABISTART]
2023-09-03 22:28:16,815 [myid:] - ERROR [main:o.w.l.WasabiListener5@23] - [wasabi] testAsyncSetDataFailure_NoNode() is started
2023-09-03 22:28:16,830 [myid:] - ERROR [main-SendThread():o.a.z.ClientCnxn$SendThread@1179] - [wasabi] Retry Loop 03 is called. MaxDuration : 10000
2023-09-03 22:28:16,951 [myid:] - ERROR [main:o.w.l.WasabiListener5@30] - [wasabi] testAsyncSetDataFailure_NoNode() is finished
2023-09-03 22:28:16,951 [myid:] - ERROR [main:o.w.l.WasabiListener5@31] - [WASABIEND]
]]></system-out>
  </testcase>
  <testcase name="testAsyncSetACLFailure_NoNode()" classname="AsyncOpsTest" time="0.133">
    <system-out><![CDATA[2023-09-03 22:28:16,953 [myid:] - ERROR [main:o.w.l.WasabiListener5@22] - [WASABISTART]
2023-09-03 22:28:16,953 [myid:] - ERROR [main:o.w.l.WasabiListener5@23] - [wasabi] testAsyncSetACLFailure_NoNode() is started
2023-09-03 22:28:16,970 [myid:] - ERROR [main-SendThread():o.a.z.ClientCnxn$SendThread@1179] - [wasabi] Retry Loop 03 is called. MaxDuration : 10000
2023-09-03 22:28:17,087 [myid:] - ERROR [main:o.w.l.WasabiListener5@30] - [wasabi] testAsyncSetACLFailure_NoNode() is finished
2023-09-03 22:28:17,087 [myid:] - ERROR [main:o.w.l.WasabiListener5@31] - [WASABIEND]
]]></system-out>
  </testcase>
  <testcase name="testAsyncDeleteFailure_NotEmpty()" classname="AsyncOpsTest" time="0.133">
    <system-out><![CDATA[2023-09-03 22:28:17,088 [myid:] - ERROR [main:o.w.l.WasabiListener5@22] - [WASABISTART]
2023-09-03 22:28:17,089 [myid:] - ERROR [main:o.w.l.WasabiListener5@23] - [wasabi] testAsyncDeleteFailure_NotEmpty() is started
2023-09-03 22:28:17,100 [myid:] - ERROR [main-SendThread():o.a.z.ClientCnxn$SendThread@1179] - [wasabi] Retry Loop 03 is called. MaxDuration : 10000
2023-09-03 22:28:17,221 [myid:] - ERROR [main:o.w.l.WasabiListener5@30] - [wasabi] testAsyncDeleteFailure_NotEmpty() is finished
2023-09-03 22:28:17,221 [myid:] - ERROR [main:o.w.l.WasabiListener5@31] - [WASABIEND]
]]></system-out>
  </testcase>
  <testcase name="testAsyncGetChildrenSingle()" classname="AsyncOpsTest" time="0.144">
    <system-out><![CDATA[2023-09-03 22:28:17,223 [myid:] - ERROR [main:o.w.l.WasabiListener5@22] - [WASABISTART]
2023-09-03 22:28:17,223 [myid:] - ERROR [main:o.w.l.WasabiListener5@23] - [wasabi] testAsyncGetChildrenSingle() is started
2023-09-03 22:28:17,238 [myid:] - ERROR [main-SendThread():o.a.z.ClientCnxn$SendThread@1179] - [wasabi] Retry Loop 03 is called. MaxDuration : 10000
2023-09-03 22:28:17,367 [myid:] - ERROR [main:o.w.l.WasabiListener5@30] - [wasabi] testAsyncGetChildrenSingle() is finished
2023-09-03 22:28:17,367 [myid:] - ERROR [main:o.w.l.WasabiListener5@31] - [WASABIEND]
]]></system-out>
  </testcase>
  <testcase name="testAsyncCreate2Failure_NodeExists()" classname="AsyncOpsTest" time="0.157">
    <system-out><![CDATA[2023-09-03 22:28:17,369 [myid:] - ERROR [main:o.w.l.WasabiListener5@22] - [WASABISTART]
2023-09-03 22:28:17,369 [myid:] - ERROR [main:o.w.l.WasabiListener5@23] - [wasabi] testAsyncCreate2Failure_NodeExists() is started
2023-09-03 22:28:17,385 [myid:] - ERROR [main-SendThread():o.a.z.ClientCnxn$SendThread@1179] - [wasabi] Retry Loop 03 is called. MaxDuration : 10000
2023-09-03 22:28:17,525 [myid:] - ERROR [main:o.w.l.WasabiListener5@30] - [wasabi] testAsyncCreate2Failure_NodeExists() is finished
2023-09-03 22:28:17,525 [myid:] - ERROR [main:o.w.l.WasabiListener5@31] - [WASABIEND]
]]></system-out>
  </testcase>
  <testcase name="testAsyncGetACLFailure_NoNode()" classname="AsyncOpsTest" time="0.136">
    <system-out><![CDATA[2023-09-03 22:28:17,527 [myid:] - ERROR [main:o.w.l.WasabiListener5@22] - [WASABISTART]
2023-09-03 22:28:17,527 [myid:] - ERROR [main:o.w.l.WasabiListener5@23] - [wasabi] testAsyncGetACLFailure_NoNode() is started
2023-09-03 22:28:17,544 [myid:] - ERROR [main-SendThread():o.a.z.ClientCnxn$SendThread@1179] - [wasabi] Retry Loop 03 is called. MaxDuration : 10000
2023-09-03 22:28:17,664 [myid:] - ERROR [main:o.w.l.WasabiListener5@30] - [wasabi] testAsyncGetACLFailure_NoNode() is finished
2023-09-03 22:28:17,664 [myid:] - ERROR [main:o.w.l.WasabiListener5@31] - [WASABIEND]
]]></system-out>
  </testcase>
  <testcase name="testAsyncGetChildren2Single()" classname="AsyncOpsTest" time="0.137">
    <system-out><![CDATA[2023-09-03 22:28:17,666 [myid:] - ERROR [main:o.w.l.WasabiListener5@22] - [WASABISTART]
2023-09-03 22:28:17,666 [myid:] - ERROR [main:o.w.l.WasabiListener5@23] - [wasabi] testAsyncGetChildren2Single() is started
2023-09-03 22:28:17,678 [myid:] - ERROR [main-SendThread():o.a.z.ClientCnxn$SendThread@1179] - [wasabi] Retry Loop 03 is called. MaxDuration : 10000
2023-09-03 22:28:17,802 [myid:] - ERROR [main:o.w.l.WasabiListener5@30] - [wasabi] testAsyncGetChildren2Single() is finished
2023-09-03 22:28:17,803 [myid:] - ERROR [main:o.w.l.WasabiListener5@31] - [WASABIEND]
]]></system-out>
  </testcase>
  <testcase name="testTryWithResources()" classname="ChrootClientTest" time="0.252">
    <system-out><![CDATA[2023-09-03 22:28:17,809 [myid:] - ERROR [main:o.w.l.WasabiListener5@22] - [WASABISTART]
2023-09-03 22:28:17,809 [myid:] - ERROR [main:o.w.l.WasabiListener5@23] - [wasabi] testTryWithResources() is started
127.0.0.1:30113/chrootclienttest
2023-09-03 22:28:17,819 [myid:] - ERROR [main-SendThread():o.a.z.ClientCnxn$SendThread@1179] - [wasabi] Retry Loop 03 is called. MaxDuration : 10000
2023-09-03 22:28:17,933 [myid:] - ERROR [main-SendThread():o.a.z.ClientCnxn$SendThread@1179] - [wasabi] Retry Loop 03 is called. MaxDuration : 10000
2023-09-03 22:28:18,058 [myid:] - ERROR [main:o.w.l.WasabiListener5@30] - [wasabi] testTryWithResources() is finished
2023-09-03 22:28:18,058 [myid:] - ERROR [main:o.w.l.WasabiListener5@31] - [WASABIEND]
]]></system-out>
  </testcase>
  <testcase name="testACLs()" classname="ChrootClientTest" time="0.509">
    <system-out><![CDATA[2023-09-03 22:28:18,063 [myid:] - ERROR [main:o.w.l.WasabiListener5@22] - [WASABISTART]
2023-09-03 22:28:18,064 [myid:] - ERROR [main:o.w.l.WasabiListener5@23] - [wasabi] testACLs() is started
127.0.0.1:30114/chrootclienttest
2023-09-03 22:28:18,096 [myid:] - ERROR [main-SendThread():o.a.z.ClientCnxn$SendThread@1179] - [wasabi] Retry Loop 03 is called. MaxDuration : 10000
2023-09-03 22:28:18,215 [myid:] - ERROR [main-SendThread():o.a.z.ClientCnxn$SendThread@1179] - [wasabi] Retry Loop 03 is called. MaxDuration : 10000
2023-09-03 22:28:18,337 [myid:] - ERROR [main-SendThread():o.a.z.ClientCnxn$SendThread@1179] - [wasabi] Retry Loop 03 is called. MaxDuration : 10000
2023-09-03 22:28:18,450 [myid:] - ERROR [main-SendThread():o.a.z.ClientCnxn$SendThread@1179] - [wasabi] Retry Loop 03 is called. MaxDuration : 10000
2023-09-03 22:28:18,574 [myid:] - ERROR [main:o.w.l.WasabiListener5@30] - [wasabi] testACLs() is finished
2023-09-03 22:28:18,575 [myid:] - ERROR [main:o.w.l.WasabiListener5@31] - [WASABIEND]
]]></system-out>
  </testcase>
  <testcase name="testClientCleanup()" classname="ChrootClientTest" time="1.262">
    <system-out><![CDATA[2023-09-03 22:28:18,577 [myid:] - ERROR [main:o.w.l.WasabiListener5@22] - [WASABISTART]
2023-09-03 22:28:18,578 [myid:] - ERROR [main:o.w.l.WasabiListener5@23] - [wasabi] testClientCleanup() is started
127.0.0.1:30115/chrootclienttest
2023-09-03 22:28:18,599 [myid:] - ERROR [main-SendThread():o.a.z.ClientCnxn$SendThread@1179] - [wasabi] Retry Loop 03 is called. MaxDuration : 10000
2023-09-03 22:28:18,718 [myid:] - ERROR [VCC1-SendThread():o.a.z.ClientCnxn$SendThread@1179] - [wasabi] Retry Loop 03 is called. MaxDuration : 10000
2023-09-03 22:28:18,719 [myid:] - ERROR [VCC0-SendThread():o.a.z.ClientCnxn$SendThread@1179] - [wasabi] Retry Loop 03 is called. MaxDuration : 10000
2023-09-03 22:28:18,719 [myid:] - ERROR [VCC2-SendThread():o.a.z.ClientCnxn$SendThread@1179] - [wasabi] Retry Loop 03 is called. MaxDuration : 10000
2023-09-03 22:28:18,832 [myid:] - ERROR [VCC1-SendThread():o.a.z.ClientCnxn$SendThread@1179] - [wasabi] Retry Loop 03 is called. MaxDuration : 10000
2023-09-03 22:28:18,833 [myid:] - ERROR [VCC2-SendThread():o.a.z.ClientCnxn$SendThread@1179] - [wasabi] Retry Loop 03 is called. MaxDuration : 10000
2023-09-03 22:28:18,834 [myid:] - ERROR [VCC0-SendThread():o.a.z.ClientCnxn$SendThread@1179] - [wasabi] Retry Loop 03 is called. MaxDuration : 10000
2023-09-03 22:28:18,941 [myid:] - ERROR [VCC1-SendThread():o.a.z.ClientCnxn$SendThread@1179] - [wasabi] Retry Loop 03 is called. MaxDuration : 10000
2023-09-03 22:28:18,944 [myid:] - ERROR [VCC2-SendThread():o.a.z.ClientCnxn$SendThread@1179] - [wasabi] Retry Loop 03 is called. MaxDuration : 10000
2023-09-03 22:28:18,944 [myid:] - ERROR [VCC0-SendThread():o.a.z.ClientCnxn$SendThread@1179] - [wasabi] Retry Loop 03 is called. MaxDuration : 10000
2023-09-03 22:28:19,051 [myid:] - ERROR [VCC1-SendThread():o.a.z.ClientCnxn$SendThread@1179] - [wasabi] Retry Loop 03 is called. MaxDuration : 10000
2023-09-03 22:28:19,052 [myid:] - ERROR [VCC0-SendThread():o.a.z.ClientCnxn$SendThread@1179] - [wasabi] Retry Loop 03 is called. MaxDuration : 10000
2023-09-03 22:28:19,055 [myid:] - ERROR [VCC2-SendThread():o.a.z.ClientCnxn$SendThread@1179] - [wasabi] Retry Loop 03 is called. MaxDuration : 10000
2023-09-03 22:28:19,161 [myid:] - ERROR [VCC1-SendThread():o.a.z.ClientCnxn$SendThread@1179] - [wasabi] Retry Loop 03 is called. MaxDuration : 10000
2023-09-03 22:28:19,162 [myid:] - ERROR [VCC0-SendThread():o.a.z.ClientCnxn$SendThread@1179] - [wasabi] Retry Loop 03 is called. MaxDuration : 10000
2023-09-03 22:28:19,165 [myid:] - ERROR [VCC2-SendThread():o.a.z.ClientCnxn$SendThread@1179] - [wasabi] Retry Loop 03 is called. MaxDuration : 10000
2023-09-03 22:28:19,273 [myid:] - ERROR [VCC1-SendThread():o.a.z.ClientCnxn$SendThread@1179] - [wasabi] Retry Loop 03 is called. MaxDuration : 10000
2023-09-03 22:28:19,274 [myid:] - ERROR [VCC0-SendThread():o.a.z.ClientCnxn$SendThread@1179] - [wasabi] Retry Loop 03 is called. MaxDuration : 10000
2023-09-03 22:28:19,275 [myid:] - ERROR [VCC2-SendThread():o.a.z.ClientCnxn$SendThread@1179] - [wasabi] Retry Loop 03 is called. MaxDuration : 10000
2023-09-03 22:28:19,383 [myid:] - ERROR [VCC1-SendThread():o.a.z.ClientCnxn$SendThread@1179] - [wasabi] Retry Loop 03 is called. MaxDuration : 10000
2023-09-03 22:28:19,384 [myid:] - ERROR [VCC2-SendThread():o.a.z.ClientCnxn$SendThread@1179] - [wasabi] Retry Loop 03 is called. MaxDuration : 10000
2023-09-03 22:28:19,385 [myid:] - ERROR [VCC0-SendThread():o.a.z.ClientCnxn$SendThread@1179] - [wasabi] Retry Loop 03 is called. MaxDuration : 10000
2023-09-03 22:28:19,491 [myid:] - ERROR [VCC1-SendThread():o.a.z.ClientCnxn$SendThread@1179] - [wasabi] Retry Loop 03 is called. MaxDuration : 10000
2023-09-03 22:28:19,493 [myid:] - ERROR [VCC0-SendThread():o.a.z.ClientCnxn$SendThread@1179] - [wasabi] Retry Loop 03 is called. MaxDuration : 10000
2023-09-03 22:28:19,495 [myid:] - ERROR [VCC2-SendThread():o.a.z.ClientCnxn$SendThread@1179] - [wasabi] Retry Loop 03 is called. MaxDuration : 10000
2023-09-03 22:28:19,601 [myid:] - ERROR [VCC1-SendThread():o.a.z.ClientCnxn$SendThread@1179] - [wasabi] Retry Loop 03 is called. MaxDuration : 10000
2023-09-03 22:28:19,602 [myid:] - ERROR [VCC0-SendThread():o.a.z.ClientCnxn$SendThread@1179] - [wasabi] Retry Loop 03 is called. MaxDuration : 10000
2023-09-03 22:28:19,604 [myid:] - ERROR [VCC2-SendThread():o.a.z.ClientCnxn$SendThread@1179] - [wasabi] Retry Loop 03 is called. MaxDuration : 10000
2023-09-03 22:28:19,709 [myid:] - ERROR [VCC1-SendThread():o.a.z.ClientCnxn$SendThread@1179] - [wasabi] Retry Loop 03 is called. MaxDuration : 10000
2023-09-03 22:28:19,711 [myid:] - ERROR [VCC0-SendThread():o.a.z.ClientCnxn$SendThread@1179] - [wasabi] Retry Loop 03 is called. MaxDuration : 10000
2023-09-03 22:28:19,715 [myid:] - ERROR [VCC2-SendThread():o.a.z.ClientCnxn$SendThread@1179] - [wasabi] Retry Loop 03 is called. MaxDuration : 10000
2023-09-03 22:28:19,837 [myid:] - ERROR [main:o.w.l.WasabiListener5@30] - [wasabi] testClientCleanup() is finished
2023-09-03 22:28:19,838 [myid:] - ERROR [main:o.w.l.WasabiListener5@31] - [WASABIEND]
]]></system-out>
  </testcase>
  <testcase name="testClientwithoutWatcherObj()" classname="ChrootClientTest" time="2.501">
    <system-out><![CDATA[2023-09-03 22:28:19,841 [myid:] - ERROR [main:o.w.l.WasabiListener5@22] - [WASABISTART]
2023-09-03 22:28:19,842 [myid:] - ERROR [main:o.w.l.WasabiListener5@23] - [wasabi] testClientwithoutWatcherObj() is started
127.0.0.1:30116/chrootclienttest
2023-09-03 22:28:19,870 [myid:] - ERROR [main-SendThread():o.a.z.ClientCnxn$SendThread@1179] - [wasabi] Retry Loop 03 is called. MaxDuration : 10000
2023-09-03 22:28:19,993 [myid:] - ERROR [main-SendThread():o.a.z.ClientCnxn$SendThread@1179] - [wasabi] Retry Loop 03 is called. MaxDuration : 10000
2023-09-03 22:28:22,115 [myid:] - ERROR [main-SendThread():o.a.z.ClientCnxn$SendThread@1179] - [wasabi] Retry Loop 03 is called. MaxDuration : 10000
2023-09-03 22:28:22,344 [myid:] - ERROR [main:o.w.l.WasabiListener5@30] - [wasabi] testClientwithoutWatcherObj() is finished
2023-09-03 22:28:22,344 [myid:] - ERROR [main:o.w.l.WasabiListener5@31] - [WASABIEND]
]]></system-out>
  </testcase>
  <testcase name="testSequentialNodeData()" classname="ChrootClientTest" time="0.247">
    <system-out><![CDATA[2023-09-03 22:28:22,345 [myid:] - ERROR [main:o.w.l.WasabiListener5@22] - [WASABISTART]
2023-09-03 22:28:22,345 [myid:] - ERROR [main:o.w.l.WasabiListener5@23] - [wasabi] testSequentialNodeData() is started
127.0.0.1:30117/chrootclienttest
2023-09-03 22:28:22,355 [myid:] - ERROR [main-SendThread():o.a.z.ClientCnxn$SendThread@1179] - [wasabi] Retry Loop 03 is called. MaxDuration : 10000
2023-09-03 22:28:22,468 [myid:] - ERROR [main-SendThread():o.a.z.ClientCnxn$SendThread@1179] - [wasabi] Retry Loop 03 is called. MaxDuration : 10000
2023-09-03 22:28:22,592 [myid:] - ERROR [main:o.w.l.WasabiListener5@30] - [wasabi] testSequentialNodeData() is finished
2023-09-03 22:28:22,592 [myid:] - ERROR [main:o.w.l.WasabiListener5@31] - [WASABIEND]
]]></system-out>
  </testcase>
  <testcase name="testSequentialNodeNames()" classname="ChrootClientTest" time="0.516">
    <system-out><![CDATA[2023-09-03 22:28:22,593 [myid:] - ERROR [main:o.w.l.WasabiListener5@22] - [WASABISTART]
2023-09-03 22:28:22,594 [myid:] - ERROR [main:o.w.l.WasabiListener5@23] - [wasabi] testSequentialNodeNames() is started
127.0.0.1:30118/chrootclienttest
2023-09-03 22:28:22,608 [myid:] - ERROR [main-SendThread():o.a.z.ClientCnxn$SendThread@1179] - [wasabi] Retry Loop 03 is called. MaxDuration : 10000
2023-09-03 22:28:22,722 [myid:] - ERROR [main-SendThread():o.a.z.ClientCnxn$SendThread@1179] - [wasabi] Retry Loop 03 is called. MaxDuration : 10000
2023-09-03 22:28:23,110 [myid:] - ERROR [main:o.w.l.WasabiListener5@30] - [wasabi] testSequentialNodeNames() is finished
2023-09-03 22:28:23,110 [myid:] - ERROR [main:o.w.l.WasabiListener5@31] - [WASABIEND]
]]></system-out>
  </testcase>
  <testcase name="testClientWithWatcherObj()" classname="ChrootClientTest" time="2.477">
    <system-out><![CDATA[2023-09-03 22:28:23,111 [myid:] - ERROR [main:o.w.l.WasabiListener5@22] - [WASABISTART]
2023-09-03 22:28:23,111 [myid:] - ERROR [main:o.w.l.WasabiListener5@23] - [wasabi] testClientWithWatcherObj() is started
127.0.0.1:30119/chrootclienttest
2023-09-03 22:28:23,121 [myid:] - ERROR [main-SendThread():o.a.z.ClientCnxn$SendThread@1179] - [wasabi] Retry Loop 03 is called. MaxDuration : 10000
2023-09-03 22:28:23,239 [myid:] - ERROR [main-SendThread():o.a.z.ClientCnxn$SendThread@1179] - [wasabi] Retry Loop 03 is called. MaxDuration : 10000
2023-09-03 22:28:25,357 [myid:] - ERROR [main-SendThread():o.a.z.ClientCnxn$SendThread@1179] - [wasabi] Retry Loop 03 is called. MaxDuration : 10000
2023-09-03 22:28:25,588 [myid:] - ERROR [main:o.w.l.WasabiListener5@30] - [wasabi] testClientWithWatcherObj() is finished
2023-09-03 22:28:25,588 [myid:] - ERROR [main:o.w.l.WasabiListener5@31] - [WASABIEND]
]]></system-out>
  </testcase>
  <testcase name="testTestability()" classname="ChrootClientTest" time="0.266">
    <system-out><![CDATA[2023-09-03 22:28:25,592 [myid:] - ERROR [main:o.w.l.WasabiListener5@22] - [WASABISTART]
2023-09-03 22:28:25,592 [myid:] - ERROR [main:o.w.l.WasabiListener5@23] - [wasabi] testTestability() is started
127.0.0.1:30120/chrootclienttest
2023-09-03 22:28:25,621 [myid:] - ERROR [main-SendThread():o.a.z.ClientCnxn$SendThread@1179] - [wasabi] Retry Loop 03 is called. MaxDuration : 10000
2023-09-03 22:28:25,739 [myid:] - ERROR [main-SendThread():o.a.z.ClientCnxn$SendThread@1179] - [wasabi] Retry Loop 03 is called. MaxDuration : 10000
2023-09-03 22:28:25,858 [myid:] - ERROR [main:o.w.l.WasabiListener5@30] - [wasabi] testTestability() is finished
2023-09-03 22:28:25,858 [myid:] - ERROR [main:o.w.l.WasabiListener5@31] - [WASABIEND]
]]></system-out>
  </testcase>
  <testcase name="testNullAuthId()" classname="ChrootClientTest" time="0.468">
    <system-out><![CDATA[2023-09-03 22:28:25,860 [myid:] - ERROR [main:o.w.l.WasabiListener5@22] - [WASABISTART]
2023-09-03 22:28:25,860 [myid:] - ERROR [main:o.w.l.WasabiListener5@23] - [wasabi] testNullAuthId() is started
127.0.0.1:30121/chrootclienttest
2023-09-03 22:28:25,876 [myid:] - ERROR [main-SendThread():o.a.z.ClientCnxn$SendThread@1179] - [wasabi] Retry Loop 03 is called. MaxDuration : 10000
2023-09-03 22:28:25,991 [myid:] - ERROR [main-SendThread():o.a.z.ClientCnxn$SendThread@1179] - [wasabi] Retry Loop 03 is called. MaxDuration : 10000
2023-09-03 22:28:26,104 [myid:] - ERROR [main-SendThread():o.a.z.ClientCnxn$SendThread@1179] - [wasabi] Retry Loop 03 is called. MaxDuration : 10000
2023-09-03 22:28:26,217 [myid:] - ERROR [main-SendThread():o.a.z.ClientCnxn$SendThread@1179] - [wasabi] Retry Loop 03 is called. MaxDuration : 10000
2023-09-03 22:28:26,328 [myid:] - ERROR [main:o.w.l.WasabiListener5@30] - [wasabi] testNullAuthId() is finished
2023-09-03 22:28:26,329 [myid:] - ERROR [main:o.w.l.WasabiListener5@31] - [WASABIEND]
]]></system-out>
  </testcase>
  <testcase name="testNonExistingOpCode()" classname="ChrootClientTest" time="1.939">
    <system-out><![CDATA[2023-09-03 22:28:26,330 [myid:] - ERROR [main:o.w.l.WasabiListener5@22] - [WASABISTART]
2023-09-03 22:28:26,330 [myid:] - ERROR [main:o.w.l.WasabiListener5@23] - [wasabi] testNonExistingOpCode() is started
127.0.0.1:30122/chrootclienttest
2023-09-03 22:28:26,340 [myid:] - ERROR [main-SendThread():o.a.z.ClientCnxn$SendThread@1179] - [wasabi] Retry Loop 03 is called. MaxDuration : 10000
2023-09-03 22:28:26,455 [myid:] - ERROR [main-SendThread():o.a.z.ClientCnxn$SendThread@1179] - [wasabi] Retry Loop 03 is called. MaxDuration : 10000
2023-09-03 22:28:28,267 [myid:] - ERROR [main:o.w.l.WasabiListener5@30] - [wasabi] testNonExistingOpCode() is finished
2023-09-03 22:28:28,268 [myid:] - ERROR [main:o.w.l.WasabiListener5@31] - [WASABIEND]
]]></system-out>
  </testcase>
  <testcase name="testDeleteWithChildren()" classname="ChrootClientTest" time="0.252">
    <system-out><![CDATA[2023-09-03 22:28:28,270 [myid:] - ERROR [main:o.w.l.WasabiListener5@22] - [WASABISTART]
2023-09-03 22:28:28,271 [myid:] - ERROR [main:o.w.l.WasabiListener5@23] - [wasabi] testDeleteWithChildren() is started
127.0.0.1:30123/chrootclienttest
2023-09-03 22:28:28,284 [myid:] - ERROR [main-SendThread():o.a.z.ClientCnxn$SendThread@1179] - [wasabi] Retry Loop 03 is called. MaxDuration : 10000
2023-09-03 22:28:28,397 [myid:] - ERROR [main-SendThread():o.a.z.ClientCnxn$SendThread@1179] - [wasabi] Retry Loop 03 is called. MaxDuration : 10000
2023-09-03 22:28:28,524 [myid:] - ERROR [main:o.w.l.WasabiListener5@30] - [wasabi] testDeleteWithChildren() is finished
2023-09-03 22:28:28,524 [myid:] - ERROR [main:o.w.l.WasabiListener5@31] - [WASABIEND]
]]></system-out>
  </testcase>
  <testcase name="testPathValidation()" classname="ChrootClientTest" time="0.299">
    <system-out><![CDATA[2023-09-03 22:28:28,525 [myid:] - ERROR [main:o.w.l.WasabiListener5@22] - [WASABISTART]
2023-09-03 22:28:28,525 [myid:] - ERROR [main:o.w.l.WasabiListener5@23] - [wasabi] testPathValidation() is started
127.0.0.1:30124/chrootclienttest
2023-09-03 22:28:28,535 [myid:] - ERROR [main-SendThread():o.a.z.ClientCnxn$SendThread@1179] - [wasabi] Retry Loop 03 is called. MaxDuration : 10000
2023-09-03 22:28:28,647 [myid:] - ERROR [main-SendThread():o.a.z.ClientCnxn$SendThread@1179] - [wasabi] Retry Loop 03 is called. MaxDuration : 10000
2023-09-03 22:28:28,823 [myid:] - ERROR [main:o.w.l.WasabiListener5@30] - [wasabi] testPathValidation() is finished
2023-09-03 22:28:28,824 [myid:] - ERROR [main:o.w.l.WasabiListener5@31] - [WASABIEND]
]]></system-out>
  </testcase>
  <testcase name="testLargeNodeData()" classname="ChrootClientTest" time="0.248">
    <system-out><![CDATA[2023-09-03 22:28:28,826 [myid:] - ERROR [main:o.w.l.WasabiListener5@22] - [WASABISTART]
2023-09-03 22:28:28,826 [myid:] - ERROR [main:o.w.l.WasabiListener5@23] - [wasabi] testLargeNodeData() is started
127.0.0.1:30125/chrootclienttest
2023-09-03 22:28:28,838 [myid:] - ERROR [main-SendThread():o.a.z.ClientCnxn$SendThread@1179] - [wasabi] Retry Loop 03 is called. MaxDuration : 10000
2023-09-03 22:28:28,950 [myid:] - ERROR [main-SendThread():o.a.z.ClientCnxn$SendThread@1179] - [wasabi] Retry Loop 03 is called. MaxDuration : 10000
2023-09-03 22:28:29,074 [myid:] - ERROR [main:o.w.l.WasabiListener5@30] - [wasabi] testLargeNodeData() is finished
2023-09-03 22:28:29,074 [myid:] - ERROR [main:o.w.l.WasabiListener5@31] - [WASABIEND]
]]></system-out>
  </testcase>
  <testcase name="testMutipleWatcherObjs()" classname="ChrootClientTest" time="1.97">
    <system-out><![CDATA[2023-09-03 22:28:29,076 [myid:] - ERROR [main:o.w.l.WasabiListener5@22] - [WASABISTART]
2023-09-03 22:28:29,076 [myid:] - ERROR [main:o.w.l.WasabiListener5@23] - [wasabi] testMutipleWatcherObjs() is started
127.0.0.1:30126/chrootclienttest
2023-09-03 22:28:29,085 [myid:] - ERROR [main-SendThread():o.a.z.ClientCnxn$SendThread@1179] - [wasabi] Retry Loop 03 is called. MaxDuration : 10000
2023-09-03 22:28:29,198 [myid:] - ERROR [main-SendThread():o.a.z.ClientCnxn$SendThread@1179] - [wasabi] Retry Loop 03 is called. MaxDuration : 10000
2023-09-03 22:28:31,045 [myid:] - ERROR [main:o.w.l.WasabiListener5@30] - [wasabi] testMutipleWatcherObjs() is finished
2023-09-03 22:28:31,045 [myid:] - ERROR [main:o.w.l.WasabiListener5@31] - [WASABIEND]
]]></system-out>
  </testcase>
  <testcase name="testCXidRollover()" classname="ChrootClientTest" time="0.299">
    <system-out><![CDATA[2023-09-03 22:28:31,046 [myid:] - ERROR [main:o.w.l.WasabiListener5@22] - [WASABISTART]
2023-09-03 22:28:31,047 [myid:] - ERROR [main:o.w.l.WasabiListener5@23] - [wasabi] testCXidRollover() is started
127.0.0.1:30127/chrootclienttest
2023-09-03 22:28:31,061 [myid:] - ERROR [main-SendThread():o.a.z.ClientCnxn$SendThread@1179] - [wasabi] Retry Loop 03 is called. MaxDuration : 10000
2023-09-03 22:28:31,173 [myid:] - ERROR [main-SendThread():o.a.z.ClientCnxn$SendThread@1179] - [wasabi] Retry Loop 03 is called. MaxDuration : 10000
2023-09-03 22:28:31,346 [myid:] - ERROR [main:o.w.l.WasabiListener5@30] - [wasabi] testCXidRollover() is finished
2023-09-03 22:28:31,346 [myid:] - ERROR [main:o.w.l.WasabiListener5@31] - [WASABIEND]
]]></system-out>
  </testcase>
  <testcase name="testPing()" classname="ChrootClientTest" time="0.124">
    <system-out><![CDATA[2023-09-03 22:28:31,347 [myid:] - ERROR [main:o.w.l.WasabiListener5@22] - [WASABISTART]
2023-09-03 22:28:31,347 [myid:] - ERROR [main:o.w.l.WasabiListener5@23] - [wasabi] testPing() is started
127.0.0.1:30128/chrootclienttest
2023-09-03 22:28:31,357 [myid:] - ERROR [main-SendThread():o.a.z.ClientCnxn$SendThread@1179] - [wasabi] Retry Loop 03 is called. MaxDuration : 10000
2023-09-03 22:28:31,472 [myid:] - ERROR [main:o.w.l.WasabiListener5@30] - [wasabi] testPing() is finished
2023-09-03 22:28:31,472 [myid:] - ERROR [main:o.w.l.WasabiListener5@31] - [WASABIEND]
]]></system-out>
  </testcase>
  <testcase name="testTryWithResources()" classname="ClientTest" time="0.126">
    <system-out><![CDATA[2023-09-03 22:28:31,475 [myid:] - ERROR [main:o.w.l.WasabiListener5@22] - [WASABISTART]
2023-09-03 22:28:31,475 [myid:] - ERROR [main:o.w.l.WasabiListener5@23] - [wasabi] testTryWithResources() is started
2023-09-03 22:28:31,485 [myid:] - ERROR [main-SendThread():o.a.z.ClientCnxn$SendThread@1179] - [wasabi] Retry Loop 03 is called. MaxDuration : 10000
2023-09-03 22:28:31,599 [myid:] - ERROR [main:o.w.l.WasabiListener5@30] - [wasabi] testTryWithResources() is finished
2023-09-03 22:28:31,600 [myid:] - ERROR [main:o.w.l.WasabiListener5@31] - [WASABIEND]
]]></system-out>
  </testcase>
  <testcase name="testACLs()" classname="ClientTest" time="0.388">
    <system-out><![CDATA[2023-09-03 22:28:31,603 [myid:] - ERROR [main:o.w.l.WasabiListener5@22] - [WASABISTART]
2023-09-03 22:28:31,604 [myid:] - ERROR [main:o.w.l.WasabiListener5@23] - [wasabi] testACLs() is started
2023-09-03 22:28:31,629 [myid:] - ERROR [main-SendThread():o.a.z.ClientCnxn$SendThread@1179] - [wasabi] Retry Loop 03 is called. MaxDuration : 10000
2023-09-03 22:28:31,756 [myid:] - ERROR [main-SendThread():o.a.z.ClientCnxn$SendThread@1179] - [wasabi] Retry Loop 03 is called. MaxDuration : 10000
2023-09-03 22:28:31,876 [myid:] - ERROR [main-SendThread():o.a.z.ClientCnxn$SendThread@1179] - [wasabi] Retry Loop 03 is called. MaxDuration : 10000
2023-09-03 22:28:31,993 [myid:] - ERROR [main:o.w.l.WasabiListener5@30] - [wasabi] testACLs() is finished
2023-09-03 22:28:31,993 [myid:] - ERROR [main:o.w.l.WasabiListener5@31] - [WASABIEND]
]]></system-out>
  </testcase>
  <testcase name="testPing()" classname="ClientTest" time="10.321">
    <system-out><![CDATA[2023-09-03 22:28:31,995 [myid:] - ERROR [main:o.w.l.WasabiListener5@22] - [WASABISTART]
2023-09-03 22:28:31,995 [myid:] - ERROR [main:o.w.l.WasabiListener5@23] - [wasabi] testPing() is started
2023-09-03 22:28:32,012 [myid:] - ERROR [main-SendThread():o.a.z.ClientCnxn$SendThread@1179] - [wasabi] Retry Loop 03 is called. MaxDuration : 10000
2023-09-03 22:28:32,020 [myid:] - ERROR [main-SendThread():o.a.z.ClientCnxn$SendThread@1179] - [wasabi] Retry Loop 03 is called. MaxDuration : 10000
2023-09-03 22:28:42,315 [myid:] - ERROR [main:o.w.l.WasabiListener5@30] - [wasabi] testPing() is finished
2023-09-03 22:28:42,316 [myid:] - ERROR [main:o.w.l.WasabiListener5@31] - [WASABIEND]
]]></system-out>
  </testcase>
  <testcase name="testClientCleanup()" classname="ClientTest" time="1.119">
    <system-out><![CDATA[2023-09-03 22:28:42,317 [myid:] - ERROR [main:o.w.l.WasabiListener5@22] - [WASABISTART]
2023-09-03 22:28:42,318 [myid:] - ERROR [main:o.w.l.WasabiListener5@23] - [wasabi] testClientCleanup() is started
2023-09-03 22:28:42,334 [myid:] - ERROR [VCC0-SendThread():o.a.z.ClientCnxn$SendThread@1179] - [wasabi] Retry Loop 03 is called. MaxDuration : 10000
2023-09-03 22:28:42,335 [myid:] - ERROR [VCC1-SendThread():o.a.z.ClientCnxn$SendThread@1179] - [wasabi] Retry Loop 03 is called. MaxDuration : 10000
2023-09-03 22:28:42,336 [myid:] - ERROR [VCC2-SendThread():o.a.z.ClientCnxn$SendThread@1179] - [wasabi] Retry Loop 03 is called. MaxDuration : 10000
2023-09-03 22:28:42,445 [myid:] - ERROR [VCC1-SendThread():o.a.z.ClientCnxn$SendThread@1179] - [wasabi] Retry Loop 03 is called. MaxDuration : 10000
2023-09-03 22:28:42,447 [myid:] - ERROR [VCC0-SendThread():o.a.z.ClientCnxn$SendThread@1179] - [wasabi] Retry Loop 03 is called. MaxDuration : 10000
2023-09-03 22:28:42,448 [myid:] - ERROR [VCC2-SendThread():o.a.z.ClientCnxn$SendThread@1179] - [wasabi] Retry Loop 03 is called. MaxDuration : 10000
2023-09-03 22:28:42,558 [myid:] - ERROR [VCC1-SendThread():o.a.z.ClientCnxn$SendThread@1179] - [wasabi] Retry Loop 03 is called. MaxDuration : 10000
2023-09-03 22:28:42,560 [myid:] - ERROR [VCC0-SendThread():o.a.z.ClientCnxn$SendThread@1179] - [wasabi] Retry Loop 03 is called. MaxDuration : 10000
2023-09-03 22:28:42,561 [myid:] - ERROR [VCC2-SendThread():o.a.z.ClientCnxn$SendThread@1179] - [wasabi] Retry Loop 03 is called. MaxDuration : 10000
2023-09-03 22:28:42,667 [myid:] - ERROR [VCC1-SendThread():o.a.z.ClientCnxn$SendThread@1179] - [wasabi] Retry Loop 03 is called. MaxDuration : 10000
2023-09-03 22:28:42,668 [myid:] - ERROR [VCC0-SendThread():o.a.z.ClientCnxn$SendThread@1179] - [wasabi] Retry Loop 03 is called. MaxDuration : 10000
2023-09-03 22:28:42,669 [myid:] - ERROR [VCC2-SendThread():o.a.z.ClientCnxn$SendThread@1179] - [wasabi] Retry Loop 03 is called. MaxDuration : 10000
2023-09-03 22:28:42,778 [myid:] - ERROR [VCC2-SendThread():o.a.z.ClientCnxn$SendThread@1179] - [wasabi] Retry Loop 03 is called. MaxDuration : 10000
2023-09-03 22:28:42,775 [myid:] - ERROR [VCC1-SendThread():o.a.z.ClientCnxn$SendThread@1179] - [wasabi] Retry Loop 03 is called. MaxDuration : 10000
2023-09-03 22:28:42,783 [myid:] - ERROR [VCC0-SendThread():o.a.z.ClientCnxn$SendThread@1179] - [wasabi] Retry Loop 03 is called. MaxDuration : 10000
2023-09-03 22:28:42,890 [myid:] - ERROR [VCC2-SendThread():o.a.z.ClientCnxn$SendThread@1179] - [wasabi] Retry Loop 03 is called. MaxDuration : 10000
2023-09-03 22:28:42,893 [myid:] - ERROR [VCC1-SendThread():o.a.z.ClientCnxn$SendThread@1179] - [wasabi] Retry Loop 03 is called. MaxDuration : 10000
2023-09-03 22:28:42,893 [myid:] - ERROR [VCC0-SendThread():o.a.z.ClientCnxn$SendThread@1179] - [wasabi] Retry Loop 03 is called. MaxDuration : 10000
2023-09-03 22:28:42,999 [myid:] - ERROR [VCC2-SendThread():o.a.z.ClientCnxn$SendThread@1179] - [wasabi] Retry Loop 03 is called. MaxDuration : 10000
2023-09-03 22:28:43,001 [myid:] - ERROR [VCC0-SendThread():o.a.z.ClientCnxn$SendThread@1179] - [wasabi] Retry Loop 03 is called. MaxDuration : 10000
2023-09-03 22:28:43,001 [myid:] - ERROR [VCC1-SendThread():o.a.z.ClientCnxn$SendThread@1179] - [wasabi] Retry Loop 03 is called. MaxDuration : 10000
2023-09-03 22:28:43,106 [myid:] - ERROR [VCC2-SendThread():o.a.z.ClientCnxn$SendThread@1179] - [wasabi] Retry Loop 03 is called. MaxDuration : 10000
2023-09-03 22:28:43,107 [myid:] - ERROR [VCC1-SendThread():o.a.z.ClientCnxn$SendThread@1179] - [wasabi] Retry Loop 03 is called. MaxDuration : 10000
2023-09-03 22:28:43,108 [myid:] - ERROR [VCC0-SendThread():o.a.z.ClientCnxn$SendThread@1179] - [wasabi] Retry Loop 03 is called. MaxDuration : 10000
2023-09-03 22:28:43,214 [myid:] - ERROR [VCC2-SendThread():o.a.z.ClientCnxn$SendThread@1179] - [wasabi] Retry Loop 03 is called. MaxDuration : 10000
2023-09-03 22:28:43,216 [myid:] - ERROR [VCC1-SendThread():o.a.z.ClientCnxn$SendThread@1179] - [wasabi] Retry Loop 03 is called. MaxDuration : 10000
2023-09-03 22:28:43,216 [myid:] - ERROR [VCC0-SendThread():o.a.z.ClientCnxn$SendThread@1179] - [wasabi] Retry Loop 03 is called. MaxDuration : 10000
2023-09-03 22:28:43,322 [myid:] - ERROR [VCC2-SendThread():o.a.z.ClientCnxn$SendThread@1179] - [wasabi] Retry Loop 03 is called. MaxDuration : 10000
2023-09-03 22:28:43,323 [myid:] - ERROR [VCC0-SendThread():o.a.z.ClientCnxn$SendThread@1179] - [wasabi] Retry Loop 03 is called. MaxDuration : 10000
2023-09-03 22:28:43,324 [myid:] - ERROR [VCC1-SendThread():o.a.z.ClientCnxn$SendThread@1179] - [wasabi] Retry Loop 03 is called. MaxDuration : 10000
2023-09-03 22:28:43,436 [myid:] - ERROR [main:o.w.l.WasabiListener5@30] - [wasabi] testClientCleanup() is finished
2023-09-03 22:28:43,437 [myid:] - ERROR [main:o.w.l.WasabiListener5@31] - [WASABIEND]
]]></system-out>
  </testcase>
  <testcase name="testClientwithoutWatcherObj()" classname="ClientTest" time="2.351">
    <system-out><![CDATA[2023-09-03 22:28:43,438 [myid:] - ERROR [main:o.w.l.WasabiListener5@22] - [WASABISTART]
2023-09-03 22:28:43,438 [myid:] - ERROR [main:o.w.l.WasabiListener5@23] - [wasabi] testClientwithoutWatcherObj() is started
2023-09-03 22:28:43,449 [myid:] - ERROR [main-SendThread():o.a.z.ClientCnxn$SendThread@1179] - [wasabi] Retry Loop 03 is called. MaxDuration : 10000
2023-09-03 22:28:45,565 [myid:] - ERROR [main-SendThread():o.a.z.ClientCnxn$SendThread@1179] - [wasabi] Retry Loop 03 is called. MaxDuration : 10000
2023-09-03 22:28:45,789 [myid:] - ERROR [main:o.w.l.WasabiListener5@30] - [wasabi] testClientwithoutWatcherObj() is finished
2023-09-03 22:28:45,789 [myid:] - ERROR [main:o.w.l.WasabiListener5@31] - [WASABIEND]
]]></system-out>
  </testcase>
  <testcase name="testSequentialNodeData()" classname="ClientTest" time="0.138">
    <system-out><![CDATA[2023-09-03 22:28:45,791 [myid:] - ERROR [main:o.w.l.WasabiListener5@22] - [WASABISTART]
2023-09-03 22:28:45,791 [myid:] - ERROR [main:o.w.l.WasabiListener5@23] - [wasabi] testSequentialNodeData() is started
2023-09-03 22:28:45,801 [myid:] - ERROR [main-SendThread():o.a.z.ClientCnxn$SendThread@1179] - [wasabi] Retry Loop 03 is called. MaxDuration : 10000
2023-09-03 22:28:45,928 [myid:] - ERROR [main:o.w.l.WasabiListener5@30] - [wasabi] testSequentialNodeData() is finished
2023-09-03 22:28:45,928 [myid:] - ERROR [main:o.w.l.WasabiListener5@31] - [WASABIEND]
]]></system-out>
  </testcase>
  <testcase name="testSequentialNodeNames()" classname="ClientTest" time="0.472">
    <system-out><![CDATA[2023-09-03 22:28:45,931 [myid:] - ERROR [main:o.w.l.WasabiListener5@22] - [WASABISTART]
2023-09-03 22:28:45,932 [myid:] - ERROR [main:o.w.l.WasabiListener5@23] - [wasabi] testSequentialNodeNames() is started
2023-09-03 22:28:45,955 [myid:] - ERROR [main-SendThread():o.a.z.ClientCnxn$SendThread@1179] - [wasabi] Retry Loop 03 is called. MaxDuration : 10000
2023-09-03 22:28:46,404 [myid:] - ERROR [main:o.w.l.WasabiListener5@30] - [wasabi] testSequentialNodeNames() is finished
2023-09-03 22:28:46,404 [myid:] - ERROR [main:o.w.l.WasabiListener5@31] - [WASABIEND]
]]></system-out>
  </testcase>
  <testcase name="testClientWithWatcherObj()" classname="ClientTest" time="2.345">
    <system-out><![CDATA[2023-09-03 22:28:46,405 [myid:] - ERROR [main:o.w.l.WasabiListener5@22] - [WASABISTART]
2023-09-03 22:28:46,405 [myid:] - ERROR [main:o.w.l.WasabiListener5@23] - [wasabi] testClientWithWatcherObj() is started
2023-09-03 22:28:46,415 [myid:] - ERROR [main-SendThread():o.a.z.ClientCnxn$SendThread@1179] - [wasabi] Retry Loop 03 is called. MaxDuration : 10000
2023-09-03 22:28:48,532 [myid:] - ERROR [main-SendThread():o.a.z.ClientCnxn$SendThread@1179] - [wasabi] Retry Loop 03 is called. MaxDuration : 10000
2023-09-03 22:28:48,748 [myid:] - ERROR [main:o.w.l.WasabiListener5@30] - [wasabi] testClientWithWatcherObj() is finished
2023-09-03 22:28:48,749 [myid:] - ERROR [main:o.w.l.WasabiListener5@31] - [WASABIEND]
]]></system-out>
  </testcase>
  <testcase name="testTestability()" classname="ClientTest" time="0.136">
    <system-out><![CDATA[2023-09-03 22:28:48,750 [myid:] - ERROR [main:o.w.l.WasabiListener5@22] - [WASABISTART]
2023-09-03 22:28:48,751 [myid:] - ERROR [main:o.w.l.WasabiListener5@23] - [wasabi] testTestability() is started
2023-09-03 22:28:48,767 [myid:] - ERROR [main-SendThread():o.a.z.ClientCnxn$SendThread@1179] - [wasabi] Retry Loop 03 is called. MaxDuration : 10000
2023-09-03 22:28:48,885 [myid:] - ERROR [main:o.w.l.WasabiListener5@30] - [wasabi] testTestability() is finished
2023-09-03 22:28:48,886 [myid:] - ERROR [main:o.w.l.WasabiListener5@31] - [WASABIEND]
]]></system-out>
  </testcase>
  <testcase name="testNullAuthId()" classname="ClientTest" time="0.368">
    <system-out><![CDATA[2023-09-03 22:28:48,887 [myid:] - ERROR [main:o.w.l.WasabiListener5@22] - [WASABISTART]
2023-09-03 22:28:48,888 [myid:] - ERROR [main:o.w.l.WasabiListener5@23] - [wasabi] testNullAuthId() is started
2023-09-03 22:28:48,909 [myid:] - ERROR [main-SendThread():o.a.z.ClientCnxn$SendThread@1179] - [wasabi] Retry Loop 03 is called. MaxDuration : 10000
2023-09-03 22:28:49,023 [myid:] - ERROR [main-SendThread():o.a.z.ClientCnxn$SendThread@1179] - [wasabi] Retry Loop 03 is called. MaxDuration : 10000
2023-09-03 22:28:49,145 [myid:] - ERROR [main-SendThread():o.a.z.ClientCnxn$SendThread@1179] - [wasabi] Retry Loop 03 is called. MaxDuration : 10000
2023-09-03 22:28:49,255 [myid:] - ERROR [main:o.w.l.WasabiListener5@30] - [wasabi] testNullAuthId() is finished
2023-09-03 22:28:49,256 [myid:] - ERROR [main:o.w.l.WasabiListener5@31] - [WASABIEND]
]]></system-out>
  </testcase>
  <testcase name="testNonExistingOpCode()" classname="ClientTest" time="2.162">
    <system-out><![CDATA[2023-09-03 22:28:49,256 [myid:] - ERROR [main:o.w.l.WasabiListener5@22] - [WASABISTART]
2023-09-03 22:28:49,257 [myid:] - ERROR [main:o.w.l.WasabiListener5@23] - [wasabi] testNonExistingOpCode() is started
2023-09-03 22:28:49,266 [myid:] - ERROR [main-SendThread():o.a.z.ClientCnxn$SendThread@1179] - [wasabi] Retry Loop 03 is called. MaxDuration : 10000
2023-09-03 22:28:51,419 [myid:] - ERROR [main:o.w.l.WasabiListener5@30] - [wasabi] testNonExistingOpCode() is finished
2023-09-03 22:28:51,419 [myid:] - ERROR [main:o.w.l.WasabiListener5@31] - [WASABIEND]
]]></system-out>
  </testcase>
  <testcase name="testDeleteWithChildren()" classname="ClientTest" time="0.141">
    <system-out><![CDATA[2023-09-03 22:28:51,420 [myid:] - ERROR [main:o.w.l.WasabiListener5@22] - [WASABISTART]
2023-09-03 22:28:51,420 [myid:] - ERROR [main:o.w.l.WasabiListener5@23] - [wasabi] testDeleteWithChildren() is started
2023-09-03 22:28:51,430 [myid:] - ERROR [main-SendThread():o.a.z.ClientCnxn$SendThread@1179] - [wasabi] Retry Loop 03 is called. MaxDuration : 10000
2023-09-03 22:28:51,560 [myid:] - ERROR [main:o.w.l.WasabiListener5@30] - [wasabi] testDeleteWithChildren() is finished
2023-09-03 22:28:51,561 [myid:] - ERROR [main:o.w.l.WasabiListener5@31] - [WASABIEND]
]]></system-out>
  </testcase>
  <testcase name="testPathValidation()" classname="ClientTest" time="0.19">
    <system-out><![CDATA[2023-09-03 22:28:51,562 [myid:] - ERROR [main:o.w.l.WasabiListener5@22] - [WASABISTART]
2023-09-03 22:28:51,562 [myid:] - ERROR [main:o.w.l.WasabiListener5@23] - [wasabi] testPathValidation() is started
2023-09-03 22:28:51,581 [myid:] - ERROR [main-SendThread():o.a.z.ClientCnxn$SendThread@1179] - [wasabi] Retry Loop 03 is called. MaxDuration : 10000
2023-09-03 22:28:51,750 [myid:] - ERROR [main:o.w.l.WasabiListener5@30] - [wasabi] testPathValidation() is finished
2023-09-03 22:28:51,751 [myid:] - ERROR [main:o.w.l.WasabiListener5@31] - [WASABIEND]
]]></system-out>
  </testcase>
  <testcase name="testLargeNodeData()" classname="ClientTest" time="0.156">
    <system-out><![CDATA[2023-09-03 22:28:51,753 [myid:] - ERROR [main:o.w.l.WasabiListener5@22] - [WASABISTART]
2023-09-03 22:28:51,754 [myid:] - ERROR [main:o.w.l.WasabiListener5@23] - [wasabi] testLargeNodeData() is started
2023-09-03 22:28:51,777 [myid:] - ERROR [main-SendThread():o.a.z.ClientCnxn$SendThread@1179] - [wasabi] Retry Loop 03 is called. MaxDuration : 10000
2023-09-03 22:28:51,910 [myid:] - ERROR [main:o.w.l.WasabiListener5@30] - [wasabi] testLargeNodeData() is finished
2023-09-03 22:28:51,911 [myid:] - ERROR [main:o.w.l.WasabiListener5@31] - [WASABIEND]
]]></system-out>
  </testcase>
  <testcase name="testMutipleWatcherObjs()" classname="ClientTest" time="2.028">
    <system-out><![CDATA[2023-09-03 22:28:51,913 [myid:] - ERROR [main:o.w.l.WasabiListener5@22] - [WASABISTART]
2023-09-03 22:28:51,914 [myid:] - ERROR [main:o.w.l.WasabiListener5@23] - [wasabi] testMutipleWatcherObjs() is started
2023-09-03 22:28:51,927 [myid:] - ERROR [main-SendThread():o.a.z.ClientCnxn$SendThread@1179] - [wasabi] Retry Loop 03 is called. MaxDuration : 10000
2023-09-03 22:28:53,942 [myid:] - ERROR [main:o.w.l.WasabiListener5@30] - [wasabi] testMutipleWatcherObjs() is finished
2023-09-03 22:28:53,942 [myid:] - ERROR [main:o.w.l.WasabiListener5@31] - [WASABIEND]
]]></system-out>
  </testcase>
  <testcase name="testCXidRollover()" classname="ClientTest" time="0.205">
    <system-out><![CDATA[2023-09-03 22:28:53,945 [myid:] - ERROR [main:o.w.l.WasabiListener5@22] - [WASABISTART]
2023-09-03 22:28:53,945 [myid:] - ERROR [main:o.w.l.WasabiListener5@23] - [wasabi] testCXidRollover() is started
2023-09-03 22:28:53,968 [myid:] - ERROR [main-SendThread():o.a.z.ClientCnxn$SendThread@1179] - [wasabi] Retry Loop 03 is called. MaxDuration : 10000
2023-09-03 22:28:54,150 [myid:] - ERROR [main:o.w.l.WasabiListener5@30] - [wasabi] testCXidRollover() is finished
2023-09-03 22:28:54,150 [myid:] - ERROR [main:o.w.l.WasabiListener5@31] - [WASABIEND]
]]></system-out>
  </testcase>
  <testcase name="testFourLetterWords()" classname="FourLetterWordsTest" time="0.209">
    <system-out><![CDATA[2023-09-03 22:28:54,153 [myid:] - ERROR [main:o.w.l.WasabiListener5@22] - [WASABISTART]
2023-09-03 22:28:54,153 [myid:] - ERROR [main:o.w.l.WasabiListener5@23] - [wasabi] testFourLetterWords() is started
2023-09-03 22:28:54,196 [myid:] - ERROR [main-SendThread():o.a.z.ClientCnxn$SendThread@1179] - [wasabi] Retry Loop 03 is called. MaxDuration : 10000
2023-09-03 22:28:54,361 [myid:] - ERROR [main:o.w.l.WasabiListener5@30] - [wasabi] testFourLetterWords() is finished
2023-09-03 22:28:54,362 [myid:] - ERROR [main:o.w.l.WasabiListener5@31] - [WASABIEND]
]]></system-out>
  </testcase>
  <testcase name="testSetTraceMask()" classname="FourLetterWordsTest" time="0.016">
    <system-out><![CDATA[2023-09-03 22:28:54,362 [myid:] - ERROR [main:o.w.l.WasabiListener5@22] - [WASABISTART]
2023-09-03 22:28:54,363 [myid:] - ERROR [main:o.w.l.WasabiListener5@23] - [wasabi] testSetTraceMask() is started
2023-09-03 22:28:54,378 [myid:] - ERROR [main:o.w.l.WasabiListener5@30] - [wasabi] testSetTraceMask() is finished
2023-09-03 22:28:54,379 [myid:] - ERROR [main:o.w.l.WasabiListener5@31] - [WASABIEND]
]]></system-out>
  </testcase>
  <testcase name="testValidateConsOutput()" classname="FourLetterWordsTest" time="0.239">
    <system-out><![CDATA[2023-09-03 22:28:54,380 [myid:] - ERROR [main:o.w.l.WasabiListener5@22] - [WASABISTART]
2023-09-03 22:28:54,380 [myid:] - ERROR [main:o.w.l.WasabiListener5@23] - [wasabi] testValidateConsOutput() is started
2023-09-03 22:28:54,392 [myid:] - ERROR [main-SendThread():o.a.z.ClientCnxn$SendThread@1179] - [wasabi] Retry Loop 03 is called. MaxDuration : 10000
2023-09-03 22:28:54,397 [myid:] - ERROR [main-SendThread():o.a.z.ClientCnxn$SendThread@1179] - [wasabi] Retry Loop 03 is called. MaxDuration : 10000
2023-09-03 22:28:54,619 [myid:] - ERROR [main:o.w.l.WasabiListener5@30] - [wasabi] testValidateConsOutput() is finished
2023-09-03 22:28:54,619 [myid:] - ERROR [main:o.w.l.WasabiListener5@31] - [WASABIEND]
]]></system-out>
  </testcase>
  <testcase name="testValidateSocketTimeout()" classname="FourLetterWordsTest" time="0.022">
    <system-out><![CDATA[2023-09-03 22:28:54,621 [myid:] - ERROR [main:o.w.l.WasabiListener5@22] - [WASABISTART]
2023-09-03 22:28:54,622 [myid:] - ERROR [main:o.w.l.WasabiListener5@23] - [wasabi] testValidateSocketTimeout() is started
2023-09-03 22:28:54,644 [myid:] - ERROR [main:o.w.l.WasabiListener5@30] - [wasabi] testValidateSocketTimeout() is finished
2023-09-03 22:28:54,644 [myid:] - ERROR [main:o.w.l.WasabiListener5@31] - [WASABIEND]
]]></system-out>
  </testcase>
  <testcase name="testValidateStatOutput()" classname="FourLetterWordsTest" time="0.235">
    <system-out><![CDATA[2023-09-03 22:28:54,645 [myid:] - ERROR [main:o.w.l.WasabiListener5@22] - [WASABISTART]
2023-09-03 22:28:54,645 [myid:] - ERROR [main:o.w.l.WasabiListener5@23] - [wasabi] testValidateStatOutput() is started
2023-09-03 22:28:54,659 [myid:] - ERROR [main-SendThread():o.a.z.ClientCnxn$SendThread@1179] - [wasabi] Retry Loop 03 is called. MaxDuration : 10000
2023-09-03 22:28:54,664 [myid:] - ERROR [main-SendThread():o.a.z.ClientCnxn$SendThread@1179] - [wasabi] Retry Loop 03 is called. MaxDuration : 10000
2023-09-03 22:28:54,880 [myid:] - ERROR [main:o.w.l.WasabiListener5@30] - [wasabi] testValidateStatOutput() is finished
2023-09-03 22:28:54,880 [myid:] - ERROR [main:o.w.l.WasabiListener5@31] - [WASABIEND]
]]></system-out>
  </testcase>
  <testcase name="testNullData()" classname="NullDataTest" time="0.129">
    <system-out><![CDATA[2023-09-03 22:28:54,883 [myid:] - ERROR [main:o.w.l.WasabiListener5@22] - [WASABISTART]
2023-09-03 22:28:54,883 [myid:] - ERROR [main:o.w.l.WasabiListener5@23] - [wasabi] testNullData() is started
2023-09-03 22:28:54,892 [myid:] - ERROR [main-SendThread():o.a.z.ClientCnxn$SendThread@1179] - [wasabi] Retry Loop 03 is called. MaxDuration : 10000
2023-09-03 22:28:55,012 [myid:] - ERROR [main:o.w.l.WasabiListener5@30] - [wasabi] testNullData() is finished
2023-09-03 22:28:55,012 [myid:] - ERROR [main:o.w.l.WasabiListener5@31] - [WASABIEND]
]]></system-out>
  </testcase>
  <testcase name="testMinMaxSessionTimeout()" classname="SessionTest" time="0.346">
    <system-out><![CDATA[2023-09-03 22:28:55,018 [myid:] - ERROR [main:o.w.l.WasabiListener5@22] - [WASABISTART]
2023-09-03 22:28:55,019 [myid:] - ERROR [main:o.w.l.WasabiListener5@23] - [wasabi] testMinMaxSessionTimeout() is started
2023-09-03 22:28:55,031 [myid:] - ERROR [main-SendThread():o.a.z.ClientCnxn$SendThread@1179] - [wasabi] Retry Loop 03 is called. MaxDuration : 10000
2023-09-03 22:28:55,143 [myid:] - ERROR [main-SendThread():o.a.z.ClientCnxn$SendThread@1179] - [wasabi] Retry Loop 03 is called. MaxDuration : 10000
2023-09-03 22:28:55,252 [myid:] - ERROR [main-SendThread():o.a.z.ClientCnxn$SendThread@1179] - [wasabi] Retry Loop 03 is called. MaxDuration : 10000
2023-09-03 22:28:55,365 [myid:] - ERROR [main:o.w.l.WasabiListener5@30] - [wasabi] testMinMaxSessionTimeout() is finished
2023-09-03 22:28:55,365 [myid:] - ERROR [main:o.w.l.WasabiListener5@31] - [WASABIEND]
]]></system-out>
  </testcase>
  <testcase name="testSessionMove()" classname="SessionTest" time="0.338">
    <system-out><![CDATA[2023-09-03 22:28:55,366 [myid:] - ERROR [main:o.w.l.WasabiListener5@22] - [WASABISTART]
2023-09-03 22:28:55,366 [myid:] - ERROR [main:o.w.l.WasabiListener5@23] - [wasabi] testSessionMove() is started
2023-09-03 22:28:55,377 [myid:] - ERROR [main-SendThread():o.a.z.ClientCnxn$SendThread@1179] - [wasabi] Retry Loop 03 is called. MaxDuration : 10000
2023-09-03 22:28:55,390 [myid:] - ERROR [main-SendThread():o.a.z.ClientCnxn$SendThread@1179] - [wasabi] Retry Loop 03 is called. MaxDuration : 10000
2023-09-03 22:28:55,496 [myid:] - ERROR [main-SendThread():o.a.z.ClientCnxn$SendThread@1179] - [wasabi] Retry Loop 03 is called. MaxDuration : 10000
2023-09-03 22:28:55,705 [myid:] - ERROR [main:o.w.l.WasabiListener5@30] - [wasabi] testSessionMove() is finished
2023-09-03 22:28:55,705 [myid:] - ERROR [main:o.w.l.WasabiListener5@31] - [WASABIEND]
]]></system-out>
  </testcase>
  <testcase name="testMaximumCnxnPerIP()" classname="SessionTest" time="3.024">
    <system-out><![CDATA[2023-09-03 22:28:55,706 [myid:] - ERROR [main:o.w.l.WasabiListener5@22] - [WASABISTART]
2023-09-03 22:28:55,706 [myid:] - ERROR [main:o.w.l.WasabiListener5@23] - [wasabi] testMaximumCnxnPerIP() is started
2023-09-03 22:28:55,712 [myid:] - ERROR [main-SendThread():o.a.z.ClientCnxn$SendThread@1179] - [wasabi] Retry Loop 03 is called. MaxDuration : 10000
2023-09-03 22:28:55,718 [myid:] - ERROR [main-SendThread():o.a.z.ClientCnxn$SendThread@1179] - [wasabi] Retry Loop 03 is called. MaxDuration : 10000
2023-09-03 22:28:55,723 [myid:] - ERROR [main-SendThread():o.a.z.ClientCnxn$SendThread@1179] - [wasabi] Retry Loop 03 is called. MaxDuration : 10000
2023-09-03 22:28:55,728 [myid:] - ERROR [main-SendThread():o.a.z.ClientCnxn$SendThread@1179] - [wasabi] Retry Loop 03 is called. MaxDuration : 10000
2023-09-03 22:28:58,731 [myid:] - ERROR [main:o.w.l.WasabiListener5@30] - [wasabi] testMaximumCnxnPerIP() is finished
2023-09-03 22:28:58,731 [myid:] - ERROR [main:o.w.l.WasabiListener5@31] - [WASABIEND]
]]></system-out>
  </testcase>
  <testcase name="testSessionTimeoutAccess()" classname="SessionTest" time="0.336">
    <system-out><![CDATA[2023-09-03 22:28:58,732 [myid:] - ERROR [main:o.w.l.WasabiListener5@22] - [WASABISTART]
2023-09-03 22:28:58,732 [myid:] - ERROR [main:o.w.l.WasabiListener5@23] - [wasabi] testSessionTimeoutAccess() is started
2023-09-03 22:28:58,739 [myid:] - ERROR [main-SendThread():o.a.z.ClientCnxn$SendThread@1179] - [wasabi] Retry Loop 03 is called. MaxDuration : 10000
2023-09-03 22:28:58,847 [myid:] - ERROR [main-SendThread():o.a.z.ClientCnxn$SendThread@1179] - [wasabi] Retry Loop 03 is called. MaxDuration : 10000
2023-09-03 22:28:58,955 [myid:] - ERROR [main-SendThread():o.a.z.ClientCnxn$SendThread@1179] - [wasabi] Retry Loop 03 is called. MaxDuration : 10000
2023-09-03 22:28:59,068 [myid:] - ERROR [main:o.w.l.WasabiListener5@30] - [wasabi] testSessionTimeoutAccess() is finished
2023-09-03 22:28:59,068 [myid:] - ERROR [main:o.w.l.WasabiListener5@31] - [WASABIEND]
]]></system-out>
  </testcase>
  <testcase name="testSession()" classname="SessionTest" time="0.338">
    <system-out><![CDATA[2023-09-03 22:28:59,069 [myid:] - ERROR [main:o.w.l.WasabiListener5@22] - [WASABISTART]
2023-09-03 22:28:59,069 [myid:] - ERROR [main:o.w.l.WasabiListener5@23] - [wasabi] testSession() is started
2023-09-03 22:28:59,075 [myid:] - ERROR [main-SendThread():o.a.z.ClientCnxn$SendThread@1179] - [wasabi] Retry Loop 03 is called. MaxDuration : 10000
2023-09-03 22:28:59,186 [myid:] - ERROR [main-SendThread():o.a.z.ClientCnxn$SendThread@1179] - [wasabi] Retry Loop 03 is called. MaxDuration : 10000
2023-09-03 22:28:59,297 [myid:] - ERROR [main-SendThread():o.a.z.ClientCnxn$SendThread@1179] - [wasabi] Retry Loop 03 is called. MaxDuration : 10000
2023-09-03 22:28:59,407 [myid:] - ERROR [main:o.w.l.WasabiListener5@30] - [wasabi] testSession() is finished
2023-09-03 22:28:59,407 [myid:] - ERROR [main:o.w.l.WasabiListener5@31] - [WASABIEND]
]]></system-out>
  </testcase>
  <testcase name="testSessionStateNoDupStateReporting()" classname="SessionTest" time="11.275">
    <system-out><![CDATA[2023-09-03 22:28:59,408 [myid:] - ERROR [main:o.w.l.WasabiListener5@22] - [WASABISTART]
2023-09-03 22:28:59,408 [myid:] - ERROR [main:o.w.l.WasabiListener5@23] - [wasabi] testSessionStateNoDupStateReporting() is started
2023-09-03 22:28:59,413 [myid:] - ERROR [main-SendThread():o.a.z.ClientCnxn$SendThread@1179] - [wasabi] Retry Loop 03 is called. MaxDuration : 10000
2023-09-03 22:29:10,683 [myid:] - ERROR [main:o.w.l.WasabiListener5@30] - [wasabi] testSessionStateNoDupStateReporting() is finished
2023-09-03 22:29:10,684 [myid:] - ERROR [main:o.w.l.WasabiListener5@31] - [WASABIEND]
]]></system-out>
  </testcase>
  <testcase name="testWatchAutoResetWithPending()" classname="WatcherTest" time="4.15">
    <system-out><![CDATA[2023-09-03 22:29:10,690 [myid:] - ERROR [main:o.w.l.WasabiListener5@22] - [WASABISTART]
2023-09-03 22:29:10,691 [myid:] - ERROR [main:o.w.l.WasabiListener5@23] - [wasabi] testWatchAutoResetWithPending() is started
2023-09-03 22:29:10,706 [myid:] - ERROR [main-SendThread():o.a.z.ClientCnxn$SendThread@1179] - [wasabi] Retry Loop 03 is called. MaxDuration : 10000
2023-09-03 22:29:10,713 [myid:] - ERROR [main-SendThread():o.a.z.ClientCnxn$SendThread@1179] - [wasabi] Retry Loop 03 is called. MaxDuration : 10000
2023-09-03 22:29:14,840 [myid:] - ERROR [main:o.w.l.WasabiListener5@30] - [wasabi] testWatchAutoResetWithPending() is finished
2023-09-03 22:29:14,841 [myid:] - ERROR [main:o.w.l.WasabiListener5@31] - [WASABIEND]
]]></system-out>
  </testcase>
  <testcase name="testWatcherCorrectness()" classname="WatcherTest" time="0.199">
    <system-out><![CDATA[2023-09-03 22:29:14,841 [myid:] - ERROR [main:o.w.l.WasabiListener5@22] - [WASABISTART]
2023-09-03 22:29:14,842 [myid:] - ERROR [main:o.w.l.WasabiListener5@23] - [wasabi] testWatcherCorrectness() is started
2023-09-03 22:29:14,853 [myid:] - ERROR [main-SendThread():o.a.z.ClientCnxn$SendThread@1179] - [wasabi] Retry Loop 03 is called. MaxDuration : 10000
2023-09-03 22:29:15,040 [myid:] - ERROR [main:o.w.l.WasabiListener5@30] - [wasabi] testWatcherCorrectness() is finished
2023-09-03 22:29:15,041 [myid:] - ERROR [main:o.w.l.WasabiListener5@31] - [WASABIEND]
]]></system-out>
  </testcase>
  <testcase name="testWatcherAutoResetDisabledWithLocal()" classname="WatcherTest" time="6.01">
    <system-out><![CDATA[2023-09-03 22:29:15,041 [myid:] - ERROR [main:o.w.l.WasabiListener5@22] - [WASABISTART]
2023-09-03 22:29:15,041 [myid:] - ERROR [main:o.w.l.WasabiListener5@23] - [wasabi] testWatcherAutoResetDisabledWithLocal() is started
2023-09-03 22:29:15,049 [myid:] - ERROR [main-SendThread():o.a.z.ClientCnxn$SendThread@1179] - [wasabi] Retry Loop 03 is called. MaxDuration : 10000
2023-09-03 22:29:21,051 [myid:] - ERROR [main:o.w.l.WasabiListener5@30] - [wasabi] testWatcherAutoResetDisabledWithLocal() is finished
2023-09-03 22:29:21,051 [myid:] - ERROR [main:o.w.l.WasabiListener5@31] - [WASABIEND]
]]></system-out>
  </testcase>
  <testcase name="testWatcherAutoResetWithGlobal()" classname="WatcherTest" time="5.138">
    <system-out><![CDATA[2023-09-03 22:29:21,052 [myid:] - ERROR [main:o.w.l.WasabiListener5@22] - [WASABISTART]
2023-09-03 22:29:21,052 [myid:] - ERROR [main:o.w.l.WasabiListener5@23] - [wasabi] testWatcherAutoResetWithGlobal() is started
2023-09-03 22:29:21,062 [myid:] - ERROR [main-SendThread():o.a.z.ClientCnxn$SendThread@1179] - [wasabi] Retry Loop 03 is called. MaxDuration : 10000
2023-09-03 22:29:26,190 [myid:] - ERROR [main:o.w.l.WasabiListener5@30] - [wasabi] testWatcherAutoResetWithGlobal() is finished
2023-09-03 22:29:26,190 [myid:] - ERROR [main:o.w.l.WasabiListener5@31] - [WASABIEND]
]]></system-out>
  </testcase>
  <testcase name="testWatcherDisconnectOnClose()" classname="WatcherTest" time="0.123">
    <system-out><![CDATA[2023-09-03 22:29:26,191 [myid:] - ERROR [main:o.w.l.WasabiListener5@22] - [WASABISTART]
2023-09-03 22:29:26,191 [myid:] - ERROR [main:o.w.l.WasabiListener5@23] - [wasabi] testWatcherDisconnectOnClose() is started
2023-09-03 22:29:26,202 [myid:] - ERROR [main-SendThread():o.a.z.ClientCnxn$SendThread@1179] - [wasabi] Retry Loop 03 is called. MaxDuration : 10000
2023-09-03 22:29:26,314 [myid:] - ERROR [main:o.w.l.WasabiListener5@30] - [wasabi] testWatcherDisconnectOnClose() is finished
2023-09-03 22:29:26,314 [myid:] - ERROR [main:o.w.l.WasabiListener5@31] - [WASABIEND]
]]></system-out>
  </testcase>
  <testcase name="testWatcherCount()" classname="WatcherTest" time="0.238">
    <system-out><![CDATA[2023-09-03 22:29:26,315 [myid:] - ERROR [main:o.w.l.WasabiListener5@22] - [WASABISTART]
2023-09-03 22:29:26,315 [myid:] - ERROR [main:o.w.l.WasabiListener5@23] - [wasabi] testWatcherCount() is started
2023-09-03 22:29:26,325 [myid:] - ERROR [main-SendThread():o.a.z.ClientCnxn$SendThread@1179] - [wasabi] Retry Loop 03 is called. MaxDuration : 10000
2023-09-03 22:29:26,330 [myid:] - ERROR [main-SendThread():o.a.z.ClientCnxn$SendThread@1179] - [wasabi] Retry Loop 03 is called. MaxDuration : 10000
2023-09-03 22:29:26,553 [myid:] - ERROR [main:o.w.l.WasabiListener5@30] - [wasabi] testWatcherCount() is finished
2023-09-03 22:29:26,553 [myid:] - ERROR [main:o.w.l.WasabiListener5@31] - [WASABIEND]
]]></system-out>
  </testcase>
  <testcase name="testWatcherAutoResetDisabledWithGlobal()" classname="WatcherTest" time="6.369">
    <system-out><![CDATA[2023-09-03 22:29:26,554 [myid:] - ERROR [main:o.w.l.WasabiListener5@22] - [WASABISTART]
2023-09-03 22:29:26,554 [myid:] - ERROR [main:o.w.l.WasabiListener5@23] - [wasabi] testWatcherAutoResetDisabledWithGlobal() is started
2023-09-03 22:29:26,566 [myid:] - ERROR [main-SendThread():o.a.z.ClientCnxn$SendThread@1179] - [wasabi] Retry Loop 03 is called. MaxDuration : 10000
2023-09-03 22:29:32,922 [myid:] - ERROR [main:o.w.l.WasabiListener5@30] - [wasabi] testWatcherAutoResetDisabledWithGlobal() is finished
2023-09-03 22:29:32,923 [myid:] - ERROR [main:o.w.l.WasabiListener5@31] - [WASABIEND]
]]></system-out>
  </testcase>
  <testcase name="testWatcherAutoResetWithLocal()" classname="WatcherTest" time="6.551">
    <system-out><![CDATA[2023-09-03 22:29:32,924 [myid:] - ERROR [main:o.w.l.WasabiListener5@22] - [WASABISTART]
2023-09-03 22:29:32,924 [myid:] - ERROR [main:o.w.l.WasabiListener5@23] - [wasabi] testWatcherAutoResetWithLocal() is started
2023-09-03 22:29:32,943 [myid:] - ERROR [main-SendThread():o.a.z.ClientCnxn$SendThread@1179] - [wasabi] Retry Loop 03 is called. MaxDuration : 10000
2023-09-03 22:29:39,476 [myid:] - ERROR [main:o.w.l.WasabiListener5@30] - [wasabi] testWatcherAutoResetWithLocal() is finished
2023-09-03 22:29:39,476 [myid:] - ERROR [main:o.w.l.WasabiListener5@31] - [WASABIEND]
]]></system-out>
  </testcase>
  <testcase name="testQuorumSystemChange()" classname="ReconfigTest" time="17.802">
    <system-out><![CDATA[2023-09-03 22:29:39,480 [myid:] - ERROR [main:o.w.l.WasabiListener5@22] - [WASABISTART]
2023-09-03 22:29:39,480 [myid:] - ERROR [main:o.w.l.WasabiListener5@23] - [wasabi] testQuorumSystemChange() is started
2023-09-03 22:29:39,523 [myid:] - ERROR [ListenerHandler-/127.0.0.1:30162:o.a.z.s.q.QuorumCnxManager$Listener$ListenerHandler@1067] - [wasabi] Retry Loop 06 is called. MaxRetry :3
2023-09-03 22:29:39,523 [myid:] - ERROR [ListenerHandler-/127.0.0.1:30162:o.a.z.s.q.QuorumCnxManager$Listener$ListenerHandler@1072] - [wasabi] Retry Loop 07 is called. MaxRetry :3
2023-09-03 22:29:39,532 [myid:] - ERROR [ListenerHandler-/127.0.0.1:30165:o.a.z.s.q.QuorumCnxManager$Listener$ListenerHandler@1067] - [wasabi] Retry Loop 06 is called. MaxRetry :3
2023-09-03 22:29:39,532 [myid:] - ERROR [ListenerHandler-/127.0.0.1:30165:o.a.z.s.q.QuorumCnxManager$Listener$ListenerHandler@1072] - [wasabi] Retry Loop 07 is called. MaxRetry :3
2023-09-03 22:29:39,546 [myid:] - ERROR [ListenerHandler-/127.0.0.1:30168:o.a.z.s.q.QuorumCnxManager$Listener$ListenerHandler@1067] - [wasabi] Retry Loop 06 is called. MaxRetry :3
2023-09-03 22:29:39,546 [myid:] - ERROR [ListenerHandler-/127.0.0.1:30168:o.a.z.s.q.QuorumCnxManager$Listener$ListenerHandler@1072] - [wasabi] Retry Loop 07 is called. MaxRetry :3
2023-09-03 22:29:39,559 [myid:] - ERROR [ListenerHandler-/127.0.0.1:30171:o.a.z.s.q.QuorumCnxManager$Listener$ListenerHandler@1067] - [wasabi] Retry Loop 06 is called. MaxRetry :3
2023-09-03 22:29:39,560 [myid:] - ERROR [ListenerHandler-/127.0.0.1:30171:o.a.z.s.q.QuorumCnxManager$Listener$ListenerHandler@1072] - [wasabi] Retry Loop 07 is called. MaxRetry :3
2023-09-03 22:29:39,573 [myid:] - ERROR [ListenerHandler-/127.0.0.1:30174:o.a.z.s.q.QuorumCnxManager$Listener$ListenerHandler@1067] - [wasabi] Retry Loop 06 is called. MaxRetry :3
2023-09-03 22:29:39,573 [myid:] - ERROR [ListenerHandler-/127.0.0.1:30174:o.a.z.s.q.QuorumCnxManager$Listener$ListenerHandler@1072] - [wasabi] Retry Loop 07 is called. MaxRetry :3
2023-09-03 22:29:39,588 [myid:] - ERROR [ListenerHandler-/127.0.0.1:30177:o.a.z.s.q.QuorumCnxManager$Listener$ListenerHandler@1067] - [wasabi] Retry Loop 06 is called. MaxRetry :3
2023-09-03 22:29:39,589 [myid:] - ERROR [ListenerHandler-/127.0.0.1:30177:o.a.z.s.q.QuorumCnxManager$Listener$ListenerHandler@1072] - [wasabi] Retry Loop 07 is called. MaxRetry :3
2023-09-03 22:29:39,612 [myid:] - ERROR [ListenerHandler-/127.0.0.1:30180:o.a.z.s.q.QuorumCnxManager$Listener$ListenerHandler@1067] - [wasabi] Retry Loop 06 is called. MaxRetry :3
2023-09-03 22:29:39,613 [myid:] - ERROR [ListenerHandler-/127.0.0.1:30180:o.a.z.s.q.QuorumCnxManager$Listener$ListenerHandler@1072] - [wasabi] Retry Loop 07 is called. MaxRetry :3
2023-09-03 22:29:39,845 [myid:] - ERROR [LeaderConnector-/127.0.0.1:30179:o.a.z.s.q.Learner$LeaderConnector@408] - [wasabi] Retry Loop 05 is called. MaxRetry : 5
2023-09-03 22:29:39,845 [myid:] - ERROR [LeaderConnector-/127.0.0.1:30179:o.a.z.s.q.Learner$LeaderConnector@408] - [wasabi] Retry Loop 05 is called. MaxRetry : 5
2023-09-03 22:29:39,845 [myid:] - ERROR [LeaderConnector-/127.0.0.1:30179:o.a.z.s.q.Learner$LeaderConnector@409] - [wasabi] Retry Loop 05 is called. MaxDuration : 100
2023-09-03 22:29:39,845 [myid:] - ERROR [LeaderConnector-/127.0.0.1:30179:o.a.z.s.q.Learner$LeaderConnector@409] - [wasabi] Retry Loop 05 is called. MaxDuration : 100
2023-09-03 22:29:39,845 [myid:] - ERROR [LeaderConnector-/127.0.0.1:30179:o.a.z.s.q.Learner$LeaderConnector@408] - [wasabi] Retry Loop 05 is called. MaxRetry : 5
2023-09-03 22:29:39,846 [myid:] - ERROR [LeaderConnector-/127.0.0.1:30179:o.a.z.s.q.Learner$LeaderConnector@408] - [wasabi] Retry Loop 05 is called. MaxRetry : 5
2023-09-03 22:29:39,846 [myid:] - ERROR [LeaderConnector-/127.0.0.1:30179:o.a.z.s.q.Learner$LeaderConnector@409] - [wasabi] Retry Loop 05 is called. MaxDuration : 100
2023-09-03 22:29:39,846 [myid:] - ERROR [LeaderConnector-/127.0.0.1:30179:o.a.z.s.q.Learner$LeaderConnector@409] - [wasabi] Retry Loop 05 is called. MaxDuration : 100
2023-09-03 22:29:39,846 [myid:] - ERROR [LeaderConnector-/127.0.0.1:30179:o.a.z.s.q.Learner$LeaderConnector@408] - [wasabi] Retry Loop 05 is called. MaxRetry : 5
2023-09-03 22:29:39,846 [myid:] - ERROR [LeaderConnector-/127.0.0.1:30179:o.a.z.s.q.Learner$LeaderConnector@409] - [wasabi] Retry Loop 05 is called. MaxDuration : 100
2023-09-03 22:29:39,846 [myid:] - ERROR [LeaderConnector-/127.0.0.1:30179:o.a.z.s.q.Learner$LeaderConnector@408] - [wasabi] Retry Loop 05 is called. MaxRetry : 5
2023-09-03 22:29:39,846 [myid:] - ERROR [LeaderConnector-/127.0.0.1:30179:o.a.z.s.q.Learner$LeaderConnector@409] - [wasabi] Retry Loop 05 is called. MaxDuration : 100
2023-09-03 22:29:40,145 [myid:] - ERROR [main-SendThread():o.a.z.ClientCnxn$SendThread@1179] - [wasabi] Retry Loop 03 is called. MaxDuration : 10000
2023-09-03 22:29:40,155 [myid:] - ERROR [main-SendThread():o.a.z.ClientCnxn$SendThread@1179] - [wasabi] Retry Loop 03 is called. MaxDuration : 10000
2023-09-03 22:29:40,159 [myid:] - ERROR [main-SendThread():o.a.z.ClientCnxn$SendThread@1179] - [wasabi] Retry Loop 03 is called. MaxDuration : 10000
2023-09-03 22:29:40,164 [myid:] - ERROR [main-SendThread():o.a.z.ClientCnxn$SendThread@1179] - [wasabi] Retry Loop 03 is called. MaxDuration : 10000
2023-09-03 22:29:40,165 [myid:] - ERROR [main-SendThread():o.a.z.ClientCnxn$SendThread@1179] - [wasabi] Retry Loop 03 is called. MaxDuration : 10000
2023-09-03 22:29:40,166 [myid:] - ERROR [main-SendThread():o.a.z.ClientCnxn$SendThread@1179] - [wasabi] Retry Loop 03 is called. MaxDuration : 10000
2023-09-03 22:29:40,167 [myid:] - ERROR [main-SendThread():o.a.z.ClientCnxn$SendThread@1179] - [wasabi] Retry Loop 03 is called. MaxDuration : 10000
2023-09-03 22:29:40,168 [myid:] - ERROR [main-SendThread():o.a.z.ClientCnxn$SendThread@1179] - [wasabi] Retry Loop 03 is called. MaxDuration : 10000
2023-09-03 22:29:40,181 [myid:] - ERROR [main-SendThread():o.a.z.ClientCnxn$SendThread@1179] - [wasabi] Retry Loop 03 is called. MaxDuration : 10000
2023-09-03 22:29:40,202 [myid:] - ERROR [main-SendThread():o.a.z.ClientCnxn$SendThread@1179] - [wasabi] Retry Loop 03 is called. MaxDuration : 10000
2023-09-03 22:29:40,205 [myid:] - ERROR [main-SendThread():o.a.z.ClientCnxn$SendThread@1179] - [wasabi] Retry Loop 03 is called. MaxDuration : 10000
2023-09-03 22:29:40,205 [myid:] - ERROR [main-SendThread():o.a.z.ClientCnxn$SendThread@1179] - [wasabi] Retry Loop 03 is called. MaxDuration : 10000
2023-09-03 22:29:40,207 [myid:] - ERROR [main-SendThread():o.a.z.ClientCnxn$SendThread@1179] - [wasabi] Retry Loop 03 is called. MaxDuration : 10000
2023-09-03 22:29:40,212 [myid:] - ERROR [main-SendThread():o.a.z.ClientCnxn$SendThread@1179] - [wasabi] Retry Loop 03 is called. MaxDuration : 10000
2023-09-03 22:29:40,237 [myid:] - ERROR [ListenerHandler-/127.0.0.1:30180:o.a.z.s.q.QuorumCnxManager$Listener$ListenerHandler@1067] - [wasabi] Retry Loop 06 is called. MaxRetry :3
2023-09-03 22:29:40,237 [myid:] - ERROR [ListenerHandler-/127.0.0.1:30180:o.a.z.s.q.QuorumCnxManager$Listener$ListenerHandler@1072] - [wasabi] Retry Loop 07 is called. MaxRetry :3
2023-09-03 22:29:40,242 [myid:] - ERROR [LearnerHandler-/127.0.0.1:54866:o.a.z.s.q.LearnerHandler@720] - Unexpected exception in LearnerHandler: 
java.io.EOFException: null
	at java.base/java.io.DataInputStream.readInt(DataInputStream.java:398)
	at org.apache.jute.BinaryInputArchive.readInt(BinaryInputArchive.java:96)
	at org.apache.zookeeper.server.quorum.QuorumPacket.deserialize(QuorumPacket.java:86)
	at org.apache.jute.BinaryInputArchive.readRecord(BinaryInputArchive.java:134)
	at org.apache.zookeeper.server.quorum.LearnerHandler.run(LearnerHandler.java:657)
2023-09-03 22:29:40,242 [myid:] - ERROR [LearnerHandler-/127.0.0.1:54886:o.a.z.s.q.LearnerHandler@720] - Unexpected exception in LearnerHandler: 
java.io.EOFException: null
	at java.base/java.io.DataInputStream.readInt(DataInputStream.java:398)
	at org.apache.jute.BinaryInputArchive.readInt(BinaryInputArchive.java:96)
	at org.apache.zookeeper.server.quorum.QuorumPacket.deserialize(QuorumPacket.java:86)
	at org.apache.jute.BinaryInputArchive.readRecord(BinaryInputArchive.java:134)
	at org.apache.zookeeper.server.quorum.LearnerHandler.run(LearnerHandler.java:657)
2023-09-03 22:29:40,243 [myid:] - ERROR [LearnerHandler-/127.0.0.1:54844:o.a.z.s.q.LearnerHandler@720] - Unexpected exception in LearnerHandler: 
java.io.EOFException: null
	at java.base/java.io.DataInputStream.readInt(DataInputStream.java:398)
	at org.apache.jute.BinaryInputArchive.readInt(BinaryInputArchive.java:96)
	at org.apache.zookeeper.server.quorum.QuorumPacket.deserialize(QuorumPacket.java:86)
	at org.apache.jute.BinaryInputArchive.readRecord(BinaryInputArchive.java:134)
	at org.apache.zookeeper.server.quorum.LearnerHandler.run(LearnerHandler.java:657)
2023-09-03 22:29:40,246 [myid:] - ERROR [LearnerHandler-/127.0.0.1:54872:o.a.z.s.q.LearnerHandler@720] - Unexpected exception in LearnerHandler: 
java.io.EOFException: null
	at java.base/java.io.DataInputStream.readInt(DataInputStream.java:398)
	at org.apache.jute.BinaryInputArchive.readInt(BinaryInputArchive.java:96)
	at org.apache.zookeeper.server.quorum.QuorumPacket.deserialize(QuorumPacket.java:86)
	at org.apache.jute.BinaryInputArchive.readRecord(BinaryInputArchive.java:134)
	at org.apache.zookeeper.server.quorum.LearnerHandler.run(LearnerHandler.java:657)
2023-09-03 22:29:40,250 [myid:] - ERROR [LeaderConnector-/127.0.0.1:30161:o.a.z.s.q.Learner$LeaderConnector@408] - [wasabi] Retry Loop 05 is called. MaxRetry : 5
2023-09-03 22:29:40,251 [myid:] - ERROR [LeaderConnector-/127.0.0.1:30161:o.a.z.s.q.Learner$LeaderConnector@409] - [wasabi] Retry Loop 05 is called. MaxDuration : 100
2023-09-03 22:29:40,252 [myid:] - ERROR [LearnerHandler-/127.0.0.1:54858:o.a.z.s.q.LearnerHandler@720] - Unexpected exception in LearnerHandler: 
java.io.EOFException: null
	at java.base/java.io.DataInputStream.readInt(DataInputStream.java:398)
	at org.apache.jute.BinaryInputArchive.readInt(BinaryInputArchive.java:96)
	at org.apache.zookeeper.server.quorum.QuorumPacket.deserialize(QuorumPacket.java:86)
	at org.apache.jute.BinaryInputArchive.readRecord(BinaryInputArchive.java:134)
	at org.apache.zookeeper.server.quorum.LearnerHandler.run(LearnerHandler.java:657)
2023-09-03 22:29:40,254 [myid:] - ERROR [ListenerHandler-/127.0.0.1:30165:o.a.z.s.q.QuorumCnxManager$Listener$ListenerHandler@1067] - [wasabi] Retry Loop 06 is called. MaxRetry :3
2023-09-03 22:29:40,254 [myid:] - ERROR [ListenerHandler-/127.0.0.1:30165:o.a.z.s.q.QuorumCnxManager$Listener$ListenerHandler@1072] - [wasabi] Retry Loop 07 is called. MaxRetry :3
2023-09-03 22:29:40,254 [myid:] - ERROR [LeaderConnector-/127.0.0.1:30161:o.a.z.s.q.Learner$LeaderConnector@408] - [wasabi] Retry Loop 05 is called. MaxRetry : 5
2023-09-03 22:29:40,255 [myid:] - ERROR [LeaderConnector-/127.0.0.1:30161:o.a.z.s.q.Learner$LeaderConnector@409] - [wasabi] Retry Loop 05 is called. MaxDuration : 100
2023-09-03 22:29:40,255 [myid:] - ERROR [ListenerHandler-/127.0.0.1:30177:o.a.z.s.q.QuorumCnxManager$Listener$ListenerHandler@1067] - [wasabi] Retry Loop 06 is called. MaxRetry :3
2023-09-03 22:29:40,255 [myid:] - ERROR [ListenerHandler-/127.0.0.1:30174:o.a.z.s.q.QuorumCnxManager$Listener$ListenerHandler@1067] - [wasabi] Retry Loop 06 is called. MaxRetry :3
2023-09-03 22:29:40,255 [myid:] - ERROR [LeaderConnector-/127.0.0.1:30161:o.a.z.s.q.Learner$LeaderConnector@408] - [wasabi] Retry Loop 05 is called. MaxRetry : 5
2023-09-03 22:29:40,255 [myid:] - ERROR [ListenerHandler-/127.0.0.1:30177:o.a.z.s.q.QuorumCnxManager$Listener$ListenerHandler@1072] - [wasabi] Retry Loop 07 is called. MaxRetry :3
2023-09-03 22:29:40,256 [myid:] - ERROR [LeaderConnector-/127.0.0.1:30161:o.a.z.s.q.Learner$LeaderConnector@409] - [wasabi] Retry Loop 05 is called. MaxDuration : 100
2023-09-03 22:29:40,255 [myid:] - ERROR [ListenerHandler-/127.0.0.1:30174:o.a.z.s.q.QuorumCnxManager$Listener$ListenerHandler@1072] - [wasabi] Retry Loop 07 is called. MaxRetry :3
2023-09-03 22:29:40,257 [myid:] - ERROR [ListenerHandler-/127.0.0.1:30162:o.a.z.s.q.QuorumCnxManager$Listener$ListenerHandler@1067] - [wasabi] Retry Loop 06 is called. MaxRetry :3
2023-09-03 22:29:40,257 [myid:] - ERROR [ListenerHandler-/127.0.0.1:30162:o.a.z.s.q.QuorumCnxManager$Listener$ListenerHandler@1072] - [wasabi] Retry Loop 07 is called. MaxRetry :3
2023-09-03 22:29:40,257 [myid:] - ERROR [LeaderConnector-/127.0.0.1:30161:o.a.z.s.q.Learner$LeaderConnector@408] - [wasabi] Retry Loop 05 is called. MaxRetry : 5
2023-09-03 22:29:40,257 [myid:] - ERROR [LeaderConnector-/127.0.0.1:30161:o.a.z.s.q.Learner$LeaderConnector@409] - [wasabi] Retry Loop 05 is called. MaxDuration : 100
2023-09-03 22:29:40,258 [myid:] - ERROR [ListenerHandler-/127.0.0.1:30171:o.a.z.s.q.QuorumCnxManager$Listener$ListenerHandler@1067] - [wasabi] Retry Loop 06 is called. MaxRetry :3
2023-09-03 22:29:40,258 [myid:] - ERROR [ListenerHandler-/127.0.0.1:30168:o.a.z.s.q.QuorumCnxManager$Listener$ListenerHandler@1067] - [wasabi] Retry Loop 06 is called. MaxRetry :3
2023-09-03 22:29:40,258 [myid:] - ERROR [ListenerHandler-/127.0.0.1:30171:o.a.z.s.q.QuorumCnxManager$Listener$ListenerHandler@1072] - [wasabi] Retry Loop 07 is called. MaxRetry :3
2023-09-03 22:29:40,258 [myid:] - ERROR [ListenerHandler-/127.0.0.1:30168:o.a.z.s.q.QuorumCnxManager$Listener$ListenerHandler@1072] - [wasabi] Retry Loop 07 is called. MaxRetry :3
2023-09-03 22:29:40,258 [myid:] - ERROR [LeaderConnector-/127.0.0.1:30161:o.a.z.s.q.Learner$LeaderConnector@408] - [wasabi] Retry Loop 05 is called. MaxRetry : 5
2023-09-03 22:29:40,258 [myid:] - ERROR [LeaderConnector-/127.0.0.1:30161:o.a.z.s.q.Learner$LeaderConnector@409] - [wasabi] Retry Loop 05 is called. MaxDuration : 100
2023-09-03 22:29:40,258 [myid:] - ERROR [LearnerHandler-/127.0.0.1:54842:o.a.z.s.q.LearnerHandler@720] - Unexpected exception in LearnerHandler: 
java.io.EOFException: null
	at java.base/java.io.DataInputStream.readInt(DataInputStream.java:398)
	at org.apache.jute.BinaryInputArchive.readInt(BinaryInputArchive.java:96)
	at org.apache.zookeeper.server.quorum.QuorumPacket.deserialize(QuorumPacket.java:86)
	at org.apache.jute.BinaryInputArchive.readRecord(BinaryInputArchive.java:134)
	at org.apache.zookeeper.server.quorum.LearnerHandler.run(LearnerHandler.java:657)
2023-09-03 22:29:42,046 [myid:] - ERROR [LearnerHandler-/127.0.0.1:52068:o.a.z.s.q.LearnerHandler@720] - Unexpected exception in LearnerHandler: 
java.net.SocketException: Socket closed
	at java.base/sun.nio.ch.NioSocketImpl.endRead(NioSocketImpl.java:248)
	at java.base/sun.nio.ch.NioSocketImpl.implRead(NioSocketImpl.java:327)
	at java.base/sun.nio.ch.NioSocketImpl.read(NioSocketImpl.java:350)
	at java.base/sun.nio.ch.NioSocketImpl$1.read(NioSocketImpl.java:803)
	at java.base/java.net.Socket$SocketInputStream.read(Socket.java:966)
	at java.base/java.io.BufferedInputStream.fill(BufferedInputStream.java:244)
	at java.base/java.io.BufferedInputStream.read(BufferedInputStream.java:263)
	at java.base/java.io.DataInputStream.readInt(DataInputStream.java:393)
	at org.apache.jute.BinaryInputArchive.readInt(BinaryInputArchive.java:96)
	at org.apache.zookeeper.server.quorum.QuorumPacket.deserialize(QuorumPacket.java:86)
	at org.apache.jute.BinaryInputArchive.readRecord(BinaryInputArchive.java:134)
	at org.apache.zookeeper.server.quorum.LearnerHandler.run(LearnerHandler.java:657)
2023-09-03 22:29:42,046 [myid:] - ERROR [LearnerHandler-/127.0.0.1:52096:o.a.z.s.q.LearnerHandler@720] - Unexpected exception in LearnerHandler: 
java.net.SocketException: Socket closed
	at java.base/sun.nio.ch.NioSocketImpl.endRead(NioSocketImpl.java:248)
	at java.base/sun.nio.ch.NioSocketImpl.implRead(NioSocketImpl.java:327)
	at java.base/sun.nio.ch.NioSocketImpl.read(NioSocketImpl.java:350)
	at java.base/sun.nio.ch.NioSocketImpl$1.read(NioSocketImpl.java:803)
	at java.base/java.net.Socket$SocketInputStream.read(Socket.java:966)
	at java.base/java.io.BufferedInputStream.fill(BufferedInputStream.java:244)
	at java.base/java.io.BufferedInputStream.read(BufferedInputStream.java:263)
	at java.base/java.io.DataInputStream.readInt(DataInputStream.java:393)
	at org.apache.jute.BinaryInputArchive.readInt(BinaryInputArchive.java:96)
	at org.apache.zookeeper.server.quorum.QuorumPacket.deserialize(QuorumPacket.java:86)
	at org.apache.jute.BinaryInputArchive.readRecord(BinaryInputArchive.java:134)
	at org.apache.zookeeper.server.quorum.LearnerHandler.run(LearnerHandler.java:657)
2023-09-03 22:29:42,046 [myid:] - ERROR [LearnerHandler-/127.0.0.1:52062:o.a.z.s.q.LearnerHandler@720] - Unexpected exception in LearnerHandler: 
java.net.SocketException: Socket closed
	at java.base/sun.nio.ch.NioSocketImpl.endRead(NioSocketImpl.java:248)
	at java.base/sun.nio.ch.NioSocketImpl.implRead(NioSocketImpl.java:327)
	at java.base/sun.nio.ch.NioSocketImpl.read(NioSocketImpl.java:350)
	at java.base/sun.nio.ch.NioSocketImpl$1.read(NioSocketImpl.java:803)
	at java.base/java.net.Socket$SocketInputStream.read(Socket.java:966)
	at java.base/java.io.BufferedInputStream.fill(BufferedInputStream.java:244)
	at java.base/java.io.BufferedInputStream.read(BufferedInputStream.java:263)
	at java.base/java.io.DataInputStream.readInt(DataInputStream.java:393)
	at org.apache.jute.BinaryInputArchive.readInt(BinaryInputArchive.java:96)
	at org.apache.zookeeper.server.quorum.QuorumPacket.deserialize(QuorumPacket.java:86)
	at org.apache.jute.BinaryInputArchive.readRecord(BinaryInputArchive.java:134)
	at org.apache.zookeeper.server.quorum.LearnerHandler.run(LearnerHandler.java:657)
2023-09-03 22:29:42,046 [myid:] - ERROR [LearnerHandler-/127.0.0.1:52098:o.a.z.s.q.LearnerHandler@720] - Unexpected exception in LearnerHandler: 
java.net.SocketException: Socket closed
	at java.base/sun.nio.ch.NioSocketImpl.endRead(NioSocketImpl.java:248)
	at java.base/sun.nio.ch.NioSocketImpl.implRead(NioSocketImpl.java:327)
	at java.base/sun.nio.ch.NioSocketImpl.read(NioSocketImpl.java:350)
	at java.base/sun.nio.ch.NioSocketImpl$1.read(NioSocketImpl.java:803)
	at java.base/java.net.Socket$SocketInputStream.read(Socket.java:966)
	at java.base/java.io.BufferedInputStream.fill(BufferedInputStream.java:244)
	at java.base/java.io.BufferedInputStream.read(BufferedInputStream.java:263)
	at java.base/java.io.DataInputStream.readInt(DataInputStream.java:393)
	at org.apache.jute.BinaryInputArchive.readInt(BinaryInputArchive.java:96)
	at org.apache.zookeeper.server.quorum.QuorumPacket.deserialize(QuorumPacket.java:86)
	at org.apache.jute.BinaryInputArchive.readRecord(BinaryInputArchive.java:134)
	at org.apache.zookeeper.server.quorum.LearnerHandler.run(LearnerHandler.java:657)
2023-09-03 22:29:42,046 [myid:] - ERROR [LearnerHandler-/127.0.0.1:52080:o.a.z.s.q.LearnerHandler@720] - Unexpected exception in LearnerHandler: 
java.net.SocketException: Socket closed
	at java.base/sun.nio.ch.NioSocketImpl.endRead(NioSocketImpl.java:248)
	at java.base/sun.nio.ch.NioSocketImpl.implRead(NioSocketImpl.java:327)
	at java.base/sun.nio.ch.NioSocketImpl.read(NioSocketImpl.java:350)
	at java.base/sun.nio.ch.NioSocketImpl$1.read(NioSocketImpl.java:803)
	at java.base/java.net.Socket$SocketInputStream.read(Socket.java:966)
	at java.base/java.io.BufferedInputStream.fill(BufferedInputStream.java:244)
	at java.base/java.io.BufferedInputStream.read(BufferedInputStream.java:263)
	at java.base/java.io.DataInputStream.readInt(DataInputStream.java:393)
	at org.apache.jute.BinaryInputArchive.readInt(BinaryInputArchive.java:96)
	at org.apache.zookeeper.server.quorum.QuorumPacket.deserialize(QuorumPacket.java:86)
	at org.apache.jute.BinaryInputArchive.readRecord(BinaryInputArchive.java:134)
	at org.apache.zookeeper.server.quorum.LearnerHandler.run(LearnerHandler.java:657)
2023-09-03 22:29:42,047 [myid:] - ERROR [SyncThread:2:o.a.z.s.ZooKeeperCriticalThread@49] - Severe unrecoverable error, from thread : SyncThread:2
java.lang.NullPointerException: Cannot invoke "java.net.Socket.isClosed()" because "this.learner.sock" is null
	at org.apache.zookeeper.server.quorum.SendAckRequestProcessor.flush(SendAckRequestProcessor.java:67)
	at org.apache.zookeeper.server.SyncRequestProcessor.flush(SyncRequestProcessor.java:248)
	at org.apache.zookeeper.server.SyncRequestProcessor.run(SyncRequestProcessor.java:169)
2023-09-03 22:29:42,058 [myid:] - ERROR [LeaderConnector-/127.0.0.1:30161:o.a.z.s.q.Learner$LeaderConnector@408] - [wasabi] Retry Loop 05 is called. MaxRetry : 5
2023-09-03 22:29:42,059 [myid:] - ERROR [LeaderConnector-/127.0.0.1:30161:o.a.z.s.q.Learner$LeaderConnector@409] - [wasabi] Retry Loop 05 is called. MaxDuration : 100
2023-09-03 22:29:42,266 [myid:] - ERROR [LeaderConnector-/127.0.0.1:30173:o.a.z.s.q.Learner$LeaderConnector@408] - [wasabi] Retry Loop 05 is called. MaxRetry : 5
2023-09-03 22:29:42,266 [myid:] - ERROR [LeaderConnector-/127.0.0.1:30173:o.a.z.s.q.Learner$LeaderConnector@409] - [wasabi] Retry Loop 05 is called. MaxDuration : 100
2023-09-03 22:29:42,270 [myid:] - ERROR [LeaderConnector-/127.0.0.1:30173:o.a.z.s.q.Learner$LeaderConnector@408] - [wasabi] Retry Loop 05 is called. MaxRetry : 5
2023-09-03 22:29:42,270 [myid:] - ERROR [LeaderConnector-/127.0.0.1:30173:o.a.z.s.q.Learner$LeaderConnector@409] - [wasabi] Retry Loop 05 is called. MaxDuration : 100
2023-09-03 22:29:42,461 [myid:] - ERROR [LeaderConnector-/127.0.0.1:30161:o.a.z.s.q.Learner$LeaderConnector@437] - Unexpected exception, retries exceeded. tries=4, remaining init limit=5598, connecting to /127.0.0.1:30161
java.net.ConnectException: Connection refused
	at java.base/sun.nio.ch.Net.pollConnect(Native Method)
	at java.base/sun.nio.ch.Net.pollConnectNow(Net.java:672)
	at java.base/sun.nio.ch.NioSocketImpl.timedFinishConnect(NioSocketImpl.java:542)
	at java.base/sun.nio.ch.NioSocketImpl.connect(NioSocketImpl.java:597)
	at java.base/java.net.SocksSocketImpl.connect(SocksSocketImpl.java:327)
	at java.base/java.net.Socket.connect(Socket.java:633)
	at org.apache.zookeeper.server.quorum.Learner.sockConnect(Learner.java:301)
	at org.apache.zookeeper.server.quorum.Learner$LeaderConnector.connectToLeader(Learner.java:419)
	at org.apache.zookeeper.server.quorum.Learner$LeaderConnector.run(Learner.java:376)
	at java.base/java.util.concurrent.Executors$RunnableAdapter.call(Executors.java:539)
	at java.base/java.util.concurrent.FutureTask.run(FutureTask.java:264)
	at java.base/java.util.concurrent.ThreadPoolExecutor.runWorker(ThreadPoolExecutor.java:1136)
	at java.base/java.util.concurrent.ThreadPoolExecutor$Worker.run(ThreadPoolExecutor.java:635)
	at java.base/java.lang.Thread.run(Thread.java:833)
2023-09-03 22:29:42,461 [myid:] - ERROR [LeaderConnector-/127.0.0.1:30161:o.a.z.s.q.Learner$LeaderConnector@388] - Failed connect to /127.0.0.1:30161
java.net.ConnectException: Connection refused
	at java.base/sun.nio.ch.Net.pollConnect(Native Method)
	at java.base/sun.nio.ch.Net.pollConnectNow(Net.java:672)
	at java.base/sun.nio.ch.NioSocketImpl.timedFinishConnect(NioSocketImpl.java:542)
	at java.base/sun.nio.ch.NioSocketImpl.connect(NioSocketImpl.java:597)
	at java.base/java.net.SocksSocketImpl.connect(SocksSocketImpl.java:327)
	at java.base/java.net.Socket.connect(Socket.java:633)
	at org.apache.zookeeper.server.quorum.Learner.sockConnect(Learner.java:301)
	at org.apache.zookeeper.server.quorum.Learner$LeaderConnector.connectToLeader(Learner.java:419)
	at org.apache.zookeeper.server.quorum.Learner$LeaderConnector.run(Learner.java:376)
	at java.base/java.util.concurrent.Executors$RunnableAdapter.call(Executors.java:539)
	at java.base/java.util.concurrent.FutureTask.run(FutureTask.java:264)
	at java.base/java.util.concurrent.ThreadPoolExecutor.runWorker(ThreadPoolExecutor.java:1136)
	at java.base/java.util.concurrent.ThreadPoolExecutor$Worker.run(ThreadPoolExecutor.java:635)
	at java.base/java.lang.Thread.run(Thread.java:833)
2023-09-03 22:29:42,462 [myid:] - ERROR [LearnerHandler-/127.0.0.1:49692:o.a.z.s.q.LearnerHandler@720] - Unexpected exception in LearnerHandler: 
java.io.EOFException: null
	at java.base/java.io.DataInputStream.readInt(DataInputStream.java:398)
	at org.apache.jute.BinaryInputArchive.readInt(BinaryInputArchive.java:96)
	at org.apache.zookeeper.server.quorum.QuorumPacket.deserialize(QuorumPacket.java:86)
	at org.apache.jute.BinaryInputArchive.readRecord(BinaryInputArchive.java:134)
	at org.apache.zookeeper.server.quorum.LearnerHandler.run(LearnerHandler.java:657)
2023-09-03 22:29:43,747 [myid:] - ERROR [ListenerHandler-/127.0.0.1:30162:o.a.z.s.q.QuorumCnxManager$Listener$ListenerHandler@1067] - [wasabi] Retry Loop 06 is called. MaxRetry :3
2023-09-03 22:29:43,747 [myid:] - ERROR [ListenerHandler-/127.0.0.1:30162:o.a.z.s.q.QuorumCnxManager$Listener$ListenerHandler@1072] - [wasabi] Retry Loop 07 is called. MaxRetry :3
2023-09-03 22:29:43,952 [myid:] - ERROR [ListenerHandler-/127.0.0.1:30162:o.a.z.s.q.QuorumCnxManager$Listener$ListenerHandler@1067] - [wasabi] Retry Loop 06 is called. MaxRetry :3
2023-09-03 22:29:43,953 [myid:] - ERROR [ListenerHandler-/127.0.0.1:30162:o.a.z.s.q.QuorumCnxManager$Listener$ListenerHandler@1072] - [wasabi] Retry Loop 07 is called. MaxRetry :3
2023-09-03 22:29:43,956 [myid:] - ERROR [LeaderConnector-/127.0.0.1:30173:o.a.z.s.q.Learner$LeaderConnector@408] - [wasabi] Retry Loop 05 is called. MaxRetry : 5
2023-09-03 22:29:43,956 [myid:] - ERROR [LeaderConnector-/127.0.0.1:30173:o.a.z.s.q.Learner$LeaderConnector@409] - [wasabi] Retry Loop 05 is called. MaxDuration : 100
2023-09-03 22:29:44,002 [myid:] - ERROR [ListenerHandler-/127.0.0.1:30165:o.a.z.s.q.QuorumCnxManager$Listener$ListenerHandler@1067] - [wasabi] Retry Loop 06 is called. MaxRetry :3
2023-09-03 22:29:44,002 [myid:] - ERROR [ListenerHandler-/127.0.0.1:30165:o.a.z.s.q.QuorumCnxManager$Listener$ListenerHandler@1072] - [wasabi] Retry Loop 07 is called. MaxRetry :3
2023-09-03 22:29:44,205 [myid:] - ERROR [WorkerSender[myid=2]:o.a.z.s.q.QuorumCnxManager@437] - Exception while submitting quorum connection request
java.util.concurrent.RejectedExecutionException: Task Thread[QuorumConnectionReqThread-1,5,main] rejected from java.util.concurrent.ThreadPoolExecutor@11419bf6[Terminated, pool size = 0, active threads = 0, queued tasks = 0, completed tasks = 6]
	at java.base/java.util.concurrent.ThreadPoolExecutor$AbortPolicy.rejectedExecution(ThreadPoolExecutor.java:2065)
	at java.base/java.util.concurrent.ThreadPoolExecutor.reject(ThreadPoolExecutor.java:833)
	at java.base/java.util.concurrent.ThreadPoolExecutor.execute(ThreadPoolExecutor.java:1365)
	at org.apache.zookeeper.server.quorum.QuorumCnxManager.initiateConnectionAsync(QuorumCnxManager.java:430)
	at org.apache.zookeeper.server.quorum.QuorumCnxManager.connectOne(QuorumCnxManager.java:733)
	at org.apache.zookeeper.server.quorum.QuorumCnxManager.connectOne(QuorumCnxManager.java:764)
	at org.apache.zookeeper.server.quorum.QuorumCnxManager.toSend(QuorumCnxManager.java:705)
	at org.apache.zookeeper.server.quorum.FastLeaderElection$Messenger$WorkerSender.process(FastLeaderElection.java:518)
	at org.apache.zookeeper.server.quorum.FastLeaderElection$Messenger$WorkerSender.run(FastLeaderElection.java:502)
	at java.base/java.lang.Thread.run(Thread.java:833)
2023-09-03 22:29:44,207 [myid:] - ERROR [ListenerHandler-/127.0.0.1:30165:o.a.z.s.q.QuorumCnxManager$Listener$ListenerHandler@1067] - [wasabi] Retry Loop 06 is called. MaxRetry :3
2023-09-03 22:29:44,207 [myid:] - ERROR [ListenerHandler-/127.0.0.1:30165:o.a.z.s.q.QuorumCnxManager$Listener$ListenerHandler@1072] - [wasabi] Retry Loop 07 is called. MaxRetry :3
2023-09-03 22:29:44,212 [myid:] - ERROR [LeaderConnector-/127.0.0.1:30173:o.a.z.s.q.Learner$LeaderConnector@408] - [wasabi] Retry Loop 05 is called. MaxRetry : 5
2023-09-03 22:29:44,212 [myid:] - ERROR [LeaderConnector-/127.0.0.1:30173:o.a.z.s.q.Learner$LeaderConnector@409] - [wasabi] Retry Loop 05 is called. MaxDuration : 100
2023-09-03 22:29:45,118 [myid:] - ERROR [ListenerHandler-/127.0.0.1:30174:o.a.z.s.q.QuorumCnxManager$Listener$ListenerHandler@1067] - [wasabi] Retry Loop 06 is called. MaxRetry :3
2023-09-03 22:29:45,119 [myid:] - ERROR [ListenerHandler-/127.0.0.1:30174:o.a.z.s.q.QuorumCnxManager$Listener$ListenerHandler@1072] - [wasabi] Retry Loop 07 is called. MaxRetry :3
2023-09-03 22:29:45,122 [myid:] - ERROR [LearnerHandler-/127.0.0.1:49696:o.a.z.s.q.LearnerHandler@720] - Unexpected exception in LearnerHandler: 
java.io.EOFException: null
	at java.base/java.io.DataInputStream.readInt(DataInputStream.java:398)
	at org.apache.jute.BinaryInputArchive.readInt(BinaryInputArchive.java:96)
	at org.apache.zookeeper.server.quorum.QuorumPacket.deserialize(QuorumPacket.java:86)
	at org.apache.jute.BinaryInputArchive.readRecord(BinaryInputArchive.java:134)
	at org.apache.zookeeper.server.quorum.LearnerHandler.run(LearnerHandler.java:657)
2023-09-03 22:29:45,123 [myid:] - ERROR [ListenerHandler-/127.0.0.1:30171:o.a.z.s.q.QuorumCnxManager$Listener$ListenerHandler@1067] - [wasabi] Retry Loop 06 is called. MaxRetry :3
2023-09-03 22:29:45,123 [myid:] - ERROR [ListenerHandler-/127.0.0.1:30165:o.a.z.s.q.QuorumCnxManager$Listener$ListenerHandler@1067] - [wasabi] Retry Loop 06 is called. MaxRetry :3
2023-09-03 22:29:45,124 [myid:] - ERROR [ListenerHandler-/127.0.0.1:30162:o.a.z.s.q.QuorumCnxManager$Listener$ListenerHandler@1067] - [wasabi] Retry Loop 06 is called. MaxRetry :3
2023-09-03 22:29:45,124 [myid:] - ERROR [ListenerHandler-/127.0.0.1:30171:o.a.z.s.q.QuorumCnxManager$Listener$ListenerHandler@1072] - [wasabi] Retry Loop 07 is called. MaxRetry :3
2023-09-03 22:29:45,124 [myid:] - ERROR [ListenerHandler-/127.0.0.1:30165:o.a.z.s.q.QuorumCnxManager$Listener$ListenerHandler@1072] - [wasabi] Retry Loop 07 is called. MaxRetry :3
2023-09-03 22:29:45,124 [myid:] - ERROR [LearnerHandler-/127.0.0.1:49698:o.a.z.s.q.LearnerHandler@720] - Unexpected exception in LearnerHandler: 
java.io.EOFException: null
	at java.base/java.io.DataInputStream.readInt(DataInputStream.java:398)
	at org.apache.jute.BinaryInputArchive.readInt(BinaryInputArchive.java:96)
	at org.apache.zookeeper.server.quorum.QuorumPacket.deserialize(QuorumPacket.java:86)
	at org.apache.jute.BinaryInputArchive.readRecord(BinaryInputArchive.java:134)
	at org.apache.zookeeper.server.quorum.LearnerHandler.run(LearnerHandler.java:657)
2023-09-03 22:29:45,124 [myid:] - ERROR [ListenerHandler-/127.0.0.1:30162:o.a.z.s.q.QuorumCnxManager$Listener$ListenerHandler@1072] - [wasabi] Retry Loop 07 is called. MaxRetry :3
2023-09-03 22:29:45,125 [myid:] - ERROR [LearnerHandler-/127.0.0.1:49700:o.a.z.s.q.LearnerHandler@720] - Unexpected exception in LearnerHandler: 
java.io.EOFException: null
	at java.base/java.io.DataInputStream.readInt(DataInputStream.java:398)
	at org.apache.jute.BinaryInputArchive.readInt(BinaryInputArchive.java:96)
	at org.apache.zookeeper.server.quorum.QuorumPacket.deserialize(QuorumPacket.java:86)
	at org.apache.jute.BinaryInputArchive.readRecord(BinaryInputArchive.java:134)
	at org.apache.zookeeper.server.quorum.LearnerHandler.run(LearnerHandler.java:657)
2023-09-03 22:29:45,125 [myid:] - ERROR [LeaderConnector-/127.0.0.1:30161:o.a.z.s.q.Learner$LeaderConnector@408] - [wasabi] Retry Loop 05 is called. MaxRetry : 5
2023-09-03 22:29:45,125 [myid:] - ERROR [LeaderConnector-/127.0.0.1:30161:o.a.z.s.q.Learner$LeaderConnector@409] - [wasabi] Retry Loop 05 is called. MaxDuration : 100
2023-09-03 22:29:45,126 [myid:] - ERROR [LeaderConnector-/127.0.0.1:30161:o.a.z.s.q.Learner$LeaderConnector@408] - [wasabi] Retry Loop 05 is called. MaxRetry : 5
2023-09-03 22:29:45,127 [myid:] - ERROR [LeaderConnector-/127.0.0.1:30161:o.a.z.s.q.Learner$LeaderConnector@409] - [wasabi] Retry Loop 05 is called. MaxDuration : 100
2023-09-03 22:29:46,385 [myid:] - ERROR [LeaderConnector-/127.0.0.1:30161:o.a.z.s.q.Learner$LeaderConnector@408] - [wasabi] Retry Loop 05 is called. MaxRetry : 5
2023-09-03 22:29:46,386 [myid:] - ERROR [LeaderConnector-/127.0.0.1:30161:o.a.z.s.q.Learner$LeaderConnector@409] - [wasabi] Retry Loop 05 is called. MaxDuration : 100
2023-09-03 22:29:47,097 [myid:] - ERROR [LearnerHandler-/127.0.0.1:52182:o.a.z.s.q.LearnerHandler@720] - Unexpected exception in LearnerHandler: 
java.io.EOFException: null
	at java.base/java.io.DataInputStream.readInt(DataInputStream.java:398)
	at org.apache.jute.BinaryInputArchive.readInt(BinaryInputArchive.java:96)
	at org.apache.zookeeper.server.quorum.QuorumPacket.deserialize(QuorumPacket.java:86)
	at org.apache.jute.BinaryInputArchive.readRecord(BinaryInputArchive.java:134)
	at org.apache.zookeeper.server.quorum.LearnerHandler.run(LearnerHandler.java:657)
2023-09-03 22:29:47,099 [myid:] - ERROR [LearnerHandler-/127.0.0.1:52196:o.a.z.s.q.LearnerHandler@720] - Unexpected exception in LearnerHandler: 
java.io.EOFException: null
	at java.base/java.io.DataInputStream.readInt(DataInputStream.java:398)
	at org.apache.jute.BinaryInputArchive.readInt(BinaryInputArchive.java:96)
	at org.apache.zookeeper.server.quorum.QuorumPacket.deserialize(QuorumPacket.java:86)
	at org.apache.jute.BinaryInputArchive.readRecord(BinaryInputArchive.java:134)
	at org.apache.zookeeper.server.quorum.LearnerHandler.run(LearnerHandler.java:657)
2023-09-03 22:29:57,264 [myid:] - ERROR [LearnerHandler-/127.0.0.1:52170:o.a.z.s.q.LearnerHandler@720] - Unexpected exception in LearnerHandler: 
java.net.SocketException: Socket closed
	at java.base/sun.nio.ch.NioSocketImpl.endRead(NioSocketImpl.java:248)
	at java.base/sun.nio.ch.NioSocketImpl.implRead(NioSocketImpl.java:327)
	at java.base/sun.nio.ch.NioSocketImpl.read(NioSocketImpl.java:350)
	at java.base/sun.nio.ch.NioSocketImpl$1.read(NioSocketImpl.java:803)
	at java.base/java.net.Socket$SocketInputStream.read(Socket.java:966)
	at java.base/java.io.BufferedInputStream.fill(BufferedInputStream.java:244)
	at java.base/java.io.BufferedInputStream.read(BufferedInputStream.java:263)
	at java.base/java.io.DataInputStream.readInt(DataInputStream.java:393)
	at org.apache.jute.BinaryInputArchive.readInt(BinaryInputArchive.java:96)
	at org.apache.zookeeper.server.quorum.QuorumPacket.deserialize(QuorumPacket.java:86)
	at org.apache.jute.BinaryInputArchive.readRecord(BinaryInputArchive.java:134)
	at org.apache.zookeeper.server.quorum.LearnerHandler.run(LearnerHandler.java:657)
2023-09-03 22:29:57,278 [myid:] - ERROR [main:o.w.l.WasabiListener5@30] - [wasabi] testQuorumSystemChange() is finished
2023-09-03 22:29:57,279 [myid:] - ERROR [main:o.w.l.WasabiListener5@31] - [WASABIEND]
]]></system-out>
  </testcase>
  <testcase name="testPortChange()" classname="ReconfigTest" time="40.25">
    <system-out><![CDATA[2023-09-03 22:29:57,281 [myid:] - ERROR [main:o.w.l.WasabiListener5@22] - [WASABISTART]
2023-09-03 22:29:57,281 [myid:] - ERROR [main:o.w.l.WasabiListener5@23] - [wasabi] testPortChange() is started
2023-09-03 22:29:57,300 [myid:] - ERROR [ListenerHandler-/127.0.0.1:30183:o.a.z.s.q.QuorumCnxManager$Listener$ListenerHandler@1067] - [wasabi] Retry Loop 06 is called. MaxRetry :3
2023-09-03 22:29:57,301 [myid:] - ERROR [ListenerHandler-/127.0.0.1:30183:o.a.z.s.q.QuorumCnxManager$Listener$ListenerHandler@1072] - [wasabi] Retry Loop 07 is called. MaxRetry :3
2023-09-03 22:29:57,309 [myid:] - ERROR [ListenerHandler-/127.0.0.1:30186:o.a.z.s.q.QuorumCnxManager$Listener$ListenerHandler@1067] - [wasabi] Retry Loop 06 is called. MaxRetry :3
2023-09-03 22:29:57,309 [myid:] - ERROR [ListenerHandler-/127.0.0.1:30186:o.a.z.s.q.QuorumCnxManager$Listener$ListenerHandler@1072] - [wasabi] Retry Loop 07 is called. MaxRetry :3
2023-09-03 22:29:57,316 [myid:] - ERROR [ListenerHandler-/127.0.0.1:30189:o.a.z.s.q.QuorumCnxManager$Listener$ListenerHandler@1067] - [wasabi] Retry Loop 06 is called. MaxRetry :3
2023-09-03 22:29:57,317 [myid:] - ERROR [ListenerHandler-/127.0.0.1:30189:o.a.z.s.q.QuorumCnxManager$Listener$ListenerHandler@1072] - [wasabi] Retry Loop 07 is called. MaxRetry :3
2023-09-03 22:29:57,520 [myid:] - ERROR [LeaderConnector-/127.0.0.1:30188:o.a.z.s.q.Learner$LeaderConnector@408] - [wasabi] Retry Loop 05 is called. MaxRetry : 5
2023-09-03 22:29:57,520 [myid:] - ERROR [LeaderConnector-/127.0.0.1:30188:o.a.z.s.q.Learner$LeaderConnector@409] - [wasabi] Retry Loop 05 is called. MaxDuration : 100
2023-09-03 22:29:57,520 [myid:] - ERROR [LeaderConnector-/127.0.0.1:30188:o.a.z.s.q.Learner$LeaderConnector@408] - [wasabi] Retry Loop 05 is called. MaxRetry : 5
2023-09-03 22:29:57,520 [myid:] - ERROR [LeaderConnector-/127.0.0.1:30188:o.a.z.s.q.Learner$LeaderConnector@409] - [wasabi] Retry Loop 05 is called. MaxDuration : 100
2023-09-03 22:29:57,570 [myid:] - ERROR [main-SendThread():o.a.z.ClientCnxn$SendThread@1179] - [wasabi] Retry Loop 03 is called. MaxDuration : 10000
2023-09-03 22:29:57,570 [myid:] - ERROR [main-SendThread():o.a.z.ClientCnxn$SendThread@1179] - [wasabi] Retry Loop 03 is called. MaxDuration : 10000
2023-09-03 22:29:57,571 [myid:] - ERROR [main-SendThread():o.a.z.ClientCnxn$SendThread@1179] - [wasabi] Retry Loop 03 is called. MaxDuration : 10000
2023-09-03 22:29:57,571 [myid:] - ERROR [main-SendThread():o.a.z.ClientCnxn$SendThread@1179] - [wasabi] Retry Loop 03 is called. MaxDuration : 10000
2023-09-03 22:29:57,572 [myid:] - ERROR [main-SendThread():o.a.z.ClientCnxn$SendThread@1179] - [wasabi] Retry Loop 03 is called. MaxDuration : 10000
2023-09-03 22:29:57,573 [myid:] - ERROR [main-SendThread():o.a.z.ClientCnxn$SendThread@1179] - [wasabi] Retry Loop 03 is called. MaxDuration : 10000
2023-09-03 22:29:57,608 [myid:] - ERROR [ListenerHandler-/127.0.0.1:30189:o.a.z.s.q.QuorumCnxManager$Listener$ListenerHandler@1067] - [wasabi] Retry Loop 06 is called. MaxRetry :3
2023-09-03 22:29:57,608 [myid:] - ERROR [ListenerHandler-/127.0.0.1:30189:o.a.z.s.q.QuorumCnxManager$Listener$ListenerHandler@1072] - [wasabi] Retry Loop 07 is called. MaxRetry :3
2023-09-03 22:29:57,610 [myid:] - ERROR [ListenerHandler-localhost/127.0.0.1:30183:o.a.z.s.q.QuorumCnxManager$Listener$ListenerHandler@1067] - [wasabi] Retry Loop 06 is called. MaxRetry :3
2023-09-03 22:29:57,610 [myid:] - ERROR [ListenerHandler-localhost/127.0.0.1:30183:o.a.z.s.q.QuorumCnxManager$Listener$ListenerHandler@1072] - [wasabi] Retry Loop 07 is called. MaxRetry :3
2023-09-03 22:29:57,610 [myid:] - ERROR [ListenerHandler-/127.0.0.1:30186:o.a.z.s.q.QuorumCnxManager$Listener$ListenerHandler@1067] - [wasabi] Retry Loop 06 is called. MaxRetry :3
2023-09-03 22:29:57,610 [myid:] - ERROR [ListenerHandler-/127.0.0.1:30186:o.a.z.s.q.QuorumCnxManager$Listener$ListenerHandler@1072] - [wasabi] Retry Loop 07 is called. MaxRetry :3
2023-09-03 22:30:17,822 [myid:] - ERROR [main-SendThread():o.a.z.ClientCnxn$SendThread@1179] - [wasabi] Retry Loop 03 is called. MaxDuration : 10000
2023-09-03 22:30:17,927 [myid:] - ERROR [main-SendThread():o.a.z.ClientCnxn$SendThread@1179] - [wasabi] Retry Loop 03 is called. MaxDuration : 10000
2023-09-03 22:30:30,033 [myid:] - ERROR [main-SendThread():o.a.z.ClientCnxn$SendThread@1179] - [wasabi] Retry Loop 03 is called. MaxDuration : 10000
2023-09-03 22:30:30,138 [myid:] - ERROR [main-SendThread():o.a.z.ClientCnxn$SendThread@1179] - [wasabi] Retry Loop 03 is called. MaxDuration : 10000
2023-09-03 22:30:30,176 [myid:] - ERROR [ListenerHandler-localhost/127.0.0.1:30189:o.a.z.s.q.QuorumCnxManager$Listener$ListenerHandler@1067] - [wasabi] Retry Loop 06 is called. MaxRetry :3
2023-09-03 22:30:30,177 [myid:] - ERROR [ListenerHandler-localhost/127.0.0.1:30189:o.a.z.s.q.QuorumCnxManager$Listener$ListenerHandler@1072] - [wasabi] Retry Loop 07 is called. MaxRetry :3
2023-09-03 22:30:30,177 [myid:] - ERROR [LearnerHandler-/127.0.0.1:55402:o.a.z.s.q.LearnerHandler@720] - Unexpected exception in LearnerHandler: 
java.io.EOFException: null
	at java.base/java.io.DataInputStream.readInt(DataInputStream.java:398)
	at org.apache.jute.BinaryInputArchive.readInt(BinaryInputArchive.java:96)
	at org.apache.zookeeper.server.quorum.QuorumPacket.deserialize(QuorumPacket.java:86)
	at org.apache.jute.BinaryInputArchive.readRecord(BinaryInputArchive.java:134)
	at org.apache.zookeeper.server.quorum.LearnerHandler.run(LearnerHandler.java:657)
2023-09-03 22:30:30,177 [myid:] - ERROR [ListenerHandler-/127.0.0.1:30186:o.a.z.s.q.QuorumCnxManager$Listener$ListenerHandler@1067] - [wasabi] Retry Loop 06 is called. MaxRetry :3
2023-09-03 22:30:30,177 [myid:] - ERROR [ListenerHandler-/127.0.0.1:30186:o.a.z.s.q.QuorumCnxManager$Listener$ListenerHandler@1072] - [wasabi] Retry Loop 07 is called. MaxRetry :3
2023-09-03 22:30:30,178 [myid:] - ERROR [ListenerHandler-localhost/127.0.0.1:30183:o.a.z.s.q.QuorumCnxManager$Listener$ListenerHandler@1067] - [wasabi] Retry Loop 06 is called. MaxRetry :3
2023-09-03 22:30:30,178 [myid:] - ERROR [LearnerHandler-/127.0.0.1:55386:o.a.z.s.q.LearnerHandler@720] - Unexpected exception in LearnerHandler: 
java.io.EOFException: null
	at java.base/java.io.DataInputStream.readInt(DataInputStream.java:398)
	at org.apache.jute.BinaryInputArchive.readInt(BinaryInputArchive.java:96)
	at org.apache.zookeeper.server.quorum.QuorumPacket.deserialize(QuorumPacket.java:86)
	at org.apache.jute.BinaryInputArchive.readRecord(BinaryInputArchive.java:134)
	at org.apache.zookeeper.server.quorum.LearnerHandler.run(LearnerHandler.java:657)
2023-09-03 22:30:30,178 [myid:] - ERROR [ListenerHandler-localhost/127.0.0.1:30183:o.a.z.s.q.QuorumCnxManager$Listener$ListenerHandler@1072] - [wasabi] Retry Loop 07 is called. MaxRetry :3
2023-09-03 22:30:30,179 [myid:] - ERROR [LeaderConnector-/127.0.0.1:30185:o.a.z.s.q.Learner$LeaderConnector@408] - [wasabi] Retry Loop 05 is called. MaxRetry : 5
2023-09-03 22:30:30,179 [myid:] - ERROR [LeaderConnector-/127.0.0.1:30185:o.a.z.s.q.Learner$LeaderConnector@409] - [wasabi] Retry Loop 05 is called. MaxDuration : 100
2023-09-03 22:30:31,542 [myid:] - ERROR [LeaderConnector-/127.0.0.1:30185:o.a.z.s.q.Learner$LeaderConnector@408] - [wasabi] Retry Loop 05 is called. MaxRetry : 5
2023-09-03 22:30:31,542 [myid:] - ERROR [LeaderConnector-/127.0.0.1:30185:o.a.z.s.q.Learner$LeaderConnector@409] - [wasabi] Retry Loop 05 is called. MaxDuration : 100
2023-09-03 22:30:31,546 [myid:] - ERROR [LearnerHandler-/127.0.0.1:46526:o.a.z.s.q.LearnerHandler@933] - Unhandled scenario for peer sid: 3 fall back to use snapshot
2023-09-03 22:30:32,925 [myid:] - ERROR [ListenerHandler-localhost/127.0.0.1:30193:o.a.z.s.q.QuorumCnxManager$Listener$ListenerHandler@1067] - [wasabi] Retry Loop 06 is called. MaxRetry :3
2023-09-03 22:30:32,925 [myid:] - ERROR [ListenerHandler-localhost/127.0.0.1:30193:o.a.z.s.q.QuorumCnxManager$Listener$ListenerHandler@1072] - [wasabi] Retry Loop 07 is called. MaxRetry :3
2023-09-03 22:30:32,926 [myid:] - ERROR [ListenerHandler-localhost/127.0.0.1:30192:o.a.z.s.q.QuorumCnxManager$Listener$ListenerHandler@1067] - [wasabi] Retry Loop 06 is called. MaxRetry :3
2023-09-03 22:30:32,926 [myid:] - ERROR [ListenerHandler-localhost/127.0.0.1:30194:o.a.z.s.q.QuorumCnxManager$Listener$ListenerHandler@1067] - [wasabi] Retry Loop 06 is called. MaxRetry :3
2023-09-03 22:30:32,926 [myid:] - ERROR [ListenerHandler-localhost/127.0.0.1:30192:o.a.z.s.q.QuorumCnxManager$Listener$ListenerHandler@1072] - [wasabi] Retry Loop 07 is called. MaxRetry :3
2023-09-03 22:30:32,926 [myid:] - ERROR [ListenerHandler-localhost/127.0.0.1:30194:o.a.z.s.q.QuorumCnxManager$Listener$ListenerHandler@1072] - [wasabi] Retry Loop 07 is called. MaxRetry :3
2023-09-03 22:30:32,927 [myid:] - ERROR [LearnerHandler-/127.0.0.1:46526:o.a.z.s.q.LearnerHandler@720] - Unexpected exception in LearnerHandler: 
java.net.SocketException: Socket closed
	at java.base/sun.nio.ch.NioSocketImpl.endRead(NioSocketImpl.java:248)
	at java.base/sun.nio.ch.NioSocketImpl.implRead(NioSocketImpl.java:327)
	at java.base/sun.nio.ch.NioSocketImpl.read(NioSocketImpl.java:350)
	at java.base/sun.nio.ch.NioSocketImpl$1.read(NioSocketImpl.java:803)
	at java.base/java.net.Socket$SocketInputStream.read(Socket.java:966)
	at java.base/java.io.BufferedInputStream.fill(BufferedInputStream.java:244)
	at java.base/java.io.BufferedInputStream.read(BufferedInputStream.java:263)
	at java.base/java.io.DataInputStream.readInt(DataInputStream.java:393)
	at org.apache.jute.BinaryInputArchive.readInt(BinaryInputArchive.java:96)
	at org.apache.zookeeper.server.quorum.QuorumPacket.deserialize(QuorumPacket.java:86)
	at org.apache.jute.BinaryInputArchive.readRecord(BinaryInputArchive.java:134)
	at org.apache.zookeeper.server.quorum.LearnerHandler.run(LearnerHandler.java:657)
2023-09-03 22:30:32,928 [myid:] - ERROR [LearnerHandler-/127.0.0.1:46514:o.a.z.s.q.LearnerHandler@720] - Unexpected exception in LearnerHandler: 
java.net.SocketException: Socket closed
	at java.base/sun.nio.ch.NioSocketImpl.endRead(NioSocketImpl.java:248)
	at java.base/sun.nio.ch.NioSocketImpl.implRead(NioSocketImpl.java:327)
	at java.base/sun.nio.ch.NioSocketImpl.read(NioSocketImpl.java:350)
	at java.base/sun.nio.ch.NioSocketImpl$1.read(NioSocketImpl.java:803)
	at java.base/java.net.Socket$SocketInputStream.read(Socket.java:966)
	at java.base/java.io.BufferedInputStream.fill(BufferedInputStream.java:244)
	at java.base/java.io.BufferedInputStream.read(BufferedInputStream.java:263)
	at java.base/java.io.DataInputStream.readInt(DataInputStream.java:393)
	at org.apache.jute.BinaryInputArchive.readInt(BinaryInputArchive.java:96)
	at org.apache.zookeeper.server.quorum.QuorumPacket.deserialize(QuorumPacket.java:86)
	at org.apache.jute.BinaryInputArchive.readRecord(BinaryInputArchive.java:134)
	at org.apache.zookeeper.server.quorum.LearnerHandler.run(LearnerHandler.java:657)
2023-09-03 22:30:33,134 [myid:] - ERROR [LeaderConnector-localhost/127.0.0.1:30191:o.a.z.s.q.Learner$LeaderConnector@408] - [wasabi] Retry Loop 05 is called. MaxRetry : 5
2023-09-03 22:30:33,135 [myid:] - ERROR [LeaderConnector-localhost/127.0.0.1:30191:o.a.z.s.q.Learner$LeaderConnector@409] - [wasabi] Retry Loop 05 is called. MaxDuration : 100
2023-09-03 22:30:37,525 [myid:] - ERROR [LearnerHandler-/127.0.0.1:38040:o.a.z.s.q.LearnerHandler@720] - Unexpected exception in LearnerHandler: 
java.io.EOFException: null
	at java.base/java.io.DataInputStream.readInt(DataInputStream.java:398)
	at org.apache.jute.BinaryInputArchive.readInt(BinaryInputArchive.java:96)
	at org.apache.zookeeper.server.quorum.QuorumPacket.deserialize(QuorumPacket.java:86)
	at org.apache.jute.BinaryInputArchive.readRecord(BinaryInputArchive.java:134)
	at org.apache.zookeeper.server.quorum.LearnerHandler.run(LearnerHandler.java:657)
2023-09-03 22:30:37,531 [myid:] - ERROR [main:o.w.l.WasabiListener5@30] - [wasabi] testPortChange() is finished
2023-09-03 22:30:37,532 [myid:] - ERROR [main:o.w.l.WasabiListener5@31] - [WASABIEND]
]]></system-out>
  </testcase>
  <testcase name="testPortChangeToBlockedPortLeader()" classname="ReconfigTest" time="64.586">
    <system-out><![CDATA[2023-09-03 22:30:37,532 [myid:] - ERROR [main:o.w.l.WasabiListener5@22] - [WASABISTART]
2023-09-03 22:30:37,532 [myid:] - ERROR [main:o.w.l.WasabiListener5@23] - [wasabi] testPortChangeToBlockedPortLeader() is started
2023-09-03 22:30:37,548 [myid:] - ERROR [ListenerHandler-/127.0.0.1:30197:o.a.z.s.q.QuorumCnxManager$Listener$ListenerHandler@1067] - [wasabi] Retry Loop 06 is called. MaxRetry :3
2023-09-03 22:30:37,548 [myid:] - ERROR [ListenerHandler-/127.0.0.1:30197:o.a.z.s.q.QuorumCnxManager$Listener$ListenerHandler@1072] - [wasabi] Retry Loop 07 is called. MaxRetry :3
2023-09-03 22:30:37,555 [myid:] - ERROR [ListenerHandler-/127.0.0.1:30200:o.a.z.s.q.QuorumCnxManager$Listener$ListenerHandler@1067] - [wasabi] Retry Loop 06 is called. MaxRetry :3
2023-09-03 22:30:37,555 [myid:] - ERROR [ListenerHandler-/127.0.0.1:30200:o.a.z.s.q.QuorumCnxManager$Listener$ListenerHandler@1072] - [wasabi] Retry Loop 07 is called. MaxRetry :3
2023-09-03 22:30:37,563 [myid:] - ERROR [ListenerHandler-/127.0.0.1:30203:o.a.z.s.q.QuorumCnxManager$Listener$ListenerHandler@1067] - [wasabi] Retry Loop 06 is called. MaxRetry :3
2023-09-03 22:30:37,563 [myid:] - ERROR [ListenerHandler-/127.0.0.1:30203:o.a.z.s.q.QuorumCnxManager$Listener$ListenerHandler@1072] - [wasabi] Retry Loop 07 is called. MaxRetry :3
2023-09-03 22:30:37,770 [myid:] - ERROR [LeaderConnector-/127.0.0.1:30202:o.a.z.s.q.Learner$LeaderConnector@408] - [wasabi] Retry Loop 05 is called. MaxRetry : 5
2023-09-03 22:30:37,770 [myid:] - ERROR [LeaderConnector-/127.0.0.1:30202:o.a.z.s.q.Learner$LeaderConnector@408] - [wasabi] Retry Loop 05 is called. MaxRetry : 5
2023-09-03 22:30:37,770 [myid:] - ERROR [LeaderConnector-/127.0.0.1:30202:o.a.z.s.q.Learner$LeaderConnector@409] - [wasabi] Retry Loop 05 is called. MaxDuration : 100
2023-09-03 22:30:37,770 [myid:] - ERROR [LeaderConnector-/127.0.0.1:30202:o.a.z.s.q.Learner$LeaderConnector@409] - [wasabi] Retry Loop 05 is called. MaxDuration : 100
2023-09-03 22:30:37,817 [myid:] - ERROR [main-SendThread():o.a.z.ClientCnxn$SendThread@1179] - [wasabi] Retry Loop 03 is called. MaxDuration : 10000
2023-09-03 22:30:37,818 [myid:] - ERROR [main-SendThread():o.a.z.ClientCnxn$SendThread@1179] - [wasabi] Retry Loop 03 is called. MaxDuration : 10000
2023-09-03 22:30:37,819 [myid:] - ERROR [main-SendThread():o.a.z.ClientCnxn$SendThread@1179] - [wasabi] Retry Loop 03 is called. MaxDuration : 10000
2023-09-03 22:30:37,819 [myid:] - ERROR [main-SendThread():o.a.z.ClientCnxn$SendThread@1179] - [wasabi] Retry Loop 03 is called. MaxDuration : 10000
2023-09-03 22:30:37,820 [myid:] - ERROR [main-SendThread():o.a.z.ClientCnxn$SendThread@1179] - [wasabi] Retry Loop 03 is called. MaxDuration : 10000
2023-09-03 22:30:37,821 [myid:] - ERROR [main-SendThread():o.a.z.ClientCnxn$SendThread@1179] - [wasabi] Retry Loop 03 is called. MaxDuration : 10000
2023-09-03 22:30:37,851 [myid:] - ERROR [ListenerHandler-localhost/127.0.0.1:30203:o.a.z.s.q.QuorumCnxManager$Listener$ListenerHandler@1067] - [wasabi] Retry Loop 06 is called. MaxRetry :3
2023-09-03 22:30:37,851 [myid:] - ERROR [LearnerHandler-/127.0.0.1:50526:o.a.z.s.NIOServerCnxnFactory@703] - Error reconfiguring client port to localhost/127.0.0.1:30204
java.net.BindException: Address already in use
	at java.base/sun.nio.ch.Net.bind0(Native Method)
	at java.base/sun.nio.ch.Net.bind(Net.java:555)
	at java.base/sun.nio.ch.ServerSocketChannelImpl.netBind(ServerSocketChannelImpl.java:337)
	at java.base/sun.nio.ch.ServerSocketChannelImpl.bind(ServerSocketChannelImpl.java:294)
	at java.base/sun.nio.ch.ServerSocketAdaptor.bind(ServerSocketAdaptor.java:89)
	at java.base/sun.nio.ch.ServerSocketAdaptor.bind(ServerSocketAdaptor.java:81)
	at org.apache.zookeeper.server.NIOServerCnxnFactory.reconfigure(NIOServerCnxnFactory.java:698)
	at org.apache.zookeeper.server.quorum.QuorumPeer.processReconfig(QuorumPeer.java:2297)
	at org.apache.zookeeper.server.quorum.Leader.tryToCommit(Leader.java:960)
	at org.apache.zookeeper.server.quorum.Leader.processAck(Leader.java:1044)
	at org.apache.zookeeper.server.quorum.LearnerHandler.run(LearnerHandler.java:682)
2023-09-03 22:30:37,851 [myid:] - ERROR [ListenerHandler-localhost/127.0.0.1:30203:o.a.z.s.q.QuorumCnxManager$Listener$ListenerHandler@1072] - [wasabi] Retry Loop 07 is called. MaxRetry :3
2023-09-03 22:30:37,853 [myid:] - ERROR [ListenerHandler-/127.0.0.1:30200:o.a.z.s.q.QuorumCnxManager$Listener$ListenerHandler@1067] - [wasabi] Retry Loop 06 is called. MaxRetry :3
2023-09-03 22:30:37,853 [myid:] - ERROR [ListenerHandler-/127.0.0.1:30197:o.a.z.s.q.QuorumCnxManager$Listener$ListenerHandler@1067] - [wasabi] Retry Loop 06 is called. MaxRetry :3
2023-09-03 22:30:37,853 [myid:] - ERROR [ListenerHandler-/127.0.0.1:30200:o.a.z.s.q.QuorumCnxManager$Listener$ListenerHandler@1072] - [wasabi] Retry Loop 07 is called. MaxRetry :3
2023-09-03 22:30:37,853 [myid:] - ERROR [ListenerHandler-/127.0.0.1:30197:o.a.z.s.q.QuorumCnxManager$Listener$ListenerHandler@1072] - [wasabi] Retry Loop 07 is called. MaxRetry :3
2023-09-03 22:30:38,964 [myid:] - ERROR [main-SendThread():o.a.z.ClientCnxn$SendThread@1179] - [wasabi] Retry Loop 03 is called. MaxDuration : 10000
2023-09-03 22:30:39,070 [myid:] - ERROR [main-SendThread():o.a.z.ClientCnxn$SendThread@1179] - [wasabi] Retry Loop 03 is called. MaxDuration : 10000
2023-09-03 22:31:09,100 [myid:] - ERROR [ListenerHandler-localhost/127.0.0.1:30203:o.a.z.s.q.QuorumCnxManager$Listener$ListenerHandler@1067] - [wasabi] Retry Loop 06 is called. MaxRetry :3
2023-09-03 22:31:09,101 [myid:] - ERROR [ListenerHandler-localhost/127.0.0.1:30203:o.a.z.s.q.QuorumCnxManager$Listener$ListenerHandler@1072] - [wasabi] Retry Loop 07 is called. MaxRetry :3
2023-09-03 22:31:09,103 [myid:] - ERROR [ListenerHandler-/127.0.0.1:30200:o.a.z.s.q.QuorumCnxManager$Listener$ListenerHandler@1067] - [wasabi] Retry Loop 06 is called. MaxRetry :3
2023-09-03 22:31:09,103 [myid:] - ERROR [ListenerHandler-/127.0.0.1:30197:o.a.z.s.q.QuorumCnxManager$Listener$ListenerHandler@1067] - [wasabi] Retry Loop 06 is called. MaxRetry :3
2023-09-03 22:31:09,103 [myid:] - ERROR [ListenerHandler-/127.0.0.1:30200:o.a.z.s.q.QuorumCnxManager$Listener$ListenerHandler@1072] - [wasabi] Retry Loop 07 is called. MaxRetry :3
2023-09-03 22:31:09,103 [myid:] - ERROR [ListenerHandler-/127.0.0.1:30197:o.a.z.s.q.QuorumCnxManager$Listener$ListenerHandler@1072] - [wasabi] Retry Loop 07 is called. MaxRetry :3
2023-09-03 22:31:40,354 [myid:] - ERROR [main-SendThread():o.a.z.ClientCnxn$SendThread@1179] - [wasabi] Retry Loop 03 is called. MaxDuration : 10000
2023-09-03 22:31:42,109 [myid:] - ERROR [LearnerHandler-/127.0.0.1:50526:o.a.z.s.q.LearnerHandler@720] - Unexpected exception in LearnerHandler: 
java.io.EOFException: null
	at java.base/java.io.DataInputStream.readInt(DataInputStream.java:398)
	at org.apache.jute.BinaryInputArchive.readInt(BinaryInputArchive.java:96)
	at org.apache.zookeeper.server.quorum.QuorumPacket.deserialize(QuorumPacket.java:86)
	at org.apache.jute.BinaryInputArchive.readRecord(BinaryInputArchive.java:134)
	at org.apache.zookeeper.server.quorum.LearnerHandler.run(LearnerHandler.java:657)
2023-09-03 22:31:42,112 [myid:] - ERROR [LearnerHandler-/127.0.0.1:50514:o.a.z.s.q.LearnerHandler@720] - Unexpected exception in LearnerHandler: 
java.io.EOFException: null
	at java.base/java.io.DataInputStream.readInt(DataInputStream.java:398)
	at org.apache.jute.BinaryInputArchive.readInt(BinaryInputArchive.java:96)
	at org.apache.zookeeper.server.quorum.QuorumPacket.deserialize(QuorumPacket.java:86)
	at org.apache.jute.BinaryInputArchive.readRecord(BinaryInputArchive.java:134)
	at org.apache.zookeeper.server.quorum.LearnerHandler.run(LearnerHandler.java:657)
2023-09-03 22:31:42,118 [myid:] - ERROR [main:o.w.l.WasabiListener5@30] - [wasabi] testPortChangeToBlockedPortLeader() is finished
2023-09-03 22:31:42,118 [myid:] - ERROR [main:o.w.l.WasabiListener5@31] - [WASABIEND]
]]></system-out>
  </testcase>
  <testcase name="testUnspecifiedClientAddress()" classname="ReconfigTest" time="0.003">
    <system-out><![CDATA[2023-09-03 22:31:42,119 [myid:] - ERROR [main:o.w.l.WasabiListener5@22] - [WASABISTART]
2023-09-03 22:31:42,119 [myid:] - ERROR [main:o.w.l.WasabiListener5@23] - [wasabi] testUnspecifiedClientAddress() is started
2023-09-03 22:31:42,121 [myid:] - ERROR [main:o.w.l.WasabiListener5@30] - [wasabi] testUnspecifiedClientAddress() is finished
2023-09-03 22:31:42,121 [myid:] - ERROR [main:o.w.l.WasabiListener5@31] - [WASABIEND]
]]></system-out>
  </testcase>
  <testcase name="testReconfigEnablemntWithRollingRestart()" classname="ReconfigTest" time="5.605">
    <system-out><![CDATA[2023-09-03 22:31:42,122 [myid:] - ERROR [main:o.w.l.WasabiListener5@22] - [WASABISTART]
2023-09-03 22:31:42,122 [myid:] - ERROR [main:o.w.l.WasabiListener5@23] - [wasabi] testReconfigEnablemntWithRollingRestart() is started
2023-09-03 22:31:42,137 [myid:] - ERROR [ListenerHandler-/127.0.0.1:30210:o.a.z.s.q.QuorumCnxManager$Listener$ListenerHandler@1067] - [wasabi] Retry Loop 06 is called. MaxRetry :3
2023-09-03 22:31:42,137 [myid:] - ERROR [ListenerHandler-/127.0.0.1:30210:o.a.z.s.q.QuorumCnxManager$Listener$ListenerHandler@1072] - [wasabi] Retry Loop 07 is called. MaxRetry :3
2023-09-03 22:31:42,144 [myid:] - ERROR [ListenerHandler-/127.0.0.1:30213:o.a.z.s.q.QuorumCnxManager$Listener$ListenerHandler@1067] - [wasabi] Retry Loop 06 is called. MaxRetry :3
2023-09-03 22:31:42,144 [myid:] - ERROR [ListenerHandler-/127.0.0.1:30213:o.a.z.s.q.QuorumCnxManager$Listener$ListenerHandler@1072] - [wasabi] Retry Loop 07 is called. MaxRetry :3
2023-09-03 22:31:42,150 [myid:] - ERROR [ListenerHandler-/127.0.0.1:30216:o.a.z.s.q.QuorumCnxManager$Listener$ListenerHandler@1067] - [wasabi] Retry Loop 06 is called. MaxRetry :3
2023-09-03 22:31:42,151 [myid:] - ERROR [ListenerHandler-/127.0.0.1:30216:o.a.z.s.q.QuorumCnxManager$Listener$ListenerHandler@1072] - [wasabi] Retry Loop 07 is called. MaxRetry :3
2023-09-03 22:31:42,354 [myid:] - ERROR [LeaderConnector-/127.0.0.1:30215:o.a.z.s.q.Learner$LeaderConnector@408] - [wasabi] Retry Loop 05 is called. MaxRetry : 5
2023-09-03 22:31:42,354 [myid:] - ERROR [LeaderConnector-/127.0.0.1:30215:o.a.z.s.q.Learner$LeaderConnector@408] - [wasabi] Retry Loop 05 is called. MaxRetry : 5
2023-09-03 22:31:42,354 [myid:] - ERROR [LeaderConnector-/127.0.0.1:30215:o.a.z.s.q.Learner$LeaderConnector@409] - [wasabi] Retry Loop 05 is called. MaxDuration : 100
2023-09-03 22:31:42,354 [myid:] - ERROR [LeaderConnector-/127.0.0.1:30215:o.a.z.s.q.Learner$LeaderConnector@409] - [wasabi] Retry Loop 05 is called. MaxDuration : 100
2023-09-03 22:31:42,404 [myid:] - ERROR [main-SendThread():o.a.z.ClientCnxn$SendThread@1179] - [wasabi] Retry Loop 03 is called. MaxDuration : 10000
2023-09-03 22:31:42,404 [myid:] - ERROR [main-SendThread():o.a.z.ClientCnxn$SendThread@1179] - [wasabi] Retry Loop 03 is called. MaxDuration : 10000
2023-09-03 22:31:42,404 [myid:] - ERROR [main-SendThread():o.a.z.ClientCnxn$SendThread@1179] - [wasabi] Retry Loop 03 is called. MaxDuration : 10000
2023-09-03 22:31:42,429 [myid:] - ERROR [LearnerHandler-/127.0.0.1:33294:o.a.z.s.q.LearnerHandler@720] - Unexpected exception in LearnerHandler: 
java.io.EOFException: null
	at java.base/java.io.DataInputStream.readInt(DataInputStream.java:398)
	at org.apache.jute.BinaryInputArchive.readInt(BinaryInputArchive.java:96)
	at org.apache.zookeeper.server.quorum.QuorumPacket.deserialize(QuorumPacket.java:86)
	at org.apache.jute.BinaryInputArchive.readRecord(BinaryInputArchive.java:134)
	at org.apache.zookeeper.server.quorum.LearnerHandler.run(LearnerHandler.java:657)
2023-09-03 22:31:42,434 [myid:] - ERROR [ListenerHandler-/127.0.0.1:30210:o.a.z.s.q.QuorumCnxManager$Listener$ListenerHandler@1067] - [wasabi] Retry Loop 06 is called. MaxRetry :3
2023-09-03 22:31:42,434 [myid:] - ERROR [ListenerHandler-/127.0.0.1:30210:o.a.z.s.q.QuorumCnxManager$Listener$ListenerHandler@1072] - [wasabi] Retry Loop 07 is called. MaxRetry :3
2023-09-03 22:31:42,440 [myid:] - ERROR [LeaderConnector-/127.0.0.1:30215:o.a.z.s.q.Learner$LeaderConnector@408] - [wasabi] Retry Loop 05 is called. MaxRetry : 5
2023-09-03 22:31:42,440 [myid:] - ERROR [LeaderConnector-/127.0.0.1:30215:o.a.z.s.q.Learner$LeaderConnector@409] - [wasabi] Retry Loop 05 is called. MaxDuration : 100
2023-09-03 22:31:44,194 [myid:] - ERROR [LearnerHandler-/127.0.0.1:33292:o.a.z.s.q.LearnerHandler@720] - Unexpected exception in LearnerHandler: 
java.io.EOFException: null
	at java.base/java.io.DataInputStream.readInt(DataInputStream.java:398)
	at org.apache.jute.BinaryInputArchive.readInt(BinaryInputArchive.java:96)
	at org.apache.zookeeper.server.quorum.QuorumPacket.deserialize(QuorumPacket.java:86)
	at org.apache.jute.BinaryInputArchive.readRecord(BinaryInputArchive.java:134)
	at org.apache.zookeeper.server.quorum.LearnerHandler.run(LearnerHandler.java:657)
2023-09-03 22:31:44,199 [myid:] - ERROR [ListenerHandler-/127.0.0.1:30213:o.a.z.s.q.QuorumCnxManager$Listener$ListenerHandler@1067] - [wasabi] Retry Loop 06 is called. MaxRetry :3
2023-09-03 22:31:44,200 [myid:] - ERROR [ListenerHandler-/127.0.0.1:30213:o.a.z.s.q.QuorumCnxManager$Listener$ListenerHandler@1072] - [wasabi] Retry Loop 07 is called. MaxRetry :3
2023-09-03 22:31:44,204 [myid:] - ERROR [LeaderConnector-/127.0.0.1:30215:o.a.z.s.q.Learner$LeaderConnector@408] - [wasabi] Retry Loop 05 is called. MaxRetry : 5
2023-09-03 22:31:44,204 [myid:] - ERROR [LeaderConnector-/127.0.0.1:30215:o.a.z.s.q.Learner$LeaderConnector@409] - [wasabi] Retry Loop 05 is called. MaxDuration : 100
2023-09-03 22:31:45,538 [myid:] - ERROR [LearnerHandler-/127.0.0.1:33322:o.a.z.s.q.LearnerHandler@720] - Unexpected exception in LearnerHandler: 
java.net.SocketException: Socket closed
	at java.base/sun.nio.ch.NioSocketImpl.endRead(NioSocketImpl.java:248)
	at java.base/sun.nio.ch.NioSocketImpl.implRead(NioSocketImpl.java:327)
	at java.base/sun.nio.ch.NioSocketImpl.read(NioSocketImpl.java:350)
	at java.base/sun.nio.ch.NioSocketImpl$1.read(NioSocketImpl.java:803)
	at java.base/java.net.Socket$SocketInputStream.read(Socket.java:966)
	at java.base/java.io.BufferedInputStream.fill(BufferedInputStream.java:244)
	at java.base/java.io.BufferedInputStream.read(BufferedInputStream.java:263)
	at java.base/java.io.DataInputStream.readInt(DataInputStream.java:393)
	at org.apache.jute.BinaryInputArchive.readInt(BinaryInputArchive.java:96)
	at org.apache.zookeeper.server.quorum.QuorumPacket.deserialize(QuorumPacket.java:86)
	at org.apache.jute.BinaryInputArchive.readRecord(BinaryInputArchive.java:134)
	at org.apache.zookeeper.server.quorum.LearnerHandler.run(LearnerHandler.java:657)
2023-09-03 22:31:45,538 [myid:] - ERROR [LearnerHandler-/127.0.0.1:33308:o.a.z.s.q.LearnerHandler@720] - Unexpected exception in LearnerHandler: 
java.net.SocketException: Socket closed
	at java.base/sun.nio.ch.NioSocketImpl.endRead(NioSocketImpl.java:248)
	at java.base/sun.nio.ch.NioSocketImpl.implRead(NioSocketImpl.java:327)
	at java.base/sun.nio.ch.NioSocketImpl.read(NioSocketImpl.java:350)
	at java.base/sun.nio.ch.NioSocketImpl$1.read(NioSocketImpl.java:803)
	at java.base/java.net.Socket$SocketInputStream.read(Socket.java:966)
	at java.base/java.io.BufferedInputStream.fill(BufferedInputStream.java:244)
	at java.base/java.io.BufferedInputStream.read(BufferedInputStream.java:263)
	at java.base/java.io.DataInputStream.readInt(DataInputStream.java:393)
	at org.apache.jute.BinaryInputArchive.readInt(BinaryInputArchive.java:96)
	at org.apache.zookeeper.server.quorum.QuorumPacket.deserialize(QuorumPacket.java:86)
	at org.apache.jute.BinaryInputArchive.readRecord(BinaryInputArchive.java:134)
	at org.apache.zookeeper.server.quorum.LearnerHandler.run(LearnerHandler.java:657)
2023-09-03 22:31:45,544 [myid:] - ERROR [ListenerHandler-/127.0.0.1:30216:o.a.z.s.q.QuorumCnxManager$Listener$ListenerHandler@1067] - [wasabi] Retry Loop 06 is called. MaxRetry :3
2023-09-03 22:31:45,544 [myid:] - ERROR [ListenerHandler-/127.0.0.1:30216:o.a.z.s.q.QuorumCnxManager$Listener$ListenerHandler@1072] - [wasabi] Retry Loop 07 is called. MaxRetry :3
2023-09-03 22:31:45,747 [myid:] - ERROR [LeaderConnector-/127.0.0.1:30215:o.a.z.s.q.Learner$LeaderConnector@408] - [wasabi] Retry Loop 05 is called. MaxRetry : 5
2023-09-03 22:31:45,748 [myid:] - ERROR [LeaderConnector-/127.0.0.1:30215:o.a.z.s.q.Learner$LeaderConnector@408] - [wasabi] Retry Loop 05 is called. MaxRetry : 5
2023-09-03 22:31:45,748 [myid:] - ERROR [LeaderConnector-/127.0.0.1:30215:o.a.z.s.q.Learner$LeaderConnector@409] - [wasabi] Retry Loop 05 is called. MaxDuration : 100
2023-09-03 22:31:45,748 [myid:] - ERROR [LeaderConnector-/127.0.0.1:30215:o.a.z.s.q.Learner$LeaderConnector@409] - [wasabi] Retry Loop 05 is called. MaxDuration : 100
2023-09-03 22:31:46,997 [myid:] - ERROR [main-SendThread():o.a.z.ClientCnxn$SendThread@1179] - [wasabi] Retry Loop 03 is called. MaxDuration : 10000
2023-09-03 22:31:46,998 [myid:] - ERROR [main-SendThread():o.a.z.ClientCnxn$SendThread@1179] - [wasabi] Retry Loop 03 is called. MaxDuration : 10000
2023-09-03 22:31:46,998 [myid:] - ERROR [main-SendThread():o.a.z.ClientCnxn$SendThread@1179] - [wasabi] Retry Loop 03 is called. MaxDuration : 10000
2023-09-03 22:31:47,017 [myid:] - ERROR [ListenerHandler-/127.0.0.1:30216:o.a.z.s.q.QuorumCnxManager$Listener$ListenerHandler@1067] - [wasabi] Retry Loop 06 is called. MaxRetry :3
2023-09-03 22:31:47,018 [myid:] - ERROR [ListenerHandler-/127.0.0.1:30216:o.a.z.s.q.QuorumCnxManager$Listener$ListenerHandler@1072] - [wasabi] Retry Loop 07 is called. MaxRetry :3
2023-09-03 22:31:47,018 [myid:] - ERROR [ListenerHandler-/127.0.0.1:30210:o.a.z.s.q.QuorumCnxManager$Listener$ListenerHandler@1067] - [wasabi] Retry Loop 06 is called. MaxRetry :3
2023-09-03 22:31:47,019 [myid:] - ERROR [ListenerHandler-/127.0.0.1:30210:o.a.z.s.q.QuorumCnxManager$Listener$ListenerHandler@1072] - [wasabi] Retry Loop 07 is called. MaxRetry :3
2023-09-03 22:31:47,019 [myid:] - ERROR [ListenerHandler-/127.0.0.1:30213:o.a.z.s.q.QuorumCnxManager$Listener$ListenerHandler@1067] - [wasabi] Retry Loop 06 is called. MaxRetry :3
2023-09-03 22:31:47,019 [myid:] - ERROR [ListenerHandler-/127.0.0.1:30213:o.a.z.s.q.QuorumCnxManager$Listener$ListenerHandler@1072] - [wasabi] Retry Loop 07 is called. MaxRetry :3
2023-09-03 22:31:47,049 [myid:] - ERROR [ListenerHandler-/127.0.0.1:30216:o.a.z.s.q.QuorumCnxManager$Listener$ListenerHandler@1067] - [wasabi] Retry Loop 06 is called. MaxRetry :3
2023-09-03 22:31:47,050 [myid:] - ERROR [ListenerHandler-/127.0.0.1:30216:o.a.z.s.q.QuorumCnxManager$Listener$ListenerHandler@1072] - [wasabi] Retry Loop 07 is called. MaxRetry :3
2023-09-03 22:31:47,050 [myid:] - ERROR [ListenerHandler-/127.0.0.1:30210:o.a.z.s.q.QuorumCnxManager$Listener$ListenerHandler@1067] - [wasabi] Retry Loop 06 is called. MaxRetry :3
2023-09-03 22:31:47,050 [myid:] - ERROR [ListenerHandler-/127.0.0.1:30210:o.a.z.s.q.QuorumCnxManager$Listener$ListenerHandler@1072] - [wasabi] Retry Loop 07 is called. MaxRetry :3
2023-09-03 22:31:47,050 [myid:] - ERROR [ListenerHandler-localhost/127.0.0.1:30213:o.a.z.s.q.QuorumCnxManager$Listener$ListenerHandler@1067] - [wasabi] Retry Loop 06 is called. MaxRetry :3
2023-09-03 22:31:47,051 [myid:] - ERROR [ListenerHandler-localhost/127.0.0.1:30213:o.a.z.s.q.QuorumCnxManager$Listener$ListenerHandler@1072] - [wasabi] Retry Loop 07 is called. MaxRetry :3
2023-09-03 22:31:47,715 [myid:] - ERROR [LearnerHandler-/127.0.0.1:33336:o.a.z.s.q.LearnerHandler@720] - Unexpected exception in LearnerHandler: 
java.io.EOFException: null
	at java.base/java.io.DataInputStream.readInt(DataInputStream.java:398)
	at org.apache.jute.BinaryInputArchive.readInt(BinaryInputArchive.java:96)
	at org.apache.zookeeper.server.quorum.QuorumPacket.deserialize(QuorumPacket.java:86)
	at org.apache.jute.BinaryInputArchive.readRecord(BinaryInputArchive.java:134)
	at org.apache.zookeeper.server.quorum.LearnerHandler.run(LearnerHandler.java:657)
2023-09-03 22:31:47,719 [myid:] - ERROR [LearnerHandler-/127.0.0.1:33338:o.a.z.s.q.LearnerHandler@720] - Unexpected exception in LearnerHandler: 
java.io.EOFException: null
	at java.base/java.io.DataInputStream.readInt(DataInputStream.java:398)
	at org.apache.jute.BinaryInputArchive.readInt(BinaryInputArchive.java:96)
	at org.apache.zookeeper.server.quorum.QuorumPacket.deserialize(QuorumPacket.java:86)
	at org.apache.jute.BinaryInputArchive.readRecord(BinaryInputArchive.java:134)
	at org.apache.zookeeper.server.quorum.LearnerHandler.run(LearnerHandler.java:657)
2023-09-03 22:31:47,726 [myid:] - ERROR [main:o.w.l.WasabiListener5@30] - [wasabi] testReconfigEnablemntWithRollingRestart() is finished
2023-09-03 22:31:47,726 [myid:] - ERROR [main:o.w.l.WasabiListener5@31] - [WASABIEND]
]]></system-out>
  </testcase>
  <testcase name="testInitialConfigHasPositiveVersion()" classname="ReconfigTest" time="0.675">
    <system-out><![CDATA[2023-09-03 22:31:47,727 [myid:] - ERROR [main:o.w.l.WasabiListener5@22] - [WASABISTART]
2023-09-03 22:31:47,727 [myid:] - ERROR [main:o.w.l.WasabiListener5@23] - [wasabi] testInitialConfigHasPositiveVersion() is started
2023-09-03 22:31:47,745 [myid:] - ERROR [ListenerHandler-/127.0.0.1:30219:o.a.z.s.q.QuorumCnxManager$Listener$ListenerHandler@1067] - [wasabi] Retry Loop 06 is called. MaxRetry :3
2023-09-03 22:31:47,746 [myid:] - ERROR [ListenerHandler-/127.0.0.1:30219:o.a.z.s.q.QuorumCnxManager$Listener$ListenerHandler@1072] - [wasabi] Retry Loop 07 is called. MaxRetry :3
2023-09-03 22:31:47,753 [myid:] - ERROR [ListenerHandler-/127.0.0.1:30222:o.a.z.s.q.QuorumCnxManager$Listener$ListenerHandler@1067] - [wasabi] Retry Loop 06 is called. MaxRetry :3
2023-09-03 22:31:47,753 [myid:] - ERROR [ListenerHandler-/127.0.0.1:30222:o.a.z.s.q.QuorumCnxManager$Listener$ListenerHandler@1072] - [wasabi] Retry Loop 07 is called. MaxRetry :3
2023-09-03 22:31:47,761 [myid:] - ERROR [ListenerHandler-/127.0.0.1:30225:o.a.z.s.q.QuorumCnxManager$Listener$ListenerHandler@1067] - [wasabi] Retry Loop 06 is called. MaxRetry :3
2023-09-03 22:31:47,761 [myid:] - ERROR [ListenerHandler-/127.0.0.1:30225:o.a.z.s.q.QuorumCnxManager$Listener$ListenerHandler@1072] - [wasabi] Retry Loop 07 is called. MaxRetry :3
2023-09-03 22:31:47,965 [myid:] - ERROR [LeaderConnector-/127.0.0.1:30224:o.a.z.s.q.Learner$LeaderConnector@408] - [wasabi] Retry Loop 05 is called. MaxRetry : 5
2023-09-03 22:31:47,965 [myid:] - ERROR [LeaderConnector-/127.0.0.1:30224:o.a.z.s.q.Learner$LeaderConnector@409] - [wasabi] Retry Loop 05 is called. MaxDuration : 100
2023-09-03 22:31:47,965 [myid:] - ERROR [LeaderConnector-/127.0.0.1:30224:o.a.z.s.q.Learner$LeaderConnector@408] - [wasabi] Retry Loop 05 is called. MaxRetry : 5
2023-09-03 22:31:47,965 [myid:] - ERROR [LeaderConnector-/127.0.0.1:30224:o.a.z.s.q.Learner$LeaderConnector@409] - [wasabi] Retry Loop 05 is called. MaxDuration : 100
2023-09-03 22:31:48,015 [myid:] - ERROR [main-SendThread():o.a.z.ClientCnxn$SendThread@1179] - [wasabi] Retry Loop 03 is called. MaxDuration : 10000
2023-09-03 22:31:48,016 [myid:] - ERROR [main-SendThread():o.a.z.ClientCnxn$SendThread@1179] - [wasabi] Retry Loop 03 is called. MaxDuration : 10000
2023-09-03 22:31:48,017 [myid:] - ERROR [main-SendThread():o.a.z.ClientCnxn$SendThread@1179] - [wasabi] Retry Loop 03 is called. MaxDuration : 10000
2023-09-03 22:31:48,393 [myid:] - ERROR [LearnerHandler-/127.0.0.1:40076:o.a.z.s.q.LearnerHandler@720] - Unexpected exception in LearnerHandler: 
java.io.EOFException: null
	at java.base/java.io.DataInputStream.readInt(DataInputStream.java:398)
	at org.apache.jute.BinaryInputArchive.readInt(BinaryInputArchive.java:96)
	at org.apache.zookeeper.server.quorum.QuorumPacket.deserialize(QuorumPacket.java:86)
	at org.apache.jute.BinaryInputArchive.readRecord(BinaryInputArchive.java:134)
	at org.apache.zookeeper.server.quorum.LearnerHandler.run(LearnerHandler.java:657)
2023-09-03 22:31:48,395 [myid:] - ERROR [LearnerHandler-/127.0.0.1:40082:o.a.z.s.q.LearnerHandler@720] - Unexpected exception in LearnerHandler: 
java.io.EOFException: null
	at java.base/java.io.DataInputStream.readInt(DataInputStream.java:398)
	at org.apache.jute.BinaryInputArchive.readInt(BinaryInputArchive.java:96)
	at org.apache.zookeeper.server.quorum.QuorumPacket.deserialize(QuorumPacket.java:86)
	at org.apache.jute.BinaryInputArchive.readRecord(BinaryInputArchive.java:134)
	at org.apache.zookeeper.server.quorum.LearnerHandler.run(LearnerHandler.java:657)
2023-09-03 22:31:48,402 [myid:] - ERROR [main:o.w.l.WasabiListener5@30] - [wasabi] testInitialConfigHasPositiveVersion() is finished
2023-09-03 22:31:48,403 [myid:] - ERROR [main:o.w.l.WasabiListener5@31] - [WASABIEND]
]]></system-out>
  </testcase>
  <testcase name="testRemoveAddOne()" classname="ReconfigTest" time="4.393">
    <system-out><![CDATA[2023-09-03 22:31:48,403 [myid:] - ERROR [main:o.w.l.WasabiListener5@22] - [WASABISTART]
2023-09-03 22:31:48,403 [myid:] - ERROR [main:o.w.l.WasabiListener5@23] - [wasabi] testRemoveAddOne() is started
2023-09-03 22:31:48,421 [myid:] - ERROR [ListenerHandler-/127.0.0.1:30228:o.a.z.s.q.QuorumCnxManager$Listener$ListenerHandler@1067] - [wasabi] Retry Loop 06 is called. MaxRetry :3
2023-09-03 22:31:48,421 [myid:] - ERROR [ListenerHandler-/127.0.0.1:30228:o.a.z.s.q.QuorumCnxManager$Listener$ListenerHandler@1072] - [wasabi] Retry Loop 07 is called. MaxRetry :3
2023-09-03 22:31:48,428 [myid:] - ERROR [ListenerHandler-/127.0.0.1:30231:o.a.z.s.q.QuorumCnxManager$Listener$ListenerHandler@1067] - [wasabi] Retry Loop 06 is called. MaxRetry :3
2023-09-03 22:31:48,428 [myid:] - ERROR [ListenerHandler-/127.0.0.1:30231:o.a.z.s.q.QuorumCnxManager$Listener$ListenerHandler@1072] - [wasabi] Retry Loop 07 is called. MaxRetry :3
2023-09-03 22:31:48,436 [myid:] - ERROR [ListenerHandler-/127.0.0.1:30234:o.a.z.s.q.QuorumCnxManager$Listener$ListenerHandler@1067] - [wasabi] Retry Loop 06 is called. MaxRetry :3
2023-09-03 22:31:48,437 [myid:] - ERROR [ListenerHandler-/127.0.0.1:30234:o.a.z.s.q.QuorumCnxManager$Listener$ListenerHandler@1072] - [wasabi] Retry Loop 07 is called. MaxRetry :3
2023-09-03 22:31:48,641 [myid:] - ERROR [LeaderConnector-/127.0.0.1:30233:o.a.z.s.q.Learner$LeaderConnector@408] - [wasabi] Retry Loop 05 is called. MaxRetry : 5
2023-09-03 22:31:48,642 [myid:] - ERROR [LeaderConnector-/127.0.0.1:30233:o.a.z.s.q.Learner$LeaderConnector@408] - [wasabi] Retry Loop 05 is called. MaxRetry : 5
2023-09-03 22:31:48,642 [myid:] - ERROR [LeaderConnector-/127.0.0.1:30233:o.a.z.s.q.Learner$LeaderConnector@409] - [wasabi] Retry Loop 05 is called. MaxDuration : 100
2023-09-03 22:31:48,642 [myid:] - ERROR [LeaderConnector-/127.0.0.1:30233:o.a.z.s.q.Learner$LeaderConnector@409] - [wasabi] Retry Loop 05 is called. MaxDuration : 100
2023-09-03 22:31:48,694 [myid:] - ERROR [main-SendThread():o.a.z.ClientCnxn$SendThread@1179] - [wasabi] Retry Loop 03 is called. MaxDuration : 10000
2023-09-03 22:31:48,695 [myid:] - ERROR [main-SendThread():o.a.z.ClientCnxn$SendThread@1179] - [wasabi] Retry Loop 03 is called. MaxDuration : 10000
2023-09-03 22:31:48,696 [myid:] - ERROR [main-SendThread():o.a.z.ClientCnxn$SendThread@1179] - [wasabi] Retry Loop 03 is called. MaxDuration : 10000
2023-09-03 22:31:48,700 [myid:] - ERROR [main-SendThread():o.a.z.ClientCnxn$SendThread@1179] - [wasabi] Retry Loop 03 is called. MaxDuration : 10000
2023-09-03 22:31:48,704 [myid:] - ERROR [main-SendThread():o.a.z.ClientCnxn$SendThread@1179] - [wasabi] Retry Loop 03 is called. MaxDuration : 10000
2023-09-03 22:31:48,706 [myid:] - ERROR [main-SendThread():o.a.z.ClientCnxn$SendThread@1179] - [wasabi] Retry Loop 03 is called. MaxDuration : 10000
2023-09-03 22:31:48,727 [myid:] - ERROR [ListenerHandler-/127.0.0.1:30234:o.a.z.s.q.QuorumCnxManager$Listener$ListenerHandler@1067] - [wasabi] Retry Loop 06 is called. MaxRetry :3
2023-09-03 22:31:48,727 [myid:] - ERROR [ListenerHandler-/127.0.0.1:30234:o.a.z.s.q.QuorumCnxManager$Listener$ListenerHandler@1072] - [wasabi] Retry Loop 07 is called. MaxRetry :3
2023-09-03 22:31:48,731 [myid:] - ERROR [ListenerHandler-/127.0.0.1:30228:o.a.z.s.q.QuorumCnxManager$Listener$ListenerHandler@1067] - [wasabi] Retry Loop 06 is called. MaxRetry :3
2023-09-03 22:31:48,732 [myid:] - ERROR [ListenerHandler-/127.0.0.1:30228:o.a.z.s.q.QuorumCnxManager$Listener$ListenerHandler@1072] - [wasabi] Retry Loop 07 is called. MaxRetry :3
2023-09-03 22:31:48,733 [myid:] - ERROR [ListenerHandler-/127.0.0.1:30231:o.a.z.s.q.QuorumCnxManager$Listener$ListenerHandler@1067] - [wasabi] Retry Loop 06 is called. MaxRetry :3
2023-09-03 22:31:48,734 [myid:] - ERROR [ListenerHandler-/127.0.0.1:30231:o.a.z.s.q.QuorumCnxManager$Listener$ListenerHandler@1072] - [wasabi] Retry Loop 07 is called. MaxRetry :3
2023-09-03 22:31:48,787 [myid:] - ERROR [ListenerHandler-/127.0.0.1:30234:o.a.z.s.q.QuorumCnxManager$Listener$ListenerHandler@1067] - [wasabi] Retry Loop 06 is called. MaxRetry :3
2023-09-03 22:31:48,787 [myid:] - ERROR [ListenerHandler-/127.0.0.1:30234:o.a.z.s.q.QuorumCnxManager$Listener$ListenerHandler@1072] - [wasabi] Retry Loop 07 is called. MaxRetry :3
2023-09-03 22:31:48,788 [myid:] - ERROR [ListenerHandler-/127.0.0.1:30231:o.a.z.s.q.QuorumCnxManager$Listener$ListenerHandler@1067] - [wasabi] Retry Loop 06 is called. MaxRetry :3
2023-09-03 22:31:48,788 [myid:] - ERROR [ListenerHandler-localhost/127.0.0.1:30228:o.a.z.s.q.QuorumCnxManager$Listener$ListenerHandler@1067] - [wasabi] Retry Loop 06 is called. MaxRetry :3
2023-09-03 22:31:48,789 [myid:] - ERROR [ListenerHandler-/127.0.0.1:30231:o.a.z.s.q.QuorumCnxManager$Listener$ListenerHandler@1072] - [wasabi] Retry Loop 07 is called. MaxRetry :3
2023-09-03 22:31:48,789 [myid:] - ERROR [ListenerHandler-localhost/127.0.0.1:30228:o.a.z.s.q.QuorumCnxManager$Listener$ListenerHandler@1072] - [wasabi] Retry Loop 07 is called. MaxRetry :3
2023-09-03 22:31:48,818 [myid:] - ERROR [ListenerHandler-/127.0.0.1:30234:o.a.z.s.q.QuorumCnxManager$Listener$ListenerHandler@1067] - [wasabi] Retry Loop 06 is called. MaxRetry :3
2023-09-03 22:31:48,818 [myid:] - ERROR [ListenerHandler-/127.0.0.1:30234:o.a.z.s.q.QuorumCnxManager$Listener$ListenerHandler@1072] - [wasabi] Retry Loop 07 is called. MaxRetry :3
2023-09-03 22:31:48,819 [myid:] - ERROR [ListenerHandler-/127.0.0.1:30231:o.a.z.s.q.QuorumCnxManager$Listener$ListenerHandler@1067] - [wasabi] Retry Loop 06 is called. MaxRetry :3
2023-09-03 22:31:48,819 [myid:] - ERROR [LearnerHandler-/127.0.0.1:57198:o.a.z.s.q.LearnerHandler@720] - Unexpected exception in LearnerHandler: 
java.io.EOFException: null
	at java.base/java.io.DataInputStream.readInt(DataInputStream.java:398)
	at org.apache.jute.BinaryInputArchive.readInt(BinaryInputArchive.java:96)
	at org.apache.zookeeper.server.quorum.QuorumPacket.deserialize(QuorumPacket.java:86)
	at org.apache.jute.BinaryInputArchive.readRecord(BinaryInputArchive.java:134)
	at org.apache.zookeeper.server.quorum.LearnerHandler.run(LearnerHandler.java:657)
2023-09-03 22:31:48,819 [myid:] - ERROR [ListenerHandler-/127.0.0.1:30231:o.a.z.s.q.QuorumCnxManager$Listener$ListenerHandler@1072] - [wasabi] Retry Loop 07 is called. MaxRetry :3
2023-09-03 22:31:48,819 [myid:] - ERROR [ListenerHandler-localhost/127.0.0.1:30228:o.a.z.s.q.QuorumCnxManager$Listener$ListenerHandler@1067] - [wasabi] Retry Loop 06 is called. MaxRetry :3
2023-09-03 22:31:48,819 [myid:] - ERROR [LearnerHandler-/127.0.0.1:57214:o.a.z.s.q.LearnerHandler@720] - Unexpected exception in LearnerHandler: 
java.io.EOFException: null
	at java.base/java.io.DataInputStream.readInt(DataInputStream.java:398)
	at org.apache.jute.BinaryInputArchive.readInt(BinaryInputArchive.java:96)
	at org.apache.zookeeper.server.quorum.QuorumPacket.deserialize(QuorumPacket.java:86)
	at org.apache.jute.BinaryInputArchive.readRecord(BinaryInputArchive.java:134)
	at org.apache.zookeeper.server.quorum.LearnerHandler.run(LearnerHandler.java:657)
2023-09-03 22:31:48,819 [myid:] - ERROR [ListenerHandler-localhost/127.0.0.1:30228:o.a.z.s.q.QuorumCnxManager$Listener$ListenerHandler@1072] - [wasabi] Retry Loop 07 is called. MaxRetry :3
2023-09-03 22:31:48,821 [myid:] - ERROR [LeaderConnector-localhost/127.0.0.1:30227:o.a.z.s.q.Learner$LeaderConnector@408] - [wasabi] Retry Loop 05 is called. MaxRetry : 5
2023-09-03 22:31:48,821 [myid:] - ERROR [LeaderConnector-localhost/127.0.0.1:30227:o.a.z.s.q.Learner$LeaderConnector@409] - [wasabi] Retry Loop 05 is called. MaxDuration : 100
2023-09-03 22:31:50,667 [myid:] - ERROR [LeaderConnector-localhost/127.0.0.1:30227:o.a.z.s.q.Learner$LeaderConnector@408] - [wasabi] Retry Loop 05 is called. MaxRetry : 5
2023-09-03 22:31:50,667 [myid:] - ERROR [LeaderConnector-localhost/127.0.0.1:30227:o.a.z.s.q.Learner$LeaderConnector@409] - [wasabi] Retry Loop 05 is called. MaxDuration : 100
2023-09-03 22:31:50,673 [myid:] - ERROR [LearnerHandler-/127.0.0.1:46142:o.a.z.s.q.LearnerHandler@933] - Unhandled scenario for peer sid: 3 fall back to use snapshot
2023-09-03 22:31:52,127 [myid:] - ERROR [ListenerHandler-localhost/127.0.0.1:30228:o.a.z.s.q.QuorumCnxManager$Listener$ListenerHandler@1067] - [wasabi] Retry Loop 06 is called. MaxRetry :3
2023-09-03 22:31:52,128 [myid:] - ERROR [ListenerHandler-localhost/127.0.0.1:30228:o.a.z.s.q.QuorumCnxManager$Listener$ListenerHandler@1072] - [wasabi] Retry Loop 07 is called. MaxRetry :3
2023-09-03 22:31:52,129 [myid:] - ERROR [ListenerHandler-/127.0.0.1:30231:o.a.z.s.q.QuorumCnxManager$Listener$ListenerHandler@1067] - [wasabi] Retry Loop 06 is called. MaxRetry :3
2023-09-03 22:31:52,129 [myid:] - ERROR [ListenerHandler-localhost/127.0.0.1:30234:o.a.z.s.q.QuorumCnxManager$Listener$ListenerHandler@1067] - [wasabi] Retry Loop 06 is called. MaxRetry :3
2023-09-03 22:31:52,130 [myid:] - ERROR [ListenerHandler-localhost/127.0.0.1:30234:o.a.z.s.q.QuorumCnxManager$Listener$ListenerHandler@1072] - [wasabi] Retry Loop 07 is called. MaxRetry :3
2023-09-03 22:31:52,130 [myid:] - ERROR [ListenerHandler-/127.0.0.1:30231:o.a.z.s.q.QuorumCnxManager$Listener$ListenerHandler@1072] - [wasabi] Retry Loop 07 is called. MaxRetry :3
2023-09-03 22:31:52,789 [myid:] - ERROR [LearnerHandler-/127.0.0.1:46138:o.a.z.s.q.LearnerHandler@720] - Unexpected exception in LearnerHandler: 
java.net.SocketException: Socket closed
	at java.base/sun.nio.ch.NioSocketImpl.endRead(NioSocketImpl.java:248)
	at java.base/sun.nio.ch.NioSocketImpl.implRead(NioSocketImpl.java:327)
	at java.base/sun.nio.ch.NioSocketImpl.read(NioSocketImpl.java:350)
	at java.base/sun.nio.ch.NioSocketImpl$1.read(NioSocketImpl.java:803)
	at java.base/java.net.Socket$SocketInputStream.read(Socket.java:966)
	at java.base/java.io.BufferedInputStream.fill(BufferedInputStream.java:244)
	at java.base/java.io.BufferedInputStream.read(BufferedInputStream.java:263)
	at java.base/java.io.DataInputStream.readInt(DataInputStream.java:393)
	at org.apache.jute.BinaryInputArchive.readInt(BinaryInputArchive.java:96)
	at org.apache.zookeeper.server.quorum.QuorumPacket.deserialize(QuorumPacket.java:86)
	at org.apache.jute.BinaryInputArchive.readRecord(BinaryInputArchive.java:134)
	at org.apache.zookeeper.server.quorum.LearnerHandler.run(LearnerHandler.java:657)
2023-09-03 22:31:52,788 [myid:] - ERROR [LearnerHandler-/127.0.0.1:46142:o.a.z.s.q.LearnerHandler@720] - Unexpected exception in LearnerHandler: 
java.net.SocketException: Socket closed
	at java.base/sun.nio.ch.NioSocketImpl.endRead(NioSocketImpl.java:248)
	at java.base/sun.nio.ch.NioSocketImpl.implRead(NioSocketImpl.java:327)
	at java.base/sun.nio.ch.NioSocketImpl.read(NioSocketImpl.java:350)
	at java.base/sun.nio.ch.NioSocketImpl$1.read(NioSocketImpl.java:803)
	at java.base/java.net.Socket$SocketInputStream.read(Socket.java:966)
	at java.base/java.io.BufferedInputStream.fill(BufferedInputStream.java:244)
	at java.base/java.io.BufferedInputStream.read(BufferedInputStream.java:263)
	at java.base/java.io.DataInputStream.readInt(DataInputStream.java:393)
	at org.apache.jute.BinaryInputArchive.readInt(BinaryInputArchive.java:96)
	at org.apache.zookeeper.server.quorum.QuorumPacket.deserialize(QuorumPacket.java:86)
	at org.apache.jute.BinaryInputArchive.readRecord(BinaryInputArchive.java:134)
	at org.apache.zookeeper.server.quorum.LearnerHandler.run(LearnerHandler.java:657)
2023-09-03 22:31:52,795 [myid:] - ERROR [main:o.w.l.WasabiListener5@30] - [wasabi] testRemoveAddOne() is finished
2023-09-03 22:31:52,796 [myid:] - ERROR [main:o.w.l.WasabiListener5@31] - [WASABIEND]
]]></system-out>
  </testcase>
  <testcase name="testRemoveAddTwo()" classname="ReconfigTest" time="17.822">
    <system-out><![CDATA[2023-09-03 22:31:52,796 [myid:] - ERROR [main:o.w.l.WasabiListener5@22] - [WASABISTART]
2023-09-03 22:31:52,797 [myid:] - ERROR [main:o.w.l.WasabiListener5@23] - [wasabi] testRemoveAddTwo() is started
2023-09-03 22:31:52,814 [myid:] - ERROR [ListenerHandler-/127.0.0.1:30237:o.a.z.s.q.QuorumCnxManager$Listener$ListenerHandler@1067] - [wasabi] Retry Loop 06 is called. MaxRetry :3
2023-09-03 22:31:52,814 [myid:] - ERROR [ListenerHandler-/127.0.0.1:30237:o.a.z.s.q.QuorumCnxManager$Listener$ListenerHandler@1072] - [wasabi] Retry Loop 07 is called. MaxRetry :3
2023-09-03 22:31:52,821 [myid:] - ERROR [ListenerHandler-/127.0.0.1:30240:o.a.z.s.q.QuorumCnxManager$Listener$ListenerHandler@1067] - [wasabi] Retry Loop 06 is called. MaxRetry :3
2023-09-03 22:31:52,821 [myid:] - ERROR [ListenerHandler-/127.0.0.1:30240:o.a.z.s.q.QuorumCnxManager$Listener$ListenerHandler@1072] - [wasabi] Retry Loop 07 is called. MaxRetry :3
2023-09-03 22:31:52,827 [myid:] - ERROR [ListenerHandler-/127.0.0.1:30243:o.a.z.s.q.QuorumCnxManager$Listener$ListenerHandler@1067] - [wasabi] Retry Loop 06 is called. MaxRetry :3
2023-09-03 22:31:52,827 [myid:] - ERROR [ListenerHandler-/127.0.0.1:30243:o.a.z.s.q.QuorumCnxManager$Listener$ListenerHandler@1072] - [wasabi] Retry Loop 07 is called. MaxRetry :3
2023-09-03 22:31:52,834 [myid:] - ERROR [ListenerHandler-/127.0.0.1:30246:o.a.z.s.q.QuorumCnxManager$Listener$ListenerHandler@1067] - [wasabi] Retry Loop 06 is called. MaxRetry :3
2023-09-03 22:31:52,835 [myid:] - ERROR [ListenerHandler-/127.0.0.1:30246:o.a.z.s.q.QuorumCnxManager$Listener$ListenerHandler@1072] - [wasabi] Retry Loop 07 is called. MaxRetry :3
2023-09-03 22:31:52,841 [myid:] - ERROR [ListenerHandler-/127.0.0.1:30249:o.a.z.s.q.QuorumCnxManager$Listener$ListenerHandler@1067] - [wasabi] Retry Loop 06 is called. MaxRetry :3
2023-09-03 22:31:52,841 [myid:] - ERROR [ListenerHandler-/127.0.0.1:30249:o.a.z.s.q.QuorumCnxManager$Listener$ListenerHandler@1072] - [wasabi] Retry Loop 07 is called. MaxRetry :3
2023-09-03 22:31:53,045 [myid:] - ERROR [LeaderConnector-/127.0.0.1:30248:o.a.z.s.q.Learner$LeaderConnector@408] - [wasabi] Retry Loop 05 is called. MaxRetry : 5
2023-09-03 22:31:53,045 [myid:] - ERROR [LeaderConnector-/127.0.0.1:30248:o.a.z.s.q.Learner$LeaderConnector@409] - [wasabi] Retry Loop 05 is called. MaxDuration : 100
2023-09-03 22:31:53,047 [myid:] - ERROR [LeaderConnector-/127.0.0.1:30248:o.a.z.s.q.Learner$LeaderConnector@408] - [wasabi] Retry Loop 05 is called. MaxRetry : 5
2023-09-03 22:31:53,047 [myid:] - ERROR [LeaderConnector-/127.0.0.1:30248:o.a.z.s.q.Learner$LeaderConnector@409] - [wasabi] Retry Loop 05 is called. MaxDuration : 100
2023-09-03 22:31:53,047 [myid:] - ERROR [LeaderConnector-/127.0.0.1:30248:o.a.z.s.q.Learner$LeaderConnector@408] - [wasabi] Retry Loop 05 is called. MaxRetry : 5
2023-09-03 22:31:53,047 [myid:] - ERROR [LeaderConnector-/127.0.0.1:30248:o.a.z.s.q.Learner$LeaderConnector@409] - [wasabi] Retry Loop 05 is called. MaxDuration : 100
2023-09-03 22:31:53,048 [myid:] - ERROR [LeaderConnector-/127.0.0.1:30248:o.a.z.s.q.Learner$LeaderConnector@408] - [wasabi] Retry Loop 05 is called. MaxRetry : 5
2023-09-03 22:31:53,048 [myid:] - ERROR [LeaderConnector-/127.0.0.1:30248:o.a.z.s.q.Learner$LeaderConnector@409] - [wasabi] Retry Loop 05 is called. MaxDuration : 100
2023-09-03 22:31:53,350 [myid:] - ERROR [main-SendThread():o.a.z.ClientCnxn$SendThread@1179] - [wasabi] Retry Loop 03 is called. MaxDuration : 10000
2023-09-03 22:31:53,351 [myid:] - ERROR [main-SendThread():o.a.z.ClientCnxn$SendThread@1179] - [wasabi] Retry Loop 03 is called. MaxDuration : 10000
2023-09-03 22:31:53,352 [myid:] - ERROR [main-SendThread():o.a.z.ClientCnxn$SendThread@1179] - [wasabi] Retry Loop 03 is called. MaxDuration : 10000
2023-09-03 22:31:53,353 [myid:] - ERROR [main-SendThread():o.a.z.ClientCnxn$SendThread@1179] - [wasabi] Retry Loop 03 is called. MaxDuration : 10000
2023-09-03 22:31:53,356 [myid:] - ERROR [main-SendThread():o.a.z.ClientCnxn$SendThread@1179] - [wasabi] Retry Loop 03 is called. MaxDuration : 10000
2023-09-03 22:31:53,357 [myid:] - ERROR [main-SendThread():o.a.z.ClientCnxn$SendThread@1179] - [wasabi] Retry Loop 03 is called. MaxDuration : 10000
2023-09-03 22:31:53,358 [myid:] - ERROR [main-SendThread():o.a.z.ClientCnxn$SendThread@1179] - [wasabi] Retry Loop 03 is called. MaxDuration : 10000
2023-09-03 22:31:53,360 [myid:] - ERROR [main-SendThread():o.a.z.ClientCnxn$SendThread@1179] - [wasabi] Retry Loop 03 is called. MaxDuration : 10000
2023-09-03 22:31:53,362 [myid:] - ERROR [main-SendThread():o.a.z.ClientCnxn$SendThread@1179] - [wasabi] Retry Loop 03 is called. MaxDuration : 10000
2023-09-03 22:31:53,363 [myid:] - ERROR [main-SendThread():o.a.z.ClientCnxn$SendThread@1179] - [wasabi] Retry Loop 03 is called. MaxDuration : 10000
2023-09-03 22:31:53,373 [myid:] - ERROR [LearnerHandler-/127.0.0.1:38290:o.a.z.s.q.LearnerHandler@720] - Unexpected exception in LearnerHandler: 
java.net.SocketException: Socket closed
	at java.base/sun.nio.ch.NioSocketImpl.endRead(NioSocketImpl.java:248)
	at java.base/sun.nio.ch.NioSocketImpl.implRead(NioSocketImpl.java:327)
	at java.base/sun.nio.ch.NioSocketImpl.read(NioSocketImpl.java:350)
	at java.base/sun.nio.ch.NioSocketImpl$1.read(NioSocketImpl.java:803)
	at java.base/java.net.Socket$SocketInputStream.read(Socket.java:966)
	at java.base/java.io.BufferedInputStream.fill(BufferedInputStream.java:244)
	at java.base/java.io.BufferedInputStream.read(BufferedInputStream.java:263)
	at java.base/java.io.DataInputStream.readInt(DataInputStream.java:393)
	at org.apache.jute.BinaryInputArchive.readInt(BinaryInputArchive.java:96)
	at org.apache.zookeeper.server.quorum.QuorumPacket.deserialize(QuorumPacket.java:86)
	at org.apache.jute.BinaryInputArchive.readRecord(BinaryInputArchive.java:134)
	at org.apache.zookeeper.server.quorum.LearnerHandler.run(LearnerHandler.java:657)
2023-09-03 22:31:53,374 [myid:] - ERROR [LearnerHandler-/127.0.0.1:38274:o.a.z.s.q.LearnerHandler@720] - Unexpected exception in LearnerHandler: 
java.net.SocketException: Socket closed
	at java.base/sun.nio.ch.NioSocketImpl.endRead(NioSocketImpl.java:248)
	at java.base/sun.nio.ch.NioSocketImpl.implRead(NioSocketImpl.java:327)
	at java.base/sun.nio.ch.NioSocketImpl.read(NioSocketImpl.java:350)
	at java.base/sun.nio.ch.NioSocketImpl$1.read(NioSocketImpl.java:803)
	at java.base/java.net.Socket$SocketInputStream.read(Socket.java:966)
	at java.base/java.io.BufferedInputStream.fill(BufferedInputStream.java:244)
	at java.base/java.io.BufferedInputStream.read(BufferedInputStream.java:263)
	at java.base/java.io.DataInputStream.readInt(DataInputStream.java:393)
	at org.apache.jute.BinaryInputArchive.readInt(BinaryInputArchive.java:96)
	at org.apache.zookeeper.server.quorum.QuorumPacket.deserialize(QuorumPacket.java:86)
	at org.apache.jute.BinaryInputArchive.readRecord(BinaryInputArchive.java:134)
	at org.apache.zookeeper.server.quorum.LearnerHandler.run(LearnerHandler.java:657)
2023-09-03 22:31:53,375 [myid:] - ERROR [SyncThread:3:o.a.z.s.ZooKeeperCriticalThread@49] - Severe unrecoverable error, from thread : SyncThread:3
java.lang.NullPointerException: Cannot invoke "java.net.Socket.isClosed()" because "this.learner.sock" is null
	at org.apache.zookeeper.server.quorum.SendAckRequestProcessor.flush(SendAckRequestProcessor.java:67)
	at org.apache.zookeeper.server.SyncRequestProcessor.flush(SyncRequestProcessor.java:248)
	at org.apache.zookeeper.server.SyncRequestProcessor.run(SyncRequestProcessor.java:169)
2023-09-03 22:31:53,375 [myid:] - ERROR [LearnerHandler-/127.0.0.1:38278:o.a.z.s.q.LearnerHandler@720] - Unexpected exception in LearnerHandler: 
java.net.SocketException: Socket closed
	at java.base/sun.nio.ch.NioSocketImpl.endRead(NioSocketImpl.java:248)
	at java.base/sun.nio.ch.NioSocketImpl.implRead(NioSocketImpl.java:327)
	at java.base/sun.nio.ch.NioSocketImpl.read(NioSocketImpl.java:350)
	at java.base/sun.nio.ch.NioSocketImpl$1.read(NioSocketImpl.java:803)
	at java.base/java.net.Socket$SocketInputStream.read(Socket.java:966)
	at java.base/java.io.BufferedInputStream.fill(BufferedInputStream.java:244)
	at java.base/java.io.BufferedInputStream.read(BufferedInputStream.java:263)
	at java.base/java.io.DataInputStream.readInt(DataInputStream.java:393)
	at org.apache.jute.BinaryInputArchive.readInt(BinaryInputArchive.java:96)
	at org.apache.zookeeper.server.quorum.QuorumPacket.deserialize(QuorumPacket.java:86)
	at org.apache.jute.BinaryInputArchive.readRecord(BinaryInputArchive.java:134)
	at org.apache.zookeeper.server.quorum.LearnerHandler.run(LearnerHandler.java:657)
2023-09-03 22:31:53,376 [myid:] - ERROR [LearnerHandler-/127.0.0.1:38262:o.a.z.s.q.LearnerHandler@720] - Unexpected exception in LearnerHandler: 
java.net.SocketException: Socket closed
	at java.base/sun.nio.ch.NioSocketImpl.endRead(NioSocketImpl.java:248)
	at java.base/sun.nio.ch.NioSocketImpl.implRead(NioSocketImpl.java:327)
	at java.base/sun.nio.ch.NioSocketImpl.read(NioSocketImpl.java:350)
	at java.base/sun.nio.ch.NioSocketImpl$1.read(NioSocketImpl.java:803)
	at java.base/java.net.Socket$SocketInputStream.read(Socket.java:966)
	at java.base/java.io.BufferedInputStream.fill(BufferedInputStream.java:244)
	at java.base/java.io.BufferedInputStream.read(BufferedInputStream.java:263)
	at java.base/java.io.DataInputStream.readInt(DataInputStream.java:393)
	at org.apache.jute.BinaryInputArchive.readInt(BinaryInputArchive.java:96)
	at org.apache.zookeeper.server.quorum.QuorumPacket.deserialize(QuorumPacket.java:86)
	at org.apache.jute.BinaryInputArchive.readRecord(BinaryInputArchive.java:134)
	at org.apache.zookeeper.server.quorum.LearnerHandler.run(LearnerHandler.java:657)
2023-09-03 22:31:53,590 [myid:] - ERROR [LeaderConnector-/127.0.0.1:30245:o.a.z.s.q.Learner$LeaderConnector@408] - [wasabi] Retry Loop 05 is called. MaxRetry : 5
2023-09-03 22:31:53,590 [myid:] - ERROR [LeaderConnector-/127.0.0.1:30245:o.a.z.s.q.Learner$LeaderConnector@408] - [wasabi] Retry Loop 05 is called. MaxRetry : 5
2023-09-03 22:31:53,590 [myid:] - ERROR [LeaderConnector-/127.0.0.1:30245:o.a.z.s.q.Learner$LeaderConnector@409] - [wasabi] Retry Loop 05 is called. MaxDuration : 100
2023-09-03 22:31:53,590 [myid:] - ERROR [LeaderConnector-/127.0.0.1:30245:o.a.z.s.q.Learner$LeaderConnector@409] - [wasabi] Retry Loop 05 is called. MaxDuration : 100
2023-09-03 22:31:54,837 [myid:] - ERROR [ListenerHandler-/127.0.0.1:30246:o.a.z.s.q.QuorumCnxManager$Listener$ListenerHandler@1067] - [wasabi] Retry Loop 06 is called. MaxRetry :3
2023-09-03 22:31:54,837 [myid:] - ERROR [ListenerHandler-/127.0.0.1:30246:o.a.z.s.q.QuorumCnxManager$Listener$ListenerHandler@1072] - [wasabi] Retry Loop 07 is called. MaxRetry :3
2023-09-03 22:31:54,838 [myid:] - ERROR [ListenerHandler-/127.0.0.1:30240:o.a.z.s.q.QuorumCnxManager$Listener$ListenerHandler@1067] - [wasabi] Retry Loop 06 is called. MaxRetry :3
2023-09-03 22:31:54,838 [myid:] - ERROR [ListenerHandler-/127.0.0.1:30240:o.a.z.s.q.QuorumCnxManager$Listener$ListenerHandler@1072] - [wasabi] Retry Loop 07 is called. MaxRetry :3
2023-09-03 22:31:54,839 [myid:] - ERROR [ListenerHandler-/127.0.0.1:30243:o.a.z.s.q.QuorumCnxManager$Listener$ListenerHandler@1067] - [wasabi] Retry Loop 06 is called. MaxRetry :3
2023-09-03 22:31:54,839 [myid:] - ERROR [ListenerHandler-/127.0.0.1:30243:o.a.z.s.q.QuorumCnxManager$Listener$ListenerHandler@1072] - [wasabi] Retry Loop 07 is called. MaxRetry :3
2023-09-03 22:31:54,840 [myid:] - ERROR [LearnerHandler-/127.0.0.1:32926:o.a.z.s.q.LearnerHandler@720] - Unexpected exception in LearnerHandler: 
java.io.EOFException: null
	at java.base/java.io.DataInputStream.readInt(DataInputStream.java:398)
	at org.apache.jute.BinaryInputArchive.readInt(BinaryInputArchive.java:96)
	at org.apache.zookeeper.server.quorum.QuorumPacket.deserialize(QuorumPacket.java:86)
	at org.apache.jute.BinaryInputArchive.readRecord(BinaryInputArchive.java:134)
	at org.apache.zookeeper.server.quorum.LearnerHandler.run(LearnerHandler.java:657)
2023-09-03 22:32:05,482 [myid:] - ERROR [ListenerHandler-/127.0.0.1:30243:o.a.z.s.q.QuorumCnxManager$Listener$ListenerHandler@1067] - [wasabi] Retry Loop 06 is called. MaxRetry :3
2023-09-03 22:32:05,483 [myid:] - ERROR [ListenerHandler-/127.0.0.1:30243:o.a.z.s.q.QuorumCnxManager$Listener$ListenerHandler@1072] - [wasabi] Retry Loop 07 is called. MaxRetry :3
2023-09-03 22:32:05,686 [myid:] - ERROR [WorkerSender[myid=3]:o.a.z.s.q.QuorumCnxManager@437] - Exception while submitting quorum connection request
java.util.concurrent.RejectedExecutionException: Task Thread[QuorumConnectionReqThread-2,5,main] rejected from java.util.concurrent.ThreadPoolExecutor@5aff4782[Terminated, pool size = 0, active threads = 0, queued tasks = 0, completed tasks = 4]
	at java.base/java.util.concurrent.ThreadPoolExecutor$AbortPolicy.rejectedExecution(ThreadPoolExecutor.java:2065)
	at java.base/java.util.concurrent.ThreadPoolExecutor.reject(ThreadPoolExecutor.java:833)
	at java.base/java.util.concurrent.ThreadPoolExecutor.execute(ThreadPoolExecutor.java:1365)
	at org.apache.zookeeper.server.quorum.QuorumCnxManager.initiateConnectionAsync(QuorumCnxManager.java:430)
	at org.apache.zookeeper.server.quorum.QuorumCnxManager.connectOne(QuorumCnxManager.java:733)
	at org.apache.zookeeper.server.quorum.QuorumCnxManager.connectOne(QuorumCnxManager.java:764)
	at org.apache.zookeeper.server.quorum.QuorumCnxManager.toSend(QuorumCnxManager.java:705)
	at org.apache.zookeeper.server.quorum.FastLeaderElection$Messenger$WorkerSender.process(FastLeaderElection.java:518)
	at org.apache.zookeeper.server.quorum.FastLeaderElection$Messenger$WorkerSender.run(FastLeaderElection.java:502)
	at java.base/java.lang.Thread.run(Thread.java:833)
2023-09-03 22:32:05,688 [myid:] - ERROR [ListenerHandler-/127.0.0.1:30243:o.a.z.s.q.QuorumCnxManager$Listener$ListenerHandler@1067] - [wasabi] Retry Loop 06 is called. MaxRetry :3
2023-09-03 22:32:05,688 [myid:] - ERROR [ListenerHandler-/127.0.0.1:30243:o.a.z.s.q.QuorumCnxManager$Listener$ListenerHandler@1072] - [wasabi] Retry Loop 07 is called. MaxRetry :3
2023-09-03 22:32:05,694 [myid:] - ERROR [LeaderConnector-/127.0.0.1:30245:o.a.z.s.q.Learner$LeaderConnector@408] - [wasabi] Retry Loop 05 is called. MaxRetry : 5
2023-09-03 22:32:05,694 [myid:] - ERROR [LeaderConnector-/127.0.0.1:30245:o.a.z.s.q.Learner$LeaderConnector@409] - [wasabi] Retry Loop 05 is called. MaxDuration : 100
2023-09-03 22:32:05,746 [myid:] - ERROR [ListenerHandler-/127.0.0.1:30246:o.a.z.s.q.QuorumCnxManager$Listener$ListenerHandler@1067] - [wasabi] Retry Loop 06 is called. MaxRetry :3
2023-09-03 22:32:05,746 [myid:] - ERROR [ListenerHandler-/127.0.0.1:30246:o.a.z.s.q.QuorumCnxManager$Listener$ListenerHandler@1072] - [wasabi] Retry Loop 07 is called. MaxRetry :3
2023-09-03 22:32:05,749 [myid:] - ERROR [ListenerHandler-/127.0.0.1:30243:o.a.z.s.q.QuorumCnxManager$Listener$ListenerHandler@1067] - [wasabi] Retry Loop 06 is called. MaxRetry :3
2023-09-03 22:32:05,749 [myid:] - ERROR [ListenerHandler-/127.0.0.1:30240:o.a.z.s.q.QuorumCnxManager$Listener$ListenerHandler@1067] - [wasabi] Retry Loop 06 is called. MaxRetry :3
2023-09-03 22:32:05,750 [myid:] - ERROR [ListenerHandler-/127.0.0.1:30240:o.a.z.s.q.QuorumCnxManager$Listener$ListenerHandler@1072] - [wasabi] Retry Loop 07 is called. MaxRetry :3
2023-09-03 22:32:05,750 [myid:] - ERROR [ListenerHandler-/127.0.0.1:30243:o.a.z.s.q.QuorumCnxManager$Listener$ListenerHandler@1072] - [wasabi] Retry Loop 07 is called. MaxRetry :3
2023-09-03 22:32:06,699 [myid:] - ERROR [ListenerHandler-/127.0.0.1:30237:o.a.z.s.q.QuorumCnxManager$Listener$ListenerHandler@1067] - [wasabi] Retry Loop 06 is called. MaxRetry :3
2023-09-03 22:32:06,699 [myid:] - ERROR [ListenerHandler-/127.0.0.1:30237:o.a.z.s.q.QuorumCnxManager$Listener$ListenerHandler@1072] - [wasabi] Retry Loop 07 is called. MaxRetry :3
2023-09-03 22:32:06,902 [myid:] - ERROR [WorkerSender[myid=1]:o.a.z.s.q.QuorumCnxManager@437] - Exception while submitting quorum connection request
java.util.concurrent.RejectedExecutionException: Task Thread[QuorumConnectionReqThread-2,5,main] rejected from java.util.concurrent.ThreadPoolExecutor@5adf8030[Terminated, pool size = 0, active threads = 0, queued tasks = 0, completed tasks = 4]
	at java.base/java.util.concurrent.ThreadPoolExecutor$AbortPolicy.rejectedExecution(ThreadPoolExecutor.java:2065)
	at java.base/java.util.concurrent.ThreadPoolExecutor.reject(ThreadPoolExecutor.java:833)
	at java.base/java.util.concurrent.ThreadPoolExecutor.execute(ThreadPoolExecutor.java:1365)
	at org.apache.zookeeper.server.quorum.QuorumCnxManager.initiateConnectionAsync(QuorumCnxManager.java:430)
	at org.apache.zookeeper.server.quorum.QuorumCnxManager.connectOne(QuorumCnxManager.java:733)
	at org.apache.zookeeper.server.quorum.QuorumCnxManager.connectOne(QuorumCnxManager.java:764)
	at org.apache.zookeeper.server.quorum.QuorumCnxManager.toSend(QuorumCnxManager.java:705)
	at org.apache.zookeeper.server.quorum.FastLeaderElection$Messenger$WorkerSender.process(FastLeaderElection.java:518)
	at org.apache.zookeeper.server.quorum.FastLeaderElection$Messenger$WorkerSender.run(FastLeaderElection.java:502)
	at java.base/java.lang.Thread.run(Thread.java:833)
2023-09-03 22:32:06,904 [myid:] - ERROR [ListenerHandler-localhost/127.0.0.1:30237:o.a.z.s.q.QuorumCnxManager$Listener$ListenerHandler@1067] - [wasabi] Retry Loop 06 is called. MaxRetry :3
2023-09-03 22:32:06,905 [myid:] - ERROR [ListenerHandler-localhost/127.0.0.1:30237:o.a.z.s.q.QuorumCnxManager$Listener$ListenerHandler@1072] - [wasabi] Retry Loop 07 is called. MaxRetry :3
2023-09-03 22:32:06,921 [myid:] - ERROR [LeaderConnector-/127.0.0.1:30245:o.a.z.s.q.Learner$LeaderConnector@408] - [wasabi] Retry Loop 05 is called. MaxRetry : 5
2023-09-03 22:32:06,921 [myid:] - ERROR [LeaderConnector-/127.0.0.1:30245:o.a.z.s.q.Learner$LeaderConnector@409] - [wasabi] Retry Loop 05 is called. MaxDuration : 100
2023-09-03 22:32:06,929 [myid:] - ERROR [QuorumPeer[myid=1](plain=127.0.0.1:30235)(secure=disabled):o.a.z.s.q.QuorumPeer@1925] - setLastSeenQuorumVerifier called with stale config 8589934594. Current version: 8589934604
2023-09-03 22:32:10,609 [myid:] - ERROR [LearnerHandler-/127.0.0.1:37498:o.a.z.s.q.LearnerHandler@720] - Unexpected exception in LearnerHandler: 
java.io.EOFException: null
	at java.base/java.io.DataInputStream.readInt(DataInputStream.java:398)
	at org.apache.jute.BinaryInputArchive.readInt(BinaryInputArchive.java:96)
	at org.apache.zookeeper.server.quorum.QuorumPacket.deserialize(QuorumPacket.java:86)
	at org.apache.jute.BinaryInputArchive.readRecord(BinaryInputArchive.java:134)
	at org.apache.zookeeper.server.quorum.LearnerHandler.run(LearnerHandler.java:657)
2023-09-03 22:32:10,609 [myid:] - ERROR [LearnerHandler-/127.0.0.1:32924:o.a.z.s.q.LearnerHandler@720] - Unexpected exception in LearnerHandler: 
java.io.EOFException: null
	at java.base/java.io.DataInputStream.readInt(DataInputStream.java:398)
	at org.apache.jute.BinaryInputArchive.readInt(BinaryInputArchive.java:96)
	at org.apache.zookeeper.server.quorum.QuorumPacket.deserialize(QuorumPacket.java:86)
	at org.apache.jute.BinaryInputArchive.readRecord(BinaryInputArchive.java:134)
	at org.apache.zookeeper.server.quorum.LearnerHandler.run(LearnerHandler.java:657)
2023-09-03 22:32:10,612 [myid:] - ERROR [LearnerHandler-/127.0.0.1:37492:o.a.z.s.q.LearnerHandler@720] - Unexpected exception in LearnerHandler: 
java.io.EOFException: null
	at java.base/java.io.DataInputStream.readInt(DataInputStream.java:398)
	at org.apache.jute.BinaryInputArchive.readInt(BinaryInputArchive.java:96)
	at org.apache.zookeeper.server.quorum.QuorumPacket.deserialize(QuorumPacket.java:86)
	at org.apache.jute.BinaryInputArchive.readRecord(BinaryInputArchive.java:134)
	at org.apache.zookeeper.server.quorum.LearnerHandler.run(LearnerHandler.java:657)
2023-09-03 22:32:10,618 [myid:] - ERROR [main:o.w.l.WasabiListener5@30] - [wasabi] testRemoveAddTwo() is finished
2023-09-03 22:32:10,618 [myid:] - ERROR [main:o.w.l.WasabiListener5@31] - [WASABIEND]
]]></system-out>
  </testcase>
  <testcase name="testPortChangeToBlockedPortFollower()" classname="ReconfigTest" time="64.586">
    <system-out><![CDATA[2023-09-03 22:32:10,618 [myid:] - ERROR [main:o.w.l.WasabiListener5@22] - [WASABISTART]
2023-09-03 22:32:10,619 [myid:] - ERROR [main:o.w.l.WasabiListener5@23] - [wasabi] testPortChangeToBlockedPortFollower() is started
2023-09-03 22:32:10,634 [myid:] - ERROR [ListenerHandler-/127.0.0.1:30252:o.a.z.s.q.QuorumCnxManager$Listener$ListenerHandler@1067] - [wasabi] Retry Loop 06 is called. MaxRetry :3
2023-09-03 22:32:10,634 [myid:] - ERROR [ListenerHandler-/127.0.0.1:30252:o.a.z.s.q.QuorumCnxManager$Listener$ListenerHandler@1072] - [wasabi] Retry Loop 07 is called. MaxRetry :3
2023-09-03 22:32:10,641 [myid:] - ERROR [ListenerHandler-/127.0.0.1:30255:o.a.z.s.q.QuorumCnxManager$Listener$ListenerHandler@1067] - [wasabi] Retry Loop 06 is called. MaxRetry :3
2023-09-03 22:32:10,641 [myid:] - ERROR [ListenerHandler-/127.0.0.1:30255:o.a.z.s.q.QuorumCnxManager$Listener$ListenerHandler@1072] - [wasabi] Retry Loop 07 is called. MaxRetry :3
2023-09-03 22:32:10,648 [myid:] - ERROR [ListenerHandler-/127.0.0.1:30258:o.a.z.s.q.QuorumCnxManager$Listener$ListenerHandler@1067] - [wasabi] Retry Loop 06 is called. MaxRetry :3
2023-09-03 22:32:10,649 [myid:] - ERROR [ListenerHandler-/127.0.0.1:30258:o.a.z.s.q.QuorumCnxManager$Listener$ListenerHandler@1072] - [wasabi] Retry Loop 07 is called. MaxRetry :3
2023-09-03 22:32:10,852 [myid:] - ERROR [LeaderConnector-/127.0.0.1:30257:o.a.z.s.q.Learner$LeaderConnector@408] - [wasabi] Retry Loop 05 is called. MaxRetry : 5
2023-09-03 22:32:10,852 [myid:] - ERROR [LeaderConnector-/127.0.0.1:30257:o.a.z.s.q.Learner$LeaderConnector@409] - [wasabi] Retry Loop 05 is called. MaxDuration : 100
2023-09-03 22:32:10,852 [myid:] - ERROR [LeaderConnector-/127.0.0.1:30257:o.a.z.s.q.Learner$LeaderConnector@408] - [wasabi] Retry Loop 05 is called. MaxRetry : 5
2023-09-03 22:32:10,852 [myid:] - ERROR [LeaderConnector-/127.0.0.1:30257:o.a.z.s.q.Learner$LeaderConnector@409] - [wasabi] Retry Loop 05 is called. MaxDuration : 100
2023-09-03 22:32:10,903 [myid:] - ERROR [main-SendThread():o.a.z.ClientCnxn$SendThread@1179] - [wasabi] Retry Loop 03 is called. MaxDuration : 10000
2023-09-03 22:32:10,903 [myid:] - ERROR [main-SendThread():o.a.z.ClientCnxn$SendThread@1179] - [wasabi] Retry Loop 03 is called. MaxDuration : 10000
2023-09-03 22:32:10,904 [myid:] - ERROR [main-SendThread():o.a.z.ClientCnxn$SendThread@1179] - [wasabi] Retry Loop 03 is called. MaxDuration : 10000
2023-09-03 22:32:10,905 [myid:] - ERROR [main-SendThread():o.a.z.ClientCnxn$SendThread@1179] - [wasabi] Retry Loop 03 is called. MaxDuration : 10000
2023-09-03 22:32:10,906 [myid:] - ERROR [main-SendThread():o.a.z.ClientCnxn$SendThread@1179] - [wasabi] Retry Loop 03 is called. MaxDuration : 10000
2023-09-03 22:32:10,907 [myid:] - ERROR [main-SendThread():o.a.z.ClientCnxn$SendThread@1179] - [wasabi] Retry Loop 03 is called. MaxDuration : 10000
2023-09-03 22:32:10,936 [myid:] - ERROR [ListenerHandler-/127.0.0.1:30258:o.a.z.s.q.QuorumCnxManager$Listener$ListenerHandler@1067] - [wasabi] Retry Loop 06 is called. MaxRetry :3
2023-09-03 22:32:10,936 [myid:] - ERROR [ListenerHandler-/127.0.0.1:30258:o.a.z.s.q.QuorumCnxManager$Listener$ListenerHandler@1072] - [wasabi] Retry Loop 07 is called. MaxRetry :3
2023-09-03 22:32:10,937 [myid:] - ERROR [ListenerHandler-localhost/127.0.0.1:30252:o.a.z.s.q.QuorumCnxManager$Listener$ListenerHandler@1067] - [wasabi] Retry Loop 06 is called. MaxRetry :3
2023-09-03 22:32:10,938 [myid:] - ERROR [QuorumPeer[myid=1](plain=127.0.0.1:30250)(secure=disabled):o.a.z.s.NIOServerCnxnFactory@703] - Error reconfiguring client port to localhost/127.0.0.1:30259
java.net.BindException: Address already in use
	at java.base/sun.nio.ch.Net.bind0(Native Method)
	at java.base/sun.nio.ch.Net.bind(Net.java:555)
	at java.base/sun.nio.ch.ServerSocketChannelImpl.netBind(ServerSocketChannelImpl.java:337)
	at java.base/sun.nio.ch.ServerSocketChannelImpl.bind(ServerSocketChannelImpl.java:294)
	at java.base/sun.nio.ch.ServerSocketAdaptor.bind(ServerSocketAdaptor.java:89)
	at java.base/sun.nio.ch.ServerSocketAdaptor.bind(ServerSocketAdaptor.java:81)
	at org.apache.zookeeper.server.NIOServerCnxnFactory.reconfigure(NIOServerCnxnFactory.java:698)
	at org.apache.zookeeper.server.quorum.QuorumPeer.processReconfig(QuorumPeer.java:2297)
	at org.apache.zookeeper.server.quorum.Follower.processPacket(Follower.java:221)
	at org.apache.zookeeper.server.quorum.Follower.followLeader(Follower.java:125)
	at org.apache.zookeeper.server.quorum.QuorumPeer.run(QuorumPeer.java:1556)
2023-09-03 22:32:10,938 [myid:] - ERROR [ListenerHandler-localhost/127.0.0.1:30252:o.a.z.s.q.QuorumCnxManager$Listener$ListenerHandler@1072] - [wasabi] Retry Loop 07 is called. MaxRetry :3
2023-09-03 22:32:10,938 [myid:] - ERROR [ListenerHandler-/127.0.0.1:30255:o.a.z.s.q.QuorumCnxManager$Listener$ListenerHandler@1067] - [wasabi] Retry Loop 06 is called. MaxRetry :3
2023-09-03 22:32:10,938 [myid:] - ERROR [ListenerHandler-/127.0.0.1:30255:o.a.z.s.q.QuorumCnxManager$Listener$ListenerHandler@1072] - [wasabi] Retry Loop 07 is called. MaxRetry :3
2023-09-03 22:32:12,043 [myid:] - ERROR [main-SendThread():o.a.z.ClientCnxn$SendThread@1179] - [wasabi] Retry Loop 03 is called. MaxDuration : 10000
2023-09-03 22:32:12,149 [myid:] - ERROR [main-SendThread():o.a.z.ClientCnxn$SendThread@1179] - [wasabi] Retry Loop 03 is called. MaxDuration : 10000
2023-09-03 22:32:42,179 [myid:] - ERROR [ListenerHandler-/127.0.0.1:30258:o.a.z.s.q.QuorumCnxManager$Listener$ListenerHandler@1067] - [wasabi] Retry Loop 06 is called. MaxRetry :3
2023-09-03 22:32:42,180 [myid:] - ERROR [ListenerHandler-/127.0.0.1:30258:o.a.z.s.q.QuorumCnxManager$Listener$ListenerHandler@1072] - [wasabi] Retry Loop 07 is called. MaxRetry :3
2023-09-03 22:32:42,181 [myid:] - ERROR [ListenerHandler-/127.0.0.1:30255:o.a.z.s.q.QuorumCnxManager$Listener$ListenerHandler@1067] - [wasabi] Retry Loop 06 is called. MaxRetry :3
2023-09-03 22:32:42,181 [myid:] - ERROR [ListenerHandler-/127.0.0.1:30255:o.a.z.s.q.QuorumCnxManager$Listener$ListenerHandler@1072] - [wasabi] Retry Loop 07 is called. MaxRetry :3
2023-09-03 22:32:42,182 [myid:] - ERROR [ListenerHandler-localhost/127.0.0.1:30252:o.a.z.s.q.QuorumCnxManager$Listener$ListenerHandler@1067] - [wasabi] Retry Loop 06 is called. MaxRetry :3
2023-09-03 22:32:42,182 [myid:] - ERROR [ListenerHandler-localhost/127.0.0.1:30252:o.a.z.s.q.QuorumCnxManager$Listener$ListenerHandler@1072] - [wasabi] Retry Loop 07 is called. MaxRetry :3
2023-09-03 22:33:13,557 [myid:] - ERROR [main-SendThread():o.a.z.ClientCnxn$SendThread@1179] - [wasabi] Retry Loop 03 is called. MaxDuration : 10000
2023-09-03 22:33:15,195 [myid:] - ERROR [LearnerHandler-/127.0.0.1:60188:o.a.z.s.q.LearnerHandler@720] - Unexpected exception in LearnerHandler: 
java.io.EOFException: null
	at java.base/java.io.DataInputStream.readInt(DataInputStream.java:398)
	at org.apache.jute.BinaryInputArchive.readInt(BinaryInputArchive.java:96)
	at org.apache.zookeeper.server.quorum.QuorumPacket.deserialize(QuorumPacket.java:86)
	at org.apache.jute.BinaryInputArchive.readRecord(BinaryInputArchive.java:134)
	at org.apache.zookeeper.server.quorum.LearnerHandler.run(LearnerHandler.java:657)
2023-09-03 22:33:15,197 [myid:] - ERROR [LearnerHandler-/127.0.0.1:60190:o.a.z.s.q.LearnerHandler@720] - Unexpected exception in LearnerHandler: 
java.io.EOFException: null
	at java.base/java.io.DataInputStream.readInt(DataInputStream.java:398)
	at org.apache.jute.BinaryInputArchive.readInt(BinaryInputArchive.java:96)
	at org.apache.zookeeper.server.quorum.QuorumPacket.deserialize(QuorumPacket.java:86)
	at org.apache.jute.BinaryInputArchive.readRecord(BinaryInputArchive.java:134)
	at org.apache.zookeeper.server.quorum.LearnerHandler.run(LearnerHandler.java:657)
2023-09-03 22:33:15,204 [myid:] - ERROR [main:o.w.l.WasabiListener5@30] - [wasabi] testPortChangeToBlockedPortFollower() is finished
2023-09-03 22:33:15,204 [myid:] - ERROR [main:o.w.l.WasabiListener5@31] - [WASABIEND]
]]></system-out>
  </testcase>
  <testcase name="testJMXBeanAfterRemoveAddOne()" classname="ReconfigTest" time="0.989">
    <system-out><![CDATA[2023-09-03 22:33:15,205 [myid:] - ERROR [main:o.w.l.WasabiListener5@22] - [WASABISTART]
2023-09-03 22:33:15,205 [myid:] - ERROR [main:o.w.l.WasabiListener5@23] - [wasabi] testJMXBeanAfterRemoveAddOne() is started
2023-09-03 22:33:15,222 [myid:] - ERROR [ListenerHandler-/127.0.0.1:30262:o.a.z.s.q.QuorumCnxManager$Listener$ListenerHandler@1067] - [wasabi] Retry Loop 06 is called. MaxRetry :3
2023-09-03 22:33:15,222 [myid:] - ERROR [ListenerHandler-/127.0.0.1:30262:o.a.z.s.q.QuorumCnxManager$Listener$ListenerHandler@1072] - [wasabi] Retry Loop 07 is called. MaxRetry :3
2023-09-03 22:33:15,229 [myid:] - ERROR [ListenerHandler-/127.0.0.1:30265:o.a.z.s.q.QuorumCnxManager$Listener$ListenerHandler@1067] - [wasabi] Retry Loop 06 is called. MaxRetry :3
2023-09-03 22:33:15,229 [myid:] - ERROR [ListenerHandler-/127.0.0.1:30265:o.a.z.s.q.QuorumCnxManager$Listener$ListenerHandler@1072] - [wasabi] Retry Loop 07 is called. MaxRetry :3
2023-09-03 22:33:15,237 [myid:] - ERROR [ListenerHandler-/127.0.0.1:30268:o.a.z.s.q.QuorumCnxManager$Listener$ListenerHandler@1067] - [wasabi] Retry Loop 06 is called. MaxRetry :3
2023-09-03 22:33:15,237 [myid:] - ERROR [ListenerHandler-/127.0.0.1:30268:o.a.z.s.q.QuorumCnxManager$Listener$ListenerHandler@1072] - [wasabi] Retry Loop 07 is called. MaxRetry :3
2023-09-03 22:33:15,440 [myid:] - ERROR [LeaderConnector-/127.0.0.1:30267:o.a.z.s.q.Learner$LeaderConnector@408] - [wasabi] Retry Loop 05 is called. MaxRetry : 5
2023-09-03 22:33:15,440 [myid:] - ERROR [LeaderConnector-/127.0.0.1:30267:o.a.z.s.q.Learner$LeaderConnector@408] - [wasabi] Retry Loop 05 is called. MaxRetry : 5
2023-09-03 22:33:15,440 [myid:] - ERROR [LeaderConnector-/127.0.0.1:30267:o.a.z.s.q.Learner$LeaderConnector@409] - [wasabi] Retry Loop 05 is called. MaxDuration : 100
2023-09-03 22:33:15,440 [myid:] - ERROR [LeaderConnector-/127.0.0.1:30267:o.a.z.s.q.Learner$LeaderConnector@409] - [wasabi] Retry Loop 05 is called. MaxDuration : 100
2023-09-03 22:33:15,491 [myid:] - ERROR [main-SendThread():o.a.z.ClientCnxn$SendThread@1179] - [wasabi] Retry Loop 03 is called. MaxDuration : 10000
2023-09-03 22:33:15,491 [myid:] - ERROR [main-SendThread():o.a.z.ClientCnxn$SendThread@1179] - [wasabi] Retry Loop 03 is called. MaxDuration : 10000
2023-09-03 22:33:15,492 [myid:] - ERROR [main-SendThread():o.a.z.ClientCnxn$SendThread@1179] - [wasabi] Retry Loop 03 is called. MaxDuration : 10000
2023-09-03 22:33:15,492 [myid:] - ERROR [main-SendThread():o.a.z.ClientCnxn$SendThread@1179] - [wasabi] Retry Loop 03 is called. MaxDuration : 10000
2023-09-03 22:33:15,493 [myid:] - ERROR [main-SendThread():o.a.z.ClientCnxn$SendThread@1179] - [wasabi] Retry Loop 03 is called. MaxDuration : 10000
2023-09-03 22:33:15,494 [myid:] - ERROR [main-SendThread():o.a.z.ClientCnxn$SendThread@1179] - [wasabi] Retry Loop 03 is called. MaxDuration : 10000
2023-09-03 22:33:15,513 [myid:] - ERROR [ListenerHandler-/127.0.0.1:30268:o.a.z.s.q.QuorumCnxManager$Listener$ListenerHandler@1067] - [wasabi] Retry Loop 06 is called. MaxRetry :3
2023-09-03 22:33:15,513 [myid:] - ERROR [ListenerHandler-/127.0.0.1:30268:o.a.z.s.q.QuorumCnxManager$Listener$ListenerHandler@1072] - [wasabi] Retry Loop 07 is called. MaxRetry :3
2023-09-03 22:33:15,513 [myid:] - ERROR [ListenerHandler-/127.0.0.1:30265:o.a.z.s.q.QuorumCnxManager$Listener$ListenerHandler@1067] - [wasabi] Retry Loop 06 is called. MaxRetry :3
2023-09-03 22:33:15,514 [myid:] - ERROR [ListenerHandler-/127.0.0.1:30265:o.a.z.s.q.QuorumCnxManager$Listener$ListenerHandler@1072] - [wasabi] Retry Loop 07 is called. MaxRetry :3
2023-09-03 22:33:15,514 [myid:] - ERROR [ListenerHandler-/127.0.0.1:30262:o.a.z.s.q.QuorumCnxManager$Listener$ListenerHandler@1067] - [wasabi] Retry Loop 06 is called. MaxRetry :3
2023-09-03 22:33:15,515 [myid:] - ERROR [ListenerHandler-/127.0.0.1:30262:o.a.z.s.q.QuorumCnxManager$Listener$ListenerHandler@1072] - [wasabi] Retry Loop 07 is called. MaxRetry :3
2023-09-03 22:33:15,533 [myid:] - ERROR [ListenerHandler-/127.0.0.1:30268:o.a.z.s.q.QuorumCnxManager$Listener$ListenerHandler@1067] - [wasabi] Retry Loop 06 is called. MaxRetry :3
2023-09-03 22:33:15,533 [myid:] - ERROR [ListenerHandler-/127.0.0.1:30268:o.a.z.s.q.QuorumCnxManager$Listener$ListenerHandler@1072] - [wasabi] Retry Loop 07 is called. MaxRetry :3
2023-09-03 22:33:15,534 [myid:] - ERROR [ListenerHandler-/127.0.0.1:30265:o.a.z.s.q.QuorumCnxManager$Listener$ListenerHandler@1067] - [wasabi] Retry Loop 06 is called. MaxRetry :3
2023-09-03 22:33:15,535 [myid:] - ERROR [ListenerHandler-/127.0.0.1:30265:o.a.z.s.q.QuorumCnxManager$Listener$ListenerHandler@1072] - [wasabi] Retry Loop 07 is called. MaxRetry :3
2023-09-03 22:33:15,535 [myid:] - ERROR [ListenerHandler-/127.0.0.1:30262:o.a.z.s.q.QuorumCnxManager$Listener$ListenerHandler@1067] - [wasabi] Retry Loop 06 is called. MaxRetry :3
2023-09-03 22:33:15,535 [myid:] - ERROR [ListenerHandler-/127.0.0.1:30262:o.a.z.s.q.QuorumCnxManager$Listener$ListenerHandler@1072] - [wasabi] Retry Loop 07 is called. MaxRetry :3
2023-09-03 22:33:16,181 [myid:] - ERROR [LearnerHandler-/127.0.0.1:33024:o.a.z.s.q.LearnerHandler@720] - Unexpected exception in LearnerHandler: 
java.io.EOFException: null
	at java.base/java.io.DataInputStream.readInt(DataInputStream.java:398)
	at org.apache.jute.BinaryInputArchive.readInt(BinaryInputArchive.java:96)
	at org.apache.zookeeper.server.quorum.QuorumPacket.deserialize(QuorumPacket.java:86)
	at org.apache.jute.BinaryInputArchive.readRecord(BinaryInputArchive.java:134)
	at org.apache.zookeeper.server.quorum.LearnerHandler.run(LearnerHandler.java:657)
2023-09-03 22:33:16,185 [myid:] - ERROR [LearnerHandler-/127.0.0.1:33034:o.a.z.s.q.LearnerHandler@720] - Unexpected exception in LearnerHandler: 
java.io.EOFException: null
	at java.base/java.io.DataInputStream.readInt(DataInputStream.java:398)
	at org.apache.jute.BinaryInputArchive.readInt(BinaryInputArchive.java:96)
	at org.apache.zookeeper.server.quorum.QuorumPacket.deserialize(QuorumPacket.java:86)
	at org.apache.jute.BinaryInputArchive.readRecord(BinaryInputArchive.java:134)
	at org.apache.zookeeper.server.quorum.LearnerHandler.run(LearnerHandler.java:657)
2023-09-03 22:33:16,193 [myid:] - ERROR [main:o.w.l.WasabiListener5@30] - [wasabi] testJMXBeanAfterRemoveAddOne() is finished
2023-09-03 22:33:16,193 [myid:] - ERROR [main:o.w.l.WasabiListener5@31] - [WASABIEND]
]]></system-out>
  </testcase>
  <testcase name="testRoleChange()" classname="ReconfigTest" time="8.333">
    <system-out><![CDATA[2023-09-03 22:33:16,194 [myid:] - ERROR [main:o.w.l.WasabiListener5@22] - [WASABISTART]
2023-09-03 22:33:16,194 [myid:] - ERROR [main:o.w.l.WasabiListener5@23] - [wasabi] testRoleChange() is started
2023-09-03 22:33:16,211 [myid:] - ERROR [ListenerHandler-/127.0.0.1:30271:o.a.z.s.q.QuorumCnxManager$Listener$ListenerHandler@1067] - [wasabi] Retry Loop 06 is called. MaxRetry :3
2023-09-03 22:33:16,211 [myid:] - ERROR [ListenerHandler-/127.0.0.1:30271:o.a.z.s.q.QuorumCnxManager$Listener$ListenerHandler@1072] - [wasabi] Retry Loop 07 is called. MaxRetry :3
2023-09-03 22:33:16,227 [myid:] - ERROR [ListenerHandler-/127.0.0.1:30274:o.a.z.s.q.QuorumCnxManager$Listener$ListenerHandler@1067] - [wasabi] Retry Loop 06 is called. MaxRetry :3
2023-09-03 22:33:16,228 [myid:] - ERROR [ListenerHandler-/127.0.0.1:30274:o.a.z.s.q.QuorumCnxManager$Listener$ListenerHandler@1072] - [wasabi] Retry Loop 07 is called. MaxRetry :3
2023-09-03 22:33:16,236 [myid:] - ERROR [ListenerHandler-/127.0.0.1:30277:o.a.z.s.q.QuorumCnxManager$Listener$ListenerHandler@1067] - [wasabi] Retry Loop 06 is called. MaxRetry :3
2023-09-03 22:33:16,236 [myid:] - ERROR [ListenerHandler-/127.0.0.1:30277:o.a.z.s.q.QuorumCnxManager$Listener$ListenerHandler@1072] - [wasabi] Retry Loop 07 is called. MaxRetry :3
2023-09-03 22:33:16,441 [myid:] - ERROR [LeaderConnector-/127.0.0.1:30276:o.a.z.s.q.Learner$LeaderConnector@408] - [wasabi] Retry Loop 05 is called. MaxRetry : 5
2023-09-03 22:33:16,441 [myid:] - ERROR [LeaderConnector-/127.0.0.1:30276:o.a.z.s.q.Learner$LeaderConnector@409] - [wasabi] Retry Loop 05 is called. MaxDuration : 100
2023-09-03 22:33:16,442 [myid:] - ERROR [LeaderConnector-/127.0.0.1:30276:o.a.z.s.q.Learner$LeaderConnector@408] - [wasabi] Retry Loop 05 is called. MaxRetry : 5
2023-09-03 22:33:16,442 [myid:] - ERROR [LeaderConnector-/127.0.0.1:30276:o.a.z.s.q.Learner$LeaderConnector@409] - [wasabi] Retry Loop 05 is called. MaxDuration : 100
2023-09-03 22:33:16,743 [myid:] - ERROR [main-SendThread():o.a.z.ClientCnxn$SendThread@1179] - [wasabi] Retry Loop 03 is called. MaxDuration : 10000
2023-09-03 22:33:16,744 [myid:] - ERROR [main-SendThread():o.a.z.ClientCnxn$SendThread@1179] - [wasabi] Retry Loop 03 is called. MaxDuration : 10000
2023-09-03 22:33:16,745 [myid:] - ERROR [main-SendThread():o.a.z.ClientCnxn$SendThread@1179] - [wasabi] Retry Loop 03 is called. MaxDuration : 10000
2023-09-03 22:33:16,747 [myid:] - ERROR [main-SendThread():o.a.z.ClientCnxn$SendThread@1179] - [wasabi] Retry Loop 03 is called. MaxDuration : 10000
2023-09-03 22:33:16,749 [myid:] - ERROR [main-SendThread():o.a.z.ClientCnxn$SendThread@1179] - [wasabi] Retry Loop 03 is called. MaxDuration : 10000
2023-09-03 22:33:16,750 [myid:] - ERROR [main-SendThread():o.a.z.ClientCnxn$SendThread@1179] - [wasabi] Retry Loop 03 is called. MaxDuration : 10000
2023-09-03 22:33:16,770 [myid:] - ERROR [ListenerHandler-/127.0.0.1:30277:o.a.z.s.q.QuorumCnxManager$Listener$ListenerHandler@1067] - [wasabi] Retry Loop 06 is called. MaxRetry :3
2023-09-03 22:33:16,771 [myid:] - ERROR [ListenerHandler-/127.0.0.1:30277:o.a.z.s.q.QuorumCnxManager$Listener$ListenerHandler@1072] - [wasabi] Retry Loop 07 is called. MaxRetry :3
2023-09-03 22:33:16,771 [myid:] - ERROR [LearnerHandler-/127.0.0.1:54514:o.a.z.s.q.LearnerHandler@720] - Unexpected exception in LearnerHandler: 
java.io.EOFException: null
	at java.base/java.io.DataInputStream.readInt(DataInputStream.java:398)
	at org.apache.jute.BinaryInputArchive.readInt(BinaryInputArchive.java:96)
	at org.apache.zookeeper.server.quorum.QuorumPacket.deserialize(QuorumPacket.java:86)
	at org.apache.jute.BinaryInputArchive.readRecord(BinaryInputArchive.java:134)
	at org.apache.zookeeper.server.quorum.LearnerHandler.run(LearnerHandler.java:657)
2023-09-03 22:33:16,773 [myid:] - ERROR [ListenerHandler-localhost/127.0.0.1:30271:o.a.z.s.q.QuorumCnxManager$Listener$ListenerHandler@1067] - [wasabi] Retry Loop 06 is called. MaxRetry :3
2023-09-03 22:33:16,773 [myid:] - ERROR [ListenerHandler-/127.0.0.1:30274:o.a.z.s.q.QuorumCnxManager$Listener$ListenerHandler@1067] - [wasabi] Retry Loop 06 is called. MaxRetry :3
2023-09-03 22:33:16,774 [myid:] - ERROR [ListenerHandler-localhost/127.0.0.1:30271:o.a.z.s.q.QuorumCnxManager$Listener$ListenerHandler@1072] - [wasabi] Retry Loop 07 is called. MaxRetry :3
2023-09-03 22:33:16,774 [myid:] - ERROR [ListenerHandler-/127.0.0.1:30274:o.a.z.s.q.QuorumCnxManager$Listener$ListenerHandler@1072] - [wasabi] Retry Loop 07 is called. MaxRetry :3
2023-09-03 22:33:16,776 [myid:] - ERROR [LeaderConnector-/127.0.0.1:30276:o.a.z.s.q.Learner$LeaderConnector@408] - [wasabi] Retry Loop 05 is called. MaxRetry : 5
2023-09-03 22:33:16,776 [myid:] - ERROR [LeaderConnector-/127.0.0.1:30276:o.a.z.s.q.Learner$LeaderConnector@409] - [wasabi] Retry Loop 05 is called. MaxDuration : 100
2023-09-03 22:33:18,753 [myid:] - ERROR [ListenerHandler-/127.0.0.1:30277:o.a.z.s.q.QuorumCnxManager$Listener$ListenerHandler@1067] - [wasabi] Retry Loop 06 is called. MaxRetry :3
2023-09-03 22:33:18,753 [myid:] - ERROR [ListenerHandler-/127.0.0.1:30277:o.a.z.s.q.QuorumCnxManager$Listener$ListenerHandler@1072] - [wasabi] Retry Loop 07 is called. MaxRetry :3
2023-09-03 22:33:18,753 [myid:] - ERROR [ListenerHandler-localhost/127.0.0.1:30271:o.a.z.s.q.QuorumCnxManager$Listener$ListenerHandler@1067] - [wasabi] Retry Loop 06 is called. MaxRetry :3
2023-09-03 22:33:18,753 [myid:] - ERROR [ListenerHandler-localhost/127.0.0.1:30271:o.a.z.s.q.QuorumCnxManager$Listener$ListenerHandler@1072] - [wasabi] Retry Loop 07 is called. MaxRetry :3
2023-09-03 22:33:18,754 [myid:] - ERROR [LearnerHandler-/127.0.0.1:54520:o.a.z.s.q.LearnerHandler@720] - Unexpected exception in LearnerHandler: 
java.io.EOFException: null
	at java.base/java.io.DataInputStream.readInt(DataInputStream.java:398)
	at org.apache.jute.BinaryInputArchive.readInt(BinaryInputArchive.java:96)
	at org.apache.zookeeper.server.quorum.QuorumPacket.deserialize(QuorumPacket.java:86)
	at org.apache.jute.BinaryInputArchive.readRecord(BinaryInputArchive.java:134)
	at org.apache.zookeeper.server.quorum.LearnerHandler.run(LearnerHandler.java:657)
2023-09-03 22:33:18,754 [myid:] - ERROR [ListenerHandler-/127.0.0.1:30274:o.a.z.s.q.QuorumCnxManager$Listener$ListenerHandler@1067] - [wasabi] Retry Loop 06 is called. MaxRetry :3
2023-09-03 22:33:18,754 [myid:] - ERROR [ListenerHandler-/127.0.0.1:30274:o.a.z.s.q.QuorumCnxManager$Listener$ListenerHandler@1072] - [wasabi] Retry Loop 07 is called. MaxRetry :3
2023-09-03 22:33:18,760 [myid:] - ERROR [LeaderConnector-/127.0.0.1:30276:o.a.z.s.q.Learner$LeaderConnector@408] - [wasabi] Retry Loop 05 is called. MaxRetry : 5
2023-09-03 22:33:18,760 [myid:] - ERROR [LeaderConnector-/127.0.0.1:30276:o.a.z.s.q.Learner$LeaderConnector@409] - [wasabi] Retry Loop 05 is called. MaxDuration : 100
2023-09-03 22:33:20,207 [myid:] - ERROR [ListenerHandler-localhost/127.0.0.1:30277:o.a.z.s.q.QuorumCnxManager$Listener$ListenerHandler@1067] - [wasabi] Retry Loop 06 is called. MaxRetry :3
2023-09-03 22:33:20,207 [myid:] - ERROR [ListenerHandler-localhost/127.0.0.1:30277:o.a.z.s.q.QuorumCnxManager$Listener$ListenerHandler@1072] - [wasabi] Retry Loop 07 is called. MaxRetry :3
2023-09-03 22:33:20,208 [myid:] - ERROR [LearnerHandler-/127.0.0.1:57218:o.a.z.s.q.LearnerHandler@720] - Unexpected exception in LearnerHandler: 
java.io.EOFException: null
	at java.base/java.io.DataInputStream.readInt(DataInputStream.java:398)
	at org.apache.jute.BinaryInputArchive.readInt(BinaryInputArchive.java:96)
	at org.apache.zookeeper.server.quorum.QuorumPacket.deserialize(QuorumPacket.java:86)
	at org.apache.jute.BinaryInputArchive.readRecord(BinaryInputArchive.java:134)
	at org.apache.zookeeper.server.quorum.LearnerHandler.run(LearnerHandler.java:657)
2023-09-03 22:33:20,208 [myid:] - ERROR [ListenerHandler-localhost/127.0.0.1:30271:o.a.z.s.q.QuorumCnxManager$Listener$ListenerHandler@1067] - [wasabi] Retry Loop 06 is called. MaxRetry :3
2023-09-03 22:33:20,209 [myid:] - ERROR [ListenerHandler-localhost/127.0.0.1:30271:o.a.z.s.q.QuorumCnxManager$Listener$ListenerHandler@1072] - [wasabi] Retry Loop 07 is called. MaxRetry :3
2023-09-03 22:33:20,209 [myid:] - ERROR [LearnerHandler-/127.0.0.1:54506:o.a.z.s.q.LearnerHandler@720] - Unexpected exception in LearnerHandler: 
java.io.EOFException: null
	at java.base/java.io.DataInputStream.readInt(DataInputStream.java:398)
	at org.apache.jute.BinaryInputArchive.readInt(BinaryInputArchive.java:96)
	at org.apache.zookeeper.server.quorum.QuorumPacket.deserialize(QuorumPacket.java:86)
	at org.apache.jute.BinaryInputArchive.readRecord(BinaryInputArchive.java:134)
	at org.apache.zookeeper.server.quorum.LearnerHandler.run(LearnerHandler.java:657)
2023-09-03 22:33:20,210 [myid:] - ERROR [ListenerHandler-/127.0.0.1:30274:o.a.z.s.q.QuorumCnxManager$Listener$ListenerHandler@1067] - [wasabi] Retry Loop 06 is called. MaxRetry :3
2023-09-03 22:33:20,210 [myid:] - ERROR [ListenerHandler-/127.0.0.1:30274:o.a.z.s.q.QuorumCnxManager$Listener$ListenerHandler@1072] - [wasabi] Retry Loop 07 is called. MaxRetry :3
2023-09-03 22:33:20,210 [myid:] - ERROR [LeaderConnector-localhost/127.0.0.1:30270:o.a.z.s.q.Learner$LeaderConnector@408] - [wasabi] Retry Loop 05 is called. MaxRetry : 5
2023-09-03 22:33:20,211 [myid:] - ERROR [LeaderConnector-localhost/127.0.0.1:30270:o.a.z.s.q.Learner$LeaderConnector@409] - [wasabi] Retry Loop 05 is called. MaxDuration : 100
2023-09-03 22:33:20,462 [myid:] - ERROR [LeaderConnector-localhost/127.0.0.1:30270:o.a.z.s.q.Learner$LeaderConnector@408] - [wasabi] Retry Loop 05 is called. MaxRetry : 5
2023-09-03 22:33:20,462 [myid:] - ERROR [LeaderConnector-localhost/127.0.0.1:30270:o.a.z.s.q.Learner$LeaderConnector@409] - [wasabi] Retry Loop 05 is called. MaxDuration : 100
2023-09-03 22:33:22,304 [myid:] - ERROR [ListenerHandler-localhost/127.0.0.1:30271:o.a.z.s.q.QuorumCnxManager$Listener$ListenerHandler@1067] - [wasabi] Retry Loop 06 is called. MaxRetry :3
2023-09-03 22:33:22,304 [myid:] - ERROR [ListenerHandler-localhost/127.0.0.1:30271:o.a.z.s.q.QuorumCnxManager$Listener$ListenerHandler@1072] - [wasabi] Retry Loop 07 is called. MaxRetry :3
2023-09-03 22:33:22,305 [myid:] - ERROR [ListenerHandler-/127.0.0.1:30274:o.a.z.s.q.QuorumCnxManager$Listener$ListenerHandler@1067] - [wasabi] Retry Loop 06 is called. MaxRetry :3
2023-09-03 22:33:22,305 [myid:] - ERROR [ListenerHandler-/127.0.0.1:30274:o.a.z.s.q.QuorumCnxManager$Listener$ListenerHandler@1072] - [wasabi] Retry Loop 07 is called. MaxRetry :3
2023-09-03 22:33:22,305 [myid:] - ERROR [ListenerHandler-localhost/127.0.0.1:30277:o.a.z.s.q.QuorumCnxManager$Listener$ListenerHandler@1067] - [wasabi] Retry Loop 06 is called. MaxRetry :3
2023-09-03 22:33:22,306 [myid:] - ERROR [LearnerHandler-/127.0.0.1:58710:o.a.z.s.q.LearnerHandler@720] - Unexpected exception in LearnerHandler: 
java.io.EOFException: null
	at java.base/java.io.DataInputStream.readInt(DataInputStream.java:398)
	at org.apache.jute.BinaryInputArchive.readInt(BinaryInputArchive.java:96)
	at org.apache.zookeeper.server.quorum.QuorumPacket.deserialize(QuorumPacket.java:86)
	at org.apache.jute.BinaryInputArchive.readRecord(BinaryInputArchive.java:134)
	at org.apache.zookeeper.server.quorum.LearnerHandler.run(LearnerHandler.java:657)
2023-09-03 22:33:22,306 [myid:] - ERROR [ListenerHandler-localhost/127.0.0.1:30277:o.a.z.s.q.QuorumCnxManager$Listener$ListenerHandler@1072] - [wasabi] Retry Loop 07 is called. MaxRetry :3
2023-09-03 22:33:22,346 [myid:] - ERROR [LeaderConnector-localhost/127.0.0.1:30270:o.a.z.s.q.Learner$LeaderConnector@408] - [wasabi] Retry Loop 05 is called. MaxRetry : 5
2023-09-03 22:33:22,346 [myid:] - ERROR [LeaderConnector-localhost/127.0.0.1:30270:o.a.z.s.q.Learner$LeaderConnector@409] - [wasabi] Retry Loop 05 is called. MaxDuration : 100
2023-09-03 22:33:24,513 [myid:] - ERROR [LearnerHandler-/127.0.0.1:58714:o.a.z.s.q.LearnerHandler@720] - Unexpected exception in LearnerHandler: 
java.net.SocketException: Socket closed
	at java.base/sun.nio.ch.NioSocketImpl.endRead(NioSocketImpl.java:248)
	at java.base/sun.nio.ch.NioSocketImpl.implRead(NioSocketImpl.java:327)
	at java.base/sun.nio.ch.NioSocketImpl.read(NioSocketImpl.java:350)
	at java.base/sun.nio.ch.NioSocketImpl$1.read(NioSocketImpl.java:803)
	at java.base/java.net.Socket$SocketInputStream.read(Socket.java:966)
	at java.base/java.io.BufferedInputStream.fill(BufferedInputStream.java:244)
	at java.base/java.io.BufferedInputStream.read(BufferedInputStream.java:263)
	at java.base/java.io.DataInputStream.readInt(DataInputStream.java:393)
	at org.apache.jute.BinaryInputArchive.readInt(BinaryInputArchive.java:96)
	at org.apache.zookeeper.server.quorum.QuorumPacket.deserialize(QuorumPacket.java:86)
	at org.apache.jute.BinaryInputArchive.readRecord(BinaryInputArchive.java:134)
	at org.apache.zookeeper.server.quorum.LearnerHandler.run(LearnerHandler.java:657)
2023-09-03 22:33:24,513 [myid:] - ERROR [LearnerHandler-/127.0.0.1:58704:o.a.z.s.q.LearnerHandler@720] - Unexpected exception in LearnerHandler: 
java.net.SocketException: Socket closed
	at java.base/sun.nio.ch.NioSocketImpl.endRead(NioSocketImpl.java:248)
	at java.base/sun.nio.ch.NioSocketImpl.implRead(NioSocketImpl.java:327)
	at java.base/sun.nio.ch.NioSocketImpl.read(NioSocketImpl.java:350)
	at java.base/sun.nio.ch.NioSocketImpl$1.read(NioSocketImpl.java:803)
	at java.base/java.net.Socket$SocketInputStream.read(Socket.java:966)
	at java.base/java.io.BufferedInputStream.fill(BufferedInputStream.java:244)
	at java.base/java.io.BufferedInputStream.read(BufferedInputStream.java:263)
	at java.base/java.io.DataInputStream.readInt(DataInputStream.java:393)
	at org.apache.jute.BinaryInputArchive.readInt(BinaryInputArchive.java:96)
	at org.apache.zookeeper.server.quorum.QuorumPacket.deserialize(QuorumPacket.java:86)
	at org.apache.jute.BinaryInputArchive.readRecord(BinaryInputArchive.java:134)
	at org.apache.zookeeper.server.quorum.LearnerHandler.run(LearnerHandler.java:657)
2023-09-03 22:33:24,526 [myid:] - ERROR [main:o.w.l.WasabiListener5@30] - [wasabi] testRoleChange() is finished
2023-09-03 22:33:24,526 [myid:] - ERROR [main:o.w.l.WasabiListener5@31] - [WASABIEND]
]]></system-out>
  </testcase>
  <testcase name="testBulkReconfig()" classname="ReconfigTest" time="14.23">
    <system-out><![CDATA[2023-09-03 22:33:24,527 [myid:] - ERROR [main:o.w.l.WasabiListener5@22] - [WASABISTART]
2023-09-03 22:33:24,527 [myid:] - ERROR [main:o.w.l.WasabiListener5@23] - [wasabi] testBulkReconfig() is started
2023-09-03 22:33:24,551 [myid:] - ERROR [ListenerHandler-/127.0.0.1:30280:o.a.z.s.q.QuorumCnxManager$Listener$ListenerHandler@1067] - [wasabi] Retry Loop 06 is called. MaxRetry :3
2023-09-03 22:33:24,551 [myid:] - ERROR [ListenerHandler-/127.0.0.1:30280:o.a.z.s.q.QuorumCnxManager$Listener$ListenerHandler@1072] - [wasabi] Retry Loop 07 is called. MaxRetry :3
2023-09-03 22:33:24,559 [myid:] - ERROR [ListenerHandler-/127.0.0.1:30283:o.a.z.s.q.QuorumCnxManager$Listener$ListenerHandler@1067] - [wasabi] Retry Loop 06 is called. MaxRetry :3
2023-09-03 22:33:24,559 [myid:] - ERROR [ListenerHandler-/127.0.0.1:30283:o.a.z.s.q.QuorumCnxManager$Listener$ListenerHandler@1072] - [wasabi] Retry Loop 07 is called. MaxRetry :3
2023-09-03 22:33:24,566 [myid:] - ERROR [ListenerHandler-/127.0.0.1:30286:o.a.z.s.q.QuorumCnxManager$Listener$ListenerHandler@1067] - [wasabi] Retry Loop 06 is called. MaxRetry :3
2023-09-03 22:33:24,566 [myid:] - ERROR [ListenerHandler-/127.0.0.1:30286:o.a.z.s.q.QuorumCnxManager$Listener$ListenerHandler@1072] - [wasabi] Retry Loop 07 is called. MaxRetry :3
2023-09-03 22:33:24,573 [myid:] - ERROR [ListenerHandler-/127.0.0.1:30289:o.a.z.s.q.QuorumCnxManager$Listener$ListenerHandler@1067] - [wasabi] Retry Loop 06 is called. MaxRetry :3
2023-09-03 22:33:24,574 [myid:] - ERROR [ListenerHandler-/127.0.0.1:30289:o.a.z.s.q.QuorumCnxManager$Listener$ListenerHandler@1072] - [wasabi] Retry Loop 07 is called. MaxRetry :3
2023-09-03 22:33:24,581 [myid:] - ERROR [ListenerHandler-/127.0.0.1:30292:o.a.z.s.q.QuorumCnxManager$Listener$ListenerHandler@1067] - [wasabi] Retry Loop 06 is called. MaxRetry :3
2023-09-03 22:33:24,582 [myid:] - ERROR [ListenerHandler-/127.0.0.1:30292:o.a.z.s.q.QuorumCnxManager$Listener$ListenerHandler@1072] - [wasabi] Retry Loop 07 is called. MaxRetry :3
2023-09-03 22:33:24,593 [myid:] - ERROR [ListenerHandler-/127.0.0.1:30295:o.a.z.s.q.QuorumCnxManager$Listener$ListenerHandler@1067] - [wasabi] Retry Loop 06 is called. MaxRetry :3
2023-09-03 22:33:24,598 [myid:] - ERROR [ListenerHandler-/127.0.0.1:30295:o.a.z.s.q.QuorumCnxManager$Listener$ListenerHandler@1072] - [wasabi] Retry Loop 07 is called. MaxRetry :3
2023-09-03 22:33:24,609 [myid:] - ERROR [ListenerHandler-/127.0.0.1:30298:o.a.z.s.q.QuorumCnxManager$Listener$ListenerHandler@1067] - [wasabi] Retry Loop 06 is called. MaxRetry :3
2023-09-03 22:33:24,609 [myid:] - ERROR [ListenerHandler-/127.0.0.1:30298:o.a.z.s.q.QuorumCnxManager$Listener$ListenerHandler@1072] - [wasabi] Retry Loop 07 is called. MaxRetry :3
2023-09-03 22:33:24,817 [myid:] - ERROR [LeaderConnector-/127.0.0.1:30297:o.a.z.s.q.Learner$LeaderConnector@408] - [wasabi] Retry Loop 05 is called. MaxRetry : 5
2023-09-03 22:33:24,817 [myid:] - ERROR [LeaderConnector-/127.0.0.1:30297:o.a.z.s.q.Learner$LeaderConnector@409] - [wasabi] Retry Loop 05 is called. MaxDuration : 100
2023-09-03 22:33:24,818 [myid:] - ERROR [LeaderConnector-/127.0.0.1:30297:o.a.z.s.q.Learner$LeaderConnector@408] - [wasabi] Retry Loop 05 is called. MaxRetry : 5
2023-09-03 22:33:24,818 [myid:] - ERROR [LeaderConnector-/127.0.0.1:30297:o.a.z.s.q.Learner$LeaderConnector@409] - [wasabi] Retry Loop 05 is called. MaxDuration : 100
2023-09-03 22:33:24,819 [myid:] - ERROR [LeaderConnector-/127.0.0.1:30297:o.a.z.s.q.Learner$LeaderConnector@408] - [wasabi] Retry Loop 05 is called. MaxRetry : 5
2023-09-03 22:33:24,819 [myid:] - ERROR [LeaderConnector-/127.0.0.1:30297:o.a.z.s.q.Learner$LeaderConnector@409] - [wasabi] Retry Loop 05 is called. MaxDuration : 100
2023-09-03 22:33:24,820 [myid:] - ERROR [LeaderConnector-/127.0.0.1:30297:o.a.z.s.q.Learner$LeaderConnector@408] - [wasabi] Retry Loop 05 is called. MaxRetry : 5
2023-09-03 22:33:24,820 [myid:] - ERROR [LeaderConnector-/127.0.0.1:30297:o.a.z.s.q.Learner$LeaderConnector@409] - [wasabi] Retry Loop 05 is called. MaxDuration : 100
2023-09-03 22:33:24,822 [myid:] - ERROR [LeaderConnector-/127.0.0.1:30297:o.a.z.s.q.Learner$LeaderConnector@408] - [wasabi] Retry Loop 05 is called. MaxRetry : 5
2023-09-03 22:33:24,822 [myid:] - ERROR [LeaderConnector-/127.0.0.1:30297:o.a.z.s.q.Learner$LeaderConnector@408] - [wasabi] Retry Loop 05 is called. MaxRetry : 5
2023-09-03 22:33:24,822 [myid:] - ERROR [LeaderConnector-/127.0.0.1:30297:o.a.z.s.q.Learner$LeaderConnector@409] - [wasabi] Retry Loop 05 is called. MaxDuration : 100
2023-09-03 22:33:24,822 [myid:] - ERROR [LeaderConnector-/127.0.0.1:30297:o.a.z.s.q.Learner$LeaderConnector@409] - [wasabi] Retry Loop 05 is called. MaxDuration : 100
2023-09-03 22:33:25,120 [myid:] - ERROR [main-SendThread():o.a.z.ClientCnxn$SendThread@1179] - [wasabi] Retry Loop 03 is called. MaxDuration : 10000
2023-09-03 22:33:25,121 [myid:] - ERROR [main-SendThread():o.a.z.ClientCnxn$SendThread@1179] - [wasabi] Retry Loop 03 is called. MaxDuration : 10000
2023-09-03 22:33:25,122 [myid:] - ERROR [main-SendThread():o.a.z.ClientCnxn$SendThread@1179] - [wasabi] Retry Loop 03 is called. MaxDuration : 10000
2023-09-03 22:33:25,125 [myid:] - ERROR [main-SendThread():o.a.z.ClientCnxn$SendThread@1179] - [wasabi] Retry Loop 03 is called. MaxDuration : 10000
2023-09-03 22:33:25,126 [myid:] - ERROR [main-SendThread():o.a.z.ClientCnxn$SendThread@1179] - [wasabi] Retry Loop 03 is called. MaxDuration : 10000
2023-09-03 22:33:25,128 [myid:] - ERROR [main-SendThread():o.a.z.ClientCnxn$SendThread@1179] - [wasabi] Retry Loop 03 is called. MaxDuration : 10000
2023-09-03 22:33:25,130 [myid:] - ERROR [main-SendThread():o.a.z.ClientCnxn$SendThread@1179] - [wasabi] Retry Loop 03 is called. MaxDuration : 10000
2023-09-03 22:33:25,131 [myid:] - ERROR [main-SendThread():o.a.z.ClientCnxn$SendThread@1179] - [wasabi] Retry Loop 03 is called. MaxDuration : 10000
2023-09-03 22:33:25,134 [myid:] - ERROR [main-SendThread():o.a.z.ClientCnxn$SendThread@1179] - [wasabi] Retry Loop 03 is called. MaxDuration : 10000
2023-09-03 22:33:25,139 [myid:] - ERROR [main-SendThread():o.a.z.ClientCnxn$SendThread@1179] - [wasabi] Retry Loop 03 is called. MaxDuration : 10000
2023-09-03 22:33:25,141 [myid:] - ERROR [main-SendThread():o.a.z.ClientCnxn$SendThread@1179] - [wasabi] Retry Loop 03 is called. MaxDuration : 10000
2023-09-03 22:33:25,143 [myid:] - ERROR [main-SendThread():o.a.z.ClientCnxn$SendThread@1179] - [wasabi] Retry Loop 03 is called. MaxDuration : 10000
2023-09-03 22:33:25,146 [myid:] - ERROR [main-SendThread():o.a.z.ClientCnxn$SendThread@1179] - [wasabi] Retry Loop 03 is called. MaxDuration : 10000
2023-09-03 22:33:25,146 [myid:] - ERROR [main-SendThread():o.a.z.ClientCnxn$SendThread@1179] - [wasabi] Retry Loop 03 is called. MaxDuration : 10000
2023-09-03 22:33:25,147 [myid:] - ERROR [LearnerHandler-/127.0.0.1:32840:o.a.z.s.q.LearnerHandler@720] - Unexpected exception in LearnerHandler: 
java.io.EOFException: null
	at java.base/java.io.DataInputStream.readInt(DataInputStream.java:398)
	at org.apache.jute.BinaryInputArchive.readInt(BinaryInputArchive.java:96)
	at org.apache.zookeeper.server.quorum.QuorumPacket.deserialize(QuorumPacket.java:86)
	at org.apache.jute.BinaryInputArchive.readRecord(BinaryInputArchive.java:134)
	at org.apache.zookeeper.server.quorum.LearnerHandler.run(LearnerHandler.java:657)
2023-09-03 22:33:25,150 [myid:] - ERROR [LearnerHandler-/127.0.0.1:32816:o.a.z.s.q.LearnerHandler@720] - Unexpected exception in LearnerHandler: 
java.io.EOFException: null
	at java.base/java.io.DataInputStream.readInt(DataInputStream.java:398)
	at org.apache.jute.BinaryInputArchive.readInt(BinaryInputArchive.java:96)
	at org.apache.zookeeper.server.quorum.QuorumPacket.deserialize(QuorumPacket.java:86)
	at org.apache.jute.BinaryInputArchive.readRecord(BinaryInputArchive.java:134)
	at org.apache.zookeeper.server.quorum.LearnerHandler.run(LearnerHandler.java:657)
2023-09-03 22:33:25,150 [myid:] - ERROR [SyncThread:3:o.a.z.s.ZooKeeperCriticalThread@49] - Severe unrecoverable error, from thread : SyncThread:3
java.lang.NullPointerException: Cannot invoke "java.net.Socket.isClosed()" because "this.learner.sock" is null
	at org.apache.zookeeper.server.quorum.SendAckRequestProcessor.flush(SendAckRequestProcessor.java:67)
	at org.apache.zookeeper.server.SyncRequestProcessor.flush(SyncRequestProcessor.java:248)
	at org.apache.zookeeper.server.SyncRequestProcessor.run(SyncRequestProcessor.java:169)
2023-09-03 22:33:25,151 [myid:] - ERROR [SyncThread:6:o.a.z.s.ZooKeeperCriticalThread@49] - Severe unrecoverable error, from thread : SyncThread:6
java.lang.NullPointerException: Cannot invoke "java.net.Socket.isClosed()" because "this.learner.sock" is null
	at org.apache.zookeeper.server.quorum.SendAckRequestProcessor.flush(SendAckRequestProcessor.java:67)
	at org.apache.zookeeper.server.SyncRequestProcessor.flush(SyncRequestProcessor.java:248)
	at org.apache.zookeeper.server.SyncRequestProcessor.run(SyncRequestProcessor.java:169)
2023-09-03 22:33:25,162 [myid:] - ERROR [LearnerHandler-/127.0.0.1:32826:o.a.z.s.q.LearnerHandler@720] - Unexpected exception in LearnerHandler: 
java.net.SocketException: Socket closed
	at java.base/sun.nio.ch.NioSocketImpl.endRead(NioSocketImpl.java:248)
	at java.base/sun.nio.ch.NioSocketImpl.implRead(NioSocketImpl.java:327)
	at java.base/sun.nio.ch.NioSocketImpl.read(NioSocketImpl.java:350)
	at java.base/sun.nio.ch.NioSocketImpl$1.read(NioSocketImpl.java:803)
	at java.base/java.net.Socket$SocketInputStream.read(Socket.java:966)
	at java.base/java.io.BufferedInputStream.fill(BufferedInputStream.java:244)
	at java.base/java.io.BufferedInputStream.read(BufferedInputStream.java:263)
	at java.base/java.io.DataInputStream.readInt(DataInputStream.java:393)
	at org.apache.jute.BinaryInputArchive.readInt(BinaryInputArchive.java:96)
	at org.apache.zookeeper.server.quorum.QuorumPacket.deserialize(QuorumPacket.java:86)
	at org.apache.jute.BinaryInputArchive.readRecord(BinaryInputArchive.java:134)
	at org.apache.zookeeper.server.quorum.LearnerHandler.run(LearnerHandler.java:657)
2023-09-03 22:33:25,163 [myid:] - ERROR [LearnerHandler-/127.0.0.1:32812:o.a.z.s.q.LearnerHandler@720] - Unexpected exception in LearnerHandler: 
java.net.SocketException: Socket closed
	at java.base/sun.nio.ch.NioSocketImpl.endRead(NioSocketImpl.java:248)
	at java.base/sun.nio.ch.NioSocketImpl.implRead(NioSocketImpl.java:327)
	at java.base/sun.nio.ch.NioSocketImpl.read(NioSocketImpl.java:350)
	at java.base/sun.nio.ch.NioSocketImpl$1.read(NioSocketImpl.java:803)
	at java.base/java.net.Socket$SocketInputStream.read(Socket.java:966)
	at java.base/java.io.BufferedInputStream.fill(BufferedInputStream.java:244)
	at java.base/java.io.BufferedInputStream.read(BufferedInputStream.java:263)
	at java.base/java.io.DataInputStream.readInt(DataInputStream.java:393)
	at org.apache.jute.BinaryInputArchive.readInt(BinaryInputArchive.java:96)
	at org.apache.zookeeper.server.quorum.QuorumPacket.deserialize(QuorumPacket.java:86)
	at org.apache.jute.BinaryInputArchive.readRecord(BinaryInputArchive.java:134)
	at org.apache.zookeeper.server.quorum.LearnerHandler.run(LearnerHandler.java:657)
2023-09-03 22:33:25,163 [myid:] - ERROR [LearnerHandler-/127.0.0.1:32822:o.a.z.s.q.LearnerHandler@720] - Unexpected exception in LearnerHandler: 
java.net.SocketException: Socket closed
	at java.base/sun.nio.ch.NioSocketImpl.endRead(NioSocketImpl.java:248)
	at java.base/sun.nio.ch.NioSocketImpl.implRead(NioSocketImpl.java:327)
	at java.base/sun.nio.ch.NioSocketImpl.read(NioSocketImpl.java:350)
	at java.base/sun.nio.ch.NioSocketImpl$1.read(NioSocketImpl.java:803)
	at java.base/java.net.Socket$SocketInputStream.read(Socket.java:966)
	at java.base/java.io.BufferedInputStream.fill(BufferedInputStream.java:244)
	at java.base/java.io.BufferedInputStream.read(BufferedInputStream.java:263)
	at java.base/java.io.DataInputStream.readInt(DataInputStream.java:393)
	at org.apache.jute.BinaryInputArchive.readInt(BinaryInputArchive.java:96)
	at org.apache.zookeeper.server.quorum.QuorumPacket.deserialize(QuorumPacket.java:86)
	at org.apache.jute.BinaryInputArchive.readRecord(BinaryInputArchive.java:134)
	at org.apache.zookeeper.server.quorum.LearnerHandler.run(LearnerHandler.java:657)
2023-09-03 22:33:25,163 [myid:] - ERROR [LearnerHandler-/127.0.0.1:32854:o.a.z.s.q.LearnerHandler@720] - Unexpected exception in LearnerHandler: 
java.net.SocketException: Socket closed
	at java.base/sun.nio.ch.NioSocketImpl.endRead(NioSocketImpl.java:248)
	at java.base/sun.nio.ch.NioSocketImpl.implRead(NioSocketImpl.java:327)
	at java.base/sun.nio.ch.NioSocketImpl.read(NioSocketImpl.java:350)
	at java.base/sun.nio.ch.NioSocketImpl$1.read(NioSocketImpl.java:803)
	at java.base/java.net.Socket$SocketInputStream.read(Socket.java:966)
	at java.base/java.io.BufferedInputStream.fill(BufferedInputStream.java:244)
	at java.base/java.io.BufferedInputStream.read(BufferedInputStream.java:263)
	at java.base/java.io.DataInputStream.readInt(DataInputStream.java:393)
	at org.apache.jute.BinaryInputArchive.readInt(BinaryInputArchive.java:96)
	at org.apache.zookeeper.server.quorum.QuorumPacket.deserialize(QuorumPacket.java:86)
	at org.apache.jute.BinaryInputArchive.readRecord(BinaryInputArchive.java:134)
	at org.apache.zookeeper.server.quorum.LearnerHandler.run(LearnerHandler.java:657)
2023-09-03 22:33:25,166 [myid:] - ERROR [SyncThread:5:o.a.z.s.ZooKeeperCriticalThread@49] - Severe unrecoverable error, from thread : SyncThread:5
java.lang.NullPointerException: Cannot invoke "java.net.Socket.isClosed()" because "this.learner.sock" is null
	at org.apache.zookeeper.server.quorum.SendAckRequestProcessor.flush(SendAckRequestProcessor.java:67)
	at org.apache.zookeeper.server.SyncRequestProcessor.flush(SyncRequestProcessor.java:248)
	at org.apache.zookeeper.server.SyncRequestProcessor.run(SyncRequestProcessor.java:169)
2023-09-03 22:33:25,166 [myid:] - ERROR [SyncThread:2:o.a.z.s.ZooKeeperCriticalThread@49] - Severe unrecoverable error, from thread : SyncThread:2
java.lang.NullPointerException: Cannot invoke "java.net.Socket.isClosed()" because "this.learner.sock" is null
	at org.apache.zookeeper.server.quorum.SendAckRequestProcessor.flush(SendAckRequestProcessor.java:67)
	at org.apache.zookeeper.server.SyncRequestProcessor.flush(SyncRequestProcessor.java:248)
	at org.apache.zookeeper.server.SyncRequestProcessor.run(SyncRequestProcessor.java:169)
2023-09-03 22:33:25,380 [myid:] - ERROR [LeaderConnector-/127.0.0.1:30291:o.a.z.s.q.Learner$LeaderConnector@408] - [wasabi] Retry Loop 05 is called. MaxRetry : 5
2023-09-03 22:33:25,380 [myid:] - ERROR [LeaderConnector-/127.0.0.1:30291:o.a.z.s.q.Learner$LeaderConnector@408] - [wasabi] Retry Loop 05 is called. MaxRetry : 5
2023-09-03 22:33:25,380 [myid:] - ERROR [LeaderConnector-/127.0.0.1:30291:o.a.z.s.q.Learner$LeaderConnector@408] - [wasabi] Retry Loop 05 is called. MaxRetry : 5
2023-09-03 22:33:25,381 [myid:] - ERROR [LeaderConnector-/127.0.0.1:30291:o.a.z.s.q.Learner$LeaderConnector@409] - [wasabi] Retry Loop 05 is called. MaxDuration : 100
2023-09-03 22:33:25,381 [myid:] - ERROR [LeaderConnector-/127.0.0.1:30291:o.a.z.s.q.Learner$LeaderConnector@409] - [wasabi] Retry Loop 05 is called. MaxDuration : 100
2023-09-03 22:33:25,380 [myid:] - ERROR [LeaderConnector-/127.0.0.1:30291:o.a.z.s.q.Learner$LeaderConnector@409] - [wasabi] Retry Loop 05 is called. MaxDuration : 100
2023-09-03 22:33:26,444 [myid:] - ERROR [ListenerHandler-localhost/127.0.0.1:30308:o.a.z.s.q.QuorumCnxManager$Listener$ListenerHandler@1067] - [wasabi] Retry Loop 06 is called. MaxRetry :3
2023-09-03 22:33:26,445 [myid:] - ERROR [LearnerHandler-/127.0.0.1:42736:o.a.z.s.q.LearnerHandler@720] - Unexpected exception in LearnerHandler: 
java.io.EOFException: null
	at java.base/java.io.DataInputStream.readInt(DataInputStream.java:398)
	at org.apache.jute.BinaryInputArchive.readInt(BinaryInputArchive.java:96)
	at org.apache.zookeeper.server.quorum.QuorumPacket.deserialize(QuorumPacket.java:86)
	at org.apache.jute.BinaryInputArchive.readRecord(BinaryInputArchive.java:134)
	at org.apache.zookeeper.server.quorum.LearnerHandler.run(LearnerHandler.java:657)
2023-09-03 22:33:26,445 [myid:] - ERROR [LearnerHandler-/127.0.0.1:42722:o.a.z.s.q.LearnerHandler@720] - Unexpected exception in LearnerHandler: 
java.io.EOFException: null
	at java.base/java.io.DataInputStream.readInt(DataInputStream.java:398)
	at org.apache.jute.BinaryInputArchive.readInt(BinaryInputArchive.java:96)
	at org.apache.zookeeper.server.quorum.QuorumPacket.deserialize(QuorumPacket.java:86)
	at org.apache.jute.BinaryInputArchive.readRecord(BinaryInputArchive.java:134)
	at org.apache.zookeeper.server.quorum.LearnerHandler.run(LearnerHandler.java:657)
2023-09-03 22:33:26,445 [myid:] - ERROR [ListenerHandler-localhost/127.0.0.1:30308:o.a.z.s.q.QuorumCnxManager$Listener$ListenerHandler@1072] - [wasabi] Retry Loop 07 is called. MaxRetry :3
2023-09-03 22:33:26,446 [myid:] - ERROR [ListenerHandler-localhost/127.0.0.1:30300:o.a.z.s.q.QuorumCnxManager$Listener$ListenerHandler@1067] - [wasabi] Retry Loop 06 is called. MaxRetry :3
2023-09-03 22:33:26,446 [myid:] - ERROR [ListenerHandler-localhost/127.0.0.1:30300:o.a.z.s.q.QuorumCnxManager$Listener$ListenerHandler@1072] - [wasabi] Retry Loop 07 is called. MaxRetry :3
2023-09-03 22:33:26,447 [myid:] - ERROR [ListenerHandler-localhost/127.0.0.1:30306:o.a.z.s.q.QuorumCnxManager$Listener$ListenerHandler@1067] - [wasabi] Retry Loop 06 is called. MaxRetry :3
2023-09-03 22:33:26,447 [myid:] - ERROR [LearnerHandler-/127.0.0.1:42750:o.a.z.s.q.LearnerHandler@720] - Unexpected exception in LearnerHandler: 
java.io.EOFException: null
	at java.base/java.io.DataInputStream.readInt(DataInputStream.java:398)
	at org.apache.jute.BinaryInputArchive.readInt(BinaryInputArchive.java:96)
	at org.apache.zookeeper.server.quorum.QuorumPacket.deserialize(QuorumPacket.java:86)
	at org.apache.jute.BinaryInputArchive.readRecord(BinaryInputArchive.java:134)
	at org.apache.zookeeper.server.quorum.LearnerHandler.run(LearnerHandler.java:657)
2023-09-03 22:33:26,447 [myid:] - ERROR [ListenerHandler-localhost/127.0.0.1:30306:o.a.z.s.q.QuorumCnxManager$Listener$ListenerHandler@1072] - [wasabi] Retry Loop 07 is called. MaxRetry :3
2023-09-03 22:33:26,450 [myid:] - ERROR [LeaderConnector-localhost/127.0.0.1:30299:o.a.z.s.q.Learner$LeaderConnector@408] - [wasabi] Retry Loop 05 is called. MaxRetry : 5
2023-09-03 22:33:26,450 [myid:] - ERROR [LeaderConnector-localhost/127.0.0.1:30299:o.a.z.s.q.Learner$LeaderConnector@409] - [wasabi] Retry Loop 05 is called. MaxDuration : 100
2023-09-03 22:33:26,450 [myid:] - ERROR [LeaderConnector-localhost/127.0.0.1:30299:o.a.z.s.q.Learner$LeaderConnector@408] - [wasabi] Retry Loop 05 is called. MaxRetry : 5
2023-09-03 22:33:26,450 [myid:] - ERROR [LeaderConnector-localhost/127.0.0.1:30299:o.a.z.s.q.Learner$LeaderConnector@409] - [wasabi] Retry Loop 05 is called. MaxDuration : 100
2023-09-03 22:33:26,450 [myid:] - ERROR [ListenerHandler-localhost/127.0.0.1:30302:o.a.z.s.q.QuorumCnxManager$Listener$ListenerHandler@1067] - [wasabi] Retry Loop 06 is called. MaxRetry :3
2023-09-03 22:33:26,450 [myid:] - ERROR [ListenerHandler-localhost/127.0.0.1:30302:o.a.z.s.q.QuorumCnxManager$Listener$ListenerHandler@1072] - [wasabi] Retry Loop 07 is called. MaxRetry :3
2023-09-03 22:33:27,409 [myid:] - ERROR [LeaderConnector-localhost/127.0.0.1:30299:o.a.z.s.q.Learner$LeaderConnector@408] - [wasabi] Retry Loop 05 is called. MaxRetry : 5
2023-09-03 22:33:27,409 [myid:] - ERROR [LeaderConnector-localhost/127.0.0.1:30299:o.a.z.s.q.Learner$LeaderConnector@409] - [wasabi] Retry Loop 05 is called. MaxDuration : 100
2023-09-03 22:33:29,469 [myid:] - ERROR [LearnerHandler-/127.0.0.1:54248:o.a.z.s.q.LearnerHandler@720] - Unexpected exception in LearnerHandler: 
java.io.EOFException: null
	at java.base/java.io.DataInputStream.readInt(DataInputStream.java:398)
	at org.apache.jute.BinaryInputArchive.readInt(BinaryInputArchive.java:96)
	at org.apache.zookeeper.server.quorum.QuorumPacket.deserialize(QuorumPacket.java:86)
	at org.apache.jute.BinaryInputArchive.readRecord(BinaryInputArchive.java:134)
	at org.apache.zookeeper.server.quorum.LearnerHandler.run(LearnerHandler.java:657)
2023-09-03 22:33:30,469 [myid:] - ERROR [LearnerHandler-/127.0.0.1:54222:o.a.z.s.q.LearnerHandler@720] - Unexpected exception in LearnerHandler: 
java.io.EOFException: null
	at java.base/java.io.DataInputStream.readInt(DataInputStream.java:398)
	at org.apache.jute.BinaryInputArchive.readInt(BinaryInputArchive.java:96)
	at org.apache.zookeeper.server.quorum.QuorumPacket.deserialize(QuorumPacket.java:86)
	at org.apache.jute.BinaryInputArchive.readRecord(BinaryInputArchive.java:134)
	at org.apache.zookeeper.server.quorum.LearnerHandler.run(LearnerHandler.java:657)
2023-09-03 22:33:38,748 [myid:] - ERROR [LearnerHandler-/127.0.0.1:54236:o.a.z.s.q.LearnerHandler@720] - Unexpected exception in LearnerHandler: 
java.net.SocketException: Socket closed
	at java.base/sun.nio.ch.NioSocketImpl.endRead(NioSocketImpl.java:248)
	at java.base/sun.nio.ch.NioSocketImpl.implRead(NioSocketImpl.java:327)
	at java.base/sun.nio.ch.NioSocketImpl.read(NioSocketImpl.java:350)
	at java.base/sun.nio.ch.NioSocketImpl$1.read(NioSocketImpl.java:803)
	at java.base/java.net.Socket$SocketInputStream.read(Socket.java:966)
	at java.base/java.io.BufferedInputStream.fill(BufferedInputStream.java:244)
	at java.base/java.io.BufferedInputStream.read(BufferedInputStream.java:263)
	at java.base/java.io.DataInputStream.readInt(DataInputStream.java:393)
	at org.apache.jute.BinaryInputArchive.readInt(BinaryInputArchive.java:96)
	at org.apache.zookeeper.server.quorum.QuorumPacket.deserialize(QuorumPacket.java:86)
	at org.apache.jute.BinaryInputArchive.readRecord(BinaryInputArchive.java:134)
	at org.apache.zookeeper.server.quorum.LearnerHandler.run(LearnerHandler.java:657)
2023-09-03 22:33:38,755 [myid:] - ERROR [main:o.w.l.WasabiListener5@30] - [wasabi] testBulkReconfig() is finished
2023-09-03 22:33:38,756 [myid:] - ERROR [main:o.w.l.WasabiListener5@31] - [WASABIEND]
]]></system-out>
  </testcase>
  <testcase name="testJMXBeanAfterRoleChange()" classname="ReconfigTest" time="3.266">
    <system-out><![CDATA[2023-09-03 22:33:38,756 [myid:] - ERROR [main:o.w.l.WasabiListener5@22] - [WASABISTART]
2023-09-03 22:33:38,757 [myid:] - ERROR [main:o.w.l.WasabiListener5@23] - [wasabi] testJMXBeanAfterRoleChange() is started
2023-09-03 22:33:38,776 [myid:] - ERROR [ListenerHandler-/127.0.0.1:30311:o.a.z.s.q.QuorumCnxManager$Listener$ListenerHandler@1067] - [wasabi] Retry Loop 06 is called. MaxRetry :3
2023-09-03 22:33:38,776 [myid:] - ERROR [ListenerHandler-/127.0.0.1:30311:o.a.z.s.q.QuorumCnxManager$Listener$ListenerHandler@1072] - [wasabi] Retry Loop 07 is called. MaxRetry :3
2023-09-03 22:33:38,783 [myid:] - ERROR [ListenerHandler-/127.0.0.1:30314:o.a.z.s.q.QuorumCnxManager$Listener$ListenerHandler@1067] - [wasabi] Retry Loop 06 is called. MaxRetry :3
2023-09-03 22:33:38,783 [myid:] - ERROR [ListenerHandler-/127.0.0.1:30314:o.a.z.s.q.QuorumCnxManager$Listener$ListenerHandler@1072] - [wasabi] Retry Loop 07 is called. MaxRetry :3
2023-09-03 22:33:38,789 [myid:] - ERROR [ListenerHandler-/127.0.0.1:30317:o.a.z.s.q.QuorumCnxManager$Listener$ListenerHandler@1067] - [wasabi] Retry Loop 06 is called. MaxRetry :3
2023-09-03 22:33:38,789 [myid:] - ERROR [ListenerHandler-/127.0.0.1:30317:o.a.z.s.q.QuorumCnxManager$Listener$ListenerHandler@1072] - [wasabi] Retry Loop 07 is called. MaxRetry :3
2023-09-03 22:33:38,993 [myid:] - ERROR [LeaderConnector-/127.0.0.1:30316:o.a.z.s.q.Learner$LeaderConnector@408] - [wasabi] Retry Loop 05 is called. MaxRetry : 5
2023-09-03 22:33:38,993 [myid:] - ERROR [LeaderConnector-/127.0.0.1:30316:o.a.z.s.q.Learner$LeaderConnector@409] - [wasabi] Retry Loop 05 is called. MaxDuration : 100
2023-09-03 22:33:38,993 [myid:] - ERROR [LeaderConnector-/127.0.0.1:30316:o.a.z.s.q.Learner$LeaderConnector@408] - [wasabi] Retry Loop 05 is called. MaxRetry : 5
2023-09-03 22:33:38,993 [myid:] - ERROR [LeaderConnector-/127.0.0.1:30316:o.a.z.s.q.Learner$LeaderConnector@409] - [wasabi] Retry Loop 05 is called. MaxDuration : 100
2023-09-03 22:33:39,044 [myid:] - ERROR [main-SendThread():o.a.z.ClientCnxn$SendThread@1179] - [wasabi] Retry Loop 03 is called. MaxDuration : 10000
2023-09-03 22:33:39,045 [myid:] - ERROR [main-SendThread():o.a.z.ClientCnxn$SendThread@1179] - [wasabi] Retry Loop 03 is called. MaxDuration : 10000
2023-09-03 22:33:39,046 [myid:] - ERROR [main-SendThread():o.a.z.ClientCnxn$SendThread@1179] - [wasabi] Retry Loop 03 is called. MaxDuration : 10000
2023-09-03 22:33:39,047 [myid:] - ERROR [main-SendThread():o.a.z.ClientCnxn$SendThread@1179] - [wasabi] Retry Loop 03 is called. MaxDuration : 10000
2023-09-03 22:33:39,049 [myid:] - ERROR [main-SendThread():o.a.z.ClientCnxn$SendThread@1179] - [wasabi] Retry Loop 03 is called. MaxDuration : 10000
2023-09-03 22:33:39,050 [myid:] - ERROR [main-SendThread():o.a.z.ClientCnxn$SendThread@1179] - [wasabi] Retry Loop 03 is called. MaxDuration : 10000
2023-09-03 22:33:39,073 [myid:] - ERROR [ListenerHandler-/127.0.0.1:30317:o.a.z.s.q.QuorumCnxManager$Listener$ListenerHandler@1067] - [wasabi] Retry Loop 06 is called. MaxRetry :3
2023-09-03 22:33:39,073 [myid:] - ERROR [LearnerHandler-/127.0.0.1:53132:o.a.z.s.q.LearnerHandler@720] - Unexpected exception in LearnerHandler: 
java.io.EOFException: null
	at java.base/java.io.DataInputStream.readInt(DataInputStream.java:398)
	at org.apache.jute.BinaryInputArchive.readInt(BinaryInputArchive.java:96)
	at org.apache.zookeeper.server.quorum.QuorumPacket.deserialize(QuorumPacket.java:86)
	at org.apache.jute.BinaryInputArchive.readRecord(BinaryInputArchive.java:134)
	at org.apache.zookeeper.server.quorum.LearnerHandler.run(LearnerHandler.java:657)
2023-09-03 22:33:39,073 [myid:] - ERROR [ListenerHandler-/127.0.0.1:30317:o.a.z.s.q.QuorumCnxManager$Listener$ListenerHandler@1072] - [wasabi] Retry Loop 07 is called. MaxRetry :3
2023-09-03 22:33:39,074 [myid:] - ERROR [ListenerHandler-/127.0.0.1:30311:o.a.z.s.q.QuorumCnxManager$Listener$ListenerHandler@1067] - [wasabi] Retry Loop 06 is called. MaxRetry :3
2023-09-03 22:33:39,074 [myid:] - ERROR [ListenerHandler-/127.0.0.1:30311:o.a.z.s.q.QuorumCnxManager$Listener$ListenerHandler@1072] - [wasabi] Retry Loop 07 is called. MaxRetry :3
2023-09-03 22:33:39,074 [myid:] - ERROR [ListenerHandler-/127.0.0.1:30314:o.a.z.s.q.QuorumCnxManager$Listener$ListenerHandler@1067] - [wasabi] Retry Loop 06 is called. MaxRetry :3
2023-09-03 22:33:39,075 [myid:] - ERROR [ListenerHandler-/127.0.0.1:30314:o.a.z.s.q.QuorumCnxManager$Listener$ListenerHandler@1072] - [wasabi] Retry Loop 07 is called. MaxRetry :3
2023-09-03 22:33:39,075 [myid:] - ERROR [LeaderConnector-/127.0.0.1:30316:o.a.z.s.q.Learner$LeaderConnector@408] - [wasabi] Retry Loop 05 is called. MaxRetry : 5
2023-09-03 22:33:39,075 [myid:] - ERROR [LeaderConnector-/127.0.0.1:30316:o.a.z.s.q.Learner$LeaderConnector@409] - [wasabi] Retry Loop 05 is called. MaxDuration : 100
2023-09-03 22:33:42,010 [myid:] - ERROR [LearnerHandler-/127.0.0.1:53146:o.a.z.s.q.LearnerHandler@720] - Unexpected exception in LearnerHandler: 
java.io.EOFException: null
	at java.base/java.io.DataInputStream.readInt(DataInputStream.java:398)
	at org.apache.jute.BinaryInputArchive.readInt(BinaryInputArchive.java:96)
	at org.apache.zookeeper.server.quorum.QuorumPacket.deserialize(QuorumPacket.java:86)
	at org.apache.jute.BinaryInputArchive.readRecord(BinaryInputArchive.java:134)
	at org.apache.zookeeper.server.quorum.LearnerHandler.run(LearnerHandler.java:657)
2023-09-03 22:33:42,010 [myid:] - ERROR [LearnerHandler-/127.0.0.1:53142:o.a.z.s.q.LearnerHandler@720] - Unexpected exception in LearnerHandler: 
java.io.EOFException: null
	at java.base/java.io.DataInputStream.readInt(DataInputStream.java:398)
	at org.apache.jute.BinaryInputArchive.readInt(BinaryInputArchive.java:96)
	at org.apache.zookeeper.server.quorum.QuorumPacket.deserialize(QuorumPacket.java:86)
	at org.apache.jute.BinaryInputArchive.readRecord(BinaryInputArchive.java:134)
	at org.apache.zookeeper.server.quorum.LearnerHandler.run(LearnerHandler.java:657)
2023-09-03 22:33:42,022 [myid:] - ERROR [main:o.w.l.WasabiListener5@30] - [wasabi] testJMXBeanAfterRoleChange() is finished
2023-09-03 22:33:42,023 [myid:] - ERROR [main:o.w.l.WasabiListener5@31] - [WASABIEND]
]]></system-out>
  </testcase>
  <testcase name="testRemoveOneAsynchronous()" classname="ReconfigTest" time="1.562">
    <system-out><![CDATA[2023-09-03 22:33:42,024 [myid:] - ERROR [main:o.w.l.WasabiListener5@22] - [WASABISTART]
2023-09-03 22:33:42,024 [myid:] - ERROR [main:o.w.l.WasabiListener5@23] - [wasabi] testRemoveOneAsynchronous() is started
2023-09-03 22:33:42,047 [myid:] - ERROR [ListenerHandler-/127.0.0.1:30320:o.a.z.s.q.QuorumCnxManager$Listener$ListenerHandler@1067] - [wasabi] Retry Loop 06 is called. MaxRetry :3
2023-09-03 22:33:42,047 [myid:] - ERROR [ListenerHandler-/127.0.0.1:30320:o.a.z.s.q.QuorumCnxManager$Listener$ListenerHandler@1072] - [wasabi] Retry Loop 07 is called. MaxRetry :3
2023-09-03 22:33:42,053 [myid:] - ERROR [ListenerHandler-/127.0.0.1:30323:o.a.z.s.q.QuorumCnxManager$Listener$ListenerHandler@1067] - [wasabi] Retry Loop 06 is called. MaxRetry :3
2023-09-03 22:33:42,053 [myid:] - ERROR [ListenerHandler-/127.0.0.1:30323:o.a.z.s.q.QuorumCnxManager$Listener$ListenerHandler@1072] - [wasabi] Retry Loop 07 is called. MaxRetry :3
2023-09-03 22:33:42,060 [myid:] - ERROR [ListenerHandler-/127.0.0.1:30326:o.a.z.s.q.QuorumCnxManager$Listener$ListenerHandler@1067] - [wasabi] Retry Loop 06 is called. MaxRetry :3
2023-09-03 22:33:42,060 [myid:] - ERROR [ListenerHandler-/127.0.0.1:30326:o.a.z.s.q.QuorumCnxManager$Listener$ListenerHandler@1072] - [wasabi] Retry Loop 07 is called. MaxRetry :3
2023-09-03 22:33:42,066 [myid:] - ERROR [ListenerHandler-/127.0.0.1:30329:o.a.z.s.q.QuorumCnxManager$Listener$ListenerHandler@1067] - [wasabi] Retry Loop 06 is called. MaxRetry :3
2023-09-03 22:33:42,066 [myid:] - ERROR [ListenerHandler-/127.0.0.1:30329:o.a.z.s.q.QuorumCnxManager$Listener$ListenerHandler@1072] - [wasabi] Retry Loop 07 is called. MaxRetry :3
2023-09-03 22:33:42,073 [myid:] - ERROR [ListenerHandler-/127.0.0.1:30332:o.a.z.s.q.QuorumCnxManager$Listener$ListenerHandler@1067] - [wasabi] Retry Loop 06 is called. MaxRetry :3
2023-09-03 22:33:42,073 [myid:] - ERROR [ListenerHandler-/127.0.0.1:30332:o.a.z.s.q.QuorumCnxManager$Listener$ListenerHandler@1072] - [wasabi] Retry Loop 07 is called. MaxRetry :3
2023-09-03 22:33:42,286 [myid:] - ERROR [LeaderConnector-/127.0.0.1:30331:o.a.z.s.q.Learner$LeaderConnector@408] - [wasabi] Retry Loop 05 is called. MaxRetry : 5
2023-09-03 22:33:42,286 [myid:] - ERROR [LeaderConnector-/127.0.0.1:30331:o.a.z.s.q.Learner$LeaderConnector@408] - [wasabi] Retry Loop 05 is called. MaxRetry : 5
2023-09-03 22:33:42,287 [myid:] - ERROR [LeaderConnector-/127.0.0.1:30331:o.a.z.s.q.Learner$LeaderConnector@409] - [wasabi] Retry Loop 05 is called. MaxDuration : 100
2023-09-03 22:33:42,287 [myid:] - ERROR [LeaderConnector-/127.0.0.1:30331:o.a.z.s.q.Learner$LeaderConnector@409] - [wasabi] Retry Loop 05 is called. MaxDuration : 100
2023-09-03 22:33:42,288 [myid:] - ERROR [LeaderConnector-/127.0.0.1:30331:o.a.z.s.q.Learner$LeaderConnector@408] - [wasabi] Retry Loop 05 is called. MaxRetry : 5
2023-09-03 22:33:42,288 [myid:] - ERROR [LeaderConnector-/127.0.0.1:30331:o.a.z.s.q.Learner$LeaderConnector@409] - [wasabi] Retry Loop 05 is called. MaxDuration : 100
2023-09-03 22:33:42,288 [myid:] - ERROR [LeaderConnector-/127.0.0.1:30331:o.a.z.s.q.Learner$LeaderConnector@408] - [wasabi] Retry Loop 05 is called. MaxRetry : 5
2023-09-03 22:33:42,288 [myid:] - ERROR [LeaderConnector-/127.0.0.1:30331:o.a.z.s.q.Learner$LeaderConnector@409] - [wasabi] Retry Loop 05 is called. MaxDuration : 100
2023-09-03 22:33:42,328 [myid:] - ERROR [main-SendThread():o.a.z.ClientCnxn$SendThread@1179] - [wasabi] Retry Loop 03 is called. MaxDuration : 10000
2023-09-03 22:33:42,329 [myid:] - ERROR [main-SendThread():o.a.z.ClientCnxn$SendThread@1179] - [wasabi] Retry Loop 03 is called. MaxDuration : 10000
2023-09-03 22:33:42,329 [myid:] - ERROR [main-SendThread():o.a.z.ClientCnxn$SendThread@1179] - [wasabi] Retry Loop 03 is called. MaxDuration : 10000
2023-09-03 22:33:42,330 [myid:] - ERROR [main-SendThread():o.a.z.ClientCnxn$SendThread@1179] - [wasabi] Retry Loop 03 is called. MaxDuration : 10000
2023-09-03 22:33:42,331 [myid:] - ERROR [main-SendThread():o.a.z.ClientCnxn$SendThread@1179] - [wasabi] Retry Loop 03 is called. MaxDuration : 10000
2023-09-03 22:33:42,331 [myid:] - ERROR [main-SendThread():o.a.z.ClientCnxn$SendThread@1179] - [wasabi] Retry Loop 03 is called. MaxDuration : 10000
2023-09-03 22:33:42,332 [myid:] - ERROR [main-SendThread():o.a.z.ClientCnxn$SendThread@1179] - [wasabi] Retry Loop 03 is called. MaxDuration : 10000
2023-09-03 22:33:42,332 [myid:] - ERROR [main-SendThread():o.a.z.ClientCnxn$SendThread@1179] - [wasabi] Retry Loop 03 is called. MaxDuration : 10000
2023-09-03 22:33:42,333 [myid:] - ERROR [main-SendThread():o.a.z.ClientCnxn$SendThread@1179] - [wasabi] Retry Loop 03 is called. MaxDuration : 10000
2023-09-03 22:33:42,334 [myid:] - ERROR [main-SendThread():o.a.z.ClientCnxn$SendThread@1179] - [wasabi] Retry Loop 03 is called. MaxDuration : 10000
2023-09-03 22:33:42,352 [myid:] - ERROR [ListenerHandler-/127.0.0.1:30326:o.a.z.s.q.QuorumCnxManager$Listener$ListenerHandler@1067] - [wasabi] Retry Loop 06 is called. MaxRetry :3
2023-09-03 22:33:42,353 [myid:] - ERROR [ListenerHandler-/127.0.0.1:30332:o.a.z.s.q.QuorumCnxManager$Listener$ListenerHandler@1067] - [wasabi] Retry Loop 06 is called. MaxRetry :3
2023-09-03 22:33:42,353 [myid:] - ERROR [ListenerHandler-/127.0.0.1:30326:o.a.z.s.q.QuorumCnxManager$Listener$ListenerHandler@1072] - [wasabi] Retry Loop 07 is called. MaxRetry :3
2023-09-03 22:33:42,353 [myid:] - ERROR [ListenerHandler-/127.0.0.1:30332:o.a.z.s.q.QuorumCnxManager$Listener$ListenerHandler@1072] - [wasabi] Retry Loop 07 is called. MaxRetry :3
2023-09-03 22:33:42,353 [myid:] - ERROR [ListenerHandler-/127.0.0.1:30320:o.a.z.s.q.QuorumCnxManager$Listener$ListenerHandler@1067] - [wasabi] Retry Loop 06 is called. MaxRetry :3
2023-09-03 22:33:42,353 [myid:] - ERROR [ListenerHandler-/127.0.0.1:30320:o.a.z.s.q.QuorumCnxManager$Listener$ListenerHandler@1072] - [wasabi] Retry Loop 07 is called. MaxRetry :3
2023-09-03 22:33:42,353 [myid:] - ERROR [ListenerHandler-/127.0.0.1:30329:o.a.z.s.q.QuorumCnxManager$Listener$ListenerHandler@1067] - [wasabi] Retry Loop 06 is called. MaxRetry :3
2023-09-03 22:33:42,353 [myid:] - ERROR [ListenerHandler-/127.0.0.1:30323:o.a.z.s.q.QuorumCnxManager$Listener$ListenerHandler@1067] - [wasabi] Retry Loop 06 is called. MaxRetry :3
2023-09-03 22:33:42,353 [myid:] - ERROR [ListenerHandler-/127.0.0.1:30329:o.a.z.s.q.QuorumCnxManager$Listener$ListenerHandler@1072] - [wasabi] Retry Loop 07 is called. MaxRetry :3
2023-09-03 22:33:42,354 [myid:] - ERROR [ListenerHandler-/127.0.0.1:30323:o.a.z.s.q.QuorumCnxManager$Listener$ListenerHandler@1072] - [wasabi] Retry Loop 07 is called. MaxRetry :3
2023-09-03 22:33:43,552 [myid:] - ERROR [LearnerHandler-/127.0.0.1:45656:o.a.z.s.q.LearnerHandler@720] - Unexpected exception in LearnerHandler: 
java.io.EOFException: null
	at java.base/java.io.DataInputStream.readInt(DataInputStream.java:398)
	at org.apache.jute.BinaryInputArchive.readInt(BinaryInputArchive.java:96)
	at org.apache.zookeeper.server.quorum.QuorumPacket.deserialize(QuorumPacket.java:86)
	at org.apache.jute.BinaryInputArchive.readRecord(BinaryInputArchive.java:134)
	at org.apache.zookeeper.server.quorum.LearnerHandler.run(LearnerHandler.java:657)
2023-09-03 22:33:43,556 [myid:] - ERROR [LearnerHandler-/127.0.0.1:45654:o.a.z.s.q.LearnerHandler@720] - Unexpected exception in LearnerHandler: 
java.io.EOFException: null
	at java.base/java.io.DataInputStream.readInt(DataInputStream.java:398)
	at org.apache.jute.BinaryInputArchive.readInt(BinaryInputArchive.java:96)
	at org.apache.zookeeper.server.quorum.QuorumPacket.deserialize(QuorumPacket.java:86)
	at org.apache.jute.BinaryInputArchive.readRecord(BinaryInputArchive.java:134)
	at org.apache.zookeeper.server.quorum.LearnerHandler.run(LearnerHandler.java:657)
2023-09-03 22:33:43,562 [myid:] - ERROR [LearnerHandler-/127.0.0.1:45670:o.a.z.s.q.LearnerHandler@720] - Unexpected exception in LearnerHandler: 
java.io.EOFException: null
	at java.base/java.io.DataInputStream.readInt(DataInputStream.java:398)
	at org.apache.jute.BinaryInputArchive.readInt(BinaryInputArchive.java:96)
	at org.apache.zookeeper.server.quorum.QuorumPacket.deserialize(QuorumPacket.java:86)
	at org.apache.jute.BinaryInputArchive.readRecord(BinaryInputArchive.java:134)
	at org.apache.zookeeper.server.quorum.LearnerHandler.run(LearnerHandler.java:657)
2023-09-03 22:33:43,568 [myid:] - ERROR [LearnerHandler-/127.0.0.1:45684:o.a.z.s.q.LearnerHandler@720] - Unexpected exception in LearnerHandler: 
java.io.EOFException: null
	at java.base/java.io.DataInputStream.readInt(DataInputStream.java:398)
	at org.apache.jute.BinaryInputArchive.readInt(BinaryInputArchive.java:96)
	at org.apache.zookeeper.server.quorum.QuorumPacket.deserialize(QuorumPacket.java:86)
	at org.apache.jute.BinaryInputArchive.readRecord(BinaryInputArchive.java:134)
	at org.apache.zookeeper.server.quorum.LearnerHandler.run(LearnerHandler.java:657)
2023-09-03 22:33:43,583 [myid:] - ERROR [main:o.w.l.WasabiListener5@30] - [wasabi] testRemoveOneAsynchronous() is finished
2023-09-03 22:33:43,584 [myid:] - ERROR [main:o.w.l.WasabiListener5@31] - [WASABIEND]
]]></system-out>
  </testcase>
  <testcase name="" classname="JUnit Vintage" time="0.005"/>
</testsuite>