<?xml version="1.0" encoding="UTF-8"?>
<testsuite xmlns:xsi="http://www.w3.org/2001/XMLSchema-instance" xsi:noNamespaceSchemaLocation="https://maven.apache.org/surefire/maven-surefire-plugin/xsd/surefire-test-report-3.0.xsd" version="3.0" name="org.apache.zookeeper.recipes.queue.DistributedQueueTest" time="22.101" tests="12" errors="0" skipped="0" failures="0">
  <properties>
    <property name="build.test.dir" value="/home/asus/Documents/zookeeper/zookeeper-recipes/zookeeper-recipes-queue/target/surefire"/>
    <property name="jdk.tls.rejectClientInitiatedRenegotiation" value="true"/>
    <property name="java.specification.version" value="17"/>
    <property name="sun.jnu.encoding" value="UTF-8"/>
    <property name="java.class.path" value="/home/asus/Documents/zookeeper/zookeeper-recipes/zookeeper-recipes-queue/target/test-classes:/home/asus/Documents/zookeeper/zookeeper-recipes/zookeeper-recipes-queue/target/classes:/home/asus/Documents/zookeeper/zookeeper-server/target/classes:/home/asus/Documents/zookeeper/zookeeper-jute/target/classes:/home/asus/.m2/repository/org/apache/yetus/audience-annotations/0.12.0/audience-annotations-0.12.0.jar:/home/asus/.m2/repository/io/netty/netty-handler/4.1.94.Final/netty-handler-4.1.94.Final.jar:/home/asus/.m2/repository/io/netty/netty-common/4.1.94.Final/netty-common-4.1.94.Final.jar:/home/asus/.m2/repository/io/netty/netty-resolver/4.1.94.Final/netty-resolver-4.1.94.Final.jar:/home/asus/.m2/repository/io/netty/netty-buffer/4.1.94.Final/netty-buffer-4.1.94.Final.jar:/home/asus/.m2/repository/io/netty/netty-transport/4.1.94.Final/netty-transport-4.1.94.Final.jar:/home/asus/.m2/repository/io/netty/netty-transport-native-unix-common/4.1.94.Final/netty-transport-native-unix-common-4.1.94.Final.jar:/home/asus/.m2/repository/io/netty/netty-codec/4.1.94.Final/netty-codec-4.1.94.Final.jar:/home/asus/.m2/repository/io/netty/netty-transport-native-epoll/4.1.94.Final/netty-transport-native-epoll-4.1.94.Final-linux-x86_64.jar:/home/asus/.m2/repository/io/netty/netty-transport-classes-epoll/4.1.94.Final/netty-transport-classes-epoll-4.1.94.Final.jar:/home/asus/.m2/repository/io/netty/netty-tcnative-boringssl-static/2.0.61.Final/netty-tcnative-boringssl-static-2.0.61.Final.jar:/home/asus/.m2/repository/io/netty/netty-tcnative-classes/2.0.61.Final/netty-tcnative-classes-2.0.61.Final.jar:/home/asus/.m2/repository/io/netty/netty-tcnative-boringssl-static/2.0.61.Final/netty-tcnative-boringssl-static-2.0.61.Final-linux-x86_64.jar:/home/asus/.m2/repository/io/netty/netty-tcnative-boringssl-static/2.0.61.Final/netty-tcnative-boringssl-static-2.0.61.Final-linux-aarch_64.jar:/home/asus/.m2/repository/io/netty/netty-tcnative-boringssl-static/2.0.61.Final/netty-tcnative-boringssl-static-2.0.61.Final-osx-x86_64.jar:/home/asus/.m2/repository/io/netty/netty-tcnative-boringssl-static/2.0.61.Final/netty-tcnative-boringssl-static-2.0.61.Final-osx-aarch_64.jar:/home/asus/.m2/repository/io/netty/netty-tcnative-boringssl-static/2.0.61.Final/netty-tcnative-boringssl-static-2.0.61.Final-windows-x86_64.jar:/home/asus/.m2/repository/org/slf4j/slf4j-api/1.7.30/slf4j-api-1.7.30.jar:/home/asus/.m2/repository/ch/qos/logback/logback-core/1.2.10/logback-core-1.2.10.jar:/home/asus/.m2/repository/ch/qos/logback/logback-classic/1.2.10/logback-classic-1.2.10.jar:/home/asus/.m2/repository/commons-io/commons-io/2.11.0/commons-io-2.11.0.jar:/home/asus/.m2/repository/org/wasabi/logger/logger-project/1.0-SNAPSHOT/logger-project-1.0-SNAPSHOT.jar:/home/asus/.m2/repository/junit/junit/4.13.2/junit-4.13.2.jar:/home/asus/.m2/repository/org/hamcrest/hamcrest-core/1.3/hamcrest-core-1.3.jar:/home/asus/.m2/repository/org/apache/logging/log4j/log4j-slf4j-impl/2.18.0/log4j-slf4j-impl-2.18.0.jar:/home/asus/.m2/repository/org/apache/logging/log4j/log4j-api/2.18.0/log4j-api-2.18.0.jar:/home/asus/.m2/repository/org/apache/logging/log4j/log4j-core/2.18.0/log4j-core-2.18.0.jar:/home/asus/.m2/repository/org/junit/vintage/junit-vintage-engine/5.7.2/junit-vintage-engine-5.7.2.jar:/home/asus/.m2/repository/org/junit/jupiter/junit-jupiter-api/5.7.2/junit-jupiter-api-5.7.2.jar:/home/asus/.m2/repository/org/opentest4j/opentest4j/1.2.0/opentest4j-1.2.0.jar:/home/asus/.m2/repository/org/junit/platform/junit-platform-commons/1.7.0/junit-platform-commons-1.7.0.jar:/home/asus/.m2/repository/org/junit/platform/junit-platform-launcher/1.8.2/junit-platform-launcher-1.8.2.jar:/home/asus/Documents/zookeeper/zookeeper-server/target/test-classes:/home/asus/.m2/repository/org/xerial/snappy/snappy-java/1.1.10.1/snappy-java-1.1.10.1.jar:/home/asus/.m2/repository/org/junit/jupiter/junit-jupiter-engine/5.7.2/junit-jupiter-engine-5.7.2.jar:/home/asus/.m2/repository/org/apiguardian/apiguardian-api/1.1.0/apiguardian-api-1.1.0.jar:/home/asus/.m2/repository/org/junit/platform/junit-platform-engine/1.7.2/junit-platform-engine-1.7.2.jar:/home/asus/.m2/repository/io/dropwizard/metrics/metrics-core/4.1.12.1/metrics-core-4.1.12.1.jar:/home/asus/.m2/repository/com/github/spotbugs/spotbugs-annotations/4.0.2/spotbugs-annotations-4.0.2.jar:/home/asus/.m2/repository/com/google/code/findbugs/jsr305/3.0.2/jsr305-3.0.2.jar:"/>
    <property name="java.vm.vendor" value="Oracle Corporation"/>
    <property name="sun.arch.data.model" value="64"/>
    <property name="zookeeper.preAllocSize" value="100"/>
    <property name="java.vendor.url" value="https://java.oracle.com/"/>
    <property name="user.timezone" value="Asia/Jakarta"/>
    <property name="os.name" value="Linux"/>
    <property name="java.vm.specification.version" value="17"/>
    <property name="sun.java.launcher" value="SUN_STANDARD"/>
    <property name="user.country" value="US"/>
    <property name="sun.boot.library.path" value="/usr/lib/jvm/java-17-oracle/lib"/>
    <property name="sun.java.command" value="/home/asus/Documents/zookeeper/zookeeper-recipes/zookeeper-recipes-queue/target/surefire/surefirebooter3245698965630216.jar /home/asus/Documents/zookeeper/zookeeper-recipes/zookeeper-recipes-queue/target/surefire 2023-09-03T22-27-35_671-jvmRun5 surefire5668204496843627363tmp surefire_1816967227645739477849tmp"/>
    <property name="jdk.debug" value="release"/>
    <property name="surefire.test.class.path" value="/home/asus/Documents/zookeeper/zookeeper-recipes/zookeeper-recipes-queue/target/test-classes:/home/asus/Documents/zookeeper/zookeeper-recipes/zookeeper-recipes-queue/target/classes:/home/asus/Documents/zookeeper/zookeeper-server/target/classes:/home/asus/Documents/zookeeper/zookeeper-jute/target/classes:/home/asus/.m2/repository/org/apache/yetus/audience-annotations/0.12.0/audience-annotations-0.12.0.jar:/home/asus/.m2/repository/io/netty/netty-handler/4.1.94.Final/netty-handler-4.1.94.Final.jar:/home/asus/.m2/repository/io/netty/netty-common/4.1.94.Final/netty-common-4.1.94.Final.jar:/home/asus/.m2/repository/io/netty/netty-resolver/4.1.94.Final/netty-resolver-4.1.94.Final.jar:/home/asus/.m2/repository/io/netty/netty-buffer/4.1.94.Final/netty-buffer-4.1.94.Final.jar:/home/asus/.m2/repository/io/netty/netty-transport/4.1.94.Final/netty-transport-4.1.94.Final.jar:/home/asus/.m2/repository/io/netty/netty-transport-native-unix-common/4.1.94.Final/netty-transport-native-unix-common-4.1.94.Final.jar:/home/asus/.m2/repository/io/netty/netty-codec/4.1.94.Final/netty-codec-4.1.94.Final.jar:/home/asus/.m2/repository/io/netty/netty-transport-native-epoll/4.1.94.Final/netty-transport-native-epoll-4.1.94.Final-linux-x86_64.jar:/home/asus/.m2/repository/io/netty/netty-transport-classes-epoll/4.1.94.Final/netty-transport-classes-epoll-4.1.94.Final.jar:/home/asus/.m2/repository/io/netty/netty-tcnative-boringssl-static/2.0.61.Final/netty-tcnative-boringssl-static-2.0.61.Final.jar:/home/asus/.m2/repository/io/netty/netty-tcnative-classes/2.0.61.Final/netty-tcnative-classes-2.0.61.Final.jar:/home/asus/.m2/repository/io/netty/netty-tcnative-boringssl-static/2.0.61.Final/netty-tcnative-boringssl-static-2.0.61.Final-linux-x86_64.jar:/home/asus/.m2/repository/io/netty/netty-tcnative-boringssl-static/2.0.61.Final/netty-tcnative-boringssl-static-2.0.61.Final-linux-aarch_64.jar:/home/asus/.m2/repository/io/netty/netty-tcnative-boringssl-static/2.0.61.Final/netty-tcnative-boringssl-static-2.0.61.Final-osx-x86_64.jar:/home/asus/.m2/repository/io/netty/netty-tcnative-boringssl-static/2.0.61.Final/netty-tcnative-boringssl-static-2.0.61.Final-osx-aarch_64.jar:/home/asus/.m2/repository/io/netty/netty-tcnative-boringssl-static/2.0.61.Final/netty-tcnative-boringssl-static-2.0.61.Final-windows-x86_64.jar:/home/asus/.m2/repository/org/slf4j/slf4j-api/1.7.30/slf4j-api-1.7.30.jar:/home/asus/.m2/repository/ch/qos/logback/logback-core/1.2.10/logback-core-1.2.10.jar:/home/asus/.m2/repository/ch/qos/logback/logback-classic/1.2.10/logback-classic-1.2.10.jar:/home/asus/.m2/repository/commons-io/commons-io/2.11.0/commons-io-2.11.0.jar:/home/asus/.m2/repository/org/wasabi/logger/logger-project/1.0-SNAPSHOT/logger-project-1.0-SNAPSHOT.jar:/home/asus/.m2/repository/junit/junit/4.13.2/junit-4.13.2.jar:/home/asus/.m2/repository/org/hamcrest/hamcrest-core/1.3/hamcrest-core-1.3.jar:/home/asus/.m2/repository/org/apache/logging/log4j/log4j-slf4j-impl/2.18.0/log4j-slf4j-impl-2.18.0.jar:/home/asus/.m2/repository/org/apache/logging/log4j/log4j-api/2.18.0/log4j-api-2.18.0.jar:/home/asus/.m2/repository/org/apache/logging/log4j/log4j-core/2.18.0/log4j-core-2.18.0.jar:/home/asus/.m2/repository/org/junit/vintage/junit-vintage-engine/5.7.2/junit-vintage-engine-5.7.2.jar:/home/asus/.m2/repository/org/junit/jupiter/junit-jupiter-api/5.7.2/junit-jupiter-api-5.7.2.jar:/home/asus/.m2/repository/org/opentest4j/opentest4j/1.2.0/opentest4j-1.2.0.jar:/home/asus/.m2/repository/org/junit/platform/junit-platform-commons/1.7.0/junit-platform-commons-1.7.0.jar:/home/asus/.m2/repository/org/junit/platform/junit-platform-launcher/1.8.2/junit-platform-launcher-1.8.2.jar:/home/asus/Documents/zookeeper/zookeeper-server/target/test-classes:/home/asus/.m2/repository/org/xerial/snappy/snappy-java/1.1.10.1/snappy-java-1.1.10.1.jar:/home/asus/.m2/repository/org/junit/jupiter/junit-jupiter-engine/5.7.2/junit-jupiter-engine-5.7.2.jar:/home/asus/.m2/repository/org/apiguardian/apiguardian-api/1.1.0/apiguardian-api-1.1.0.jar:/home/asus/.m2/repository/org/junit/platform/junit-platform-engine/1.7.2/junit-platform-engine-1.7.2.jar:/home/asus/.m2/repository/io/dropwizard/metrics/metrics-core/4.1.12.1/metrics-core-4.1.12.1.jar:/home/asus/.m2/repository/com/github/spotbugs/spotbugs-annotations/4.0.2/spotbugs-annotations-4.0.2.jar:/home/asus/.m2/repository/com/google/code/findbugs/jsr305/3.0.2/jsr305-3.0.2.jar:"/>
    <property name="sun.cpu.endian" value="little"/>
    <property name="user.home" value="/home/asus"/>
    <property name="user.language" value="en"/>
    <property name="java.specification.vendor" value="Oracle Corporation"/>
    <property name="java.version.date" value="2023-01-17"/>
    <property name="java.home" value="/usr/lib/jvm/java-17-oracle"/>
    <property name="file.separator" value="/"/>
    <property name="basedir" value="/home/asus/Documents/zookeeper/zookeeper-recipes/zookeeper-recipes-queue"/>
    <property name="java.vm.compressedOopsMode" value="32-bit"/>
    <property name="line.separator" value="&#10;"/>
    <property name="java.specification.name" value="Java Platform API Specification"/>
    <property name="java.vm.specification.vendor" value="Oracle Corporation"/>
    <property name="surefire.real.class.path" value="/home/asus/Documents/zookeeper/zookeeper-recipes/zookeeper-recipes-queue/target/surefire/surefirebooter3245698965630216.jar"/>
    <property name="zookeeper.admin.rateLimiterIntervalInMS" value="0"/>
    <property name="sun.management.compiler" value="HotSpot 64-Bit Tiered Compilers"/>
    <property name="java.runtime.version" value="17.0.6+9-LTS-190"/>
    <property name="zookeeper.4lw.commands.whitelist" value="*"/>
    <property name="user.name" value="asus"/>
    <property name="path.separator" value=":"/>
    <property name="os.version" value="6.2.0-31-generic"/>
    <property name="zookeeper.admin.enableServer" value="false"/>
    <property name="java.runtime.name" value="Java(TM) SE Runtime Environment"/>
    <property name="file.encoding" value="UTF-8"/>
    <property name="java.vm.name" value="Java HotSpot(TM) 64-Bit Server VM"/>
    <property name="localRepository" value="/home/asus/.m2/repository"/>
    <property name="java.vendor.url.bug" value="https://bugreport.java.com/bugreport/"/>
    <property name="java.io.tmpdir" value="/tmp"/>
    <property name="java.version" value="17.0.6"/>
    <property name="user.dir" value="/home/asus/Documents/zookeeper/zookeeper-recipes/zookeeper-recipes-queue"/>
    <property name="os.arch" value="amd64"/>
    <property name="java.vm.specification.name" value="Java Virtual Machine Specification"/>
    <property name="native.encoding" value="UTF-8"/>
    <property name="java.library.path" value="/usr/java/packages/lib:/usr/lib64:/lib64:/lib:/usr/lib"/>
    <property name="java.vm.info" value="mixed mode, sharing"/>
    <property name="java.vendor" value="Oracle Corporation"/>
    <property name="java.vm.version" value="17.0.6+9-LTS-190"/>
    <property name="sun.io.unicode.encoding" value="UnicodeLittle"/>
    <property name="java.class.version" value="61.0"/>
    <property name="maven.test.failure.ignore" value="true"/>
  </properties>
  <testcase name="testTakeWait1" classname="org.apache.zookeeper.recipes.queue.DistributedQueueTest" time="1.621">
    <system-out><![CDATA[2023-09-03 22:34:45,945 [myid:] - ERROR [main:o.w.l.WasabiListener5@22] - [WASABISTART]
2023-09-03 22:34:45,946 [myid:] - ERROR [main:o.w.l.WasabiListener5@23] - [wasabi] testTakeWait1() is started
2023-09-03 22:34:46,380 [myid:] - ERROR [main-SendThread():o.a.z.ClientCnxn$SendThread@1179] - [wasabi] Retry Loop 03 is called. MaxDuration : 10000
2023-09-03 22:34:47,566 [myid:] - ERROR [main:o.w.l.WasabiListener5@30] - [wasabi] testTakeWait1() is finished
2023-09-03 22:34:47,566 [myid:] - ERROR [main:o.w.l.WasabiListener5@31] - [WASABIEND]
]]></system-out>
  </testcase>
  <testcase name="testTakeWait2" classname="org.apache.zookeeper.recipes.queue.DistributedQueueTest" time="2.19">
    <system-out><![CDATA[2023-09-03 22:34:47,569 [myid:] - ERROR [main:o.w.l.WasabiListener5@22] - [WASABISTART]
2023-09-03 22:34:47,569 [myid:] - ERROR [main:o.w.l.WasabiListener5@23] - [wasabi] testTakeWait2() is started
2023-09-03 22:34:47,591 [myid:] - ERROR [main-SendThread():o.a.z.ClientCnxn$SendThread@1179] - [wasabi] Retry Loop 03 is called. MaxDuration : 10000
2023-09-03 22:34:49,760 [myid:] - ERROR [main:o.w.l.WasabiListener5@30] - [wasabi] testTakeWait2() is finished
2023-09-03 22:34:49,760 [myid:] - ERROR [main:o.w.l.WasabiListener5@31] - [WASABIEND]
]]></system-out>
  </testcase>
  <testcase name="testTake1" classname="org.apache.zookeeper.recipes.queue.DistributedQueueTest" time="0.16">
    <system-out><![CDATA[2023-09-03 22:34:49,762 [myid:] - ERROR [main:o.w.l.WasabiListener5@22] - [WASABISTART]
2023-09-03 22:34:49,762 [myid:] - ERROR [main:o.w.l.WasabiListener5@23] - [wasabi] testTake1() is started
2023-09-03 22:34:49,780 [myid:] - ERROR [main-SendThread():o.a.z.ClientCnxn$SendThread@1179] - [wasabi] Retry Loop 03 is called. MaxDuration : 10000
2023-09-03 22:34:49,921 [myid:] - ERROR [main:o.w.l.WasabiListener5@30] - [wasabi] testTake1() is finished
2023-09-03 22:34:49,922 [myid:] - ERROR [main:o.w.l.WasabiListener5@31] - [WASABIEND]
]]></system-out>
  </testcase>
  <testcase name="testRemove1" classname="org.apache.zookeeper.recipes.queue.DistributedQueueTest" time="0.15">
    <system-out><![CDATA[2023-09-03 22:34:49,925 [myid:] - ERROR [main:o.w.l.WasabiListener5@22] - [WASABISTART]
2023-09-03 22:34:49,925 [myid:] - ERROR [main:o.w.l.WasabiListener5@23] - [wasabi] testRemove1() is started
2023-09-03 22:34:49,948 [myid:] - ERROR [main-SendThread():o.a.z.ClientCnxn$SendThread@1179] - [wasabi] Retry Loop 03 is called. MaxDuration : 10000
2023-09-03 22:34:50,073 [myid:] - ERROR [main:o.w.l.WasabiListener5@30] - [wasabi] testRemove1() is finished
2023-09-03 22:34:50,074 [myid:] - ERROR [main:o.w.l.WasabiListener5@31] - [WASABIEND]
]]></system-out>
  </testcase>
  <testcase name="testRemove2" classname="org.apache.zookeeper.recipes.queue.DistributedQueueTest" time="0.329">
    <system-out><![CDATA[2023-09-03 22:34:50,079 [myid:] - ERROR [main:o.w.l.WasabiListener5@22] - [WASABISTART]
2023-09-03 22:34:50,080 [myid:] - ERROR [main:o.w.l.WasabiListener5@23] - [wasabi] testRemove2() is started
2023-09-03 22:34:50,109 [myid:] - ERROR [main-SendThread():o.a.z.ClientCnxn$SendThread@1179] - [wasabi] Retry Loop 03 is called. MaxDuration : 10000
2023-09-03 22:34:50,119 [myid:] - ERROR [main-SendThread():o.a.z.ClientCnxn$SendThread@1179] - [wasabi] Retry Loop 03 is called. MaxDuration : 10000
2023-09-03 22:34:50,409 [myid:] - ERROR [main:o.w.l.WasabiListener5@30] - [wasabi] testRemove2() is finished
2023-09-03 22:34:50,410 [myid:] - ERROR [main:o.w.l.WasabiListener5@31] - [WASABIEND]
]]></system-out>
  </testcase>
  <testcase name="testRemove3" classname="org.apache.zookeeper.recipes.queue.DistributedQueueTest" time="6.561">
    <system-out><![CDATA[2023-09-03 22:34:50,414 [myid:] - ERROR [main:o.w.l.WasabiListener5@22] - [WASABISTART]
2023-09-03 22:34:50,415 [myid:] - ERROR [main:o.w.l.WasabiListener5@23] - [wasabi] testRemove3() is started
2023-09-03 22:34:50,449 [myid:] - ERROR [main-SendThread():o.a.z.ClientCnxn$SendThread@1179] - [wasabi] Retry Loop 03 is called. MaxDuration : 10000
2023-09-03 22:34:50,464 [myid:] - ERROR [main-SendThread():o.a.z.ClientCnxn$SendThread@1179] - [wasabi] Retry Loop 03 is called. MaxDuration : 10000
2023-09-03 22:34:56,975 [myid:] - ERROR [main:o.w.l.WasabiListener5@30] - [wasabi] testRemove3() is finished
2023-09-03 22:34:56,976 [myid:] - ERROR [main:o.w.l.WasabiListener5@31] - [WASABIEND]
]]></system-out>
  </testcase>
  <testcase name="testElement1" classname="org.apache.zookeeper.recipes.queue.DistributedQueueTest" time="0.249">
    <system-out><![CDATA[2023-09-03 22:34:56,977 [myid:] - ERROR [main:o.w.l.WasabiListener5@22] - [WASABISTART]
2023-09-03 22:34:56,977 [myid:] - ERROR [main:o.w.l.WasabiListener5@23] - [wasabi] testElement1() is started
2023-09-03 22:34:56,991 [myid:] - ERROR [main-SendThread():o.a.z.ClientCnxn$SendThread@1179] - [wasabi] Retry Loop 03 is called. MaxDuration : 10000
2023-09-03 22:34:56,998 [myid:] - ERROR [main-SendThread():o.a.z.ClientCnxn$SendThread@1179] - [wasabi] Retry Loop 03 is called. MaxDuration : 10000
2023-09-03 22:34:57,226 [myid:] - ERROR [main:o.w.l.WasabiListener5@30] - [wasabi] testElement1() is finished
2023-09-03 22:34:57,226 [myid:] - ERROR [main:o.w.l.WasabiListener5@31] - [WASABIEND]
]]></system-out>
  </testcase>
  <testcase name="testElement2" classname="org.apache.zookeeper.recipes.queue.DistributedQueueTest" time="0.273">
    <system-out><![CDATA[2023-09-03 22:34:57,227 [myid:] - ERROR [main:o.w.l.WasabiListener5@22] - [WASABISTART]
2023-09-03 22:34:57,227 [myid:] - ERROR [main:o.w.l.WasabiListener5@23] - [wasabi] testElement2() is started
2023-09-03 22:34:57,241 [myid:] - ERROR [main-SendThread():o.a.z.ClientCnxn$SendThread@1179] - [wasabi] Retry Loop 03 is called. MaxDuration : 10000
2023-09-03 22:34:57,248 [myid:] - ERROR [main-SendThread():o.a.z.ClientCnxn$SendThread@1179] - [wasabi] Retry Loop 03 is called. MaxDuration : 10000
2023-09-03 22:34:57,500 [myid:] - ERROR [main:o.w.l.WasabiListener5@30] - [wasabi] testElement2() is finished
2023-09-03 22:34:57,500 [myid:] - ERROR [main:o.w.l.WasabiListener5@31] - [WASABIEND]
]]></system-out>
  </testcase>
  <testcase name="testElement3" classname="org.apache.zookeeper.recipes.queue.DistributedQueueTest" time="4.316">
    <system-out><![CDATA[2023-09-03 22:34:57,502 [myid:] - ERROR [main:o.w.l.WasabiListener5@22] - [WASABISTART]
2023-09-03 22:34:57,502 [myid:] - ERROR [main:o.w.l.WasabiListener5@23] - [wasabi] testElement3() is started
2023-09-03 22:34:57,515 [myid:] - ERROR [main-SendThread():o.a.z.ClientCnxn$SendThread@1179] - [wasabi] Retry Loop 03 is called. MaxDuration : 10000
2023-09-03 22:34:57,522 [myid:] - ERROR [main-SendThread():o.a.z.ClientCnxn$SendThread@1179] - [wasabi] Retry Loop 03 is called. MaxDuration : 10000
2023-09-03 22:35:01,818 [myid:] - ERROR [main:o.w.l.WasabiListener5@30] - [wasabi] testElement3() is finished
2023-09-03 22:35:01,818 [myid:] - ERROR [main:o.w.l.WasabiListener5@31] - [WASABIEND]
]]></system-out>
  </testcase>
  <testcase name="testElement4" classname="org.apache.zookeeper.recipes.queue.DistributedQueueTest" time="5.779">
    <system-out><![CDATA[2023-09-03 22:35:01,819 [myid:] - ERROR [main:o.w.l.WasabiListener5@22] - [WASABISTART]
2023-09-03 22:35:01,820 [myid:] - ERROR [main:o.w.l.WasabiListener5@23] - [wasabi] testElement4() is started
2023-09-03 22:35:01,833 [myid:] - ERROR [main-SendThread():o.a.z.ClientCnxn$SendThread@1179] - [wasabi] Retry Loop 03 is called. MaxDuration : 10000
2023-09-03 22:35:01,840 [myid:] - ERROR [main-SendThread():o.a.z.ClientCnxn$SendThread@1179] - [wasabi] Retry Loop 03 is called. MaxDuration : 10000
2023-09-03 22:35:07,599 [myid:] - ERROR [main:o.w.l.WasabiListener5@30] - [wasabi] testElement4() is finished
2023-09-03 22:35:07,599 [myid:] - ERROR [main:o.w.l.WasabiListener5@31] - [WASABIEND]
]]></system-out>
  </testcase>
  <testcase name="testOffer1" classname="org.apache.zookeeper.recipes.queue.DistributedQueueTest" time="0.138">
    <system-out><![CDATA[2023-09-03 22:35:07,600 [myid:] - ERROR [main:o.w.l.WasabiListener5@22] - [WASABISTART]
2023-09-03 22:35:07,601 [myid:] - ERROR [main:o.w.l.WasabiListener5@23] - [wasabi] testOffer1() is started
2023-09-03 22:35:07,613 [myid:] - ERROR [main-SendThread():o.a.z.ClientCnxn$SendThread@1179] - [wasabi] Retry Loop 03 is called. MaxDuration : 10000
2023-09-03 22:35:07,739 [myid:] - ERROR [main:o.w.l.WasabiListener5@30] - [wasabi] testOffer1() is finished
2023-09-03 22:35:07,739 [myid:] - ERROR [main:o.w.l.WasabiListener5@31] - [WASABIEND]
]]></system-out>
  </testcase>
  <testcase name="testOffer2" classname="org.apache.zookeeper.recipes.queue.DistributedQueueTest" time="0.255">
    <system-out><![CDATA[2023-09-03 22:35:07,742 [myid:] - ERROR [main:o.w.l.WasabiListener5@22] - [WASABISTART]
2023-09-03 22:35:07,742 [myid:] - ERROR [main:o.w.l.WasabiListener5@23] - [wasabi] testOffer2() is started
2023-09-03 22:35:07,757 [myid:] - ERROR [main-SendThread():o.a.z.ClientCnxn$SendThread@1179] - [wasabi] Retry Loop 03 is called. MaxDuration : 10000
2023-09-03 22:35:07,763 [myid:] - ERROR [main-SendThread():o.a.z.ClientCnxn$SendThread@1179] - [wasabi] Retry Loop 03 is called. MaxDuration : 10000
2023-09-03 22:35:07,995 [myid:] - ERROR [main:o.w.l.WasabiListener5@30] - [wasabi] testOffer2() is finished
2023-09-03 22:35:07,996 [myid:] - ERROR [main:o.w.l.WasabiListener5@31] - [WASABIEND]
]]></system-out>
  </testcase>
</testsuite>