<?xml version="1.0" encoding="UTF-8"?>
<testsuite xmlns:xsi="http://www.w3.org/2001/XMLSchema-instance" xsi:noNamespaceSchemaLocation="https://maven.apache.org/surefire/maven-surefire-plugin/xsd/surefire-test-report-3.0.xsd" version="3.0" name="org.apache.zookeeper.server.controller.ControllerClientServerTest" time="8.243" tests="7" errors="0" skipped="0" failures="0">
  <properties>
    <property name="build.test.dir" value="/home/asus/Documents/zookeeper/zookeeper-server/target/surefire"/>
    <property name="java.specification.version" value="17"/>
    <property name="sun.jnu.encoding" value="UTF-8"/>
    <property name="java.class.path" value="/home/asus/Documents/zookeeper/zookeeper-server/target/test-classes:/home/asus/Documents/zookeeper/zookeeper-server/target/classes:/home/asus/.m2/repository/com/github/spotbugs/spotbugs-annotations/4.0.2/spotbugs-annotations-4.0.2.jar:/home/asus/.m2/repository/com/google/code/findbugs/jsr305/3.0.2/jsr305-3.0.2.jar:/home/asus/.m2/repository/org/hamcrest/hamcrest-library/2.2/hamcrest-library-2.2.jar:/home/asus/.m2/repository/org/hamcrest/hamcrest-core/2.2/hamcrest-core-2.2.jar:/home/asus/.m2/repository/org/hamcrest/hamcrest/2.2/hamcrest-2.2.jar:/home/asus/.m2/repository/org/apache/commons/commons-collections4/4.4/commons-collections4-4.4.jar:/home/asus/Documents/zookeeper/zookeeper-jute/target/classes:/home/asus/.m2/repository/commons-cli/commons-cli/1.5.0/commons-cli-1.5.0.jar:/home/asus/.m2/repository/org/apache/yetus/audience-annotations/0.12.0/audience-annotations-0.12.0.jar:/home/asus/.m2/repository/io/netty/netty-handler/4.1.94.Final/netty-handler-4.1.94.Final.jar:/home/asus/.m2/repository/io/netty/netty-common/4.1.94.Final/netty-common-4.1.94.Final.jar:/home/asus/.m2/repository/io/netty/netty-resolver/4.1.94.Final/netty-resolver-4.1.94.Final.jar:/home/asus/.m2/repository/io/netty/netty-buffer/4.1.94.Final/netty-buffer-4.1.94.Final.jar:/home/asus/.m2/repository/io/netty/netty-transport/4.1.94.Final/netty-transport-4.1.94.Final.jar:/home/asus/.m2/repository/io/netty/netty-transport-native-unix-common/4.1.94.Final/netty-transport-native-unix-common-4.1.94.Final.jar:/home/asus/.m2/repository/io/netty/netty-codec/4.1.94.Final/netty-codec-4.1.94.Final.jar:/home/asus/.m2/repository/io/netty/netty-transport-native-epoll/4.1.94.Final/netty-transport-native-epoll-4.1.94.Final-linux-x86_64.jar:/home/asus/.m2/repository/io/netty/netty-transport-classes-epoll/4.1.94.Final/netty-transport-classes-epoll-4.1.94.Final.jar:/home/asus/.m2/repository/io/netty/netty-tcnative-boringssl-static/2.0.61.Final/netty-tcnative-boringssl-static-2.0.61.Final.jar:/home/asus/.m2/repository/io/netty/netty-tcnative-classes/2.0.61.Final/netty-tcnative-classes-2.0.61.Final.jar:/home/asus/.m2/repository/io/netty/netty-tcnative-boringssl-static/2.0.61.Final/netty-tcnative-boringssl-static-2.0.61.Final-linux-x86_64.jar:/home/asus/.m2/repository/io/netty/netty-tcnative-boringssl-static/2.0.61.Final/netty-tcnative-boringssl-static-2.0.61.Final-linux-aarch_64.jar:/home/asus/.m2/repository/io/netty/netty-tcnative-boringssl-static/2.0.61.Final/netty-tcnative-boringssl-static-2.0.61.Final-osx-x86_64.jar:/home/asus/.m2/repository/io/netty/netty-tcnative-boringssl-static/2.0.61.Final/netty-tcnative-boringssl-static-2.0.61.Final-osx-aarch_64.jar:/home/asus/.m2/repository/io/netty/netty-tcnative-boringssl-static/2.0.61.Final/netty-tcnative-boringssl-static-2.0.61.Final-windows-x86_64.jar:/home/asus/.m2/repository/org/slf4j/slf4j-api/1.7.30/slf4j-api-1.7.30.jar:/home/asus/.m2/repository/ch/qos/logback/logback-core/1.2.10/logback-core-1.2.10.jar:/home/asus/.m2/repository/ch/qos/logback/logback-classic/1.2.10/logback-classic-1.2.10.jar:/home/asus/.m2/repository/org/eclipse/jetty/jetty-server/9.4.51.v20230217/jetty-server-9.4.51.v20230217.jar:/home/asus/.m2/repository/javax/servlet/javax.servlet-api/3.1.0/javax.servlet-api-3.1.0.jar:/home/asus/.m2/repository/org/eclipse/jetty/jetty-http/9.4.51.v20230217/jetty-http-9.4.51.v20230217.jar:/home/asus/.m2/repository/org/eclipse/jetty/jetty-util/9.4.51.v20230217/jetty-util-9.4.51.v20230217.jar:/home/asus/.m2/repository/org/eclipse/jetty/jetty-io/9.4.51.v20230217/jetty-io-9.4.51.v20230217.jar:/home/asus/.m2/repository/org/eclipse/jetty/jetty-servlet/9.4.51.v20230217/jetty-servlet-9.4.51.v20230217.jar:/home/asus/.m2/repository/org/eclipse/jetty/jetty-security/9.4.51.v20230217/jetty-security-9.4.51.v20230217.jar:/home/asus/.m2/repository/org/eclipse/jetty/jetty-util-ajax/9.4.51.v20230217/jetty-util-ajax-9.4.51.v20230217.jar:/home/asus/.m2/repository/org/eclipse/jetty/jetty-client/9.4.51.v20230217/jetty-client-9.4.51.v20230217.jar:/home/asus/.m2/repository/com/fasterxml/jackson/core/jackson-databind/2.15.2/jackson-databind-2.15.2.jar:/home/asus/.m2/repository/com/fasterxml/jackson/core/jackson-annotations/2.15.2/jackson-annotations-2.15.2.jar:/home/asus/.m2/repository/com/fasterxml/jackson/core/jackson-core/2.15.2/jackson-core-2.15.2.jar:/home/asus/.m2/repository/org/bouncycastle/bcprov-jdk18on/1.75/bcprov-jdk18on-1.75.jar:/home/asus/.m2/repository/org/bouncycastle/bcpkix-jdk18on/1.75/bcpkix-jdk18on-1.75.jar:/home/asus/.m2/repository/org/bouncycastle/bcutil-jdk18on/1.75/bcutil-jdk18on-1.75.jar:/home/asus/.m2/repository/jline/jline/2.14.6/jline-2.14.6.jar:/home/asus/.m2/repository/io/dropwizard/metrics/metrics-core/4.1.12.1/metrics-core-4.1.12.1.jar:/home/asus/.m2/repository/org/apache/kerby/kerb-core/2.0.0/kerb-core-2.0.0.jar:/home/asus/.m2/repository/org/apache/kerby/kerby-pkix/2.0.0/kerby-pkix-2.0.0.jar:/home/asus/.m2/repository/org/apache/kerby/kerby-asn1/2.0.0/kerby-asn1-2.0.0.jar:/home/asus/.m2/repository/org/apache/kerby/kerby-util/2.0.0/kerby-util-2.0.0.jar:/home/asus/.m2/repository/org/apache/kerby/kerb-simplekdc/2.0.0/kerb-simplekdc-2.0.0.jar:/home/asus/.m2/repository/org/apache/kerby/kerb-client/2.0.0/kerb-client-2.0.0.jar:/home/asus/.m2/repository/org/apache/kerby/kerb-common/2.0.0/kerb-common-2.0.0.jar:/home/asus/.m2/repository/org/apache/kerby/kerb-crypto/2.0.0/kerb-crypto-2.0.0.jar:/home/asus/.m2/repository/org/apache/kerby/kerb-util/2.0.0/kerb-util-2.0.0.jar:/home/asus/.m2/repository/org/apache/kerby/token-provider/2.0.0/token-provider-2.0.0.jar:/home/asus/.m2/repository/com/nimbusds/nimbus-jose-jwt/4.41.2/nimbus-jose-jwt-4.41.2.jar:/home/asus/.m2/repository/com/github/stephenc/jcip/jcip-annotations/1.0-1/jcip-annotations-1.0-1.jar:/home/asus/.m2/repository/net/minidev/json-smart/2.3/json-smart-2.3.jar:/home/asus/.m2/repository/net/minidev/accessors-smart/1.2/accessors-smart-1.2.jar:/home/asus/.m2/repository/org/ow2/asm/asm/5.0.4/asm-5.0.4.jar:/home/asus/.m2/repository/org/apache/kerby/kerb-admin/2.0.0/kerb-admin-2.0.0.jar:/home/asus/.m2/repository/org/apache/kerby/kerb-server/2.0.0/kerb-server-2.0.0.jar:/home/asus/.m2/repository/org/apache/kerby/kerb-identity/2.0.0/kerb-identity-2.0.0.jar:/home/asus/.m2/repository/org/apache/kerby/kerby-xdr/2.0.0/kerby-xdr-2.0.0.jar:/home/asus/.m2/repository/org/apache/kerby/kerby-config/2.0.0/kerby-config-2.0.0.jar:/home/asus/.m2/repository/org/mockito/mockito-core/4.9.0/mockito-core-4.9.0.jar:/home/asus/.m2/repository/net/bytebuddy/byte-buddy/1.12.16/byte-buddy-1.12.16.jar:/home/asus/.m2/repository/net/bytebuddy/byte-buddy-agent/1.12.16/byte-buddy-agent-1.12.16.jar:/home/asus/.m2/repository/org/objenesis/objenesis/3.3/objenesis-3.3.jar:/home/asus/.m2/repository/org/jmockit/jmockit/1.48/jmockit-1.48.jar:/home/asus/.m2/repository/org/junit/jupiter/junit-jupiter-api/5.7.2/junit-jupiter-api-5.7.2.jar:/home/asus/.m2/repository/org/apiguardian/apiguardian-api/1.1.0/apiguardian-api-1.1.0.jar:/home/asus/.m2/repository/org/opentest4j/opentest4j/1.2.0/opentest4j-1.2.0.jar:/home/asus/.m2/repository/org/junit/platform/junit-platform-commons/1.7.0/junit-platform-commons-1.7.0.jar:/home/asus/.m2/repository/org/junit/jupiter/junit-jupiter-engine/5.7.2/junit-jupiter-engine-5.7.2.jar:/home/asus/.m2/repository/org/junit/platform/junit-platform-engine/1.7.2/junit-platform-engine-1.7.2.jar:/home/asus/.m2/repository/org/junit/jupiter/junit-jupiter-params/5.7.2/junit-jupiter-params-5.7.2.jar:/home/asus/.m2/repository/org/junit/platform/junit-platform-runner/1.6.2/junit-platform-runner-1.6.2.jar:/home/asus/.m2/repository/junit/junit/4.13.2/junit-4.13.2.jar:/home/asus/.m2/repository/org/junit/platform/junit-platform-launcher/1.6.2/junit-platform-launcher-1.6.2.jar:/home/asus/.m2/repository/org/junit/platform/junit-platform-suite-api/1.6.2/junit-platform-suite-api-1.6.2.jar:/home/asus/.m2/repository/org/burningwave/tools/0.25.4/tools-0.25.4.jar:/home/asus/.m2/repository/org/burningwave/core/12.62.5/core-12.62.5.jar:/home/asus/.m2/repository/org/burningwave/jvm-driver/8.14.0/jvm-driver-8.14.0.jar:/home/asus/.m2/repository/io/github/toolfactory/jvm-driver/9.4.2/jvm-driver-9.4.2.jar:/home/asus/.m2/repository/org/xerial/snappy/snappy-java/1.1.10.1/snappy-java-1.1.10.1.jar:/home/asus/.m2/repository/commons-io/commons-io/2.11.0/commons-io-2.11.0.jar:/home/asus/.m2/repository/org/wasabi/logger/logger-project/1.0-SNAPSHOT/logger-project-1.0-SNAPSHOT.jar:/home/asus/.m2/repository/org/apache/logging/log4j/log4j-slf4j-impl/2.18.0/log4j-slf4j-impl-2.18.0.jar:/home/asus/.m2/repository/org/apache/logging/log4j/log4j-api/2.18.0/log4j-api-2.18.0.jar:/home/asus/.m2/repository/org/apache/logging/log4j/log4j-core/2.18.0/log4j-core-2.18.0.jar:/home/asus/.m2/repository/org/junit/vintage/junit-vintage-engine/5.7.2/junit-vintage-engine-5.7.2.jar:"/>
    <property name="java.vm.vendor" value="Oracle Corporation"/>
    <property name="sun.arch.data.model" value="64"/>
    <property name="java.vendor.url" value="https://java.oracle.com/"/>
    <property name="os.name" value="Linux"/>
    <property name="java.vm.specification.version" value="17"/>
    <property name="sun.java.launcher" value="SUN_STANDARD"/>
    <property name="user.country" value="US"/>
    <property name="sun.boot.library.path" value="/usr/lib/jvm/java-17-oracle/lib"/>
    <property name="sun.java.command" value="/home/asus/Documents/zookeeper/zookeeper-server/target/surefire/surefirebooter6023168159803145356.jar /home/asus/Documents/zookeeper/zookeeper-server/target/surefire 2023-09-03T22-27-35_671-jvmRun5 surefire15324833406728881980tmp surefire_514152283523903309110tmp"/>
    <property name="jdk.debug" value="release"/>
    <property name="surefire.test.class.path" value="/home/asus/Documents/zookeeper/zookeeper-server/target/test-classes:/home/asus/Documents/zookeeper/zookeeper-server/target/classes:/home/asus/.m2/repository/com/github/spotbugs/spotbugs-annotations/4.0.2/spotbugs-annotations-4.0.2.jar:/home/asus/.m2/repository/com/google/code/findbugs/jsr305/3.0.2/jsr305-3.0.2.jar:/home/asus/.m2/repository/org/hamcrest/hamcrest-library/2.2/hamcrest-library-2.2.jar:/home/asus/.m2/repository/org/hamcrest/hamcrest-core/2.2/hamcrest-core-2.2.jar:/home/asus/.m2/repository/org/hamcrest/hamcrest/2.2/hamcrest-2.2.jar:/home/asus/.m2/repository/org/apache/commons/commons-collections4/4.4/commons-collections4-4.4.jar:/home/asus/Documents/zookeeper/zookeeper-jute/target/classes:/home/asus/.m2/repository/commons-cli/commons-cli/1.5.0/commons-cli-1.5.0.jar:/home/asus/.m2/repository/org/apache/yetus/audience-annotations/0.12.0/audience-annotations-0.12.0.jar:/home/asus/.m2/repository/io/netty/netty-handler/4.1.94.Final/netty-handler-4.1.94.Final.jar:/home/asus/.m2/repository/io/netty/netty-common/4.1.94.Final/netty-common-4.1.94.Final.jar:/home/asus/.m2/repository/io/netty/netty-resolver/4.1.94.Final/netty-resolver-4.1.94.Final.jar:/home/asus/.m2/repository/io/netty/netty-buffer/4.1.94.Final/netty-buffer-4.1.94.Final.jar:/home/asus/.m2/repository/io/netty/netty-transport/4.1.94.Final/netty-transport-4.1.94.Final.jar:/home/asus/.m2/repository/io/netty/netty-transport-native-unix-common/4.1.94.Final/netty-transport-native-unix-common-4.1.94.Final.jar:/home/asus/.m2/repository/io/netty/netty-codec/4.1.94.Final/netty-codec-4.1.94.Final.jar:/home/asus/.m2/repository/io/netty/netty-transport-native-epoll/4.1.94.Final/netty-transport-native-epoll-4.1.94.Final-linux-x86_64.jar:/home/asus/.m2/repository/io/netty/netty-transport-classes-epoll/4.1.94.Final/netty-transport-classes-epoll-4.1.94.Final.jar:/home/asus/.m2/repository/io/netty/netty-tcnative-boringssl-static/2.0.61.Final/netty-tcnative-boringssl-static-2.0.61.Final.jar:/home/asus/.m2/repository/io/netty/netty-tcnative-classes/2.0.61.Final/netty-tcnative-classes-2.0.61.Final.jar:/home/asus/.m2/repository/io/netty/netty-tcnative-boringssl-static/2.0.61.Final/netty-tcnative-boringssl-static-2.0.61.Final-linux-x86_64.jar:/home/asus/.m2/repository/io/netty/netty-tcnative-boringssl-static/2.0.61.Final/netty-tcnative-boringssl-static-2.0.61.Final-linux-aarch_64.jar:/home/asus/.m2/repository/io/netty/netty-tcnative-boringssl-static/2.0.61.Final/netty-tcnative-boringssl-static-2.0.61.Final-osx-x86_64.jar:/home/asus/.m2/repository/io/netty/netty-tcnative-boringssl-static/2.0.61.Final/netty-tcnative-boringssl-static-2.0.61.Final-osx-aarch_64.jar:/home/asus/.m2/repository/io/netty/netty-tcnative-boringssl-static/2.0.61.Final/netty-tcnative-boringssl-static-2.0.61.Final-windows-x86_64.jar:/home/asus/.m2/repository/org/slf4j/slf4j-api/1.7.30/slf4j-api-1.7.30.jar:/home/asus/.m2/repository/ch/qos/logback/logback-core/1.2.10/logback-core-1.2.10.jar:/home/asus/.m2/repository/ch/qos/logback/logback-classic/1.2.10/logback-classic-1.2.10.jar:/home/asus/.m2/repository/org/eclipse/jetty/jetty-server/9.4.51.v20230217/jetty-server-9.4.51.v20230217.jar:/home/asus/.m2/repository/javax/servlet/javax.servlet-api/3.1.0/javax.servlet-api-3.1.0.jar:/home/asus/.m2/repository/org/eclipse/jetty/jetty-http/9.4.51.v20230217/jetty-http-9.4.51.v20230217.jar:/home/asus/.m2/repository/org/eclipse/jetty/jetty-util/9.4.51.v20230217/jetty-util-9.4.51.v20230217.jar:/home/asus/.m2/repository/org/eclipse/jetty/jetty-io/9.4.51.v20230217/jetty-io-9.4.51.v20230217.jar:/home/asus/.m2/repository/org/eclipse/jetty/jetty-servlet/9.4.51.v20230217/jetty-servlet-9.4.51.v20230217.jar:/home/asus/.m2/repository/org/eclipse/jetty/jetty-security/9.4.51.v20230217/jetty-security-9.4.51.v20230217.jar:/home/asus/.m2/repository/org/eclipse/jetty/jetty-util-ajax/9.4.51.v20230217/jetty-util-ajax-9.4.51.v20230217.jar:/home/asus/.m2/repository/org/eclipse/jetty/jetty-client/9.4.51.v20230217/jetty-client-9.4.51.v20230217.jar:/home/asus/.m2/repository/com/fasterxml/jackson/core/jackson-databind/2.15.2/jackson-databind-2.15.2.jar:/home/asus/.m2/repository/com/fasterxml/jackson/core/jackson-annotations/2.15.2/jackson-annotations-2.15.2.jar:/home/asus/.m2/repository/com/fasterxml/jackson/core/jackson-core/2.15.2/jackson-core-2.15.2.jar:/home/asus/.m2/repository/org/bouncycastle/bcprov-jdk18on/1.75/bcprov-jdk18on-1.75.jar:/home/asus/.m2/repository/org/bouncycastle/bcpkix-jdk18on/1.75/bcpkix-jdk18on-1.75.jar:/home/asus/.m2/repository/org/bouncycastle/bcutil-jdk18on/1.75/bcutil-jdk18on-1.75.jar:/home/asus/.m2/repository/jline/jline/2.14.6/jline-2.14.6.jar:/home/asus/.m2/repository/io/dropwizard/metrics/metrics-core/4.1.12.1/metrics-core-4.1.12.1.jar:/home/asus/.m2/repository/org/apache/kerby/kerb-core/2.0.0/kerb-core-2.0.0.jar:/home/asus/.m2/repository/org/apache/kerby/kerby-pkix/2.0.0/kerby-pkix-2.0.0.jar:/home/asus/.m2/repository/org/apache/kerby/kerby-asn1/2.0.0/kerby-asn1-2.0.0.jar:/home/asus/.m2/repository/org/apache/kerby/kerby-util/2.0.0/kerby-util-2.0.0.jar:/home/asus/.m2/repository/org/apache/kerby/kerb-simplekdc/2.0.0/kerb-simplekdc-2.0.0.jar:/home/asus/.m2/repository/org/apache/kerby/kerb-client/2.0.0/kerb-client-2.0.0.jar:/home/asus/.m2/repository/org/apache/kerby/kerb-common/2.0.0/kerb-common-2.0.0.jar:/home/asus/.m2/repository/org/apache/kerby/kerb-crypto/2.0.0/kerb-crypto-2.0.0.jar:/home/asus/.m2/repository/org/apache/kerby/kerb-util/2.0.0/kerb-util-2.0.0.jar:/home/asus/.m2/repository/org/apache/kerby/token-provider/2.0.0/token-provider-2.0.0.jar:/home/asus/.m2/repository/com/nimbusds/nimbus-jose-jwt/4.41.2/nimbus-jose-jwt-4.41.2.jar:/home/asus/.m2/repository/com/github/stephenc/jcip/jcip-annotations/1.0-1/jcip-annotations-1.0-1.jar:/home/asus/.m2/repository/net/minidev/json-smart/2.3/json-smart-2.3.jar:/home/asus/.m2/repository/net/minidev/accessors-smart/1.2/accessors-smart-1.2.jar:/home/asus/.m2/repository/org/ow2/asm/asm/5.0.4/asm-5.0.4.jar:/home/asus/.m2/repository/org/apache/kerby/kerb-admin/2.0.0/kerb-admin-2.0.0.jar:/home/asus/.m2/repository/org/apache/kerby/kerb-server/2.0.0/kerb-server-2.0.0.jar:/home/asus/.m2/repository/org/apache/kerby/kerb-identity/2.0.0/kerb-identity-2.0.0.jar:/home/asus/.m2/repository/org/apache/kerby/kerby-xdr/2.0.0/kerby-xdr-2.0.0.jar:/home/asus/.m2/repository/org/apache/kerby/kerby-config/2.0.0/kerby-config-2.0.0.jar:/home/asus/.m2/repository/org/mockito/mockito-core/4.9.0/mockito-core-4.9.0.jar:/home/asus/.m2/repository/net/bytebuddy/byte-buddy/1.12.16/byte-buddy-1.12.16.jar:/home/asus/.m2/repository/net/bytebuddy/byte-buddy-agent/1.12.16/byte-buddy-agent-1.12.16.jar:/home/asus/.m2/repository/org/objenesis/objenesis/3.3/objenesis-3.3.jar:/home/asus/.m2/repository/org/jmockit/jmockit/1.48/jmockit-1.48.jar:/home/asus/.m2/repository/org/junit/jupiter/junit-jupiter-api/5.7.2/junit-jupiter-api-5.7.2.jar:/home/asus/.m2/repository/org/apiguardian/apiguardian-api/1.1.0/apiguardian-api-1.1.0.jar:/home/asus/.m2/repository/org/opentest4j/opentest4j/1.2.0/opentest4j-1.2.0.jar:/home/asus/.m2/repository/org/junit/platform/junit-platform-commons/1.7.0/junit-platform-commons-1.7.0.jar:/home/asus/.m2/repository/org/junit/jupiter/junit-jupiter-engine/5.7.2/junit-jupiter-engine-5.7.2.jar:/home/asus/.m2/repository/org/junit/platform/junit-platform-engine/1.7.2/junit-platform-engine-1.7.2.jar:/home/asus/.m2/repository/org/junit/jupiter/junit-jupiter-params/5.7.2/junit-jupiter-params-5.7.2.jar:/home/asus/.m2/repository/org/junit/platform/junit-platform-runner/1.6.2/junit-platform-runner-1.6.2.jar:/home/asus/.m2/repository/junit/junit/4.13.2/junit-4.13.2.jar:/home/asus/.m2/repository/org/junit/platform/junit-platform-launcher/1.6.2/junit-platform-launcher-1.6.2.jar:/home/asus/.m2/repository/org/junit/platform/junit-platform-suite-api/1.6.2/junit-platform-suite-api-1.6.2.jar:/home/asus/.m2/repository/org/burningwave/tools/0.25.4/tools-0.25.4.jar:/home/asus/.m2/repository/org/burningwave/core/12.62.5/core-12.62.5.jar:/home/asus/.m2/repository/org/burningwave/jvm-driver/8.14.0/jvm-driver-8.14.0.jar:/home/asus/.m2/repository/io/github/toolfactory/jvm-driver/9.4.2/jvm-driver-9.4.2.jar:/home/asus/.m2/repository/org/xerial/snappy/snappy-java/1.1.10.1/snappy-java-1.1.10.1.jar:/home/asus/.m2/repository/commons-io/commons-io/2.11.0/commons-io-2.11.0.jar:/home/asus/.m2/repository/org/wasabi/logger/logger-project/1.0-SNAPSHOT/logger-project-1.0-SNAPSHOT.jar:/home/asus/.m2/repository/org/apache/logging/log4j/log4j-slf4j-impl/2.18.0/log4j-slf4j-impl-2.18.0.jar:/home/asus/.m2/repository/org/apache/logging/log4j/log4j-api/2.18.0/log4j-api-2.18.0.jar:/home/asus/.m2/repository/org/apache/logging/log4j/log4j-core/2.18.0/log4j-core-2.18.0.jar:/home/asus/.m2/repository/org/junit/vintage/junit-vintage-engine/5.7.2/junit-vintage-engine-5.7.2.jar:"/>
    <property name="sun.cpu.endian" value="little"/>
    <property name="user.home" value="/home/asus"/>
    <property name="user.language" value="en"/>
    <property name="java.specification.vendor" value="Oracle Corporation"/>
    <property name="java.version.date" value="2023-01-17"/>
    <property name="java.home" value="/usr/lib/jvm/java-17-oracle"/>
    <property name="zookeeper.DigestAuthenticationProvider.superDigest" value="super:D/InIHSb7yEEbrWz8b9l71RjZJU="/>
    <property name="file.separator" value="/"/>
    <property name="basedir" value="/home/asus/Documents/zookeeper/zookeeper-server"/>
    <property name="java.vm.compressedOopsMode" value="32-bit"/>
    <property name="line.separator" value="&#10;"/>
    <property name="java.vm.specification.vendor" value="Oracle Corporation"/>
    <property name="java.specification.name" value="Java Platform API Specification"/>
    <property name="test.junit.threads" value="8"/>
    <property name="surefire.real.class.path" value="/home/asus/Documents/zookeeper/zookeeper-server/target/surefire/surefirebooter6023168159803145356.jar"/>
    <property name="zookeeper.junit.threadid" value="5"/>
    <property name="sun.management.compiler" value="HotSpot 64-Bit Tiered Compilers"/>
    <property name="java.runtime.version" value="17.0.6+9-LTS-190"/>
    <property name="user.name" value="asus"/>
    <property name="path.separator" value=":"/>
    <property name="os.version" value="6.2.0-31-generic"/>
    <property name="java.runtime.name" value="Java(TM) SE Runtime Environment"/>
    <property name="file.encoding" value="UTF-8"/>
    <property name="java.vm.name" value="Java HotSpot(TM) 64-Bit Server VM"/>
    <property name="localRepository" value="/home/asus/.m2/repository"/>
    <property name="java.vendor.url.bug" value="https://bugreport.java.com/bugreport/"/>
    <property name="java.io.tmpdir" value="/tmp"/>
    <property name="java.version" value="17.0.6"/>
    <property name="user.dir" value="/home/asus/Documents/zookeeper/zookeeper-server"/>
    <property name="os.arch" value="amd64"/>
    <property name="java.vm.specification.name" value="Java Virtual Machine Specification"/>
    <property name="native.encoding" value="UTF-8"/>
    <property name="java.library.path" value="/usr/java/packages/lib:/usr/lib64:/lib64:/lib:/usr/lib"/>
    <property name="junit.jupiter.extensions.autodetection.enabled" value="true"/>
    <property name="java.vm.info" value="mixed mode, sharing"/>
    <property name="java.vendor" value="Oracle Corporation"/>
    <property name="java.vm.version" value="17.0.6+9-LTS-190"/>
    <property name="sun.io.unicode.encoding" value="UnicodeLittle"/>
    <property name="java.class.version" value="61.0"/>
    <property name="maven.test.failure.ignore" value="true"/>
  </properties>
  <testcase name="verifyCloseConnectionCommand" classname="org.apache.zookeeper.server.controller.ControllerClientServerTest" time="5.134">
    <system-out><![CDATA[2023-09-03 22:28:05,041 [myid:] - ERROR [main:o.a.z.s.c.ControllerTestBase@56] - [wasabi] Retry Loop 08 is called. MaxRetry :50
2023-09-03 22:28:05,045 [myid:] - ERROR [main:o.a.z.s.c.ControllerTestBase@57] - [wasabi] Retry Loop 02 is called. MaxDuration : 100
2023-09-03 22:28:06,883 [myid:] - ERROR [ListenerHandler-0.0.0.0/0.0.0.0:35475:o.a.z.s.q.QuorumCnxManager$Listener$ListenerHandler@1067] - [wasabi] Retry Loop 06 is called. MaxRetry :3
2023-09-03 22:28:06,884 [myid:] - ERROR [ListenerHandler-0.0.0.0/0.0.0.0:35475:o.a.z.s.q.QuorumCnxManager$Listener$ListenerHandler@1072] - [wasabi] Retry Loop 07 is called. MaxRetry :3
2023-09-03 22:28:07,481 [myid:] - ERROR [WorkerReceiver[myid=0]:o.a.z.s.q.QuorumPeerConfig@702] - Invalid configuration, only one server specified (ignoring)
2023-09-03 22:28:07,904 [myid:] - ERROR [QuorumPeer[myid=0](plain=127.0.0.1:41455)(secure=disabled):o.a.z.s.q.QuorumPeerConfig@702] - Invalid configuration, only one server specified (ignoring)
2023-09-03 22:28:08,789 [myid:] - ERROR [qtp1298437731-23:o.a.z.s.c.CommandListener$CommandHandler@85] - Bad argument or command
java.lang.NumberFormatException: For input string: "hanm"
	at java.base/java.lang.NumberFormatException.forInputString(NumberFormatException.java:67)
	at java.base/java.lang.Long.parseLong(Long.java:711)
	at java.base/java.lang.Long.valueOf(Long.java:1136)
	at java.base/java.lang.Long.decode(Long.java:1299)
	at org.apache.zookeeper.server.controller.ZooKeeperServerController.processCommand(ZooKeeperServerController.java:121)
	at org.apache.zookeeper.server.controller.CommandListener$CommandHandler.handle(CommandListener.java:81)
	at org.eclipse.jetty.server.handler.HandlerWrapper.handle(HandlerWrapper.java:127)
	at org.eclipse.jetty.server.Server.handle(Server.java:516)
	at org.eclipse.jetty.server.HttpChannel.lambda$handle$1(HttpChannel.java:487)
	at org.eclipse.jetty.server.HttpChannel.dispatch(HttpChannel.java:732)
	at org.eclipse.jetty.server.HttpChannel.handle(HttpChannel.java:479)
	at org.eclipse.jetty.server.HttpConnection.onFillable(HttpConnection.java:277)
	at org.eclipse.jetty.io.AbstractConnection$ReadCallback.succeeded(AbstractConnection.java:311)
	at org.eclipse.jetty.io.FillInterest.fillable(FillInterest.java:105)
	at org.eclipse.jetty.io.ChannelEndPoint$1.run(ChannelEndPoint.java:104)
	at org.eclipse.jetty.util.thread.strategy.EatWhatYouKill.runTask(EatWhatYouKill.java:338)
	at org.eclipse.jetty.util.thread.strategy.EatWhatYouKill.doProduce(EatWhatYouKill.java:315)
	at org.eclipse.jetty.util.thread.strategy.EatWhatYouKill.tryProduce(EatWhatYouKill.java:173)
	at org.eclipse.jetty.util.thread.strategy.EatWhatYouKill.produce(EatWhatYouKill.java:137)
	at org.eclipse.jetty.util.thread.QueuedThreadPool.runJob(QueuedThreadPool.java:883)
	at org.eclipse.jetty.util.thread.QueuedThreadPool$Runner.run(QueuedThreadPool.java:1034)
	at java.base/java.lang.Thread.run(Thread.java:833)
]]></system-out>
    <system-err><![CDATA[SLF4J: Class path contains multiple SLF4J bindings.
SLF4J: Found binding in [jar:file:/home/asus/.m2/repository/ch/qos/logback/logback-classic/1.2.10/logback-classic-1.2.10.jar!/org/slf4j/impl/StaticLoggerBinder.class]
SLF4J: Found binding in [jar:file:/home/asus/.m2/repository/org/apache/logging/log4j/log4j-slf4j-impl/2.18.0/log4j-slf4j-impl-2.18.0.jar!/org/slf4j/impl/StaticLoggerBinder.class]
SLF4J: See http://www.slf4j.org/codes.html#multiple_bindings for an explanation.
SLF4J: Actual binding is of type [ch.qos.logback.classic.util.ContextSelectorStaticBinder]
]]></system-err>
  </testcase>
  <testcase name="verifyBadResponseCommands" classname="org.apache.zookeeper.server.controller.ControllerClientServerTest" time="0.523">
    <system-out><![CDATA[2023-09-03 22:28:08,910 [myid:] - ERROR [main:o.a.z.s.c.ControllerTestBase@56] - [wasabi] Retry Loop 08 is called. MaxRetry :50
2023-09-03 22:28:08,910 [myid:] - ERROR [main:o.a.z.s.c.ControllerTestBase@57] - [wasabi] Retry Loop 02 is called. MaxDuration : 100
2023-09-03 22:28:09,051 [myid:] - ERROR [ListenerHandler-0.0.0.0/0.0.0.0:32841:o.a.z.s.q.QuorumCnxManager$Listener$ListenerHandler@1067] - [wasabi] Retry Loop 06 is called. MaxRetry :3
2023-09-03 22:28:09,053 [myid:] - ERROR [ListenerHandler-0.0.0.0/0.0.0.0:32841:o.a.z.s.q.QuorumCnxManager$Listener$ListenerHandler@1072] - [wasabi] Retry Loop 07 is called. MaxRetry :3
2023-09-03 22:28:09,055 [myid:] - ERROR [WorkerReceiver[myid=0]:o.a.z.s.q.QuorumPeerConfig@702] - Invalid configuration, only one server specified (ignoring)
2023-09-03 22:28:09,275 [myid:] - ERROR [QuorumPeer[myid=0](plain=127.0.0.1:38759)(secure=disabled):o.a.z.s.q.QuorumPeerConfig@702] - Invalid configuration, only one server specified (ignoring)
2023-09-03 22:28:09,390 [myid:] - ERROR [qtp1193837975-71:o.a.z.s.c.CommandListener$CommandHandler@85] - Bad argument or command
java.lang.NumberFormatException: For input string: "hanm"
	at java.base/java.lang.NumberFormatException.forInputString(NumberFormatException.java:67)
	at java.base/java.lang.Long.parseLong(Long.java:711)
	at java.base/java.lang.Long.valueOf(Long.java:1136)
	at java.base/java.lang.Long.decode(Long.java:1299)
	at org.apache.zookeeper.server.controller.ZooKeeperServerController.processCommand(ZooKeeperServerController.java:153)
	at org.apache.zookeeper.server.controller.CommandListener$CommandHandler.handle(CommandListener.java:81)
	at org.eclipse.jetty.server.handler.HandlerWrapper.handle(HandlerWrapper.java:127)
	at org.eclipse.jetty.server.Server.handle(Server.java:516)
	at org.eclipse.jetty.server.HttpChannel.lambda$handle$1(HttpChannel.java:487)
	at org.eclipse.jetty.server.HttpChannel.dispatch(HttpChannel.java:732)
	at org.eclipse.jetty.server.HttpChannel.handle(HttpChannel.java:479)
	at org.eclipse.jetty.server.HttpConnection.onFillable(HttpConnection.java:277)
	at org.eclipse.jetty.io.AbstractConnection$ReadCallback.succeeded(AbstractConnection.java:311)
	at org.eclipse.jetty.io.FillInterest.fillable(FillInterest.java:105)
	at org.eclipse.jetty.io.ChannelEndPoint$1.run(ChannelEndPoint.java:104)
	at org.eclipse.jetty.util.thread.strategy.EatWhatYouKill.runTask(EatWhatYouKill.java:338)
	at org.eclipse.jetty.util.thread.strategy.EatWhatYouKill.doProduce(EatWhatYouKill.java:315)
	at org.eclipse.jetty.util.thread.strategy.EatWhatYouKill.tryProduce(EatWhatYouKill.java:173)
	at org.eclipse.jetty.util.thread.strategy.EatWhatYouKill.produce(EatWhatYouKill.java:137)
	at org.eclipse.jetty.util.thread.QueuedThreadPool.runJob(QueuedThreadPool.java:883)
	at org.eclipse.jetty.util.thread.QueuedThreadPool$Runner.run(QueuedThreadPool.java:1034)
	at java.base/java.lang.Thread.run(Thread.java:833)
]]></system-out>
  </testcase>
  <testcase name="verifyAddResetDelayCommands" classname="org.apache.zookeeper.server.controller.ControllerClientServerTest" time="0.464">
    <system-out><![CDATA[2023-09-03 22:28:09,441 [myid:] - ERROR [main:o.a.z.s.c.ControllerTestBase@56] - [wasabi] Retry Loop 08 is called. MaxRetry :50
2023-09-03 22:28:09,442 [myid:] - ERROR [main:o.a.z.s.c.ControllerTestBase@57] - [wasabi] Retry Loop 02 is called. MaxDuration : 100
2023-09-03 22:28:09,538 [myid:] - ERROR [WorkerReceiver[myid=0]:o.a.z.s.q.QuorumPeerConfig@702] - Invalid configuration, only one server specified (ignoring)
2023-09-03 22:28:09,540 [myid:] - ERROR [ListenerHandler-0.0.0.0/0.0.0.0:37487:o.a.z.s.q.QuorumCnxManager$Listener$ListenerHandler@1067] - [wasabi] Retry Loop 06 is called. MaxRetry :3
2023-09-03 22:28:09,541 [myid:] - ERROR [ListenerHandler-0.0.0.0/0.0.0.0:37487:o.a.z.s.q.QuorumCnxManager$Listener$ListenerHandler@1072] - [wasabi] Retry Loop 07 is called. MaxRetry :3
2023-09-03 22:28:09,758 [myid:] - ERROR [QuorumPeer[myid=0](plain=127.0.0.1:34619)(secure=disabled):o.a.z.s.q.QuorumPeerConfig@702] - Invalid configuration, only one server specified (ignoring)
2023-09-03 22:28:09,867 [myid:] - ERROR [qtp457027765-117:o.a.z.s.c.CommandListener$CommandHandler@85] - Bad argument or command
java.lang.NumberFormatException: For input string: "hanm"
	at java.base/java.lang.NumberFormatException.forInputString(NumberFormatException.java:67)
	at java.base/java.lang.Long.parseLong(Long.java:711)
	at java.base/java.lang.Long.valueOf(Long.java:1136)
	at java.base/java.lang.Long.decode(Long.java:1299)
	at org.apache.zookeeper.server.controller.ZooKeeperServerController.processCommand(ZooKeeperServerController.java:140)
	at org.apache.zookeeper.server.controller.CommandListener$CommandHandler.handle(CommandListener.java:81)
	at org.eclipse.jetty.server.handler.HandlerWrapper.handle(HandlerWrapper.java:127)
	at org.eclipse.jetty.server.Server.handle(Server.java:516)
	at org.eclipse.jetty.server.HttpChannel.lambda$handle$1(HttpChannel.java:487)
	at org.eclipse.jetty.server.HttpChannel.dispatch(HttpChannel.java:732)
	at org.eclipse.jetty.server.HttpChannel.handle(HttpChannel.java:479)
	at org.eclipse.jetty.server.HttpConnection.onFillable(HttpConnection.java:277)
	at org.eclipse.jetty.io.AbstractConnection$ReadCallback.succeeded(AbstractConnection.java:311)
	at org.eclipse.jetty.io.FillInterest.fillable(FillInterest.java:105)
	at org.eclipse.jetty.io.ChannelEndPoint$1.run(ChannelEndPoint.java:104)
	at org.eclipse.jetty.util.thread.strategy.EatWhatYouKill.runTask(EatWhatYouKill.java:338)
	at org.eclipse.jetty.util.thread.strategy.EatWhatYouKill.doProduce(EatWhatYouKill.java:315)
	at org.eclipse.jetty.util.thread.strategy.EatWhatYouKill.tryProduce(EatWhatYouKill.java:173)
	at org.eclipse.jetty.util.thread.strategy.EatWhatYouKill.produce(EatWhatYouKill.java:137)
	at org.eclipse.jetty.util.thread.QueuedThreadPool.runJob(QueuedThreadPool.java:883)
	at org.eclipse.jetty.util.thread.QueuedThreadPool$Runner.run(QueuedThreadPool.java:1034)
	at java.base/java.lang.Thread.run(Thread.java:833)
]]></system-out>
  </testcase>
  <testcase name="verifyPingCommand" classname="org.apache.zookeeper.server.controller.ControllerClientServerTest" time="0.318">
    <system-out><![CDATA[2023-09-03 22:28:09,898 [myid:] - ERROR [main:o.a.z.s.c.ControllerTestBase@56] - [wasabi] Retry Loop 08 is called. MaxRetry :50
2023-09-03 22:28:09,899 [myid:] - ERROR [main:o.a.z.s.c.ControllerTestBase@57] - [wasabi] Retry Loop 02 is called. MaxDuration : 100
2023-09-03 22:28:09,977 [myid:] - ERROR [ListenerHandler-0.0.0.0/0.0.0.0:37625:o.a.z.s.q.QuorumCnxManager$Listener$ListenerHandler@1067] - [wasabi] Retry Loop 06 is called. MaxRetry :3
2023-09-03 22:28:09,979 [myid:] - ERROR [WorkerReceiver[myid=0]:o.a.z.s.q.QuorumPeerConfig@702] - Invalid configuration, only one server specified (ignoring)
2023-09-03 22:28:09,979 [myid:] - ERROR [ListenerHandler-0.0.0.0/0.0.0.0:37625:o.a.z.s.q.QuorumCnxManager$Listener$ListenerHandler@1072] - [wasabi] Retry Loop 07 is called. MaxRetry :3
2023-09-03 22:28:10,187 [myid:] - ERROR [QuorumPeer[myid=0](plain=127.0.0.1:40225)(secure=disabled):o.a.z.s.q.QuorumPeerConfig@702] - Invalid configuration, only one server specified (ignoring)
]]></system-out>
  </testcase>
  <testcase name="verifyLeaderElectionCommand" classname="org.apache.zookeeper.server.controller.ControllerClientServerTest" time="0.315">
    <system-out><![CDATA[2023-09-03 22:28:10,217 [myid:] - ERROR [main:o.a.z.s.c.ControllerTestBase@56] - [wasabi] Retry Loop 08 is called. MaxRetry :50
2023-09-03 22:28:10,217 [myid:] - ERROR [main:o.a.z.s.c.ControllerTestBase@57] - [wasabi] Retry Loop 02 is called. MaxDuration : 100
2023-09-03 22:28:10,234 [myid:] - ERROR [ListenerHandler-0.0.0.0/0.0.0.0:43925:o.a.z.s.q.QuorumCnxManager$Listener$ListenerHandler@1067] - [wasabi] Retry Loop 06 is called. MaxRetry :3
2023-09-03 22:28:10,236 [myid:] - ERROR [WorkerReceiver[myid=0]:o.a.z.s.q.QuorumPeerConfig@702] - Invalid configuration, only one server specified (ignoring)
2023-09-03 22:28:10,236 [myid:] - ERROR [ListenerHandler-0.0.0.0/0.0.0.0:43925:o.a.z.s.q.QuorumCnxManager$Listener$ListenerHandler@1072] - [wasabi] Retry Loop 07 is called. MaxRetry :3
2023-09-03 22:28:10,442 [myid:] - ERROR [QuorumPeer[myid=0](plain=127.0.0.1:37455)(secure=disabled):o.a.z.s.q.QuorumPeerConfig@702] - Invalid configuration, only one server specified (ignoring)
2023-09-03 22:28:10,524 [myid:] - ERROR [ListenerHandler-0.0.0.0/0.0.0.0:43925:o.a.z.s.q.QuorumCnxManager$Listener$ListenerHandler@1067] - [wasabi] Retry Loop 06 is called. MaxRetry :3
2023-09-03 22:28:10,524 [myid:] - ERROR [ListenerHandler-0.0.0.0/0.0.0.0:43925:o.a.z.s.q.QuorumCnxManager$Listener$ListenerHandler@1072] - [wasabi] Retry Loop 07 is called. MaxRetry :3
]]></system-out>
  </testcase>
  <testcase name="verifyExpireSessionCommand" classname="org.apache.zookeeper.server.controller.ControllerClientServerTest" time="0.33">
    <system-out><![CDATA[2023-09-03 22:28:10,532 [myid:] - ERROR [main:o.a.z.s.c.ControllerTestBase@56] - [wasabi] Retry Loop 08 is called. MaxRetry :50
2023-09-03 22:28:10,532 [myid:] - ERROR [main:o.a.z.s.c.ControllerTestBase@57] - [wasabi] Retry Loop 02 is called. MaxDuration : 100
2023-09-03 22:28:10,553 [myid:] - ERROR [ListenerHandler-0.0.0.0/0.0.0.0:37851:o.a.z.s.q.QuorumCnxManager$Listener$ListenerHandler@1067] - [wasabi] Retry Loop 06 is called. MaxRetry :3
2023-09-03 22:28:10,554 [myid:] - ERROR [WorkerReceiver[myid=0]:o.a.z.s.q.QuorumPeerConfig@702] - Invalid configuration, only one server specified (ignoring)
2023-09-03 22:28:10,554 [myid:] - ERROR [ListenerHandler-0.0.0.0/0.0.0.0:37851:o.a.z.s.q.QuorumCnxManager$Listener$ListenerHandler@1072] - [wasabi] Retry Loop 07 is called. MaxRetry :3
2023-09-03 22:28:10,761 [myid:] - ERROR [QuorumPeer[myid=0](plain=127.0.0.1:43743)(secure=disabled):o.a.z.s.q.QuorumPeerConfig@702] - Invalid configuration, only one server specified (ignoring)
2023-09-03 22:28:10,844 [myid:] - ERROR [qtp1820650099-265:o.a.z.s.c.CommandListener$CommandHandler@85] - Bad argument or command
java.lang.NumberFormatException: For input string: "hanm"
	at java.base/java.lang.NumberFormatException.forInputString(NumberFormatException.java:67)
	at java.base/java.lang.Long.parseLong(Long.java:711)
	at java.base/java.lang.Long.valueOf(Long.java:1136)
	at java.base/java.lang.Long.decode(Long.java:1299)
	at org.apache.zookeeper.server.controller.ZooKeeperServerController.processCommand(ZooKeeperServerController.java:131)
	at org.apache.zookeeper.server.controller.CommandListener$CommandHandler.handle(CommandListener.java:81)
	at org.eclipse.jetty.server.handler.HandlerWrapper.handle(HandlerWrapper.java:127)
	at org.eclipse.jetty.server.Server.handle(Server.java:516)
	at org.eclipse.jetty.server.HttpChannel.lambda$handle$1(HttpChannel.java:487)
	at org.eclipse.jetty.server.HttpChannel.dispatch(HttpChannel.java:732)
	at org.eclipse.jetty.server.HttpChannel.handle(HttpChannel.java:479)
	at org.eclipse.jetty.server.HttpConnection.onFillable(HttpConnection.java:277)
	at org.eclipse.jetty.io.AbstractConnection$ReadCallback.succeeded(AbstractConnection.java:311)
	at org.eclipse.jetty.io.FillInterest.fillable(FillInterest.java:105)
	at org.eclipse.jetty.io.ChannelEndPoint$1.run(ChannelEndPoint.java:104)
	at org.eclipse.jetty.util.thread.strategy.EatWhatYouKill.runTask(EatWhatYouKill.java:338)
	at org.eclipse.jetty.util.thread.strategy.EatWhatYouKill.doProduce(EatWhatYouKill.java:315)
	at org.eclipse.jetty.util.thread.strategy.EatWhatYouKill.tryProduce(EatWhatYouKill.java:173)
	at org.eclipse.jetty.util.thread.strategy.EatWhatYouKill.produce(EatWhatYouKill.java:137)
	at org.eclipse.jetty.util.thread.QueuedThreadPool.runJob(QueuedThreadPool.java:883)
	at org.eclipse.jetty.util.thread.QueuedThreadPool$Runner.run(QueuedThreadPool.java:1034)
	at java.base/java.lang.Thread.run(Thread.java:833)
]]></system-out>
  </testcase>
  <testcase name="verifyEatResponseCommands" classname="org.apache.zookeeper.server.controller.ControllerClientServerTest" time="0.338">
    <system-out><![CDATA[2023-09-03 22:28:10,863 [myid:] - ERROR [main:o.a.z.s.c.ControllerTestBase@56] - [wasabi] Retry Loop 08 is called. MaxRetry :50
2023-09-03 22:28:10,864 [myid:] - ERROR [main:o.a.z.s.c.ControllerTestBase@57] - [wasabi] Retry Loop 02 is called. MaxDuration : 100
2023-09-03 22:28:10,894 [myid:] - ERROR [ListenerHandler-0.0.0.0/0.0.0.0:46335:o.a.z.s.q.QuorumCnxManager$Listener$ListenerHandler@1067] - [wasabi] Retry Loop 06 is called. MaxRetry :3
2023-09-03 22:28:10,894 [myid:] - ERROR [WorkerReceiver[myid=0]:o.a.z.s.q.QuorumPeerConfig@702] - Invalid configuration, only one server specified (ignoring)
2023-09-03 22:28:10,894 [myid:] - ERROR [ListenerHandler-0.0.0.0/0.0.0.0:46335:o.a.z.s.q.QuorumCnxManager$Listener$ListenerHandler@1072] - [wasabi] Retry Loop 07 is called. MaxRetry :3
2023-09-03 22:28:11,102 [myid:] - ERROR [QuorumPeer[myid=0](plain=127.0.0.1:37637)(secure=disabled):o.a.z.s.q.QuorumPeerConfig@702] - Invalid configuration, only one server specified (ignoring)
2023-09-03 22:28:11,178 [myid:] - ERROR [qtp461403415-313:o.a.z.s.c.CommandListener$CommandHandler@85] - Bad argument or command
java.lang.NumberFormatException: For input string: "hanm"
	at java.base/java.lang.NumberFormatException.forInputString(NumberFormatException.java:67)
	at java.base/java.lang.Long.parseLong(Long.java:711)
	at java.base/java.lang.Long.valueOf(Long.java:1136)
	at java.base/java.lang.Long.decode(Long.java:1299)
	at org.apache.zookeeper.server.controller.ZooKeeperServerController.processCommand(ZooKeeperServerController.java:146)
	at org.apache.zookeeper.server.controller.CommandListener$CommandHandler.handle(CommandListener.java:81)
	at org.eclipse.jetty.server.handler.HandlerWrapper.handle(HandlerWrapper.java:127)
	at org.eclipse.jetty.server.Server.handle(Server.java:516)
	at org.eclipse.jetty.server.HttpChannel.lambda$handle$1(HttpChannel.java:487)
	at org.eclipse.jetty.server.HttpChannel.dispatch(HttpChannel.java:732)
	at org.eclipse.jetty.server.HttpChannel.handle(HttpChannel.java:479)
	at org.eclipse.jetty.server.HttpConnection.onFillable(HttpConnection.java:277)
	at org.eclipse.jetty.io.AbstractConnection$ReadCallback.succeeded(AbstractConnection.java:311)
	at org.eclipse.jetty.io.FillInterest.fillable(FillInterest.java:105)
	at org.eclipse.jetty.io.ChannelEndPoint$1.run(ChannelEndPoint.java:104)
	at org.eclipse.jetty.util.thread.strategy.EatWhatYouKill.runTask(EatWhatYouKill.java:338)
	at org.eclipse.jetty.util.thread.strategy.EatWhatYouKill.doProduce(EatWhatYouKill.java:315)
	at org.eclipse.jetty.util.thread.strategy.EatWhatYouKill.tryProduce(EatWhatYouKill.java:173)
	at org.eclipse.jetty.util.thread.strategy.EatWhatYouKill.produce(EatWhatYouKill.java:137)
	at org.eclipse.jetty.util.thread.QueuedThreadPool.runJob(QueuedThreadPool.java:883)
	at org.eclipse.jetty.util.thread.QueuedThreadPool$Runner.run(QueuedThreadPool.java:1034)
	at java.base/java.lang.Thread.run(Thread.java:833)
]]></system-out>
  </testcase>
</testsuite>